Log file open, 08/27/23 21:42:15
LogWindows: Failed to load 'aqProf.dll' (GetLastError=126)
LogWindows: File 'aqProf.dll' does not exist
LogWindows: Failed to load 'VtuneApi.dll' (GetLastError=126)
LogWindows: File 'VtuneApi.dll' does not exist
LogWindows: Failed to load 'VtuneApi32e.dll' (GetLastError=126)
LogWindows: File 'VtuneApi32e.dll' does not exist
LogConsoleResponse: Display: Failed to find resolution value strings in scalability ini. Falling back to default.
LogConsoleResponse: Display: Failed to find resolution value strings in scalability ini. Falling back to default.
LogInit: Display: Running engine for game: AsteroidRemake
LogPlatformFile: Not using cached read wrapper
LogTaskGraph: Started task graph with 5 named threads and 47 total threads with 3 sets of task threads.
LogStats: Stats thread started at 0.183336
LogICUInternationalization: ICU TimeZone Detection - Raw Offset: -3:00, Platform Override: ''
LogInit: Display: Loading text-based GConfig....
LogPluginManager: Mounting plugin MeshPainting
LogPluginManager: Mounting plugin XGEController
LogPluginManager: Mounting plugin Paper2D
LogPluginManager: Mounting plugin LightPropagationVolume
LogPluginManager: Mounting plugin AISupport
LogPluginManager: Mounting plugin LiveLink
LogPluginManager: Mounting plugin EnvironmentQueryEditor
LogPluginManager: Mounting plugin GameplayCameras
LogPluginManager: Mounting plugin CameraShakePreviewer
LogPluginManager: Mounting plugin AnimationSharing
LogPluginManager: Mounting plugin CLionSourceCodeAccess
LogPluginManager: Mounting plugin CodeLiteSourceCodeAccess
LogPluginManager: Mounting plugin GitSourceControl
LogPluginManager: Mounting plugin NullSourceCodeAccess
LogPluginManager: Mounting plugin KDevelopSourceCodeAccess
LogPluginManager: Mounting plugin PerforceSourceControl
LogPluginManager: Mounting plugin PixWinPlugin
LogPluginManager: Mounting plugin PlasticSourceControl
LogPluginManager: Mounting plugin PluginUtils
LogPluginManager: Mounting plugin PropertyAccessNode
LogPluginManager: Mounting plugin OodleData
LogPluginManager: Mounting plugin RiderSourceCodeAccess
LogPluginManager: Mounting plugin OodleNetwork
LogPluginManager: Mounting plugin SubversionSourceControl
LogPluginManager: Mounting plugin TextureFormatOodle
LogPluginManager: Mounting plugin UObjectPlugin
LogPluginManager: Mounting plugin VisualStudioCodeSourceCodeAccess
LogPluginManager: Mounting plugin XCodeSourceCodeAccess
LogPluginManager: Mounting plugin VisualStudioSourceCodeAccess
LogPluginManager: Mounting plugin AssetManagerEditor
LogPluginManager: Mounting plugin CryptoKeys
LogPluginManager: Mounting plugin CurveEditorTools
LogPluginManager: Mounting plugin DataValidation
LogPluginManager: Mounting plugin DatasmithContent
LogPluginManager: Mounting plugin FacialAnimation
LogPluginManager: Mounting plugin VariantManagerContent
LogPluginManager: Mounting plugin GeometryMode
LogPluginManager: Mounting plugin AlembicImporter
LogPluginManager: Mounting plugin GameplayTagsEditor
LogPluginManager: Mounting plugin MacGraphicsSwitching
LogPluginManager: Mounting plugin MaterialAnalyzer
LogPluginManager: Mounting plugin MobileLauncherProfileWizard
LogPluginManager: Mounting plugin AutomationUtils
LogPluginManager: Mounting plugin BackChannel
LogPluginManager: Mounting plugin PluginBrowser
LogPluginManager: Mounting plugin SpeedTreeImporter
LogPluginManager: Mounting plugin Niagara
LogPluginManager: Mounting plugin ChaosCloth
LogPluginManager: Mounting plugin ChaosClothEditor
LogPluginManager: Mounting plugin ChaosEditor
LogPluginManager: Mounting plugin ChaosNiagara
LogPluginManager: Mounting plugin CharacterAI
LogPluginManager: Mounting plugin ChaosSolverPlugin
LogPluginManager: Mounting plugin GeometryCache
LogPluginManager: Mounting plugin GeometryCollectionPlugin
LogPluginManager: Mounting plugin GeometryProcessing
LogPluginManager: Mounting plugin MotoSynth
LogPluginManager: Mounting plugin OpenImageDenoise
LogPluginManager: Mounting plugin PlanarCut
LogPluginManager: Mounting plugin ProxyLODPlugin
LogPluginManager: Mounting plugin PlatformCrypto
LogPluginManager: Mounting plugin PythonScriptPlugin
LogPluginManager: Mounting plugin SkeletalReduction
LogPluginManager: Mounting plugin LuminPlatformFeatures
LogPluginManager: Mounting plugin MagicLeap
LogPluginManager: Mounting plugin MagicLeapLightEstimation
LogPluginManager: Mounting plugin MagicLeapMedia
LogPluginManager: Mounting plugin MagicLeapPassableWorld
LogPluginManager: Mounting plugin AndroidMedia
LogPluginManager: Mounting plugin MLSDK
LogPluginManager: Mounting plugin AvfMedia
LogPluginManager: Mounting plugin ImgMedia
LogPluginManager: Mounting plugin MediaCompositing
LogPluginManager: Mounting plugin TcpMessaging
LogPluginManager: Mounting plugin MediaPlayerEditor
LogPluginManager: Mounting plugin UdpMessaging
LogPluginManager: Mounting plugin WebMMedia
LogPluginManager: Mounting plugin WmfMedia
LogPluginManager: Mounting plugin ActorSequence
LogPluginManager: Mounting plugin LevelSequenceEditor
LogPluginManager: Mounting plugin MatineeToLevelSequence
LogPluginManager: Mounting plugin TemplateSequence
LogPluginManager: Mounting plugin OnlineSubsystem
LogPluginManager: Mounting plugin LauncherChunkInstaller
LogPluginManager: Mounting plugin ActorLayerUtilities
LogPluginManager: Mounting plugin OnlineSubsystemNull
LogPluginManager: Mounting plugin OnlineSubsystemUtils
LogPluginManager: Mounting plugin AndroidDeviceProfileSelector
LogPluginManager: Mounting plugin AndroidMoviePlayer
LogPluginManager: Mounting plugin AndroidPermission
LogPluginManager: Mounting plugin AppleMoviePlayer
LogPluginManager: Mounting plugin AppleImageUtils
LogPluginManager: Mounting plugin AudioCapture
LogPluginManager: Mounting plugin ArchVisCharacter
LogPluginManager: Mounting plugin AssetTags
LogPluginManager: Mounting plugin AudioSynesthesia
LogPluginManager: Mounting plugin CableComponent
LogPluginManager: Mounting plugin ChunkDownloader
LogPluginManager: Mounting plugin CustomMeshComponent
LogPluginManager: Mounting plugin EditableMesh
LogPluginManager: Mounting plugin ExampleDeviceProfileSelector
LogPluginManager: Mounting plugin GoogleCloudMessaging
LogPluginManager: Mounting plugin GooglePAD
LogPluginManager: Mounting plugin IOSDeviceProfileSelector
LogPluginManager: Mounting plugin LinuxDeviceProfileSelector
LogPluginManager: Mounting plugin LocationServicesBPLibrary
LogPluginManager: Mounting plugin MobilePatchingUtils
LogPluginManager: Mounting plugin OpenXR
LogPluginManager: Mounting plugin OpenXREyeTracker
LogPluginManager: Mounting plugin OpenXRHandTracking
LogPluginManager: Mounting plugin PhysXVehicles
LogPluginManager: Mounting plugin PostSplashScreen
LogPluginManager: Mounting plugin ProceduralMeshComponent
LogPluginManager: Mounting plugin PropertyAccessEditor
LogPluginManager: Mounting plugin RuntimePhysXCooking
LogPluginManager: Mounting plugin SignificanceManager
LogPluginManager: Mounting plugin SoundFields
LogPluginManager: Mounting plugin Synthesis
LogPluginManager: Mounting plugin WebMMoviePlayer
LogPluginManager: Mounting plugin WindowsMoviePlayer
LogPluginManager: Mounting plugin ScreenshotTools
LogPluginManager: Mounting plugin Takes
LogPluginManager: Mounting plugin ContentBrowserFileDataSource
LogPluginManager: Mounting plugin ContentBrowserClassDataSource
LogPluginManager: Mounting plugin ContentBrowserAssetDataSource
LogPluginManager: Mounting plugin OnlineSubsystemGooglePlay
LogPluginManager: Mounting plugin OnlineSubsystemIOS
LogPluginManager: Mounting plugin OculusVR
LogPluginManager: Mounting plugin SteamVR
PixWinPlugin: PIX capture plugin failed to initialize! Check that the process is launched from PIX.
LogInit: Using libcurl 7.55.1-DEV
LogInit:  - built for x86_64-pc-win32
LogInit:  - supports SSL with OpenSSL/1.1.1
LogInit:  - supports HTTP deflate (compression) using libz 1.2.8
LogInit:  - other features:
LogInit:      CURL_VERSION_SSL
LogInit:      CURL_VERSION_LIBZ
LogInit:      CURL_VERSION_IPV6
LogInit:      CURL_VERSION_ASYNCHDNS
LogInit:      CURL_VERSION_LARGEFILE
LogInit:      CURL_VERSION_IDN
LogInit:  CurlRequestOptions (configurable via config and command line):
LogInit:  - bVerifyPeer = true  - Libcurl will verify peer certificate
LogInit:  - bUseHttpProxy = false  - Libcurl will NOT use HTTP proxy
LogInit:  - bDontReuseConnections = false  - Libcurl will reuse connections
LogInit:  - MaxHostConnections = 16  - Libcurl will limit the number of connections to a host
LogInit:  - LocalHostAddr = Default
LogInit:  - BufferSize = 65536
LogOnline: OSS: Creating online subsystem instance for: NULL
LogInit: WinSock: version 1.1 (2.2), MaxSocks=32767, MaxUdp=65467
LogOnline: OSS: TryLoadSubsystemAndSetDefault: Loaded subsystem for module [NULL]
LogOculusPluginWrapper: OculusPlugin initialized successfully
LogHMD: Failed initializing OVRPlugin 1.59.0
LogInit: Build: ++UE4+Release-4.27-CL-18319896
LogInit: Engine Version: 4.27.2-18319896+++UE4+Release-4.27
LogInit: Compatible Engine Version: 4.27.0-17155196+++UE4+Release-4.27
LogInit: Net CL: 17155196
LogInit: OS: Windows 10 (Release 2009) (), CPU: Intel(R) Core(TM) i7-10700K CPU @ 3.80GHz, GPU: NVIDIA GeForce RTX 3060
LogInit: Compiled (64-bit): Nov 30 2021 07:12:08
LogInit: Compiled with Visual C++: 19.24.28315.00
LogInit: Build Configuration: Development
LogInit: Branch Name: ++UE4+Release-4.27
LogInit: Command Line: 
LogInit: Base Directory: D:/FORTNITE/UE_4.27/Engine/Binaries/Win64/
LogInit: Allocator: TBB
LogInit: Installed Engine Build: 1
LogDevObjectVersion: Number of dev versions registered: 29
LogDevObjectVersion:   Dev-Blueprints (B0D832E4-1F89-4F0D-ACCF-7EB736FD4AA2): 10
LogDevObjectVersion:   Dev-Build (E1C64328-A22C-4D53-A36C-8E866417BD8C): 0
LogDevObjectVersion:   Dev-Core (375EC13C-06E4-48FB-B500-84F0262A717E): 4
LogDevObjectVersion:   Dev-Editor (E4B068ED-F494-42E9-A231-DA0B2E46BB41): 40
LogDevObjectVersion:   Dev-Framework (CFFC743F-43B0-4480-9391-14DF171D2073): 37
LogDevObjectVersion:   Dev-Mobile (B02B49B5-BB20-44E9-A304-32B752E40360): 3
LogDevObjectVersion:   Dev-Networking (A4E4105C-59A1-49B5-A7C5-40C4547EDFEE): 0
LogDevObjectVersion:   Dev-Online (39C831C9-5AE6-47DC-9A44-9C173E1C8E7C): 0
LogDevObjectVersion:   Dev-Physics (78F01B33-EBEA-4F98-B9B4-84EACCB95AA2): 14
LogDevObjectVersion:   Dev-Platform (6631380F-2D4D-43E0-8009-CF276956A95A): 0
LogDevObjectVersion:   Dev-Rendering (12F88B9F-8875-4AFC-A67C-D90C383ABD29): 45
LogDevObjectVersion:   Dev-Sequencer (7B5AE74C-D270-4C10-A958-57980B212A5A): 13
LogDevObjectVersion:   Dev-VR (D7296918-1DD6-4BDD-9DE2-64A83CC13884): 3
LogDevObjectVersion:   Dev-LoadTimes (C2A15278-BFE7-4AFE-6C17-90FF531DF755): 1
LogDevObjectVersion:   Private-Geometry (6EACA3D4-40EC-4CC1-B786-8BED09428FC5): 3
LogDevObjectVersion:   Dev-AnimPhys (29E575DD-E0A3-4627-9D10-D276232CDCEA): 17
LogDevObjectVersion:   Dev-Anim (AF43A65D-7FD3-4947-9873-3E8ED9C1BB05): 15
LogDevObjectVersion:   Dev-ReflectionCapture (6B266CEC-1EC7-4B8F-A30B-E4D90942FC07): 1
LogDevObjectVersion:   Dev-Automation (0DF73D61-A23F-47EA-B727-89E90C41499A): 1
LogDevObjectVersion:   FortniteMain (601D1886-AC64-4F84-AA16-D3DE0DEAC7D6): 47
LogDevObjectVersion:   FortniteRelease (E7086368-6B23-4C58-8439-1B7016265E91): 1
LogDevObjectVersion:   Dev-Enterprise (9DFFBCD6-494F-0158-E221-12823C92A888): 10
LogDevObjectVersion:   Dev-Niagara (F2AED0AC-9AFE-416F-8664-AA7FFA26D6FC): 1
LogDevObjectVersion:   Dev-Destruction (174F1F0B-B4C6-45A5-B13F-2EE8D0FB917D): 10
LogDevObjectVersion:   Dev-Physics-Ext (35F94A83-E258-406C-A318-09F59610247C): 41
LogDevObjectVersion:   Dev-PhysicsMaterial-Chaos (B68FC16E-8B1B-42E2-B453-215C058844FE): 1
LogDevObjectVersion:   Dev-CineCamera (B2E18506-4273-CFC2-A54E-F4BB758BBA07): 1
LogDevObjectVersion:   Dev-VirtualProduction (64F58936-FD1B-42BA-BA96-7289D5D0FA4E): 1
LogDevObjectVersion:   Dev-MediaFramework (6F0ED827-A609-4895-9C91-998D90180EA4): 2
LogInit: Presizing for max 25165824 objects, including 0 objects not considered by GC, pre-allocating 0 bytes for permanent pool.
LogConfig: Applying CVar settings from Section [/Script/Engine.StreamingSettings] File [C:/Unreal Projects/AsteroidRemake/Saved/Config/Windows/Engine.ini]
LogConfig: Setting CVar [[s.MinBulkDataSizeForAsyncLoading:131072]]
LogConfig: Setting CVar [[s.AsyncLoadingThreadEnabled:0]]
LogConfig: Setting CVar [[s.EventDrivenLoaderEnabled:1]]
LogConfig: Setting CVar [[s.WarnIfTimeLimitExceeded:0]]
LogConfig: Setting CVar [[s.TimeLimitExceededMultiplier:1.5]]
LogConfig: Setting CVar [[s.TimeLimitExceededMinTime:0.005]]
LogConfig: Setting CVar [[s.UseBackgroundLevelStreaming:1]]
LogConfig: Setting CVar [[s.PriorityAsyncLoadingExtraTime:15.0]]
LogConfig: Setting CVar [[s.LevelStreamingActorsUpdateTimeLimit:5.0]]
LogConfig: Setting CVar [[s.PriorityLevelStreamingActorsUpdateExtraTime:5.0]]
LogConfig: Setting CVar [[s.LevelStreamingComponentsRegistrationGranularity:10]]
LogConfig: Setting CVar [[s.UnregisterComponentsTimeLimit:1.0]]
LogConfig: Setting CVar [[s.LevelStreamingComponentsUnregistrationGranularity:5]]
LogConfig: Setting CVar [[s.FlushStreamingOnExit:1]]
LogInit: Object subsystem initialized
LogConfig: Setting CVar [[con.DebugEarlyDefault:1]]
LogConfig: Setting CVar [[r.setres:1280x720]]
[2023.08.28-00.42.15:988][  0]LogConfig: Setting CVar [[r.VSync:0]]
[2023.08.28-00.42.15:988][  0]LogConfig: Setting CVar [[r.RHICmdBypass:0]]
[2023.08.28-00.42.15:988][  0]LogConfig: Applying CVar settings from Section [/Script/Engine.RendererSettings] File [C:/Unreal Projects/AsteroidRemake/Saved/Config/Windows/Engine.ini]
[2023.08.28-00.42.15:988][  0]LogConfig: Setting CVar [[r.GPUCrashDebugging:0]]
[2023.08.28-00.42.15:988][  0]LogConfig: Applying CVar settings from Section [/Script/Engine.RendererOverrideSettings] File [C:/Unreal Projects/AsteroidRemake/Saved/Config/Windows/Engine.ini]
[2023.08.28-00.42.15:988][  0]LogConfig: Applying CVar settings from Section [/Script/Engine.StreamingSettings] File [C:/Unreal Projects/AsteroidRemake/Saved/Config/Windows/Engine.ini]
[2023.08.28-00.42.15:988][  0]LogConfig: Setting CVar [[s.MinBulkDataSizeForAsyncLoading:131072]]
[2023.08.28-00.42.15:988][  0]LogConfig: Setting CVar [[s.AsyncLoadingThreadEnabled:0]]
[2023.08.28-00.42.15:988][  0]LogConfig: Setting CVar [[s.EventDrivenLoaderEnabled:1]]
[2023.08.28-00.42.15:988][  0]LogConfig: Setting CVar [[s.WarnIfTimeLimitExceeded:0]]
[2023.08.28-00.42.15:988][  0]LogConfig: Setting CVar [[s.TimeLimitExceededMultiplier:1.5]]
[2023.08.28-00.42.15:988][  0]LogConfig: Setting CVar [[s.TimeLimitExceededMinTime:0.005]]
[2023.08.28-00.42.15:988][  0]LogConfig: Setting CVar [[s.UseBackgroundLevelStreaming:1]]
[2023.08.28-00.42.15:988][  0]LogConfig: Setting CVar [[s.PriorityAsyncLoadingExtraTime:15.0]]
[2023.08.28-00.42.15:988][  0]LogConfig: Setting CVar [[s.LevelStreamingActorsUpdateTimeLimit:5.0]]
[2023.08.28-00.42.15:988][  0]LogConfig: Setting CVar [[s.PriorityLevelStreamingActorsUpdateExtraTime:5.0]]
[2023.08.28-00.42.15:988][  0]LogConfig: Setting CVar [[s.LevelStreamingComponentsRegistrationGranularity:10]]
[2023.08.28-00.42.15:988][  0]LogConfig: Setting CVar [[s.UnregisterComponentsTimeLimit:1.0]]
[2023.08.28-00.42.15:988][  0]LogConfig: Setting CVar [[s.LevelStreamingComponentsUnregistrationGranularity:5]]
[2023.08.28-00.42.15:988][  0]LogConfig: Setting CVar [[s.FlushStreamingOnExit:1]]
[2023.08.28-00.42.15:988][  0]LogConfig: Applying CVar settings from Section [/Script/Engine.GarbageCollectionSettings] File [C:/Unreal Projects/AsteroidRemake/Saved/Config/Windows/Engine.ini]
[2023.08.28-00.42.15:988][  0]LogConfig: Setting CVar [[gc.MaxObjectsNotConsideredByGC:1]]
[2023.08.28-00.42.15:988][  0]LogConfig: Setting CVar [[gc.SizeOfPermanentObjectPool:0]]
[2023.08.28-00.42.15:988][  0]LogConfig: Setting CVar [[gc.FlushStreamingOnGC:0]]
[2023.08.28-00.42.15:988][  0]LogConfig: Setting CVar [[gc.NumRetriesBeforeForcingGC:10]]
[2023.08.28-00.42.15:988][  0]LogConfig: Setting CVar [[gc.AllowParallelGC:1]]
[2023.08.28-00.42.15:988][  0]LogConfig: Setting CVar [[gc.TimeBetweenPurgingPendingKillObjects:61.1]]
[2023.08.28-00.42.15:988][  0]LogConfig: Setting CVar [[gc.MaxObjectsInEditor:25165824]]
[2023.08.28-00.42.15:988][  0]LogConfig: Setting CVar [[gc.IncrementalBeginDestroyEnabled:1]]
[2023.08.28-00.42.15:988][  0]LogConfig: Setting CVar [[gc.CreateGCClusters:1]]
[2023.08.28-00.42.15:988][  0]LogConfig: Setting CVar [[gc.MinGCClusterSize:5]]
[2023.08.28-00.42.15:988][  0]LogConfig: Setting CVar [[gc.ActorClusteringEnabled:0]]
[2023.08.28-00.42.15:988][  0]LogConfig: Setting CVar [[gc.BlueprintClusteringEnabled:0]]
[2023.08.28-00.42.15:988][  0]LogConfig: Setting CVar [[gc.UseDisregardForGCOnDedicatedServers:0]]
[2023.08.28-00.42.15:988][  0]LogConfig: Setting CVar [[gc.MultithreadedDestructionEnabled:1]]
[2023.08.28-00.42.15:988][  0]LogConfig: Applying CVar settings from Section [/Script/Engine.NetworkSettings] File [C:/Unreal Projects/AsteroidRemake/Saved/Config/Windows/Engine.ini]
[2023.08.28-00.42.15:988][  0]LogConfig: Applying CVar settings from Section [/Script/UnrealEd.CookerSettings] File [C:/Unreal Projects/AsteroidRemake/Saved/Config/Windows/Engine.ini]
[2023.08.28-00.42.15:997][  0]LogConfig: Applying CVar settings from Section [ViewDistanceQuality@3] File [C:/Unreal Projects/AsteroidRemake/Saved/Config/Windows/Scalability.ini]
[2023.08.28-00.42.15:997][  0]LogConfig: Setting CVar [[r.SkeletalMeshLODBias:0]]
[2023.08.28-00.42.15:997][  0]LogConfig: Setting CVar [[r.ViewDistanceScale:1.0]]
[2023.08.28-00.42.15:997][  0]LogConfig: Applying CVar settings from Section [AntiAliasingQuality@3] File [C:/Unreal Projects/AsteroidRemake/Saved/Config/Windows/Scalability.ini]
[2023.08.28-00.42.15:997][  0]LogConfig: Setting CVar [[r.PostProcessAAQuality:4]]
[2023.08.28-00.42.15:997][  0]LogConfig: Applying CVar settings from Section [ShadowQuality@3] File [C:/Unreal Projects/AsteroidRemake/Saved/Config/Windows/Scalability.ini]
[2023.08.28-00.42.15:997][  0]LogConfig: Setting CVar [[r.LightFunctionQuality:1]]
[2023.08.28-00.42.15:997][  0]LogConfig: Setting CVar [[r.ShadowQuality:5]]
[2023.08.28-00.42.15:997][  0]LogConfig: Setting CVar [[r.Shadow.CSM.MaxCascades:10]]
[2023.08.28-00.42.15:997][  0]LogConfig: Setting CVar [[r.Shadow.MaxResolution:2048]]
[2023.08.28-00.42.15:997][  0]LogConfig: Setting CVar [[r.Shadow.MaxCSMResolution:2048]]
[2023.08.28-00.42.15:997][  0]LogConfig: Setting CVar [[r.Shadow.RadiusThreshold:0.01]]
[2023.08.28-00.42.15:998][  0]LogConfig: Setting CVar [[r.Shadow.DistanceScale:1.0]]
[2023.08.28-00.42.15:998][  0]LogConfig: Setting CVar [[r.Shadow.CSM.TransitionScale:1.0]]
[2023.08.28-00.42.15:998][  0]LogConfig: Setting CVar [[r.Shadow.PreShadowResolutionFactor:1.0]]
[2023.08.28-00.42.15:998][  0]LogConfig: Setting CVar [[r.DistanceFieldShadowing:1]]
[2023.08.28-00.42.15:998][  0]LogConfig: Setting CVar [[r.DistanceFieldAO:1]]
[2023.08.28-00.42.15:998][  0]LogConfig: Setting CVar [[r.AOQuality:2]]
[2023.08.28-00.42.15:998][  0]LogConfig: Setting CVar [[r.VolumetricFog:1]]
[2023.08.28-00.42.15:998][  0]LogConfig: Setting CVar [[r.VolumetricFog.GridPixelSize:8]]
[2023.08.28-00.42.15:998][  0]LogConfig: Setting CVar [[r.VolumetricFog.GridSizeZ:128]]
[2023.08.28-00.42.15:998][  0]LogConfig: Setting CVar [[r.VolumetricFog.HistoryMissSupersampleCount:4]]
[2023.08.28-00.42.15:998][  0]LogConfig: Setting CVar [[r.LightMaxDrawDistanceScale:1]]
[2023.08.28-00.42.15:998][  0]LogConfig: Setting CVar [[r.CapsuleShadows:1]]
[2023.08.28-00.42.15:998][  0]LogConfig: Applying CVar settings from Section [PostProcessQuality@3] File [C:/Unreal Projects/AsteroidRemake/Saved/Config/Windows/Scalability.ini]
[2023.08.28-00.42.15:998][  0]LogConfig: Setting CVar [[r.MotionBlurQuality:4]]
[2023.08.28-00.42.15:998][  0]LogConfig: Setting CVar [[r.AmbientOcclusionMipLevelFactor:0.4]]
[2023.08.28-00.42.15:998][  0]LogConfig: Setting CVar [[r.AmbientOcclusionMaxQuality:100]]
[2023.08.28-00.42.15:998][  0]LogConfig: Setting CVar [[r.AmbientOcclusionLevels:-1]]
[2023.08.28-00.42.15:998][  0]LogConfig: Setting CVar [[r.AmbientOcclusionRadiusScale:1.0]]
[2023.08.28-00.42.15:998][  0]LogConfig: Setting CVar [[r.DepthOfFieldQuality:2]]
[2023.08.28-00.42.15:998][  0]LogConfig: Setting CVar [[r.RenderTargetPoolMin:400]]
[2023.08.28-00.42.15:998][  0]LogConfig: Setting CVar [[r.LensFlareQuality:2]]
[2023.08.28-00.42.15:998][  0]LogConfig: Setting CVar [[r.SceneColorFringeQuality:1]]
[2023.08.28-00.42.15:998][  0]LogConfig: Setting CVar [[r.EyeAdaptationQuality:2]]
[2023.08.28-00.42.15:998][  0]LogConfig: Setting CVar [[r.BloomQuality:5]]
[2023.08.28-00.42.15:998][  0]LogConfig: Setting CVar [[r.FastBlurThreshold:100]]
[2023.08.28-00.42.15:998][  0]LogConfig: Setting CVar [[r.Upscale.Quality:3]]
[2023.08.28-00.42.15:998][  0]LogConfig: Setting CVar [[r.Tonemapper.GrainQuantization:1]]
[2023.08.28-00.42.15:998][  0]LogConfig: Setting CVar [[r.LightShaftQuality:1]]
[2023.08.28-00.42.15:998][  0]LogConfig: Setting CVar [[r.Filter.SizeScale:1]]
[2023.08.28-00.42.15:998][  0]LogConfig: Setting CVar [[r.Tonemapper.Quality:5]]
[2023.08.28-00.42.15:998][  0]LogConfig: Setting CVar [[r.DOF.Gather.AccumulatorQuality:1        ; higher gathering accumulator quality]]
[2023.08.28-00.42.15:998][  0]LogConfig: Setting CVar [[r.DOF.Gather.PostfilterMethod:1          ; Median3x3 postfilering method]]
[2023.08.28-00.42.15:998][  0]LogConfig: Setting CVar [[r.DOF.Gather.EnableBokehSettings:0       ; no bokeh simulation when gathering]]
[2023.08.28-00.42.15:998][  0]LogConfig: Setting CVar [[r.DOF.Gather.RingCount:4                 ; medium number of samples when gathering]]
[2023.08.28-00.42.15:998][  0]LogConfig: Setting CVar [[r.DOF.Scatter.ForegroundCompositing:1    ; additive foreground scattering]]
[2023.08.28-00.42.15:998][  0]LogConfig: Setting CVar [[r.DOF.Scatter.BackgroundCompositing:2    ; additive background scattering]]
[2023.08.28-00.42.15:998][  0]LogConfig: Setting CVar [[r.DOF.Scatter.EnableBokehSettings:1      ; bokeh simulation when scattering]]
[2023.08.28-00.42.15:998][  0]LogConfig: Setting CVar [[r.DOF.Scatter.MaxSpriteRatio:0.1         ; only a maximum of 10% of scattered bokeh]]
[2023.08.28-00.42.15:998][  0]LogConfig: Setting CVar [[r.DOF.Recombine.Quality:1                ; cheap slight out of focus]]
[2023.08.28-00.42.15:998][  0]LogConfig: Setting CVar [[r.DOF.Recombine.EnableBokehSettings:0    ; no bokeh simulation on slight out of focus]]
[2023.08.28-00.42.15:998][  0]LogConfig: Setting CVar [[r.DOF.TemporalAAQuality:1                ; more stable temporal accumulation]]
[2023.08.28-00.42.15:998][  0]LogConfig: Setting CVar [[r.DOF.Kernel.MaxForegroundRadius:0.025]]
[2023.08.28-00.42.15:998][  0]LogConfig: Setting CVar [[r.DOF.Kernel.MaxBackgroundRadius:0.025]]
[2023.08.28-00.42.15:998][  0]LogConfig: Applying CVar settings from Section [TextureQuality@3] File [C:/Unreal Projects/AsteroidRemake/Saved/Config/Windows/Scalability.ini]
[2023.08.28-00.42.15:998][  0]LogConfig: Setting CVar [[r.Streaming.MipBias:0]]
[2023.08.28-00.42.15:998][  0]LogConfig: Setting CVar [[r.Streaming.AmortizeCPUToGPUCopy:0]]
[2023.08.28-00.42.15:998][  0]LogConfig: Setting CVar [[r.Streaming.MaxNumTexturesToStreamPerFrame:0]]
[2023.08.28-00.42.15:998][  0]LogConfig: Setting CVar [[r.Streaming.Boost:1]]
[2023.08.28-00.42.15:998][  0]LogConfig: Setting CVar [[r.MaxAnisotropy:8]]
[2023.08.28-00.42.15:998][  0]LogConfig: Setting CVar [[r.VT.MaxAnisotropy:8]]
[2023.08.28-00.42.15:998][  0]LogConfig: Setting CVar [[r.Streaming.LimitPoolSizeToVRAM:0]]
[2023.08.28-00.42.15:998][  0]LogConfig: Setting CVar [[r.Streaming.PoolSize:1000]]
[2023.08.28-00.42.15:998][  0]LogConfig: Setting CVar [[r.Streaming.MaxEffectiveScreenSize:0]]
[2023.08.28-00.42.15:998][  0]LogConfig: Applying CVar settings from Section [EffectsQuality@3] File [C:/Unreal Projects/AsteroidRemake/Saved/Config/Windows/Scalability.ini]
[2023.08.28-00.42.15:998][  0]LogConfig: Setting CVar [[r.TranslucencyLightingVolumeDim:64]]
[2023.08.28-00.42.15:998][  0]LogConfig: Setting CVar [[r.RefractionQuality:2]]
[2023.08.28-00.42.15:998][  0]LogConfig: Setting CVar [[r.SSR.Quality:3]]
[2023.08.28-00.42.15:998][  0]LogConfig: Setting CVar [[r.SSR.HalfResSceneColor:0]]
[2023.08.28-00.42.15:998][  0]LogConfig: Setting CVar [[r.SceneColorFormat:4]]
[2023.08.28-00.42.15:998][  0]LogConfig: Setting CVar [[r.DetailMode:2]]
[2023.08.28-00.42.15:998][  0]LogConfig: Setting CVar [[r.TranslucencyVolumeBlur:1]]
[2023.08.28-00.42.15:998][  0]LogConfig: Setting CVar [[r.MaterialQualityLevel:1 ; High quality]]
[2023.08.28-00.42.15:998][  0]LogConfig: Setting CVar [[r.AnisotropicMaterials:1]]
[2023.08.28-00.42.15:998][  0]LogConfig: Setting CVar [[r.SSS.Scale:1]]
[2023.08.28-00.42.15:998][  0]LogConfig: Setting CVar [[r.SSS.SampleSet:2]]
[2023.08.28-00.42.15:998][  0]LogConfig: Setting CVar [[r.SSS.Quality:1]]
[2023.08.28-00.42.15:998][  0]LogConfig: Setting CVar [[r.SSS.HalfRes:0]]
[2023.08.28-00.42.15:998][  0]LogConfig: Setting CVar [[r.SSGI.Quality:3]]
[2023.08.28-00.42.15:998][  0]LogConfig: Setting CVar [[r.EmitterSpawnRateScale:1.0]]
[2023.08.28-00.42.15:998][  0]LogConfig: Setting CVar [[r.ParticleLightQuality:2]]
[2023.08.28-00.42.15:998][  0]LogConfig: Setting CVar [[r.SkyAtmosphere.AerialPerspectiveLUT.FastApplyOnOpaque:1 ; Always have FastSkyLUT 1 in this case to avoid wrong sky]]
[2023.08.28-00.42.15:998][  0]LogConfig: Setting CVar [[r.SkyAtmosphere.AerialPerspectiveLUT.SampleCountMaxPerSlice:4]]
[2023.08.28-00.42.15:998][  0]LogConfig: Setting CVar [[r.SkyAtmosphere.AerialPerspectiveLUT.DepthResolution:16.0]]
[2023.08.28-00.42.15:998][  0]LogConfig: Setting CVar [[r.SkyAtmosphere.FastSkyLUT:1]]
[2023.08.28-00.42.15:998][  0]LogConfig: Setting CVar [[r.SkyAtmosphere.FastSkyLUT.SampleCountMin:4.0]]
[2023.08.28-00.42.15:998][  0]LogConfig: Setting CVar [[r.SkyAtmosphere.FastSkyLUT.SampleCountMax:128.0]]
[2023.08.28-00.42.15:998][  0]LogConfig: Setting CVar [[r.SkyAtmosphere.SampleCountMin:4.0]]
[2023.08.28-00.42.15:998][  0]LogConfig: Setting CVar [[r.SkyAtmosphere.SampleCountMax:128.0]]
[2023.08.28-00.42.15:998][  0]LogConfig: Setting CVar [[r.SkyAtmosphere.TransmittanceLUT.UseSmallFormat:0]]
[2023.08.28-00.42.15:998][  0]LogConfig: Setting CVar [[r.SkyAtmosphere.TransmittanceLUT.SampleCount:10.0]]
[2023.08.28-00.42.15:998][  0]LogConfig: Setting CVar [[r.SkyAtmosphere.MultiScatteringLUT.SampleCount:15.0]]
[2023.08.28-00.42.15:998][  0]LogConfig: Setting CVar [[r.SkyLight.RealTimeReflectionCapture:1]]
[2023.08.28-00.42.15:998][  0]LogConfig: Applying CVar settings from Section [FoliageQuality@3] File [C:/Unreal Projects/AsteroidRemake/Saved/Config/Windows/Scalability.ini]
[2023.08.28-00.42.15:998][  0]LogConfig: Setting CVar [[foliage.DensityScale:1.0]]
[2023.08.28-00.42.15:998][  0]LogConfig: Setting CVar [[grass.DensityScale:1.0]]
[2023.08.28-00.42.15:998][  0]LogConfig: Applying CVar settings from Section [ShadingQuality@3] File [C:/Unreal Projects/AsteroidRemake/Saved/Config/Windows/Scalability.ini]
[2023.08.28-00.42.15:998][  0]LogConfig: Setting CVar [[r.HairStrands.SkyLighting.IntegrationType:2]]
[2023.08.28-00.42.15:998][  0]LogConfig: Setting CVar [[r.HairStrands.SkyAO.SampleCount:4]]
[2023.08.28-00.42.15:998][  0]LogConfig: Setting CVar [[r.HairStrands.Visibility.MSAA.SamplePerPixel:4]]
[2023.08.28-00.42.15:998][  0]LogInit: Selected Device Profile: [Windows]
[2023.08.28-00.42.15:998][  0]LogInit: Applying CVar settings loaded from the selected device profile: [Windows]
[2023.08.28-00.42.15:998][  0]LogHAL: Display: Platform has ~ 32 GB [34273357824 / 34359738368 / 32], which maps to Largest [LargestMinGB=32, LargerMinGB=12, DefaultMinGB=8, SmallerMinGB=6, SmallestMinGB=0)
[2023.08.28-00.42.15:998][  0]LogInit: Going up to parent DeviceProfile []
[2023.08.28-00.42.15:998][  0]LogConfig: Applying CVar settings from Section [ViewDistanceQuality@3] File [C:/Unreal Projects/AsteroidRemake/Saved/Config/Windows/Scalability.ini]
[2023.08.28-00.42.15:998][  0]LogConfig: Setting CVar [[r.SkeletalMeshLODBias:0]]
[2023.08.28-00.42.15:998][  0]LogConfig: Setting CVar [[r.ViewDistanceScale:1.0]]
[2023.08.28-00.42.15:998][  0]LogConfig: Applying CVar settings from Section [AntiAliasingQuality@3] File [C:/Unreal Projects/AsteroidRemake/Saved/Config/Windows/Scalability.ini]
[2023.08.28-00.42.15:998][  0]LogConfig: Setting CVar [[r.PostProcessAAQuality:4]]
[2023.08.28-00.42.15:998][  0]LogConfig: Applying CVar settings from Section [ShadowQuality@3] File [C:/Unreal Projects/AsteroidRemake/Saved/Config/Windows/Scalability.ini]
[2023.08.28-00.42.15:998][  0]LogConfig: Setting CVar [[r.LightFunctionQuality:1]]
[2023.08.28-00.42.15:998][  0]LogConfig: Setting CVar [[r.ShadowQuality:5]]
[2023.08.28-00.42.15:998][  0]LogConfig: Setting CVar [[r.Shadow.CSM.MaxCascades:10]]
[2023.08.28-00.42.15:998][  0]LogConfig: Setting CVar [[r.Shadow.MaxResolution:2048]]
[2023.08.28-00.42.15:998][  0]LogConfig: Setting CVar [[r.Shadow.MaxCSMResolution:2048]]
[2023.08.28-00.42.15:998][  0]LogConfig: Setting CVar [[r.Shadow.RadiusThreshold:0.01]]
[2023.08.28-00.42.15:998][  0]LogConfig: Setting CVar [[r.Shadow.DistanceScale:1.0]]
[2023.08.28-00.42.15:999][  0]LogConfig: Setting CVar [[r.Shadow.CSM.TransitionScale:1.0]]
[2023.08.28-00.42.15:999][  0]LogConfig: Setting CVar [[r.Shadow.PreShadowResolutionFactor:1.0]]
[2023.08.28-00.42.15:999][  0]LogConfig: Setting CVar [[r.DistanceFieldShadowing:1]]
[2023.08.28-00.42.15:999][  0]LogConfig: Setting CVar [[r.DistanceFieldAO:1]]
[2023.08.28-00.42.15:999][  0]LogConfig: Setting CVar [[r.AOQuality:2]]
[2023.08.28-00.42.15:999][  0]LogConfig: Setting CVar [[r.VolumetricFog:1]]
[2023.08.28-00.42.15:999][  0]LogConfig: Setting CVar [[r.VolumetricFog.GridPixelSize:8]]
[2023.08.28-00.42.15:999][  0]LogConfig: Setting CVar [[r.VolumetricFog.GridSizeZ:128]]
[2023.08.28-00.42.15:999][  0]LogConfig: Setting CVar [[r.VolumetricFog.HistoryMissSupersampleCount:4]]
[2023.08.28-00.42.15:999][  0]LogConfig: Setting CVar [[r.LightMaxDrawDistanceScale:1]]
[2023.08.28-00.42.15:999][  0]LogConfig: Setting CVar [[r.CapsuleShadows:1]]
[2023.08.28-00.42.15:999][  0]LogConfig: Applying CVar settings from Section [PostProcessQuality@3] File [C:/Unreal Projects/AsteroidRemake/Saved/Config/Windows/Scalability.ini]
[2023.08.28-00.42.15:999][  0]LogConfig: Setting CVar [[r.MotionBlurQuality:4]]
[2023.08.28-00.42.15:999][  0]LogConfig: Setting CVar [[r.AmbientOcclusionMipLevelFactor:0.4]]
[2023.08.28-00.42.15:999][  0]LogConfig: Setting CVar [[r.AmbientOcclusionMaxQuality:100]]
[2023.08.28-00.42.15:999][  0]LogConfig: Setting CVar [[r.AmbientOcclusionLevels:-1]]
[2023.08.28-00.42.15:999][  0]LogConfig: Setting CVar [[r.AmbientOcclusionRadiusScale:1.0]]
[2023.08.28-00.42.15:999][  0]LogConfig: Setting CVar [[r.DepthOfFieldQuality:2]]
[2023.08.28-00.42.15:999][  0]LogConfig: Setting CVar [[r.RenderTargetPoolMin:400]]
[2023.08.28-00.42.15:999][  0]LogConfig: Setting CVar [[r.LensFlareQuality:2]]
[2023.08.28-00.42.15:999][  0]LogConfig: Setting CVar [[r.SceneColorFringeQuality:1]]
[2023.08.28-00.42.15:999][  0]LogConfig: Setting CVar [[r.EyeAdaptationQuality:2]]
[2023.08.28-00.42.15:999][  0]LogConfig: Setting CVar [[r.BloomQuality:5]]
[2023.08.28-00.42.15:999][  0]LogConfig: Setting CVar [[r.FastBlurThreshold:100]]
[2023.08.28-00.42.15:999][  0]LogConfig: Setting CVar [[r.Upscale.Quality:3]]
[2023.08.28-00.42.15:999][  0]LogConfig: Setting CVar [[r.Tonemapper.GrainQuantization:1]]
[2023.08.28-00.42.15:999][  0]LogConfig: Setting CVar [[r.LightShaftQuality:1]]
[2023.08.28-00.42.15:999][  0]LogConfig: Setting CVar [[r.Filter.SizeScale:1]]
[2023.08.28-00.42.15:999][  0]LogConfig: Setting CVar [[r.Tonemapper.Quality:5]]
[2023.08.28-00.42.15:999][  0]LogConfig: Setting CVar [[r.DOF.Gather.AccumulatorQuality:1        ; higher gathering accumulator quality]]
[2023.08.28-00.42.15:999][  0]LogConfig: Setting CVar [[r.DOF.Gather.PostfilterMethod:1          ; Median3x3 postfilering method]]
[2023.08.28-00.42.15:999][  0]LogConfig: Setting CVar [[r.DOF.Gather.EnableBokehSettings:0       ; no bokeh simulation when gathering]]
[2023.08.28-00.42.15:999][  0]LogConfig: Setting CVar [[r.DOF.Gather.RingCount:4                 ; medium number of samples when gathering]]
[2023.08.28-00.42.15:999][  0]LogConfig: Setting CVar [[r.DOF.Scatter.ForegroundCompositing:1    ; additive foreground scattering]]
[2023.08.28-00.42.15:999][  0]LogConfig: Setting CVar [[r.DOF.Scatter.BackgroundCompositing:2    ; additive background scattering]]
[2023.08.28-00.42.15:999][  0]LogConfig: Setting CVar [[r.DOF.Scatter.EnableBokehSettings:1      ; bokeh simulation when scattering]]
[2023.08.28-00.42.15:999][  0]LogConfig: Setting CVar [[r.DOF.Scatter.MaxSpriteRatio:0.1         ; only a maximum of 10% of scattered bokeh]]
[2023.08.28-00.42.15:999][  0]LogConfig: Setting CVar [[r.DOF.Recombine.Quality:1                ; cheap slight out of focus]]
[2023.08.28-00.42.15:999][  0]LogConfig: Setting CVar [[r.DOF.Recombine.EnableBokehSettings:0    ; no bokeh simulation on slight out of focus]]
[2023.08.28-00.42.15:999][  0]LogConfig: Setting CVar [[r.DOF.TemporalAAQuality:1                ; more stable temporal accumulation]]
[2023.08.28-00.42.15:999][  0]LogConfig: Setting CVar [[r.DOF.Kernel.MaxForegroundRadius:0.025]]
[2023.08.28-00.42.15:999][  0]LogConfig: Setting CVar [[r.DOF.Kernel.MaxBackgroundRadius:0.025]]
[2023.08.28-00.42.15:999][  0]LogConfig: Applying CVar settings from Section [TextureQuality@3] File [C:/Unreal Projects/AsteroidRemake/Saved/Config/Windows/Scalability.ini]
[2023.08.28-00.42.15:999][  0]LogConfig: Setting CVar [[r.Streaming.MipBias:0]]
[2023.08.28-00.42.15:999][  0]LogConfig: Setting CVar [[r.Streaming.AmortizeCPUToGPUCopy:0]]
[2023.08.28-00.42.15:999][  0]LogConfig: Setting CVar [[r.Streaming.MaxNumTexturesToStreamPerFrame:0]]
[2023.08.28-00.42.15:999][  0]LogConfig: Setting CVar [[r.Streaming.Boost:1]]
[2023.08.28-00.42.15:999][  0]LogConfig: Setting CVar [[r.MaxAnisotropy:8]]
[2023.08.28-00.42.15:999][  0]LogConfig: Setting CVar [[r.VT.MaxAnisotropy:8]]
[2023.08.28-00.42.15:999][  0]LogConfig: Setting CVar [[r.Streaming.LimitPoolSizeToVRAM:0]]
[2023.08.28-00.42.15:999][  0]LogConfig: Setting CVar [[r.Streaming.PoolSize:1000]]
[2023.08.28-00.42.15:999][  0]LogConfig: Setting CVar [[r.Streaming.MaxEffectiveScreenSize:0]]
[2023.08.28-00.42.15:999][  0]LogConfig: Applying CVar settings from Section [EffectsQuality@3] File [C:/Unreal Projects/AsteroidRemake/Saved/Config/Windows/Scalability.ini]
[2023.08.28-00.42.15:999][  0]LogConfig: Setting CVar [[r.TranslucencyLightingVolumeDim:64]]
[2023.08.28-00.42.15:999][  0]LogConfig: Setting CVar [[r.RefractionQuality:2]]
[2023.08.28-00.42.15:999][  0]LogConfig: Setting CVar [[r.SSR.Quality:3]]
[2023.08.28-00.42.15:999][  0]LogConfig: Setting CVar [[r.SSR.HalfResSceneColor:0]]
[2023.08.28-00.42.15:999][  0]LogConfig: Setting CVar [[r.SceneColorFormat:4]]
[2023.08.28-00.42.15:999][  0]LogConfig: Setting CVar [[r.DetailMode:2]]
[2023.08.28-00.42.15:999][  0]LogConfig: Setting CVar [[r.TranslucencyVolumeBlur:1]]
[2023.08.28-00.42.15:999][  0]LogConfig: Setting CVar [[r.MaterialQualityLevel:1 ; High quality]]
[2023.08.28-00.42.15:999][  0]LogConfig: Setting CVar [[r.AnisotropicMaterials:1]]
[2023.08.28-00.42.15:999][  0]LogConfig: Setting CVar [[r.SSS.Scale:1]]
[2023.08.28-00.42.15:999][  0]LogConfig: Setting CVar [[r.SSS.SampleSet:2]]
[2023.08.28-00.42.15:999][  0]LogConfig: Setting CVar [[r.SSS.Quality:1]]
[2023.08.28-00.42.15:999][  0]LogConfig: Setting CVar [[r.SSS.HalfRes:0]]
[2023.08.28-00.42.15:999][  0]LogConfig: Setting CVar [[r.SSGI.Quality:3]]
[2023.08.28-00.42.15:999][  0]LogConfig: Setting CVar [[r.EmitterSpawnRateScale:1.0]]
[2023.08.28-00.42.15:999][  0]LogConfig: Setting CVar [[r.ParticleLightQuality:2]]
[2023.08.28-00.42.15:999][  0]LogConfig: Setting CVar [[r.SkyAtmosphere.AerialPerspectiveLUT.FastApplyOnOpaque:1 ; Always have FastSkyLUT 1 in this case to avoid wrong sky]]
[2023.08.28-00.42.15:999][  0]LogConfig: Setting CVar [[r.SkyAtmosphere.AerialPerspectiveLUT.SampleCountMaxPerSlice:4]]
[2023.08.28-00.42.15:999][  0]LogConfig: Setting CVar [[r.SkyAtmosphere.AerialPerspectiveLUT.DepthResolution:16.0]]
[2023.08.28-00.42.15:999][  0]LogConfig: Setting CVar [[r.SkyAtmosphere.FastSkyLUT:1]]
[2023.08.28-00.42.15:999][  0]LogConfig: Setting CVar [[r.SkyAtmosphere.FastSkyLUT.SampleCountMin:4.0]]
[2023.08.28-00.42.15:999][  0]LogConfig: Setting CVar [[r.SkyAtmosphere.FastSkyLUT.SampleCountMax:128.0]]
[2023.08.28-00.42.15:999][  0]LogConfig: Setting CVar [[r.SkyAtmosphere.SampleCountMin:4.0]]
[2023.08.28-00.42.15:999][  0]LogConfig: Setting CVar [[r.SkyAtmosphere.SampleCountMax:128.0]]
[2023.08.28-00.42.15:999][  0]LogConfig: Setting CVar [[r.SkyAtmosphere.TransmittanceLUT.UseSmallFormat:0]]
[2023.08.28-00.42.15:999][  0]LogConfig: Setting CVar [[r.SkyAtmosphere.TransmittanceLUT.SampleCount:10.0]]
[2023.08.28-00.42.15:999][  0]LogConfig: Setting CVar [[r.SkyAtmosphere.MultiScatteringLUT.SampleCount:15.0]]
[2023.08.28-00.42.15:999][  0]LogConfig: Setting CVar [[r.SkyLight.RealTimeReflectionCapture:1]]
[2023.08.28-00.42.15:999][  0]LogConfig: Applying CVar settings from Section [FoliageQuality@3] File [C:/Unreal Projects/AsteroidRemake/Saved/Config/Windows/Scalability.ini]
[2023.08.28-00.42.15:999][  0]LogConfig: Setting CVar [[foliage.DensityScale:1.0]]
[2023.08.28-00.42.15:999][  0]LogConfig: Setting CVar [[grass.DensityScale:1.0]]
[2023.08.28-00.42.15:999][  0]LogConfig: Applying CVar settings from Section [ShadingQuality@3] File [C:/Unreal Projects/AsteroidRemake/Saved/Config/Windows/Scalability.ini]
[2023.08.28-00.42.15:999][  0]LogConfig: Setting CVar [[r.HairStrands.SkyLighting.IntegrationType:2]]
[2023.08.28-00.42.15:999][  0]LogConfig: Setting CVar [[r.HairStrands.SkyAO.SampleCount:4]]
[2023.08.28-00.42.15:999][  0]LogConfig: Setting CVar [[r.HairStrands.Visibility.MSAA.SamplePerPixel:4]]
[2023.08.28-00.42.15:999][  0]LogConfig: Applying CVar settings from Section [Startup] File [../../../Engine/Config/ConsoleVariables.ini]
[2023.08.28-00.42.15:999][  0]LogConfig: Setting CVar [[net.UseAdaptiveNetUpdateFrequency:0]]
[2023.08.28-00.42.15:999][  0]LogConfig: Setting CVar [[p.chaos.AllowCreatePhysxBodies:1]]
[2023.08.28-00.42.15:999][  0]LogConfig: Setting CVar [[fx.SkipVectorVMBackendOptimizations:1]]
[2023.08.28-00.42.15:999][  0]LogConfig: Applying CVar settings from Section [ConsoleVariables] File [C:/Unreal Projects/AsteroidRemake/Saved/Config/Windows/Engine.ini]
[2023.08.28-00.42.15:999][  0]LogConfig: Applying CVar settings from Section [ConsoleVariables] File [C:/Unreal Projects/AsteroidRemake/Saved/Config/Windows/Editor.ini]
[2023.08.28-00.42.16:000][  0]LogInit: Computer: DESKTOP-V6GCTTP
[2023.08.28-00.42.16:000][  0]LogInit: User: home
[2023.08.28-00.42.16:000][  0]LogInit: CPU Page size=4096, Cores=8
[2023.08.28-00.42.16:000][  0]LogInit: High frequency timer resolution =10.000000 MHz
[2023.08.28-00.42.16:000][  0]LogMemory: Memory total: Physical=31.9GB (32GB approx)
[2023.08.28-00.42.16:000][  0]LogMemory: Platform Memory Stats for Windows
[2023.08.28-00.42.16:000][  0]LogMemory: Process Physical Memory: 148.53 MB used, 152.54 MB peak
[2023.08.28-00.42.16:000][  0]LogMemory: Process Virtual Memory: 129.66 MB used, 129.66 MB peak
[2023.08.28-00.42.16:000][  0]LogMemory: Physical Memory: 7833.24 MB used,  24852.38 MB free, 32685.62 MB total
[2023.08.28-00.42.16:000][  0]LogMemory: Virtual Memory: 134190392.00 MB used,  27334.70 MB free, 134217728.00 MB total
[2023.08.28-00.42.16:004][  0]LogWindows: WindowsPlatformFeatures enabled
[2023.08.28-00.42.16:035][  0]LogInit: Physics initialised using underlying interface: PhysX
[2023.08.28-00.42.16:036][  0]LogInit: Overriding language with editor language configuration option (en).
[2023.08.28-00.42.16:036][  0]LogInit: Overriding language with editor locale configuration option (en).
[2023.08.28-00.42.16:179][  0]LogInit: Setting process to per monitor DPI aware
[2023.08.28-00.42.16:186][  0]LogWindowsTextInputMethodSystem: Display: IME system deactivated.
[2023.08.28-00.42.16:195][  0]LogSlate: New Slate User Created.  User Index 0, Is Virtual User: 0
[2023.08.28-00.42.16:195][  0]LogSlate: Slate User Registered.  User Index 0, Is Virtual User: 0
[2023.08.28-00.42.16:331][  0]LogD3D11RHI: Loaded GFSDK_Aftermath_Lib.x64.dll
[2023.08.28-00.42.16:333][  0]LogHMD: Failed to initialize OpenVR with code 110
[2023.08.28-00.42.16:333][  0]LogD3D11RHI: D3D11 min allowed feature level: 11_0
[2023.08.28-00.42.16:333][  0]LogD3D11RHI: D3D11 max allowed feature level: 11_0
[2023.08.28-00.42.16:333][  0]LogD3D11RHI: D3D11 adapters:
[2023.08.28-00.42.16:446][  0]LogD3D11RHI:    0. 'NVIDIA GeForce RTX 3060' (Feature Level 11_0)
[2023.08.28-00.42.16:447][  0]LogD3D11RHI:       12124/0/16342 MB DedicatedVideo/DedicatedSystem/SharedSystem, Outputs:1, VendorId:0x10de
[2023.08.28-00.42.16:448][  0]LogD3D11RHI:    1. 'Microsoft Basic Render Driver' (Feature Level 11_0)
[2023.08.28-00.42.16:448][  0]LogD3D11RHI:       0/0/16342 MB DedicatedVideo/DedicatedSystem/SharedSystem, Outputs:0, VendorId:0x1414
[2023.08.28-00.42.16:448][  0]LogD3D11RHI: Chosen D3D11 Adapter:
[2023.08.28-00.42.16:448][  0]LogD3D11RHI:     Description : NVIDIA GeForce RTX 3060
[2023.08.28-00.42.16:448][  0]LogD3D11RHI:     VendorId    : 10de
[2023.08.28-00.42.16:448][  0]LogD3D11RHI:     DeviceId    : 2487
[2023.08.28-00.42.16:448][  0]LogD3D11RHI:     SubSysId    : 263019da
[2023.08.28-00.42.16:448][  0]LogD3D11RHI:     Revision    : 00a1
[2023.08.28-00.42.16:448][  0]LogD3D11RHI:     DedicatedVideoMemory : 12712935424 bytes
[2023.08.28-00.42.16:448][  0]LogD3D11RHI:     DedicatedSystemMemory : 0 bytes
[2023.08.28-00.42.16:448][  0]LogD3D11RHI:     SharedSystemMemory : 17136678912 bytes
[2023.08.28-00.42.16:448][  0]LogD3D11RHI:     AdapterLuid : 0 53551
[2023.08.28-00.42.16:452][  0]LogD3D11RHI: Creating new Direct3DDevice
[2023.08.28-00.42.16:452][  0]LogD3D11RHI:     GPU DeviceId: 0x2487 (for the marketing name, search the web for "GPU Device Id")
[2023.08.28-00.42.16:452][  0]LogWindows: EnumDisplayDevices:
[2023.08.28-00.42.16:452][  0]LogWindows:    0. 'NVIDIA GeForce RTX 3060' (P:1 D:1)
[2023.08.28-00.42.16:452][  0]LogWindows:    1. 'NVIDIA GeForce RTX 3060' (P:0 D:0)
[2023.08.28-00.42.16:452][  0]LogWindows:    2. 'NVIDIA GeForce RTX 3060' (P:0 D:0)
[2023.08.28-00.42.16:452][  0]LogWindows:    3. 'NVIDIA GeForce RTX 3060' (P:0 D:0)
[2023.08.28-00.42.16:453][  0]LogWindows: DebugString: FoundDriverCount:4 
[2023.08.28-00.42.16:453][  0]LogD3D11RHI:     Adapter Name: NVIDIA GeForce RTX 3060
[2023.08.28-00.42.16:453][  0]LogD3D11RHI:   Driver Version: 536.23 (internal:31.0.15.3623, unified:536.23)
[2023.08.28-00.42.16:453][  0]LogD3D11RHI:      Driver Date: 6-8-2023
[2023.08.28-00.42.16:453][  0]LogRHI: Texture pool is 8486 MB (70% of 12124 MB)
[2023.08.28-00.42.16:453][  0]LogD3D11RHI: Creating D3DDevice using adapter:
[2023.08.28-00.42.16:453][  0]LogD3D11RHI:     Description : NVIDIA GeForce RTX 3060
[2023.08.28-00.42.16:453][  0]LogD3D11RHI:     VendorId    : 10de
[2023.08.28-00.42.16:453][  0]LogD3D11RHI:     DeviceId    : 2487
[2023.08.28-00.42.16:453][  0]LogD3D11RHI:     SubSysId    : 263019da
[2023.08.28-00.42.16:453][  0]LogD3D11RHI:     Revision    : 00a1
[2023.08.28-00.42.16:453][  0]LogD3D11RHI:     DedicatedVideoMemory : 12712935424 bytes
[2023.08.28-00.42.16:453][  0]LogD3D11RHI:     DedicatedSystemMemory : 0 bytes
[2023.08.28-00.42.16:453][  0]LogD3D11RHI:     SharedSystemMemory : 17136678912 bytes
[2023.08.28-00.42.16:453][  0]LogD3D11RHI:     AdapterLuid : 0 53551
[2023.08.28-00.42.16:530][  0]LogD3D11RHI: RHI has support for 64 bit atomics
[2023.08.28-00.42.16:530][  0]LogD3D11RHI: Async texture creation enabled
[2023.08.28-00.42.16:530][  0]LogD3D11RHI: Array index from any shader is supported
[2023.08.28-00.42.16:547][  0]LogD3D11RHI: GPU Timing Frequency: 1000.000000 (Debug: 2 1)
[2023.08.28-00.42.16:567][  0]LogRHI: GeForceNow SDK initialized: 1
[2023.08.28-00.42.16:774][  0]LogTargetPlatformManager: Display: Loaded TargetPlatform 'AllDesktop'
[2023.08.28-00.42.16:789][  0]LogTargetPlatformManager: Display: Loaded TargetPlatform 'Android'
[2023.08.28-00.42.16:789][  0]LogTargetPlatformManager: Display: Loaded TargetPlatform 'Android_ASTC'
[2023.08.28-00.42.16:789][  0]LogTargetPlatformManager: Display: Loaded TargetPlatform 'Android_DXT'
[2023.08.28-00.42.16:789][  0]LogTargetPlatformManager: Display: Loaded TargetPlatform 'Android_ETC2'
[2023.08.28-00.42.16:789][  0]LogTargetPlatformManager: Display: Loaded TargetPlatform 'AndroidClient'
[2023.08.28-00.42.16:789][  0]LogTargetPlatformManager: Display: Loaded TargetPlatform 'Android_ASTCClient'
[2023.08.28-00.42.16:789][  0]LogTargetPlatformManager: Display: Loaded TargetPlatform 'Android_DXTClient'
[2023.08.28-00.42.16:789][  0]LogTargetPlatformManager: Display: Loaded TargetPlatform 'Android_ETC2Client'
[2023.08.28-00.42.16:789][  0]LogTargetPlatformManager: Display: Loaded TargetPlatform 'Android_Multi'
[2023.08.28-00.42.16:789][  0]LogTargetPlatformManager: Display: Loaded TargetPlatform 'Android_MultiClient'
[2023.08.28-00.42.16:803][  0]LogTargetPlatformManager: Display: Loaded TargetPlatform 'IOSClient'
[2023.08.28-00.42.16:803][  0]LogTargetPlatformManager: Display: Loaded TargetPlatform 'IOS'
[2023.08.28-00.42.16:810][  0]LogTargetPlatformManager: Display: Loaded TargetPlatform 'Linux'
[2023.08.28-00.42.16:813][  0]LogTargetPlatformManager: Display: Loaded TargetPlatform 'LinuxNoEditor'
[2023.08.28-00.42.16:816][  0]LogTargetPlatformManager: Display: Loaded TargetPlatform 'LinuxClient'
[2023.08.28-00.42.16:820][  0]LogTargetPlatformManager: Display: Loaded TargetPlatform 'LinuxServer'
[2023.08.28-00.42.16:827][  0]LogTargetPlatformManager: Display: Loaded TargetPlatform 'LinuxAArch64NoEditor'
[2023.08.28-00.42.16:830][  0]LogTargetPlatformManager: Display: Loaded TargetPlatform 'LinuxAArch64Client'
[2023.08.28-00.42.16:833][  0]LogTargetPlatformManager: Display: Loaded TargetPlatform 'LinuxAArch64Server'
[2023.08.28-00.42.16:850][  0]LogTargetPlatformManager: Display: Loaded TargetPlatform 'Lumin'
[2023.08.28-00.42.16:850][  0]LogTargetPlatformManager: Display: Loaded TargetPlatform 'LuminClient'
[2023.08.28-00.42.16:857][  0]LogTargetPlatformManager: Display: Loaded TargetPlatform 'MacNoEditor'
[2023.08.28-00.42.16:860][  0]LogTargetPlatformManager: Display: Loaded TargetPlatform 'Mac'
[2023.08.28-00.42.16:863][  0]LogTargetPlatformManager: Display: Loaded TargetPlatform 'MacClient'
[2023.08.28-00.42.16:866][  0]LogTargetPlatformManager: Display: Loaded TargetPlatform 'MacServer'
[2023.08.28-00.42.16:873][  0]LogTargetPlatformManager: Display: Loaded TargetPlatform 'TVOSClient'
[2023.08.28-00.42.16:873][  0]LogTargetPlatformManager: Display: Loaded TargetPlatform 'TVOS'
[2023.08.28-00.42.16:879][  0]LogTargetPlatformManager: Display: Loaded TargetPlatform 'WindowsNoEditor'
[2023.08.28-00.42.16:883][  0]LogTargetPlatformManager: Display: Loaded TargetPlatform 'Windows'
[2023.08.28-00.42.16:886][  0]LogTargetPlatformManager: Display: Loaded TargetPlatform 'WindowsClient'
[2023.08.28-00.42.16:889][  0]LogTargetPlatformManager: Display: Loaded TargetPlatform 'WindowsServer'
[2023.08.28-00.42.16:889][  0]LogTargetPlatformManager: Display: Building Assets For Windows
[2023.08.28-00.42.16:894][  0]LogAudioDebug: Display: Lib vorbis DLL was dynamically loaded.
[2023.08.28-00.42.16:916][  0]LogTextureFormatOodle: Display: Oodle Texture 2.9.0 init RDO Off
[2023.08.28-00.42.16:939][  0]LogRendererCore: Ray tracing is disabled. Reason: r.RayTracing=0.
[2023.08.28-00.42.16:939][  0]LogShaderCompilers: Guid format shader working directory is 11 characters bigger than the processId version (C:/Unreal Projects/AsteroidRemake/Intermediate/Shaders/WorkingDirectory/18284/).
[2023.08.28-00.42.16:939][  0]LogShaderCompilers: Cleaned the shader compiler working directory 'C:/Users/home/AppData/Local/Temp/UnrealShaderWorkingDir/E38B9BCD4FD0DBDA51347681F480FD0D/'.
[2023.08.28-00.42.16:939][  0]LogXGEController: Cannot use XGE Controller as Incredibuild is not installed on this machine.
[2023.08.28-00.42.16:939][  0]LogShaderCompilers: Cannot use XGE Shader Compiler as Incredibuild is not installed on this machine.
[2023.08.28-00.42.16:939][  0]LogShaderCompilers: Display: Using Local Shader Compiler.
[2023.08.28-00.42.17:531][  0]LogDerivedDataCache: Display: Max Cache Size: 512 MB
[2023.08.28-00.42.17:572][  0]LogDerivedDataCache: Loaded boot cache 0.04s 94MB C:/Users/home/AppData/Local/UnrealEngine/4.27/DerivedDataCache/Boot.ddc.
[2023.08.28-00.42.17:572][  0]LogDerivedDataCache: Display: Loaded Boot cache: C:/Users/home/AppData/Local/UnrealEngine/4.27/DerivedDataCache/Boot.ddc
[2023.08.28-00.42.17:572][  0]LogDerivedDataCache: FDerivedDataBackendGraph:  Pak pak cache file C:/Unreal Projects/AsteroidRemake/DerivedDataCache/DDC.ddp not found, will not use a pak cache.
[2023.08.28-00.42.17:572][  0]LogDerivedDataCache: Unable to find inner node Pak for hierarchical cache Hierarchy.
[2023.08.28-00.42.17:572][  0]LogDerivedDataCache: FDerivedDataBackendGraph:  CompressedPak pak cache file C:/Unreal Projects/AsteroidRemake/DerivedDataCache/Compressed.ddp not found, will not use a pak cache.
[2023.08.28-00.42.17:572][  0]LogDerivedDataCache: Unable to find inner node CompressedPak for hierarchical cache Hierarchy.
[2023.08.28-00.42.17:585][  0]LogDerivedDataCache: Display: Pak cache opened for reading ../../../Engine/DerivedDataCache/Compressed.ddp.
[2023.08.28-00.42.17:585][  0]LogDerivedDataCache: FDerivedDataBackendGraph:  EnterprisePak pak cache file ../../../Enterprise/DerivedDataCache/Compressed.ddp not found, will not use a pak cache.
[2023.08.28-00.42.17:585][  0]LogDerivedDataCache: Unable to find inner node EnterprisePak for hierarchical cache Hierarchy.
[2023.08.28-00.42.17:614][  0]LogDerivedDataCache: Speed tests for C:/Users/home/AppData/Local/UnrealEngine/Common/DerivedDataCache took 0.03 seconds
[2023.08.28-00.42.17:614][  0]LogDerivedDataCache: Display: Performance to C:/Users/home/AppData/Local/UnrealEngine/Common/DerivedDataCache: Latency=0.03ms. RandomReadSpeed=1603.74MBs, RandomWriteSpeed=32.99MBs. Assigned SpeedClass 'Local'
[2023.08.28-00.42.17:615][  0]LogDerivedDataCache: Using Local data cache path C:/Users/home/AppData/Local/UnrealEngine/Common/DerivedDataCache: Writable
[2023.08.28-00.42.17:615][  0]LogDerivedDataCache: Shared data cache path not found in *engine.ini, will not use an Shared cache.
[2023.08.28-00.42.17:615][  0]LogDerivedDataCache: Unable to find inner node Shared for hierarchical cache Hierarchy.
[2023.08.28-00.42.17:650][  0]LogSlate: Using FreeType 2.10.0
[2023.08.28-00.42.17:650][  0]LogSlate: SlateFontServices - WITH_FREETYPE: 1, WITH_HARFBUZZ: 1
[2023.08.28-00.42.17:671][  0]LogAssetRegistry: FAssetRegistry took 0.0019 seconds to start up
[2023.08.28-00.42.17:853][  0]LogInit: Selected Device Profile: [Windows]
[2023.08.28-00.42.17:853][  0]LogInit: Active device profile: [0000028307945300][0000028307592C00 49] Windows
[2023.08.28-00.42.17:853][  0]LogInit: Profiles: [0000028307945300][0000028307592C00 49] Windows, [0000028307903000][00000283051AED80 49] WindowsNoEditor, [0000028307946500][0000028307304F00 49] WindowsServer, [0000028307903E00][0000028307309080 49] WindowsClient, [0000028307947200][000002830730D200 49] IOS, [0000028307901300][0000028307311380 49] iPadAir, [0000028307946900][000002837AD55500 49] iPadAir2, [0000028307895C00][000002837AD5D7C0 49] IPadPro, [0000028307895D00][000002837AD59800 49] iPadAir3, [0000028307901800][000002837AD61980 49] iPadAir4, [0000028307896C00][000002837ACEFB00 49] iPadMini2, [0000028307901F00][000002837ACF2100 49] iPadMini3, [0000028307894B00][000002837ACF6280 49] iPadMini4, [0000028307903400][000002837AA26400 49] iPadMini5, [00000283078A5300][000002837AA2A640 49] iPhone6, [00000283078A5400][00000283072F6680 49] iPodTouch6, [0000028307945600][00000283099E08C0 49] iPhone7, [0000028307946B00][00000283099D4900 49] iPodTouch7, [0000028307897B00][00000283099E8A80 49] iPhone5S, [0000028307945800][00000283099ECC00 49] iPhone6Plus, [0000028307897000][000002830740CD80 49] iPhone6S, [0000028307946800][000002830741CF00 49] iPhone6SPlus, [0000028307895500][0000028307421080 49] iPhone7Plus, [0000028307944100][0000028307425200 49] iPhoneSE, [0000028307894200][000002830978F380 49] iPhone8, [0000028307945700][0000028309793500 49] iPhone8Plus, [00000283078A4100][0000028309797680 49] iPhoneX, [0000028307895800][000002830979B800 49] iPhoneXS, [00000283078A4C00][000002830979F980 49] iPhoneXSMax, [0000028307897800][0000028309813B00 49] iPhoneXR, [00000283078A7D00][0000028309816100 49] iPhone11, [0000028307896800][000002830981A280 49] iPhone11Pro, [00000283078A7800][000002830981E400 49] iPhone11ProMax, [0000028307894C00][0000028309822580 49] iPhoneSE2, [00000283078A6900][000002830983A700 49] iPhone12Mini, [0000028307897F00][00000283099E4840 49] iPhone12, [0000028307944A00][0000028309846980 49] iPhone12Pro, [0000028307897E00][000002830984AAC0 49] iPhone12ProMax, [0000028307944700][0000028309852C40 49] iPadPro105, [0000028307895100][000002837AD3ADC0 49] iPadPro129, [0000028307946E00][000002837AD3EF40 49] iPadPro97, [0000028307895300][000002830999F0C0 49] iPadPro2_129, [0000028307944800][000002837AD43240 49] iPad5, [0000028307896D00][000002837AD473C0 49] iPad6, [0000028307947D00][000002837AD4B540 49] iPad7, [0000028307895200][00000283099A36C0 49] iPad8, [0000028307945E00][000002837AD37840 49] iPadPro11, [0000028307896500][000002837AD4F9C0 49] iPadPro2_11, [0000028307947700][000002837A9A7B40 49] iPadPro3_129, [0000028307895900][000002837A9B6140 49] iPadPro4_129, [0000028307945100][000002837A9BA2C0 49] AppleTV, [0000028307895600][000002837A9BE440 49] AppleTV4K, [0000028307946A00][000002837A9C25C0 49] TVOS, [0000028307897A00][000002837ACCC740 49] Mac, [0000028307945000][000002837ACD08C0 49] MacClient, [0000028307896400][000002830984EA00 49] MacNoEditor, [0000028307945900][00000283099DCB40 49] MacServer, [0000028307894500][000002837ACFEC80 49] Linux, [0000028307944400][000002837ACFADC0 49] LinuxAArch64, [0000028307895A00][000002830758EF40 49] LinuxNoEditor, [0000028307945F00][000002837ACD50C0 49] LinuxAArch64NoEditor, [0000028307897C00][000002837ACD9240 49] LinuxClient, [0000028307947000][000002837ACDD3C0 49] LinuxAArch64Client, [0000028307897400][000002837ACE1540 49] LinuxServer, [0000028307946200][000002837ACE56C0 49] LinuxAArch64Server, [0000028307896200][000002837ACE9840 49] Android, [0000028307947900][00000283072CF9C0 49] Android_Low, [0000028307894600][00000283072D3B40 49] Android_Mid, [0000028307946D00][00000283072D6140 49] Android_High, [0000028307896300][00000283072DA2C0 49] Android_Default, [0000028307947C00][00000283072DE440 49] Android_Adreno4xx, [0000028307896B00][00000283072E25C0 49] Android_Adreno5xx_Low, [0000028307944600][00000283072E6740 49] Android_Adreno5xx, [0000028307896700][00000283072EA8C0 49] Android_Adreno6xx, [0000028307946600][00000283072EEA40 49] Android_Adreno6xx_Vulkan, [0000028307896A00][000002830758AB80 49] Android_Mali_T6xx, [0000028307944F00][00000283072F2CC0 49] Android_Mali_T7xx, [0000028307895E00][00000283097A2E00 49] Android_Mali_T8xx, [0000028307946400][00000283097A6F40 49] Android_Mali_G71, [0000028307894100][00000283097AF0C0 49] Android_Mali_G72, [0000028307947A00][00000283097B3240 49] Android_Mali_G72_Vulkan, [0000028307896F00][00000283097B73C0 49] Android_Mali_G76, [0000028307944200][00000283097BB540 49] Android_Mali_G76_Vulkan, [0000028307900F00][00000283097BF6C0 49] Android_Mali_G77, [00000283078A6100][00000283097C3840 49] Android_Mali_G77_Vulkan, [0000028307900D00][00000283097C79C0 49] Android_Mali_G78, [00000283078A7400][00000283097CBB40 49] Android_Mali_G78_Vulkan, [0000028307900400][00000283097CE140 49] Android_Mali_G710, [00000283078A7100][00000283097D22C0 49] Android_Mali_G710_Vulkan, [0000028307900E00][00000283097D6440 49] Android_Vulkan_SM5, [00000283078A7A00][00000283097DA5C0 49] Android_PowerVR_G6xxx, [0000028307902A00][00000283097DE740 49] Android_PowerVR_GT7xxx, [00000283078A6F00][00000283097E28C0 49] Android_PowerVR_GE8xxx, [0000028307902900][00000283097E6A40 49] Android_PowerVR_GM9xxx, [00000283078A5F00][00000283097EABC0 49] Android_PowerVR_GM9xxx_Vulkan, [0000028307903800][00000283097EED40 49] Android_TegraK1, [00000283078A4300][00000283097AAE80 49] Android_Unknown_Vulkan, [0000028307900C00][00000283097F2FC0 49] Lumin, [00000283078A6E00][00000283097F7100 49] Lumin_Desktop, [0000028307902400][00000283097FF280 49] HoloLens, 
[2023.08.28-00.42.17:949][  0]LogMeshReduction: Using QuadricMeshReduction for automatic static mesh reduction
[2023.08.28-00.42.17:949][  0]LogMeshReduction: Using SimplygonMeshReduction for automatic skeletal mesh reduction
[2023.08.28-00.42.17:949][  0]LogMeshReduction: Using ProxyLODMeshReduction for automatic mesh merging
[2023.08.28-00.42.17:949][  0]LogMeshReduction: No distributed automatic mesh merging module available
[2023.08.28-00.42.17:949][  0]LogMeshMerging: No distributed automatic mesh merging module available
[2023.08.28-00.42.17:961][  0]LogNetVersion: AsteroidRemake 1.0.0, NetCL: 17155196, EngineNetVer: 17, GameNetVer: 0 (Checksum: 3258840638)
[2023.08.28-00.42.18:234][  0]LogTexture: Default maximum texture size for cubemaps generated from long-lat sources has been changed from 512 to unlimited. In order to preserve old behaiour for '/Engine/MapTemplates/Sky/DaylightAmbientCubemap.DaylightAmbientCubemap', its maximum texture size has been explicitly set to 512.
[2023.08.28-00.42.18:274][  0]LogHMD: PokeAHoleMaterial loaded successfully
[2023.08.28-00.42.18:278][  0]LogUObjectArray: 17178 objects as part of root set at end of initial load.
[2023.08.28-00.42.18:278][  0]LogUObjectAllocator: 4302048 out of 0 bytes used by permanent object pool.
[2023.08.28-00.42.18:278][  0]LogUObjectArray: CloseDisregardForGC: 0/0 objects in disregard for GC pool
[2023.08.28-00.42.18:477][  0]LogNiagaraDebuggerClient: Niagara Debugger Client Initialized | Session: 5F40775A4A73DC29C7B79FB5AC88FE46 | Instance: 4B483F384389F85FCA7AA085B9CB1A35 (DESKTOP-V6GCTTP-18284).
[2023.08.28-00.42.18:501][  0]LogPython: Using Python 3.7.7
[2023.08.28-00.42.18:970][  0]LogTcpMessaging: Initializing TcpMessaging bridge
[2023.08.28-00.42.18:973][  0]LogUdpMessaging: Initializing bridge on interface 0.0.0.0:0 to multicast group 230.0.0.1:6666.
