Log file open, 08/27/23 17:59:10
LogWindows: Failed to load 'aqProf.dll' (GetLastError=126)
LogWindows: File 'aqProf.dll' does not exist
LogWindows: Failed to load 'VtuneApi.dll' (GetLastError=126)
LogWindows: File 'VtuneApi.dll' does not exist
LogWindows: Failed to load 'VtuneApi32e.dll' (GetLastError=126)
LogWindows: File 'VtuneApi32e.dll' does not exist
LogConsoleResponse: Display: Failed to find resolution value strings in scalability ini. Falling back to default.
LogConsoleResponse: Display: Failed to find resolution value strings in scalability ini. Falling back to default.
LogInit: Display: Running engine for game: AsteroidRemake
LogPlatformFile: Not using cached read wrapper
LogTaskGraph: Started task graph with 5 named threads and 47 total threads with 3 sets of task threads.
LogStats: Stats thread started at 0.232844
LogICUInternationalization: ICU TimeZone Detection - Raw Offset: -3:00, Platform Override: ''
LogInit: Display: Loading text-based GConfig....
LogPluginManager: Mounting plugin MeshPainting
LogPluginManager: Mounting plugin XGEController
LogPluginManager: Mounting plugin Paper2D
LogPluginManager: Mounting plugin AISupport
LogPluginManager: Mounting plugin EnvironmentQueryEditor
LogPluginManager: Mounting plugin LightPropagationVolume
LogPluginManager: Mounting plugin GameplayCameras
LogPluginManager: Mounting plugin LiveLink
LogPluginManager: Mounting plugin CameraShakePreviewer
LogPluginManager: Mounting plugin OodleData
LogPluginManager: Mounting plugin OodleNetwork
LogPluginManager: Mounting plugin AnimationSharing
LogPluginManager: Mounting plugin CLionSourceCodeAccess
LogPluginManager: Mounting plugin CodeLiteSourceCodeAccess
LogPluginManager: Mounting plugin GitSourceControl
LogPluginManager: Mounting plugin NullSourceCodeAccess
LogPluginManager: Mounting plugin KDevelopSourceCodeAccess
LogPluginManager: Mounting plugin PerforceSourceControl
LogPluginManager: Mounting plugin PixWinPlugin
LogPluginManager: Mounting plugin PluginUtils
LogPluginManager: Mounting plugin PlasticSourceControl
LogPluginManager: Mounting plugin PropertyAccessNode
LogPluginManager: Mounting plugin RiderSourceCodeAccess
LogPluginManager: Mounting plugin AssetManagerEditor
LogPluginManager: Mounting plugin SubversionSourceControl
LogPluginManager: Mounting plugin TextureFormatOodle
LogPluginManager: Mounting plugin UObjectPlugin
LogPluginManager: Mounting plugin VisualStudioCodeSourceCodeAccess
LogPluginManager: Mounting plugin XCodeSourceCodeAccess
LogPluginManager: Mounting plugin VisualStudioSourceCodeAccess
LogPluginManager: Mounting plugin CurveEditorTools
LogPluginManager: Mounting plugin CryptoKeys
LogPluginManager: Mounting plugin DataValidation
LogPluginManager: Mounting plugin FacialAnimation
LogPluginManager: Mounting plugin GameplayTagsEditor
LogPluginManager: Mounting plugin GeometryMode
LogPluginManager: Mounting plugin DatasmithContent
LogPluginManager: Mounting plugin MacGraphicsSwitching
LogPluginManager: Mounting plugin MobileLauncherProfileWizard
LogPluginManager: Mounting plugin MaterialAnalyzer
LogPluginManager: Mounting plugin PluginBrowser
LogPluginManager: Mounting plugin SpeedTreeImporter
LogPluginManager: Mounting plugin Niagara
LogPluginManager: Mounting plugin VariantManagerContent
LogPluginManager: Mounting plugin AlembicImporter
LogPluginManager: Mounting plugin AutomationUtils
LogPluginManager: Mounting plugin BackChannel
LogPluginManager: Mounting plugin ChaosCloth
LogPluginManager: Mounting plugin ChaosClothEditor
LogPluginManager: Mounting plugin ChaosEditor
LogPluginManager: Mounting plugin ChaosSolverPlugin
LogPluginManager: Mounting plugin ChaosNiagara
LogPluginManager: Mounting plugin CharacterAI
LogPluginManager: Mounting plugin GeometryCache
LogPluginManager: Mounting plugin GeometryCollectionPlugin
LogPluginManager: Mounting plugin GeometryProcessing
LogPluginManager: Mounting plugin MotoSynth
LogPluginManager: Mounting plugin OpenImageDenoise
LogPluginManager: Mounting plugin PlanarCut
LogPluginManager: Mounting plugin PlatformCrypto
LogPluginManager: Mounting plugin ProxyLODPlugin
LogPluginManager: Mounting plugin PythonScriptPlugin
LogPluginManager: Mounting plugin LuminPlatformFeatures
LogPluginManager: Mounting plugin MagicLeap
LogPluginManager: Mounting plugin SkeletalReduction
LogPluginManager: Mounting plugin MagicLeapMedia
LogPluginManager: Mounting plugin MagicLeapLightEstimation
LogPluginManager: Mounting plugin AndroidMedia
LogPluginManager: Mounting plugin AvfMedia
LogPluginManager: Mounting plugin MagicLeapPassableWorld
LogPluginManager: Mounting plugin MLSDK
LogPluginManager: Mounting plugin ImgMedia
LogPluginManager: Mounting plugin MediaCompositing
LogPluginManager: Mounting plugin MediaPlayerEditor
LogPluginManager: Mounting plugin WebMMedia
LogPluginManager: Mounting plugin TcpMessaging
LogPluginManager: Mounting plugin WmfMedia
LogPluginManager: Mounting plugin UdpMessaging
LogPluginManager: Mounting plugin ActorSequence
LogPluginManager: Mounting plugin LevelSequenceEditor
LogPluginManager: Mounting plugin MatineeToLevelSequence
LogPluginManager: Mounting plugin TemplateSequence
LogPluginManager: Mounting plugin OnlineSubsystem
LogPluginManager: Mounting plugin LauncherChunkInstaller
LogPluginManager: Mounting plugin ActorLayerUtilities
LogPluginManager: Mounting plugin AndroidPermission
LogPluginManager: Mounting plugin OnlineSubsystemNull
LogPluginManager: Mounting plugin AndroidDeviceProfileSelector
LogPluginManager: Mounting plugin OnlineSubsystemUtils
LogPluginManager: Mounting plugin AndroidMoviePlayer
LogPluginManager: Mounting plugin AppleMoviePlayer
LogPluginManager: Mounting plugin AppleImageUtils
LogPluginManager: Mounting plugin ArchVisCharacter
LogPluginManager: Mounting plugin AudioCapture
LogPluginManager: Mounting plugin AssetTags
LogPluginManager: Mounting plugin AudioSynesthesia
LogPluginManager: Mounting plugin CableComponent
LogPluginManager: Mounting plugin ChunkDownloader
LogPluginManager: Mounting plugin CustomMeshComponent
LogPluginManager: Mounting plugin EditableMesh
LogPluginManager: Mounting plugin ExampleDeviceProfileSelector
LogPluginManager: Mounting plugin ScreenshotTools
LogPluginManager: Mounting plugin GoogleCloudMessaging
LogPluginManager: Mounting plugin GooglePAD
LogPluginManager: Mounting plugin IOSDeviceProfileSelector
LogPluginManager: Mounting plugin LinuxDeviceProfileSelector
LogPluginManager: Mounting plugin LocationServicesBPLibrary
LogPluginManager: Mounting plugin MobilePatchingUtils
LogPluginManager: Mounting plugin OpenXR
LogPluginManager: Mounting plugin OpenXREyeTracker
LogPluginManager: Mounting plugin OpenXRHandTracking
LogPluginManager: Mounting plugin PhysXVehicles
LogPluginManager: Mounting plugin PostSplashScreen
LogPluginManager: Mounting plugin ProceduralMeshComponent
LogPluginManager: Mounting plugin PropertyAccessEditor
LogPluginManager: Mounting plugin Takes
LogPluginManager: Mounting plugin RuntimePhysXCooking
LogPluginManager: Mounting plugin SignificanceManager
LogPluginManager: Mounting plugin SoundFields
LogPluginManager: Mounting plugin Synthesis
LogPluginManager: Mounting plugin WebMMoviePlayer
LogPluginManager: Mounting plugin WindowsMoviePlayer
LogPluginManager: Mounting plugin ContentBrowserAssetDataSource
LogPluginManager: Mounting plugin ContentBrowserFileDataSource
LogPluginManager: Mounting plugin ContentBrowserClassDataSource
LogPluginManager: Mounting plugin OnlineSubsystemGooglePlay
LogPluginManager: Mounting plugin OnlineSubsystemIOS
LogPluginManager: Mounting plugin OculusVR
LogPluginManager: Mounting plugin SteamVR
PixWinPlugin: PIX capture plugin failed to initialize! Check that the process is launched from PIX.
LogInit: Using libcurl 7.55.1-DEV
LogInit:  - built for x86_64-pc-win32
LogInit:  - supports SSL with OpenSSL/1.1.1
LogInit:  - supports HTTP deflate (compression) using libz 1.2.8
LogInit:  - other features:
LogInit:      CURL_VERSION_SSL
LogInit:      CURL_VERSION_LIBZ
LogInit:      CURL_VERSION_IPV6
LogInit:      CURL_VERSION_ASYNCHDNS
LogInit:      CURL_VERSION_LARGEFILE
LogInit:      CURL_VERSION_IDN
LogInit:  CurlRequestOptions (configurable via config and command line):
LogInit:  - bVerifyPeer = true  - Libcurl will verify peer certificate
LogInit:  - bUseHttpProxy = false  - Libcurl will NOT use HTTP proxy
LogInit:  - bDontReuseConnections = false  - Libcurl will reuse connections
LogInit:  - MaxHostConnections = 16  - Libcurl will limit the number of connections to a host
LogInit:  - LocalHostAddr = Default
LogInit:  - BufferSize = 65536
LogOnline: OSS: Creating online subsystem instance for: NULL
LogInit: WinSock: version 1.1 (2.2), MaxSocks=32767, MaxUdp=65467
LogOnline: OSS: TryLoadSubsystemAndSetDefault: Loaded subsystem for module [NULL]
LogOculusPluginWrapper: OculusPlugin initialized successfully
LogHMD: Failed initializing OVRPlugin 1.59.0
LogInit: Build: ++UE4+Release-4.27-CL-18319896
LogInit: Engine Version: 4.27.2-18319896+++UE4+Release-4.27
LogInit: Compatible Engine Version: 4.27.0-17155196+++UE4+Release-4.27
LogInit: Net CL: 17155196
LogInit: OS: Windows 10 (Release 2009) (), CPU: Intel(R) Core(TM) i7-10700K CPU @ 3.80GHz, GPU: NVIDIA GeForce RTX 3060
LogInit: Compiled (64-bit): Nov 30 2021 07:12:08
LogInit: Compiled with Visual C++: 19.24.28315.00
LogInit: Build Configuration: Development
LogInit: Branch Name: ++UE4+Release-4.27
LogInit: Command Line: 
LogInit: Base Directory: D:/FORTNITE/UE_4.27/Engine/Binaries/Win64/
LogInit: Allocator: TBB
LogInit: Installed Engine Build: 1
LogDevObjectVersion: Number of dev versions registered: 29
LogDevObjectVersion:   Dev-Blueprints (B0D832E4-1F89-4F0D-ACCF-7EB736FD4AA2): 10
LogDevObjectVersion:   Dev-Build (E1C64328-A22C-4D53-A36C-8E866417BD8C): 0
LogDevObjectVersion:   Dev-Core (375EC13C-06E4-48FB-B500-84F0262A717E): 4
LogDevObjectVersion:   Dev-Editor (E4B068ED-F494-42E9-A231-DA0B2E46BB41): 40
LogDevObjectVersion:   Dev-Framework (CFFC743F-43B0-4480-9391-14DF171D2073): 37
LogDevObjectVersion:   Dev-Mobile (B02B49B5-BB20-44E9-A304-32B752E40360): 3
LogDevObjectVersion:   Dev-Networking (A4E4105C-59A1-49B5-A7C5-40C4547EDFEE): 0
LogDevObjectVersion:   Dev-Online (39C831C9-5AE6-47DC-9A44-9C173E1C8E7C): 0
LogDevObjectVersion:   Dev-Physics (78F01B33-EBEA-4F98-B9B4-84EACCB95AA2): 14
LogDevObjectVersion:   Dev-Platform (6631380F-2D4D-43E0-8009-CF276956A95A): 0
LogDevObjectVersion:   Dev-Rendering (12F88B9F-8875-4AFC-A67C-D90C383ABD29): 45
LogDevObjectVersion:   Dev-Sequencer (7B5AE74C-D270-4C10-A958-57980B212A5A): 13
LogDevObjectVersion:   Dev-VR (D7296918-1DD6-4BDD-9DE2-64A83CC13884): 3
LogDevObjectVersion:   Dev-LoadTimes (C2A15278-BFE7-4AFE-6C17-90FF531DF755): 1
LogDevObjectVersion:   Private-Geometry (6EACA3D4-40EC-4CC1-B786-8BED09428FC5): 3
LogDevObjectVersion:   Dev-AnimPhys (29E575DD-E0A3-4627-9D10-D276232CDCEA): 17
LogDevObjectVersion:   Dev-Anim (AF43A65D-7FD3-4947-9873-3E8ED9C1BB05): 15
LogDevObjectVersion:   Dev-ReflectionCapture (6B266CEC-1EC7-4B8F-A30B-E4D90942FC07): 1
LogDevObjectVersion:   Dev-Automation (0DF73D61-A23F-47EA-B727-89E90C41499A): 1
LogDevObjectVersion:   FortniteMain (601D1886-AC64-4F84-AA16-D3DE0DEAC7D6): 47
LogDevObjectVersion:   FortniteRelease (E7086368-6B23-4C58-8439-1B7016265E91): 1
LogDevObjectVersion:   Dev-Enterprise (9DFFBCD6-494F-0158-E221-12823C92A888): 10
LogDevObjectVersion:   Dev-Niagara (F2AED0AC-9AFE-416F-8664-AA7FFA26D6FC): 1
LogDevObjectVersion:   Dev-Destruction (174F1F0B-B4C6-45A5-B13F-2EE8D0FB917D): 10
LogDevObjectVersion:   Dev-Physics-Ext (35F94A83-E258-406C-A318-09F59610247C): 41
LogDevObjectVersion:   Dev-PhysicsMaterial-Chaos (B68FC16E-8B1B-42E2-B453-215C058844FE): 1
LogDevObjectVersion:   Dev-CineCamera (B2E18506-4273-CFC2-A54E-F4BB758BBA07): 1
LogDevObjectVersion:   Dev-VirtualProduction (64F58936-FD1B-42BA-BA96-7289D5D0FA4E): 1
LogDevObjectVersion:   Dev-MediaFramework (6F0ED827-A609-4895-9C91-998D90180EA4): 2
LogInit: Presizing for max 25165824 objects, including 0 objects not considered by GC, pre-allocating 0 bytes for permanent pool.
LogConfig: Applying CVar settings from Section [/Script/Engine.StreamingSettings] File [C:/Unreal Projects/AsteroidRemake/Saved/Config/Windows/Engine.ini]
LogConfig: Setting CVar [[s.MinBulkDataSizeForAsyncLoading:131072]]
LogConfig: Setting CVar [[s.AsyncLoadingThreadEnabled:0]]
LogConfig: Setting CVar [[s.EventDrivenLoaderEnabled:1]]
LogConfig: Setting CVar [[s.WarnIfTimeLimitExceeded:0]]
LogConfig: Setting CVar [[s.TimeLimitExceededMultiplier:1.5]]
LogConfig: Setting CVar [[s.TimeLimitExceededMinTime:0.005]]
LogConfig: Setting CVar [[s.UseBackgroundLevelStreaming:1]]
LogConfig: Setting CVar [[s.PriorityAsyncLoadingExtraTime:15.0]]
LogConfig: Setting CVar [[s.LevelStreamingActorsUpdateTimeLimit:5.0]]
LogConfig: Setting CVar [[s.PriorityLevelStreamingActorsUpdateExtraTime:5.0]]
LogConfig: Setting CVar [[s.LevelStreamingComponentsRegistrationGranularity:10]]
LogConfig: Setting CVar [[s.UnregisterComponentsTimeLimit:1.0]]
LogConfig: Setting CVar [[s.LevelStreamingComponentsUnregistrationGranularity:5]]
LogConfig: Setting CVar [[s.FlushStreamingOnExit:1]]
LogInit: Object subsystem initialized
LogConfig: Setting CVar [[con.DebugEarlyDefault:1]]
LogConfig: Setting CVar [[r.setres:1280x720]]
[2023.08.27-20.59.11:747][  0]LogConfig: Setting CVar [[r.VSync:0]]
[2023.08.27-20.59.11:747][  0]LogConfig: Setting CVar [[r.RHICmdBypass:0]]
[2023.08.27-20.59.11:747][  0]LogConfig: Applying CVar settings from Section [/Script/Engine.RendererSettings] File [C:/Unreal Projects/AsteroidRemake/Saved/Config/Windows/Engine.ini]
[2023.08.27-20.59.11:747][  0]LogConfig: Setting CVar [[r.GPUCrashDebugging:0]]
[2023.08.27-20.59.11:747][  0]LogConfig: Applying CVar settings from Section [/Script/Engine.RendererOverrideSettings] File [C:/Unreal Projects/AsteroidRemake/Saved/Config/Windows/Engine.ini]
[2023.08.27-20.59.11:747][  0]LogConfig: Applying CVar settings from Section [/Script/Engine.StreamingSettings] File [C:/Unreal Projects/AsteroidRemake/Saved/Config/Windows/Engine.ini]
[2023.08.27-20.59.11:747][  0]LogConfig: Setting CVar [[s.MinBulkDataSizeForAsyncLoading:131072]]
[2023.08.27-20.59.11:747][  0]LogConfig: Setting CVar [[s.AsyncLoadingThreadEnabled:0]]
[2023.08.27-20.59.11:747][  0]LogConfig: Setting CVar [[s.EventDrivenLoaderEnabled:1]]
[2023.08.27-20.59.11:747][  0]LogConfig: Setting CVar [[s.WarnIfTimeLimitExceeded:0]]
[2023.08.27-20.59.11:747][  0]LogConfig: Setting CVar [[s.TimeLimitExceededMultiplier:1.5]]
[2023.08.27-20.59.11:747][  0]LogConfig: Setting CVar [[s.TimeLimitExceededMinTime:0.005]]
[2023.08.27-20.59.11:747][  0]LogConfig: Setting CVar [[s.UseBackgroundLevelStreaming:1]]
[2023.08.27-20.59.11:747][  0]LogConfig: Setting CVar [[s.PriorityAsyncLoadingExtraTime:15.0]]
[2023.08.27-20.59.11:747][  0]LogConfig: Setting CVar [[s.LevelStreamingActorsUpdateTimeLimit:5.0]]
[2023.08.27-20.59.11:747][  0]LogConfig: Setting CVar [[s.PriorityLevelStreamingActorsUpdateExtraTime:5.0]]
[2023.08.27-20.59.11:747][  0]LogConfig: Setting CVar [[s.LevelStreamingComponentsRegistrationGranularity:10]]
[2023.08.27-20.59.11:747][  0]LogConfig: Setting CVar [[s.UnregisterComponentsTimeLimit:1.0]]
[2023.08.27-20.59.11:747][  0]LogConfig: Setting CVar [[s.LevelStreamingComponentsUnregistrationGranularity:5]]
[2023.08.27-20.59.11:747][  0]LogConfig: Setting CVar [[s.FlushStreamingOnExit:1]]
[2023.08.27-20.59.11:747][  0]LogConfig: Applying CVar settings from Section [/Script/Engine.GarbageCollectionSettings] File [C:/Unreal Projects/AsteroidRemake/Saved/Config/Windows/Engine.ini]
[2023.08.27-20.59.11:747][  0]LogConfig: Setting CVar [[gc.MaxObjectsNotConsideredByGC:1]]
[2023.08.27-20.59.11:747][  0]LogConfig: Setting CVar [[gc.SizeOfPermanentObjectPool:0]]
[2023.08.27-20.59.11:747][  0]LogConfig: Setting CVar [[gc.FlushStreamingOnGC:0]]
[2023.08.27-20.59.11:747][  0]LogConfig: Setting CVar [[gc.NumRetriesBeforeForcingGC:10]]
[2023.08.27-20.59.11:747][  0]LogConfig: Setting CVar [[gc.AllowParallelGC:1]]
[2023.08.27-20.59.11:747][  0]LogConfig: Setting CVar [[gc.TimeBetweenPurgingPendingKillObjects:61.1]]
[2023.08.27-20.59.11:747][  0]LogConfig: Setting CVar [[gc.MaxObjectsInEditor:25165824]]
[2023.08.27-20.59.11:747][  0]LogConfig: Setting CVar [[gc.IncrementalBeginDestroyEnabled:1]]
[2023.08.27-20.59.11:747][  0]LogConfig: Setting CVar [[gc.CreateGCClusters:1]]
[2023.08.27-20.59.11:747][  0]LogConfig: Setting CVar [[gc.MinGCClusterSize:5]]
[2023.08.27-20.59.11:747][  0]LogConfig: Setting CVar [[gc.ActorClusteringEnabled:0]]
[2023.08.27-20.59.11:747][  0]LogConfig: Setting CVar [[gc.BlueprintClusteringEnabled:0]]
[2023.08.27-20.59.11:747][  0]LogConfig: Setting CVar [[gc.UseDisregardForGCOnDedicatedServers:0]]
[2023.08.27-20.59.11:747][  0]LogConfig: Setting CVar [[gc.MultithreadedDestructionEnabled:1]]
[2023.08.27-20.59.11:747][  0]LogConfig: Applying CVar settings from Section [/Script/Engine.NetworkSettings] File [C:/Unreal Projects/AsteroidRemake/Saved/Config/Windows/Engine.ini]
[2023.08.27-20.59.11:747][  0]LogConfig: Applying CVar settings from Section [/Script/UnrealEd.CookerSettings] File [C:/Unreal Projects/AsteroidRemake/Saved/Config/Windows/Engine.ini]
[2023.08.27-20.59.11:757][  0]LogConfig: Applying CVar settings from Section [ViewDistanceQuality@3] File [C:/Unreal Projects/AsteroidRemake/Saved/Config/Windows/Scalability.ini]
[2023.08.27-20.59.11:757][  0]LogConfig: Setting CVar [[r.SkeletalMeshLODBias:0]]
[2023.08.27-20.59.11:757][  0]LogConfig: Setting CVar [[r.ViewDistanceScale:1.0]]
[2023.08.27-20.59.11:757][  0]LogConfig: Applying CVar settings from Section [AntiAliasingQuality@3] File [C:/Unreal Projects/AsteroidRemake/Saved/Config/Windows/Scalability.ini]
[2023.08.27-20.59.11:757][  0]LogConfig: Setting CVar [[r.PostProcessAAQuality:4]]
[2023.08.27-20.59.11:757][  0]LogConfig: Applying CVar settings from Section [ShadowQuality@3] File [C:/Unreal Projects/AsteroidRemake/Saved/Config/Windows/Scalability.ini]
[2023.08.27-20.59.11:757][  0]LogConfig: Setting CVar [[r.LightFunctionQuality:1]]
[2023.08.27-20.59.11:757][  0]LogConfig: Setting CVar [[r.ShadowQuality:5]]
[2023.08.27-20.59.11:757][  0]LogConfig: Setting CVar [[r.Shadow.CSM.MaxCascades:10]]
[2023.08.27-20.59.11:757][  0]LogConfig: Setting CVar [[r.Shadow.MaxResolution:2048]]
[2023.08.27-20.59.11:757][  0]LogConfig: Setting CVar [[r.Shadow.MaxCSMResolution:2048]]
[2023.08.27-20.59.11:757][  0]LogConfig: Setting CVar [[r.Shadow.RadiusThreshold:0.01]]
[2023.08.27-20.59.11:757][  0]LogConfig: Setting CVar [[r.Shadow.DistanceScale:1.0]]
[2023.08.27-20.59.11:757][  0]LogConfig: Setting CVar [[r.Shadow.CSM.TransitionScale:1.0]]
[2023.08.27-20.59.11:757][  0]LogConfig: Setting CVar [[r.Shadow.PreShadowResolutionFactor:1.0]]
[2023.08.27-20.59.11:757][  0]LogConfig: Setting CVar [[r.DistanceFieldShadowing:1]]
[2023.08.27-20.59.11:757][  0]LogConfig: Setting CVar [[r.DistanceFieldAO:1]]
[2023.08.27-20.59.11:757][  0]LogConfig: Setting CVar [[r.AOQuality:2]]
[2023.08.27-20.59.11:757][  0]LogConfig: Setting CVar [[r.VolumetricFog:1]]
[2023.08.27-20.59.11:757][  0]LogConfig: Setting CVar [[r.VolumetricFog.GridPixelSize:8]]
[2023.08.27-20.59.11:757][  0]LogConfig: Setting CVar [[r.VolumetricFog.GridSizeZ:128]]
[2023.08.27-20.59.11:757][  0]LogConfig: Setting CVar [[r.VolumetricFog.HistoryMissSupersampleCount:4]]
[2023.08.27-20.59.11:757][  0]LogConfig: Setting CVar [[r.LightMaxDrawDistanceScale:1]]
[2023.08.27-20.59.11:757][  0]LogConfig: Setting CVar [[r.CapsuleShadows:1]]
[2023.08.27-20.59.11:757][  0]LogConfig: Applying CVar settings from Section [PostProcessQuality@3] File [C:/Unreal Projects/AsteroidRemake/Saved/Config/Windows/Scalability.ini]
[2023.08.27-20.59.11:757][  0]LogConfig: Setting CVar [[r.MotionBlurQuality:4]]
[2023.08.27-20.59.11:757][  0]LogConfig: Setting CVar [[r.AmbientOcclusionMipLevelFactor:0.4]]
[2023.08.27-20.59.11:757][  0]LogConfig: Setting CVar [[r.AmbientOcclusionMaxQuality:100]]
[2023.08.27-20.59.11:757][  0]LogConfig: Setting CVar [[r.AmbientOcclusionLevels:-1]]
[2023.08.27-20.59.11:757][  0]LogConfig: Setting CVar [[r.AmbientOcclusionRadiusScale:1.0]]
[2023.08.27-20.59.11:757][  0]LogConfig: Setting CVar [[r.DepthOfFieldQuality:2]]
[2023.08.27-20.59.11:757][  0]LogConfig: Setting CVar [[r.RenderTargetPoolMin:400]]
[2023.08.27-20.59.11:757][  0]LogConfig: Setting CVar [[r.LensFlareQuality:2]]
[2023.08.27-20.59.11:757][  0]LogConfig: Setting CVar [[r.SceneColorFringeQuality:1]]
[2023.08.27-20.59.11:757][  0]LogConfig: Setting CVar [[r.EyeAdaptationQuality:2]]
[2023.08.27-20.59.11:757][  0]LogConfig: Setting CVar [[r.BloomQuality:5]]
[2023.08.27-20.59.11:757][  0]LogConfig: Setting CVar [[r.FastBlurThreshold:100]]
[2023.08.27-20.59.11:757][  0]LogConfig: Setting CVar [[r.Upscale.Quality:3]]
[2023.08.27-20.59.11:757][  0]LogConfig: Setting CVar [[r.Tonemapper.GrainQuantization:1]]
[2023.08.27-20.59.11:757][  0]LogConfig: Setting CVar [[r.LightShaftQuality:1]]
[2023.08.27-20.59.11:757][  0]LogConfig: Setting CVar [[r.Filter.SizeScale:1]]
[2023.08.27-20.59.11:757][  0]LogConfig: Setting CVar [[r.Tonemapper.Quality:5]]
[2023.08.27-20.59.11:757][  0]LogConfig: Setting CVar [[r.DOF.Gather.AccumulatorQuality:1        ; higher gathering accumulator quality]]
[2023.08.27-20.59.11:757][  0]LogConfig: Setting CVar [[r.DOF.Gather.PostfilterMethod:1          ; Median3x3 postfilering method]]
[2023.08.27-20.59.11:757][  0]LogConfig: Setting CVar [[r.DOF.Gather.EnableBokehSettings:0       ; no bokeh simulation when gathering]]
[2023.08.27-20.59.11:757][  0]LogConfig: Setting CVar [[r.DOF.Gather.RingCount:4                 ; medium number of samples when gathering]]
[2023.08.27-20.59.11:757][  0]LogConfig: Setting CVar [[r.DOF.Scatter.ForegroundCompositing:1    ; additive foreground scattering]]
[2023.08.27-20.59.11:757][  0]LogConfig: Setting CVar [[r.DOF.Scatter.BackgroundCompositing:2    ; additive background scattering]]
[2023.08.27-20.59.11:757][  0]LogConfig: Setting CVar [[r.DOF.Scatter.EnableBokehSettings:1      ; bokeh simulation when scattering]]
[2023.08.27-20.59.11:757][  0]LogConfig: Setting CVar [[r.DOF.Scatter.MaxSpriteRatio:0.1         ; only a maximum of 10% of scattered bokeh]]
[2023.08.27-20.59.11:757][  0]LogConfig: Setting CVar [[r.DOF.Recombine.Quality:1                ; cheap slight out of focus]]
[2023.08.27-20.59.11:757][  0]LogConfig: Setting CVar [[r.DOF.Recombine.EnableBokehSettings:0    ; no bokeh simulation on slight out of focus]]
[2023.08.27-20.59.11:757][  0]LogConfig: Setting CVar [[r.DOF.TemporalAAQuality:1                ; more stable temporal accumulation]]
[2023.08.27-20.59.11:757][  0]LogConfig: Setting CVar [[r.DOF.Kernel.MaxForegroundRadius:0.025]]
[2023.08.27-20.59.11:757][  0]LogConfig: Setting CVar [[r.DOF.Kernel.MaxBackgroundRadius:0.025]]
[2023.08.27-20.59.11:757][  0]LogConfig: Applying CVar settings from Section [TextureQuality@3] File [C:/Unreal Projects/AsteroidRemake/Saved/Config/Windows/Scalability.ini]
[2023.08.27-20.59.11:757][  0]LogConfig: Setting CVar [[r.Streaming.MipBias:0]]
[2023.08.27-20.59.11:757][  0]LogConfig: Setting CVar [[r.Streaming.AmortizeCPUToGPUCopy:0]]
[2023.08.27-20.59.11:757][  0]LogConfig: Setting CVar [[r.Streaming.MaxNumTexturesToStreamPerFrame:0]]
[2023.08.27-20.59.11:757][  0]LogConfig: Setting CVar [[r.Streaming.Boost:1]]
[2023.08.27-20.59.11:757][  0]LogConfig: Setting CVar [[r.MaxAnisotropy:8]]
[2023.08.27-20.59.11:757][  0]LogConfig: Setting CVar [[r.VT.MaxAnisotropy:8]]
[2023.08.27-20.59.11:757][  0]LogConfig: Setting CVar [[r.Streaming.LimitPoolSizeToVRAM:0]]
[2023.08.27-20.59.11:757][  0]LogConfig: Setting CVar [[r.Streaming.PoolSize:1000]]
[2023.08.27-20.59.11:757][  0]LogConfig: Setting CVar [[r.Streaming.MaxEffectiveScreenSize:0]]
[2023.08.27-20.59.11:757][  0]LogConfig: Applying CVar settings from Section [EffectsQuality@3] File [C:/Unreal Projects/AsteroidRemake/Saved/Config/Windows/Scalability.ini]
[2023.08.27-20.59.11:757][  0]LogConfig: Setting CVar [[r.TranslucencyLightingVolumeDim:64]]
[2023.08.27-20.59.11:757][  0]LogConfig: Setting CVar [[r.RefractionQuality:2]]
[2023.08.27-20.59.11:757][  0]LogConfig: Setting CVar [[r.SSR.Quality:3]]
[2023.08.27-20.59.11:757][  0]LogConfig: Setting CVar [[r.SSR.HalfResSceneColor:0]]
[2023.08.27-20.59.11:757][  0]LogConfig: Setting CVar [[r.SceneColorFormat:4]]
[2023.08.27-20.59.11:757][  0]LogConfig: Setting CVar [[r.DetailMode:2]]
[2023.08.27-20.59.11:757][  0]LogConfig: Setting CVar [[r.TranslucencyVolumeBlur:1]]
[2023.08.27-20.59.11:757][  0]LogConfig: Setting CVar [[r.MaterialQualityLevel:1 ; High quality]]
[2023.08.27-20.59.11:757][  0]LogConfig: Setting CVar [[r.AnisotropicMaterials:1]]
[2023.08.27-20.59.11:757][  0]LogConfig: Setting CVar [[r.SSS.Scale:1]]
[2023.08.27-20.59.11:757][  0]LogConfig: Setting CVar [[r.SSS.SampleSet:2]]
[2023.08.27-20.59.11:757][  0]LogConfig: Setting CVar [[r.SSS.Quality:1]]
[2023.08.27-20.59.11:757][  0]LogConfig: Setting CVar [[r.SSS.HalfRes:0]]
[2023.08.27-20.59.11:757][  0]LogConfig: Setting CVar [[r.SSGI.Quality:3]]
[2023.08.27-20.59.11:757][  0]LogConfig: Setting CVar [[r.EmitterSpawnRateScale:1.0]]
[2023.08.27-20.59.11:757][  0]LogConfig: Setting CVar [[r.ParticleLightQuality:2]]
[2023.08.27-20.59.11:757][  0]LogConfig: Setting CVar [[r.SkyAtmosphere.AerialPerspectiveLUT.FastApplyOnOpaque:1 ; Always have FastSkyLUT 1 in this case to avoid wrong sky]]
[2023.08.27-20.59.11:757][  0]LogConfig: Setting CVar [[r.SkyAtmosphere.AerialPerspectiveLUT.SampleCountMaxPerSlice:4]]
[2023.08.27-20.59.11:757][  0]LogConfig: Setting CVar [[r.SkyAtmosphere.AerialPerspectiveLUT.DepthResolution:16.0]]
[2023.08.27-20.59.11:757][  0]LogConfig: Setting CVar [[r.SkyAtmosphere.FastSkyLUT:1]]
[2023.08.27-20.59.11:757][  0]LogConfig: Setting CVar [[r.SkyAtmosphere.FastSkyLUT.SampleCountMin:4.0]]
[2023.08.27-20.59.11:757][  0]LogConfig: Setting CVar [[r.SkyAtmosphere.FastSkyLUT.SampleCountMax:128.0]]
[2023.08.27-20.59.11:757][  0]LogConfig: Setting CVar [[r.SkyAtmosphere.SampleCountMin:4.0]]
[2023.08.27-20.59.11:757][  0]LogConfig: Setting CVar [[r.SkyAtmosphere.SampleCountMax:128.0]]
[2023.08.27-20.59.11:757][  0]LogConfig: Setting CVar [[r.SkyAtmosphere.TransmittanceLUT.UseSmallFormat:0]]
[2023.08.27-20.59.11:757][  0]LogConfig: Setting CVar [[r.SkyAtmosphere.TransmittanceLUT.SampleCount:10.0]]
[2023.08.27-20.59.11:757][  0]LogConfig: Setting CVar [[r.SkyAtmosphere.MultiScatteringLUT.SampleCount:15.0]]
[2023.08.27-20.59.11:757][  0]LogConfig: Setting CVar [[r.SkyLight.RealTimeReflectionCapture:1]]
[2023.08.27-20.59.11:757][  0]LogConfig: Applying CVar settings from Section [FoliageQuality@3] File [C:/Unreal Projects/AsteroidRemake/Saved/Config/Windows/Scalability.ini]
[2023.08.27-20.59.11:757][  0]LogConfig: Setting CVar [[foliage.DensityScale:1.0]]
[2023.08.27-20.59.11:757][  0]LogConfig: Setting CVar [[grass.DensityScale:1.0]]
[2023.08.27-20.59.11:758][  0]LogConfig: Applying CVar settings from Section [ShadingQuality@3] File [C:/Unreal Projects/AsteroidRemake/Saved/Config/Windows/Scalability.ini]
[2023.08.27-20.59.11:758][  0]LogConfig: Setting CVar [[r.HairStrands.SkyLighting.IntegrationType:2]]
[2023.08.27-20.59.11:758][  0]LogConfig: Setting CVar [[r.HairStrands.SkyAO.SampleCount:4]]
[2023.08.27-20.59.11:758][  0]LogConfig: Setting CVar [[r.HairStrands.Visibility.MSAA.SamplePerPixel:4]]
[2023.08.27-20.59.11:758][  0]LogInit: Selected Device Profile: [Windows]
[2023.08.27-20.59.11:758][  0]LogInit: Applying CVar settings loaded from the selected device profile: [Windows]
[2023.08.27-20.59.11:758][  0]LogHAL: Display: Platform has ~ 32 GB [34273357824 / 34359738368 / 32], which maps to Largest [LargestMinGB=32, LargerMinGB=12, DefaultMinGB=8, SmallerMinGB=6, SmallestMinGB=0)
[2023.08.27-20.59.11:758][  0]LogInit: Going up to parent DeviceProfile []
[2023.08.27-20.59.11:758][  0]LogConfig: Applying CVar settings from Section [ViewDistanceQuality@3] File [C:/Unreal Projects/AsteroidRemake/Saved/Config/Windows/Scalability.ini]
[2023.08.27-20.59.11:758][  0]LogConfig: Setting CVar [[r.SkeletalMeshLODBias:0]]
[2023.08.27-20.59.11:758][  0]LogConfig: Setting CVar [[r.ViewDistanceScale:1.0]]
[2023.08.27-20.59.11:758][  0]LogConfig: Applying CVar settings from Section [AntiAliasingQuality@3] File [C:/Unreal Projects/AsteroidRemake/Saved/Config/Windows/Scalability.ini]
[2023.08.27-20.59.11:758][  0]LogConfig: Setting CVar [[r.PostProcessAAQuality:4]]
[2023.08.27-20.59.11:758][  0]LogConfig: Applying CVar settings from Section [ShadowQuality@3] File [C:/Unreal Projects/AsteroidRemake/Saved/Config/Windows/Scalability.ini]
[2023.08.27-20.59.11:758][  0]LogConfig: Setting CVar [[r.LightFunctionQuality:1]]
[2023.08.27-20.59.11:758][  0]LogConfig: Setting CVar [[r.ShadowQuality:5]]
[2023.08.27-20.59.11:758][  0]LogConfig: Setting CVar [[r.Shadow.CSM.MaxCascades:10]]
[2023.08.27-20.59.11:758][  0]LogConfig: Setting CVar [[r.Shadow.MaxResolution:2048]]
[2023.08.27-20.59.11:758][  0]LogConfig: Setting CVar [[r.Shadow.MaxCSMResolution:2048]]
[2023.08.27-20.59.11:758][  0]LogConfig: Setting CVar [[r.Shadow.RadiusThreshold:0.01]]
[2023.08.27-20.59.11:758][  0]LogConfig: Setting CVar [[r.Shadow.DistanceScale:1.0]]
[2023.08.27-20.59.11:758][  0]LogConfig: Setting CVar [[r.Shadow.CSM.TransitionScale:1.0]]
[2023.08.27-20.59.11:758][  0]LogConfig: Setting CVar [[r.Shadow.PreShadowResolutionFactor:1.0]]
[2023.08.27-20.59.11:758][  0]LogConfig: Setting CVar [[r.DistanceFieldShadowing:1]]
[2023.08.27-20.59.11:758][  0]LogConfig: Setting CVar [[r.DistanceFieldAO:1]]
[2023.08.27-20.59.11:758][  0]LogConfig: Setting CVar [[r.AOQuality:2]]
[2023.08.27-20.59.11:758][  0]LogConfig: Setting CVar [[r.VolumetricFog:1]]
[2023.08.27-20.59.11:758][  0]LogConfig: Setting CVar [[r.VolumetricFog.GridPixelSize:8]]
[2023.08.27-20.59.11:758][  0]LogConfig: Setting CVar [[r.VolumetricFog.GridSizeZ:128]]
[2023.08.27-20.59.11:758][  0]LogConfig: Setting CVar [[r.VolumetricFog.HistoryMissSupersampleCount:4]]
[2023.08.27-20.59.11:758][  0]LogConfig: Setting CVar [[r.LightMaxDrawDistanceScale:1]]
[2023.08.27-20.59.11:758][  0]LogConfig: Setting CVar [[r.CapsuleShadows:1]]
[2023.08.27-20.59.11:758][  0]LogConfig: Applying CVar settings from Section [PostProcessQuality@3] File [C:/Unreal Projects/AsteroidRemake/Saved/Config/Windows/Scalability.ini]
[2023.08.27-20.59.11:758][  0]LogConfig: Setting CVar [[r.MotionBlurQuality:4]]
[2023.08.27-20.59.11:758][  0]LogConfig: Setting CVar [[r.AmbientOcclusionMipLevelFactor:0.4]]
[2023.08.27-20.59.11:758][  0]LogConfig: Setting CVar [[r.AmbientOcclusionMaxQuality:100]]
[2023.08.27-20.59.11:758][  0]LogConfig: Setting CVar [[r.AmbientOcclusionLevels:-1]]
[2023.08.27-20.59.11:758][  0]LogConfig: Setting CVar [[r.AmbientOcclusionRadiusScale:1.0]]
[2023.08.27-20.59.11:758][  0]LogConfig: Setting CVar [[r.DepthOfFieldQuality:2]]
[2023.08.27-20.59.11:758][  0]LogConfig: Setting CVar [[r.RenderTargetPoolMin:400]]
[2023.08.27-20.59.11:758][  0]LogConfig: Setting CVar [[r.LensFlareQuality:2]]
[2023.08.27-20.59.11:758][  0]LogConfig: Setting CVar [[r.SceneColorFringeQuality:1]]
[2023.08.27-20.59.11:758][  0]LogConfig: Setting CVar [[r.EyeAdaptationQuality:2]]
[2023.08.27-20.59.11:758][  0]LogConfig: Setting CVar [[r.BloomQuality:5]]
[2023.08.27-20.59.11:758][  0]LogConfig: Setting CVar [[r.FastBlurThreshold:100]]
[2023.08.27-20.59.11:758][  0]LogConfig: Setting CVar [[r.Upscale.Quality:3]]
[2023.08.27-20.59.11:758][  0]LogConfig: Setting CVar [[r.Tonemapper.GrainQuantization:1]]
[2023.08.27-20.59.11:758][  0]LogConfig: Setting CVar [[r.LightShaftQuality:1]]
[2023.08.27-20.59.11:758][  0]LogConfig: Setting CVar [[r.Filter.SizeScale:1]]
[2023.08.27-20.59.11:758][  0]LogConfig: Setting CVar [[r.Tonemapper.Quality:5]]
[2023.08.27-20.59.11:758][  0]LogConfig: Setting CVar [[r.DOF.Gather.AccumulatorQuality:1        ; higher gathering accumulator quality]]
[2023.08.27-20.59.11:758][  0]LogConfig: Setting CVar [[r.DOF.Gather.PostfilterMethod:1          ; Median3x3 postfilering method]]
[2023.08.27-20.59.11:758][  0]LogConfig: Setting CVar [[r.DOF.Gather.EnableBokehSettings:0       ; no bokeh simulation when gathering]]
[2023.08.27-20.59.11:758][  0]LogConfig: Setting CVar [[r.DOF.Gather.RingCount:4                 ; medium number of samples when gathering]]
[2023.08.27-20.59.11:758][  0]LogConfig: Setting CVar [[r.DOF.Scatter.ForegroundCompositing:1    ; additive foreground scattering]]
[2023.08.27-20.59.11:758][  0]LogConfig: Setting CVar [[r.DOF.Scatter.BackgroundCompositing:2    ; additive background scattering]]
[2023.08.27-20.59.11:758][  0]LogConfig: Setting CVar [[r.DOF.Scatter.EnableBokehSettings:1      ; bokeh simulation when scattering]]
[2023.08.27-20.59.11:758][  0]LogConfig: Setting CVar [[r.DOF.Scatter.MaxSpriteRatio:0.1         ; only a maximum of 10% of scattered bokeh]]
[2023.08.27-20.59.11:758][  0]LogConfig: Setting CVar [[r.DOF.Recombine.Quality:1                ; cheap slight out of focus]]
[2023.08.27-20.59.11:758][  0]LogConfig: Setting CVar [[r.DOF.Recombine.EnableBokehSettings:0    ; no bokeh simulation on slight out of focus]]
[2023.08.27-20.59.11:758][  0]LogConfig: Setting CVar [[r.DOF.TemporalAAQuality:1                ; more stable temporal accumulation]]
[2023.08.27-20.59.11:758][  0]LogConfig: Setting CVar [[r.DOF.Kernel.MaxForegroundRadius:0.025]]
[2023.08.27-20.59.11:758][  0]LogConfig: Setting CVar [[r.DOF.Kernel.MaxBackgroundRadius:0.025]]
[2023.08.27-20.59.11:758][  0]LogConfig: Applying CVar settings from Section [TextureQuality@3] File [C:/Unreal Projects/AsteroidRemake/Saved/Config/Windows/Scalability.ini]
[2023.08.27-20.59.11:758][  0]LogConfig: Setting CVar [[r.Streaming.MipBias:0]]
[2023.08.27-20.59.11:758][  0]LogConfig: Setting CVar [[r.Streaming.AmortizeCPUToGPUCopy:0]]
[2023.08.27-20.59.11:758][  0]LogConfig: Setting CVar [[r.Streaming.MaxNumTexturesToStreamPerFrame:0]]
[2023.08.27-20.59.11:758][  0]LogConfig: Setting CVar [[r.Streaming.Boost:1]]
[2023.08.27-20.59.11:758][  0]LogConfig: Setting CVar [[r.MaxAnisotropy:8]]
[2023.08.27-20.59.11:758][  0]LogConfig: Setting CVar [[r.VT.MaxAnisotropy:8]]
[2023.08.27-20.59.11:758][  0]LogConfig: Setting CVar [[r.Streaming.LimitPoolSizeToVRAM:0]]
[2023.08.27-20.59.11:758][  0]LogConfig: Setting CVar [[r.Streaming.PoolSize:1000]]
[2023.08.27-20.59.11:758][  0]LogConfig: Setting CVar [[r.Streaming.MaxEffectiveScreenSize:0]]
[2023.08.27-20.59.11:758][  0]LogConfig: Applying CVar settings from Section [EffectsQuality@3] File [C:/Unreal Projects/AsteroidRemake/Saved/Config/Windows/Scalability.ini]
[2023.08.27-20.59.11:758][  0]LogConfig: Setting CVar [[r.TranslucencyLightingVolumeDim:64]]
[2023.08.27-20.59.11:758][  0]LogConfig: Setting CVar [[r.RefractionQuality:2]]
[2023.08.27-20.59.11:758][  0]LogConfig: Setting CVar [[r.SSR.Quality:3]]
[2023.08.27-20.59.11:758][  0]LogConfig: Setting CVar [[r.SSR.HalfResSceneColor:0]]
[2023.08.27-20.59.11:758][  0]LogConfig: Setting CVar [[r.SceneColorFormat:4]]
[2023.08.27-20.59.11:758][  0]LogConfig: Setting CVar [[r.DetailMode:2]]
[2023.08.27-20.59.11:758][  0]LogConfig: Setting CVar [[r.TranslucencyVolumeBlur:1]]
[2023.08.27-20.59.11:758][  0]LogConfig: Setting CVar [[r.MaterialQualityLevel:1 ; High quality]]
[2023.08.27-20.59.11:758][  0]LogConfig: Setting CVar [[r.AnisotropicMaterials:1]]
[2023.08.27-20.59.11:758][  0]LogConfig: Setting CVar [[r.SSS.Scale:1]]
[2023.08.27-20.59.11:758][  0]LogConfig: Setting CVar [[r.SSS.SampleSet:2]]
[2023.08.27-20.59.11:758][  0]LogConfig: Setting CVar [[r.SSS.Quality:1]]
[2023.08.27-20.59.11:758][  0]LogConfig: Setting CVar [[r.SSS.HalfRes:0]]
[2023.08.27-20.59.11:758][  0]LogConfig: Setting CVar [[r.SSGI.Quality:3]]
[2023.08.27-20.59.11:758][  0]LogConfig: Setting CVar [[r.EmitterSpawnRateScale:1.0]]
[2023.08.27-20.59.11:758][  0]LogConfig: Setting CVar [[r.ParticleLightQuality:2]]
[2023.08.27-20.59.11:758][  0]LogConfig: Setting CVar [[r.SkyAtmosphere.AerialPerspectiveLUT.FastApplyOnOpaque:1 ; Always have FastSkyLUT 1 in this case to avoid wrong sky]]
[2023.08.27-20.59.11:758][  0]LogConfig: Setting CVar [[r.SkyAtmosphere.AerialPerspectiveLUT.SampleCountMaxPerSlice:4]]
[2023.08.27-20.59.11:758][  0]LogConfig: Setting CVar [[r.SkyAtmosphere.AerialPerspectiveLUT.DepthResolution:16.0]]
[2023.08.27-20.59.11:758][  0]LogConfig: Setting CVar [[r.SkyAtmosphere.FastSkyLUT:1]]
[2023.08.27-20.59.11:758][  0]LogConfig: Setting CVar [[r.SkyAtmosphere.FastSkyLUT.SampleCountMin:4.0]]
[2023.08.27-20.59.11:758][  0]LogConfig: Setting CVar [[r.SkyAtmosphere.FastSkyLUT.SampleCountMax:128.0]]
[2023.08.27-20.59.11:758][  0]LogConfig: Setting CVar [[r.SkyAtmosphere.SampleCountMin:4.0]]
[2023.08.27-20.59.11:758][  0]LogConfig: Setting CVar [[r.SkyAtmosphere.SampleCountMax:128.0]]
[2023.08.27-20.59.11:758][  0]LogConfig: Setting CVar [[r.SkyAtmosphere.TransmittanceLUT.UseSmallFormat:0]]
[2023.08.27-20.59.11:758][  0]LogConfig: Setting CVar [[r.SkyAtmosphere.TransmittanceLUT.SampleCount:10.0]]
[2023.08.27-20.59.11:758][  0]LogConfig: Setting CVar [[r.SkyAtmosphere.MultiScatteringLUT.SampleCount:15.0]]
[2023.08.27-20.59.11:758][  0]LogConfig: Setting CVar [[r.SkyLight.RealTimeReflectionCapture:1]]
[2023.08.27-20.59.11:758][  0]LogConfig: Applying CVar settings from Section [FoliageQuality@3] File [C:/Unreal Projects/AsteroidRemake/Saved/Config/Windows/Scalability.ini]
[2023.08.27-20.59.11:758][  0]LogConfig: Setting CVar [[foliage.DensityScale:1.0]]
[2023.08.27-20.59.11:758][  0]LogConfig: Setting CVar [[grass.DensityScale:1.0]]
[2023.08.27-20.59.11:758][  0]LogConfig: Applying CVar settings from Section [ShadingQuality@3] File [C:/Unreal Projects/AsteroidRemake/Saved/Config/Windows/Scalability.ini]
[2023.08.27-20.59.11:759][  0]LogConfig: Setting CVar [[r.HairStrands.SkyLighting.IntegrationType:2]]
[2023.08.27-20.59.11:759][  0]LogConfig: Setting CVar [[r.HairStrands.SkyAO.SampleCount:4]]
[2023.08.27-20.59.11:759][  0]LogConfig: Setting CVar [[r.HairStrands.Visibility.MSAA.SamplePerPixel:4]]
[2023.08.27-20.59.11:759][  0]LogConfig: Applying CVar settings from Section [Startup] File [../../../Engine/Config/ConsoleVariables.ini]
[2023.08.27-20.59.11:759][  0]LogConfig: Setting CVar [[net.UseAdaptiveNetUpdateFrequency:0]]
[2023.08.27-20.59.11:759][  0]LogConfig: Setting CVar [[p.chaos.AllowCreatePhysxBodies:1]]
[2023.08.27-20.59.11:759][  0]LogConfig: Setting CVar [[fx.SkipVectorVMBackendOptimizations:1]]
[2023.08.27-20.59.11:759][  0]LogConfig: Applying CVar settings from Section [ConsoleVariables] File [C:/Unreal Projects/AsteroidRemake/Saved/Config/Windows/Engine.ini]
[2023.08.27-20.59.11:759][  0]LogConfig: Applying CVar settings from Section [ConsoleVariables] File [C:/Unreal Projects/AsteroidRemake/Saved/Config/Windows/Editor.ini]
[2023.08.27-20.59.11:759][  0]LogInit: Computer: DESKTOP-V6GCTTP
[2023.08.27-20.59.11:759][  0]LogInit: User: home
[2023.08.27-20.59.11:759][  0]LogInit: CPU Page size=4096, Cores=8
[2023.08.27-20.59.11:759][  0]LogInit: High frequency timer resolution =10.000000 MHz
[2023.08.27-20.59.11:759][  0]LogMemory: Memory total: Physical=31.9GB (32GB approx)
[2023.08.27-20.59.11:759][  0]LogMemory: Platform Memory Stats for Windows
[2023.08.27-20.59.11:759][  0]LogMemory: Process Physical Memory: 148.52 MB used, 152.22 MB peak
[2023.08.27-20.59.11:759][  0]LogMemory: Process Virtual Memory: 129.39 MB used, 129.39 MB peak
[2023.08.27-20.59.11:759][  0]LogMemory: Physical Memory: 12466.64 MB used,  20218.98 MB free, 32685.62 MB total
[2023.08.27-20.59.11:759][  0]LogMemory: Virtual Memory: 134197112.00 MB used,  20618.86 MB free, 134217728.00 MB total
[2023.08.27-20.59.11:763][  0]LogWindows: WindowsPlatformFeatures enabled
[2023.08.27-20.59.11:794][  0]LogInit: Physics initialised using underlying interface: PhysX
[2023.08.27-20.59.11:795][  0]LogInit: Overriding language with editor language configuration option (en).
[2023.08.27-20.59.11:795][  0]LogInit: Overriding language with editor locale configuration option (en).
[2023.08.27-20.59.11:932][  0]LogInit: Setting process to per monitor DPI aware
[2023.08.27-20.59.11:938][  0]LogWindowsTextInputMethodSystem: Display: IME system deactivated.
[2023.08.27-20.59.11:948][  0]LogSlate: New Slate User Created.  User Index 0, Is Virtual User: 0
[2023.08.27-20.59.11:948][  0]LogSlate: Slate User Registered.  User Index 0, Is Virtual User: 0
[2023.08.27-20.59.12:081][  0]LogD3D11RHI: Loaded GFSDK_Aftermath_Lib.x64.dll
[2023.08.27-20.59.12:083][  0]LogHMD: Failed to initialize OpenVR with code 110
[2023.08.27-20.59.12:083][  0]LogD3D11RHI: D3D11 min allowed feature level: 11_0
[2023.08.27-20.59.12:083][  0]LogD3D11RHI: D3D11 max allowed feature level: 11_0
[2023.08.27-20.59.12:083][  0]LogD3D11RHI: D3D11 adapters:
[2023.08.27-20.59.12:186][  0]LogD3D11RHI:    0. 'NVIDIA GeForce RTX 3060' (Feature Level 11_0)
[2023.08.27-20.59.12:186][  0]LogD3D11RHI:       12124/0/16342 MB DedicatedVideo/DedicatedSystem/SharedSystem, Outputs:1, VendorId:0x10de
[2023.08.27-20.59.12:188][  0]LogD3D11RHI:    1. 'Microsoft Basic Render Driver' (Feature Level 11_0)
[2023.08.27-20.59.12:188][  0]LogD3D11RHI:       0/0/16342 MB DedicatedVideo/DedicatedSystem/SharedSystem, Outputs:0, VendorId:0x1414
[2023.08.27-20.59.12:188][  0]LogD3D11RHI: Chosen D3D11 Adapter:
[2023.08.27-20.59.12:188][  0]LogD3D11RHI:     Description : NVIDIA GeForce RTX 3060
[2023.08.27-20.59.12:188][  0]LogD3D11RHI:     VendorId    : 10de
[2023.08.27-20.59.12:188][  0]LogD3D11RHI:     DeviceId    : 2487
[2023.08.27-20.59.12:188][  0]LogD3D11RHI:     SubSysId    : 263019da
[2023.08.27-20.59.12:188][  0]LogD3D11RHI:     Revision    : 00a1
[2023.08.27-20.59.12:188][  0]LogD3D11RHI:     DedicatedVideoMemory : 12712935424 bytes
[2023.08.27-20.59.12:188][  0]LogD3D11RHI:     DedicatedSystemMemory : 0 bytes
[2023.08.27-20.59.12:188][  0]LogD3D11RHI:     SharedSystemMemory : 17136678912 bytes
[2023.08.27-20.59.12:188][  0]LogD3D11RHI:     AdapterLuid : 0 52086
[2023.08.27-20.59.12:193][  0]LogD3D11RHI: Creating new Direct3DDevice
[2023.08.27-20.59.12:193][  0]LogD3D11RHI:     GPU DeviceId: 0x2487 (for the marketing name, search the web for "GPU Device Id")
[2023.08.27-20.59.12:193][  0]LogWindows: EnumDisplayDevices:
[2023.08.27-20.59.12:194][  0]LogWindows:    0. 'NVIDIA GeForce RTX 3060' (P:1 D:1)
[2023.08.27-20.59.12:194][  0]LogWindows:    1. 'NVIDIA GeForce RTX 3060' (P:0 D:0)
[2023.08.27-20.59.12:194][  0]LogWindows:    2. 'NVIDIA GeForce RTX 3060' (P:0 D:0)
[2023.08.27-20.59.12:194][  0]LogWindows:    3. 'NVIDIA GeForce RTX 3060' (P:0 D:0)
[2023.08.27-20.59.12:194][  0]LogWindows: DebugString: FoundDriverCount:4 
[2023.08.27-20.59.12:194][  0]LogD3D11RHI:     Adapter Name: NVIDIA GeForce RTX 3060
[2023.08.27-20.59.12:194][  0]LogD3D11RHI:   Driver Version: 536.23 (internal:31.0.15.3623, unified:536.23)
[2023.08.27-20.59.12:194][  0]LogD3D11RHI:      Driver Date: 6-8-2023
[2023.08.27-20.59.12:194][  0]LogRHI: Texture pool is 8486 MB (70% of 12124 MB)
[2023.08.27-20.59.12:194][  0]LogD3D11RHI: Creating D3DDevice using adapter:
[2023.08.27-20.59.12:194][  0]LogD3D11RHI:     Description : NVIDIA GeForce RTX 3060
[2023.08.27-20.59.12:194][  0]LogD3D11RHI:     VendorId    : 10de
[2023.08.27-20.59.12:194][  0]LogD3D11RHI:     DeviceId    : 2487
[2023.08.27-20.59.12:194][  0]LogD3D11RHI:     SubSysId    : 263019da
[2023.08.27-20.59.12:194][  0]LogD3D11RHI:     Revision    : 00a1
[2023.08.27-20.59.12:194][  0]LogD3D11RHI:     DedicatedVideoMemory : 12712935424 bytes
[2023.08.27-20.59.12:194][  0]LogD3D11RHI:     DedicatedSystemMemory : 0 bytes
[2023.08.27-20.59.12:194][  0]LogD3D11RHI:     SharedSystemMemory : 17136678912 bytes
[2023.08.27-20.59.12:194][  0]LogD3D11RHI:     AdapterLuid : 0 52086
[2023.08.27-20.59.12:273][  0]LogD3D11RHI: RHI has support for 64 bit atomics
[2023.08.27-20.59.12:273][  0]LogD3D11RHI: Async texture creation enabled
[2023.08.27-20.59.12:273][  0]LogD3D11RHI: Array index from any shader is supported
[2023.08.27-20.59.12:292][  0]LogD3D11RHI: GPU Timing Frequency: 1000.000000 (Debug: 2 2)
[2023.08.27-20.59.12:312][  0]LogRHI: GeForceNow SDK initialized: 1
[2023.08.27-20.59.12:519][  0]LogTargetPlatformManager: Display: Loaded TargetPlatform 'AllDesktop'
[2023.08.27-20.59.12:534][  0]LogTargetPlatformManager: Display: Loaded TargetPlatform 'Android'
[2023.08.27-20.59.12:534][  0]LogTargetPlatformManager: Display: Loaded TargetPlatform 'Android_ASTC'
[2023.08.27-20.59.12:534][  0]LogTargetPlatformManager: Display: Loaded TargetPlatform 'Android_DXT'
[2023.08.27-20.59.12:534][  0]LogTargetPlatformManager: Display: Loaded TargetPlatform 'Android_ETC2'
[2023.08.27-20.59.12:534][  0]LogTargetPlatformManager: Display: Loaded TargetPlatform 'AndroidClient'
[2023.08.27-20.59.12:534][  0]LogTargetPlatformManager: Display: Loaded TargetPlatform 'Android_ASTCClient'
[2023.08.27-20.59.12:534][  0]LogTargetPlatformManager: Display: Loaded TargetPlatform 'Android_DXTClient'
[2023.08.27-20.59.12:534][  0]LogTargetPlatformManager: Display: Loaded TargetPlatform 'Android_ETC2Client'
[2023.08.27-20.59.12:534][  0]LogTargetPlatformManager: Display: Loaded TargetPlatform 'Android_Multi'
[2023.08.27-20.59.12:534][  0]LogTargetPlatformManager: Display: Loaded TargetPlatform 'Android_MultiClient'
[2023.08.27-20.59.12:547][  0]LogTargetPlatformManager: Display: Loaded TargetPlatform 'IOSClient'
[2023.08.27-20.59.12:547][  0]LogTargetPlatformManager: Display: Loaded TargetPlatform 'IOS'
[2023.08.27-20.59.12:554][  0]LogTargetPlatformManager: Display: Loaded TargetPlatform 'Linux'
[2023.08.27-20.59.12:557][  0]LogTargetPlatformManager: Display: Loaded TargetPlatform 'LinuxNoEditor'
[2023.08.27-20.59.12:560][  0]LogTargetPlatformManager: Display: Loaded TargetPlatform 'LinuxClient'
[2023.08.27-20.59.12:563][  0]LogTargetPlatformManager: Display: Loaded TargetPlatform 'LinuxServer'
[2023.08.27-20.59.12:570][  0]LogTargetPlatformManager: Display: Loaded TargetPlatform 'LinuxAArch64NoEditor'
[2023.08.27-20.59.12:573][  0]LogTargetPlatformManager: Display: Loaded TargetPlatform 'LinuxAArch64Client'
[2023.08.27-20.59.12:576][  0]LogTargetPlatformManager: Display: Loaded TargetPlatform 'LinuxAArch64Server'
[2023.08.27-20.59.12:593][  0]LogTargetPlatformManager: Display: Loaded TargetPlatform 'Lumin'
[2023.08.27-20.59.12:593][  0]LogTargetPlatformManager: Display: Loaded TargetPlatform 'LuminClient'
[2023.08.27-20.59.12:600][  0]LogTargetPlatformManager: Display: Loaded TargetPlatform 'MacNoEditor'
[2023.08.27-20.59.12:603][  0]LogTargetPlatformManager: Display: Loaded TargetPlatform 'Mac'
[2023.08.27-20.59.12:606][  0]LogTargetPlatformManager: Display: Loaded TargetPlatform 'MacClient'
[2023.08.27-20.59.12:609][  0]LogTargetPlatformManager: Display: Loaded TargetPlatform 'MacServer'
[2023.08.27-20.59.12:616][  0]LogTargetPlatformManager: Display: Loaded TargetPlatform 'TVOSClient'
[2023.08.27-20.59.12:616][  0]LogTargetPlatformManager: Display: Loaded TargetPlatform 'TVOS'
[2023.08.27-20.59.12:623][  0]LogTargetPlatformManager: Display: Loaded TargetPlatform 'WindowsNoEditor'
[2023.08.27-20.59.12:627][  0]LogTargetPlatformManager: Display: Loaded TargetPlatform 'Windows'
[2023.08.27-20.59.12:630][  0]LogTargetPlatformManager: Display: Loaded TargetPlatform 'WindowsClient'
[2023.08.27-20.59.12:633][  0]LogTargetPlatformManager: Display: Loaded TargetPlatform 'WindowsServer'
[2023.08.27-20.59.12:633][  0]LogTargetPlatformManager: Display: Building Assets For Windows
[2023.08.27-20.59.12:639][  0]LogAudioDebug: Display: Lib vorbis DLL was dynamically loaded.
[2023.08.27-20.59.12:660][  0]LogTextureFormatOodle: Display: Oodle Texture 2.9.0 init RDO Off
[2023.08.27-20.59.12:683][  0]LogRendererCore: Ray tracing is disabled. Reason: r.RayTracing=0.
[2023.08.27-20.59.12:683][  0]LogShaderCompilers: Guid format shader working directory is 12 characters bigger than the processId version (C:/Unreal Projects/AsteroidRemake/Intermediate/Shaders/WorkingDirectory/9792/).
[2023.08.27-20.59.12:684][  0]LogShaderCompilers: Cleaned the shader compiler working directory 'C:/Users/home/AppData/Local/Temp/UnrealShaderWorkingDir/B05ACB3945C7C5997034009924334683/'.
[2023.08.27-20.59.12:684][  0]LogXGEController: Cannot use XGE Controller as Incredibuild is not installed on this machine.
[2023.08.27-20.59.12:684][  0]LogShaderCompilers: Cannot use XGE Shader Compiler as Incredibuild is not installed on this machine.
[2023.08.27-20.59.12:684][  0]LogShaderCompilers: Display: Using Local Shader Compiler.
[2023.08.27-20.59.13:273][  0]LogDerivedDataCache: Display: Max Cache Size: 512 MB
[2023.08.27-20.59.13:316][  0]LogDerivedDataCache: Loaded boot cache 0.04s 94MB C:/Users/home/AppData/Local/UnrealEngine/4.27/DerivedDataCache/Boot.ddc.
[2023.08.27-20.59.13:316][  0]LogDerivedDataCache: Display: Loaded Boot cache: C:/Users/home/AppData/Local/UnrealEngine/4.27/DerivedDataCache/Boot.ddc
[2023.08.27-20.59.13:316][  0]LogDerivedDataCache: FDerivedDataBackendGraph:  Pak pak cache file C:/Unreal Projects/AsteroidRemake/DerivedDataCache/DDC.ddp not found, will not use a pak cache.
[2023.08.27-20.59.13:316][  0]LogDerivedDataCache: Unable to find inner node Pak for hierarchical cache Hierarchy.
[2023.08.27-20.59.13:316][  0]LogDerivedDataCache: FDerivedDataBackendGraph:  CompressedPak pak cache file C:/Unreal Projects/AsteroidRemake/DerivedDataCache/Compressed.ddp not found, will not use a pak cache.
[2023.08.27-20.59.13:316][  0]LogDerivedDataCache: Unable to find inner node CompressedPak for hierarchical cache Hierarchy.
[2023.08.27-20.59.13:329][  0]LogDerivedDataCache: Display: Pak cache opened for reading ../../../Engine/DerivedDataCache/Compressed.ddp.
[2023.08.27-20.59.13:329][  0]LogDerivedDataCache: FDerivedDataBackendGraph:  EnterprisePak pak cache file ../../../Enterprise/DerivedDataCache/Compressed.ddp not found, will not use a pak cache.
[2023.08.27-20.59.13:329][  0]LogDerivedDataCache: Unable to find inner node EnterprisePak for hierarchical cache Hierarchy.
[2023.08.27-20.59.13:334][  0]LogDerivedDataCache: Speed tests for C:/Users/home/AppData/Local/UnrealEngine/Common/DerivedDataCache took 0.00 seconds
[2023.08.27-20.59.13:334][  0]LogDerivedDataCache: Display: Performance to C:/Users/home/AppData/Local/UnrealEngine/Common/DerivedDataCache: Latency=0.02ms. RandomReadSpeed=1803.47MBs, RandomWriteSpeed=239.59MBs. Assigned SpeedClass 'Local'
[2023.08.27-20.59.13:334][  0]LogDerivedDataCache: Using Local data cache path C:/Users/home/AppData/Local/UnrealEngine/Common/DerivedDataCache: Writable
[2023.08.27-20.59.13:334][  0]LogDerivedDataCache: Shared data cache path not found in *engine.ini, will not use an Shared cache.
[2023.08.27-20.59.13:334][  0]LogDerivedDataCache: Unable to find inner node Shared for hierarchical cache Hierarchy.
[2023.08.27-20.59.13:369][  0]LogSlate: Using FreeType 2.10.0
[2023.08.27-20.59.13:370][  0]LogSlate: SlateFontServices - WITH_FREETYPE: 1, WITH_HARFBUZZ: 1
[2023.08.27-20.59.13:387][  0]LogAssetRegistry: FAssetRegistry took 0.0019 seconds to start up
[2023.08.27-20.59.13:555][  0]LogInit: Selected Device Profile: [Windows]
[2023.08.27-20.59.13:555][  0]LogInit: Active device profile: [000001714C185300][0000017142698E00 49] Windows
[2023.08.27-20.59.13:555][  0]LogInit: Profiles: [000001714C185300][0000017142698E00 49] Windows, [000001714C137000][000001714418AF80 49] WindowsNoEditor, [000001714C186500][000001714418F100 49] WindowsServer, [000001714C137E00][0000017144193280 49] WindowsClient, [000001714C187200][0000017144197400 49] IOS, [000001714C135300][000001714419B580 49] iPadAir, [000001714C186900][000001714419F700 49] iPadAir2, [000001714C0DDC00][00000171441A79C0 49] IPadPro, [000001714C0DDD00][00000171441A3A00 49] iPadAir3, [000001714C135800][00000171441ABB80 49] iPadAir4, [000001714C0DEC00][00000171441AE180 49] iPadMini2, [000001714C135F00][00000171441B2300 49] iPadMini3, [000001714C0DCB00][00000171441B6480 49] iPadMini4, [000001714C137400][000001714269C5C0 49] iPadMini5, [000001714C0ED300][00000171441BE800 49] iPhone6, [000001714C0ED400][00000171441BA840 49] iPodTouch6, [000001714C185600][000001714ADB6AC0 49] iPhone7, [000001714C186B00][00000171441C6B00 49] iPodTouch7, [000001714C0DFB00][000001714ADBAC80 49] iPhone5S, [000001714C185800][000001714ADC6E00 49] iPhone6Plus, [000001714C0DF000][000001714321EF80 49] iPhone6S, [000001714C186800][0000017143227100 49] iPhone6SPlus, [000001714C0DD500][000001714287F280 49] iPhone7Plus, [000001714C184100][000001714CEC7400 49] iPhoneSE, [000001714C0DC200][000001714CF7B580 49] iPhone8, [000001714C185700][000001713DE93700 49] iPhone8Plus, [000001714C0EC100][000001713DE97880 49] iPhoneX, [000001714C0DD800][000001714AD4FA00 49] iPhoneXS, [000001714C0ECC00][000001714AD57B80 49] iPhoneXSMax, [000001714C0DF800][000001714D1F2180 49] iPhoneXR, [000001714C0EFD00][000001714D1F6300 49] iPhone11, [000001714C0DE800][000001714D1FA480 49] iPhone11Pro, [000001714C0EF800][000001714D1FE600 49] iPhone11ProMax, [000001714C0DCC00][00000171441CA740 49] iPhoneSE2, [000001714C0EE900][000001714D20A880 49] iPhone12Mini, [000001714C0DFF00][000001714ADB09C0 49] iPhone12, [000001714C184A00][000001714CE42B00 49] iPhone12Pro, [000001714C0DFE00][000001714CE84C80 49] iPhone12ProMax, [000001714C184700][000001714CE88E00 49] iPadPro105, [000001714C0DD100][0000017143200F80 49] iPadPro129, [000001714C186E00][0000017143205100 49] iPadPro97, [000001714C0DD300][0000017143209280 49] iPadPro2_129, [000001714C184800][000001714320D400 49] iPad5, [000001714C0DED00][000001714D61B580 49] iPad6, [000001714C187D00][0000017143349700 49] iPad7, [000001714C0DD200][000001714334D880 49] iPad8, [000001714C185E00][0000017143351A00 49] iPadPro11, [000001714C0DE500][0000017143211B80 49] iPadPro2_11, [000001714C187700][0000017143214180 49] iPadPro3_129, [000001714C0DD900][000001713DF3A300 49] iPadPro4_129, [000001714C185100][000001713DF3E480 49] AppleTV, [000001714C0DD600][000001714CF18600 49] AppleTV4K, [000001714C186A00][000001714CF20780 49] TVOS, [000001714C0DFA00][000001714CF64900 49] Mac, [000001714C185000][000001714CE80A40 49] MacClient, [000001714C0DE400][000001714CF68B80 49] MacNoEditor, [000001714C185900][000001714D18ACC0 49] MacServer, [000001714C0DC500][000001714D19EE40 49] Linux, [000001714C184400][000001714D1ACFC0 49] LinuxAArch64, [000001714C0DDA00][000001714D1B1140 49] LinuxNoEditor, [000001714C185F00][000001714D1B52C0 49] LinuxAArch64NoEditor, [000001714C0DFC00][000001714D1B9440 49] LinuxClient, [000001714C187000][000001714D1BD5C0 49] LinuxAArch64Client, [000001714C0DF400][000001714D1C1740 49] LinuxServer, [000001714C186200][000001714D1C58C0 49] LinuxAArch64Server, [000001714C0DE200][000001714D1C9A40 49] Android, [000001714C187900][000001714D1CDBC0 49] Android_Low, [000001714C0DC600][000001714D1D61C0 49] Android_Mid, [000001714C186D00][000001714D1DA340 49] Android_High, [000001714C0DE300][000001714D1E44C0 49] Android_Default, [000001714C187C00][000001714D1E8640 49] Android_Adreno4xx, [000001714C0DEB00][000001714286C7C0 49] Android_Adreno5xx_Low, [000001714C184600][0000017142870940 49] Android_Adreno5xx, [000001714C0DE700][0000017142874AC0 49] Android_Adreno6xx, [000001714C186600][000001714D19AC00 49] Android_Adreno6xx_Vulkan, [000001714C0DEA00][00000171431C4D40 49] Android_Mali_T6xx, [000001714C184F00][00000171431C8E80 49] Android_Mali_T7xx, [000001714C0DDE00][00000171431D6FC0 49] Android_Mali_T8xx, [000001714C186400][00000171431DF140 49] Android_Mali_G71, [000001714C0DC100][00000171431E32C0 49] Android_Mali_G72, [000001714C187A00][00000171431E7440 49] Android_Mali_G72_Vulkan, [000001714C0DEF00][00000171431CD5C0 49] Android_Mali_G76, [000001714C184200][0000017142879740 49] Android_Mali_G76_Vulkan, [000001714C134F00][00000171431EB8C0 49] Android_Mali_G77, [000001714C0EE100][00000171431FBA40 49] Android_Mali_G77_Vulkan, [000001714C134D00][0000017143327BC0 49] Android_Mali_G78, [000001714C0EF400][000001714332A1C0 49] Android_Mali_G78_Vulkan, [000001714C134400][000001714332E340 49] Android_Mali_G710, [000001714C0EF100][00000171433324C0 49] Android_Mali_G710_Vulkan, [000001714C134E00][0000017143336640 49] Android_Vulkan_SM5, [000001714C0EFA00][000001714333A7C0 49] Android_PowerVR_G6xxx, [000001714C136A00][000001714333E940 49] Android_PowerVR_GT7xxx, [000001714C0EEF00][0000017143342AC0 49] Android_PowerVR_GE8xxx, [000001714C136900][000001714D5BEC40 49] Android_PowerVR_GM9xxx, [000001714C0EDF00][00000171431DAD80 49] Android_PowerVR_GM9xxx_Vulkan, [000001714C137800][000001714D5C2EC0 49] Android_TegraK1, [000001714C0EC300][000001714D5C7000 49] Android_Unknown_Vulkan, [000001714C134C00][000001714D5CB140 49] Lumin, [000001714C0EEE00][000001714D5D32C0 49] Lumin_Desktop, [000001714C136400][000001714D5D7440 49] HoloLens, 
[2023.08.27-20.59.13:653][  0]LogMeshReduction: Using QuadricMeshReduction for automatic static mesh reduction
[2023.08.27-20.59.13:653][  0]LogMeshReduction: Using SimplygonMeshReduction for automatic skeletal mesh reduction
[2023.08.27-20.59.13:653][  0]LogMeshReduction: Using ProxyLODMeshReduction for automatic mesh merging
[2023.08.27-20.59.13:653][  0]LogMeshReduction: No distributed automatic mesh merging module available
[2023.08.27-20.59.13:653][  0]LogMeshMerging: No distributed automatic mesh merging module available
[2023.08.27-20.59.13:664][  0]LogNetVersion: AsteroidRemake 1.0.0, NetCL: 17155196, EngineNetVer: 17, GameNetVer: 0 (Checksum: 3258840638)
[2023.08.27-20.59.13:933][  0]LogTexture: Default maximum texture size for cubemaps generated from long-lat sources has been changed from 512 to unlimited. In order to preserve old behaiour for '/Engine/MapTemplates/Sky/DaylightAmbientCubemap.DaylightAmbientCubemap', its maximum texture size has been explicitly set to 512.
[2023.08.27-20.59.13:973][  0]LogHMD: PokeAHoleMaterial loaded successfully
[2023.08.27-20.59.13:977][  0]LogUObjectArray: 17178 objects as part of root set at end of initial load.
[2023.08.27-20.59.13:977][  0]LogUObjectAllocator: 4302048 out of 0 bytes used by permanent object pool.
[2023.08.27-20.59.13:977][  0]LogUObjectArray: CloseDisregardForGC: 0/0 objects in disregard for GC pool
[2023.08.27-20.59.14:175][  0]LogNiagaraDebuggerClient: Niagara Debugger Client Initialized | Session: 55BBA07F48817F071790A4A9E32033C3 | Instance: 8E2367D94B7B72D8F59BEB8ACD6F6A97 (DESKTOP-V6GCTTP-9792).
[2023.08.27-20.59.14:200][  0]LogPython: Using Python 3.7.7
[2023.08.27-20.59.14:664][  0]LogTcpMessaging: Initializing TcpMessaging bridge
[2023.08.27-20.59.14:668][  0]LogUdpMessaging: Initializing bridge on interface 0.0.0.0:0 to multicast group 230.0.0.1:6666.
