Log file open, 08/27/23 17:15:07
LogWindows: Failed to load 'aqProf.dll' (GetLastError=126)
LogWindows: File 'aqProf.dll' does not exist
LogWindows: Failed to load 'VtuneApi.dll' (GetLastError=126)
LogWindows: File 'VtuneApi.dll' does not exist
LogWindows: Failed to load 'VtuneApi32e.dll' (GetLastError=126)
LogWindows: File 'VtuneApi32e.dll' does not exist
LogConsoleResponse: Display: Failed to find resolution value strings in scalability ini. Falling back to default.
LogConsoleResponse: Display: Failed to find resolution value strings in scalability ini. Falling back to default.
LogInit: Display: Running engine for game: AsteroidRemake
LogPlatformFile: Not using cached read wrapper
LogTaskGraph: Started task graph with 5 named threads and 47 total threads with 3 sets of task threads.
LogStats: Stats thread started at 0.185535
LogICUInternationalization: ICU TimeZone Detection - Raw Offset: -3:00, Platform Override: ''
LogInit: Display: Loading text-based GConfig....
LogPluginManager: Mounting plugin MeshPainting
LogPluginManager: Mounting plugin XGEController
LogPluginManager: Mounting plugin Paper2D
LogPluginManager: Mounting plugin LightPropagationVolume
LogPluginManager: Mounting plugin AISupport
LogPluginManager: Mounting plugin CameraShakePreviewer
LogPluginManager: Mounting plugin EnvironmentQueryEditor
LogPluginManager: Mounting plugin OodleData
LogPluginManager: Mounting plugin GameplayCameras
LogPluginManager: Mounting plugin LiveLink
LogPluginManager: Mounting plugin AnimationSharing
LogPluginManager: Mounting plugin AssetManagerEditor
LogPluginManager: Mounting plugin OodleNetwork
LogPluginManager: Mounting plugin CLionSourceCodeAccess
LogPluginManager: Mounting plugin AlembicImporter
LogPluginManager: Mounting plugin CryptoKeys
LogPluginManager: Mounting plugin CurveEditorTools
LogPluginManager: Mounting plugin DataValidation
LogPluginManager: Mounting plugin CodeLiteSourceCodeAccess
LogPluginManager: Mounting plugin FacialAnimation
LogPluginManager: Mounting plugin AutomationUtils
LogPluginManager: Mounting plugin GameplayTagsEditor
LogPluginManager: Mounting plugin AndroidMedia
LogPluginManager: Mounting plugin MacGraphicsSwitching
LogPluginManager: Mounting plugin GeometryMode
LogPluginManager: Mounting plugin MaterialAnalyzer
LogPluginManager: Mounting plugin BackChannel
LogPluginManager: Mounting plugin MobileLauncherProfileWizard
LogPluginManager: Mounting plugin PluginBrowser
LogPluginManager: Mounting plugin GitSourceControl
LogPluginManager: Mounting plugin SpeedTreeImporter
LogPluginManager: Mounting plugin KDevelopSourceCodeAccess
LogPluginManager: Mounting plugin NullSourceCodeAccess
LogPluginManager: Mounting plugin ChaosCloth
LogPluginManager: Mounting plugin PerforceSourceControl
LogPluginManager: Mounting plugin PixWinPlugin
LogPluginManager: Mounting plugin DatasmithContent
LogPluginManager: Mounting plugin PlasticSourceControl
LogPluginManager: Mounting plugin ChaosClothEditor
LogPluginManager: Mounting plugin LuminPlatformFeatures
LogPluginManager: Mounting plugin AvfMedia
LogPluginManager: Mounting plugin PluginUtils
LogPluginManager: Mounting plugin PropertyAccessNode
LogPluginManager: Mounting plugin ChaosEditor
LogPluginManager: Mounting plugin ChaosNiagara
LogPluginManager: Mounting plugin ChaosSolverPlugin
LogPluginManager: Mounting plugin MagicLeap
LogPluginManager: Mounting plugin CharacterAI
LogPluginManager: Mounting plugin RiderSourceCodeAccess
LogPluginManager: Mounting plugin ImgMedia
LogPluginManager: Mounting plugin MediaCompositing
LogPluginManager: Mounting plugin SubversionSourceControl
LogPluginManager: Mounting plugin TextureFormatOodle
LogPluginManager: Mounting plugin UObjectPlugin
LogPluginManager: Mounting plugin VisualStudioSourceCodeAccess
LogPluginManager: Mounting plugin VisualStudioCodeSourceCodeAccess
LogPluginManager: Mounting plugin MagicLeapLightEstimation
LogPluginManager: Mounting plugin XCodeSourceCodeAccess
LogPluginManager: Mounting plugin MagicLeapMedia
LogPluginManager: Mounting plugin MediaPlayerEditor
LogPluginManager: Mounting plugin MagicLeapPassableWorld
LogPluginManager: Mounting plugin MLSDK
LogPluginManager: Mounting plugin GeometryCache
LogPluginManager: Mounting plugin GeometryCollectionPlugin
LogPluginManager: Mounting plugin WebMMedia
LogPluginManager: Mounting plugin WmfMedia
LogPluginManager: Mounting plugin GeometryProcessing
LogPluginManager: Mounting plugin VariantManagerContent
LogPluginManager: Mounting plugin OpenImageDenoise
LogPluginManager: Mounting plugin MotoSynth
LogPluginManager: Mounting plugin PlanarCut
LogPluginManager: Mounting plugin ProxyLODPlugin
LogPluginManager: Mounting plugin PlatformCrypto
LogPluginManager: Mounting plugin PythonScriptPlugin
LogPluginManager: Mounting plugin Niagara
LogPluginManager: Mounting plugin SkeletalReduction
LogPluginManager: Mounting plugin ActorSequence
LogPluginManager: Mounting plugin LevelSequenceEditor
LogPluginManager: Mounting plugin UdpMessaging
LogPluginManager: Mounting plugin TcpMessaging
LogPluginManager: Mounting plugin MatineeToLevelSequence
LogPluginManager: Mounting plugin TemplateSequence
LogPluginManager: Mounting plugin LauncherChunkInstaller
LogPluginManager: Mounting plugin OnlineSubsystem
LogPluginManager: Mounting plugin ActorLayerUtilities
LogPluginManager: Mounting plugin OnlineSubsystemNull
LogPluginManager: Mounting plugin OnlineSubsystemUtils
LogPluginManager: Mounting plugin AndroidDeviceProfileSelector
LogPluginManager: Mounting plugin AndroidMoviePlayer
LogPluginManager: Mounting plugin AndroidPermission
LogPluginManager: Mounting plugin AppleImageUtils
LogPluginManager: Mounting plugin AppleMoviePlayer
LogPluginManager: Mounting plugin ArchVisCharacter
LogPluginManager: Mounting plugin AssetTags
LogPluginManager: Mounting plugin AudioCapture
LogPluginManager: Mounting plugin AudioSynesthesia
LogPluginManager: Mounting plugin CableComponent
LogPluginManager: Mounting plugin ChunkDownloader
LogPluginManager: Mounting plugin CustomMeshComponent
LogPluginManager: Mounting plugin EditableMesh
LogPluginManager: Mounting plugin ExampleDeviceProfileSelector
LogPluginManager: Mounting plugin GooglePAD
LogPluginManager: Mounting plugin GoogleCloudMessaging
LogPluginManager: Mounting plugin IOSDeviceProfileSelector
LogPluginManager: Mounting plugin LinuxDeviceProfileSelector
LogPluginManager: Mounting plugin LocationServicesBPLibrary
LogPluginManager: Mounting plugin MobilePatchingUtils
LogPluginManager: Mounting plugin OpenXR
LogPluginManager: Mounting plugin OpenXREyeTracker
LogPluginManager: Mounting plugin ScreenshotTools
LogPluginManager: Mounting plugin OpenXRHandTracking
LogPluginManager: Mounting plugin PhysXVehicles
LogPluginManager: Mounting plugin PostSplashScreen
LogPluginManager: Mounting plugin ProceduralMeshComponent
LogPluginManager: Mounting plugin PropertyAccessEditor
LogPluginManager: Mounting plugin RuntimePhysXCooking
LogPluginManager: Mounting plugin SignificanceManager
LogPluginManager: Mounting plugin SoundFields
LogPluginManager: Mounting plugin Synthesis
LogPluginManager: Mounting plugin WebMMoviePlayer
LogPluginManager: Mounting plugin WindowsMoviePlayer
LogPluginManager: Mounting plugin Takes
LogPluginManager: Mounting plugin ContentBrowserAssetDataSource
LogPluginManager: Mounting plugin ContentBrowserClassDataSource
LogPluginManager: Mounting plugin ContentBrowserFileDataSource
LogPluginManager: Mounting plugin OnlineSubsystemGooglePlay
LogPluginManager: Mounting plugin OnlineSubsystemIOS
LogPluginManager: Mounting plugin OculusVR
LogPluginManager: Mounting plugin SteamVR
PixWinPlugin: PIX capture plugin failed to initialize! Check that the process is launched from PIX.
LogInit: Using libcurl 7.55.1-DEV
LogInit:  - built for x86_64-pc-win32
LogInit:  - supports SSL with OpenSSL/1.1.1
LogInit:  - supports HTTP deflate (compression) using libz 1.2.8
LogInit:  - other features:
LogInit:      CURL_VERSION_SSL
LogInit:      CURL_VERSION_LIBZ
LogInit:      CURL_VERSION_IPV6
LogInit:      CURL_VERSION_ASYNCHDNS
LogInit:      CURL_VERSION_LARGEFILE
LogInit:      CURL_VERSION_IDN
LogInit:  CurlRequestOptions (configurable via config and command line):
LogInit:  - bVerifyPeer = true  - Libcurl will verify peer certificate
LogInit:  - bUseHttpProxy = false  - Libcurl will NOT use HTTP proxy
LogInit:  - bDontReuseConnections = false  - Libcurl will reuse connections
LogInit:  - MaxHostConnections = 16  - Libcurl will limit the number of connections to a host
LogInit:  - LocalHostAddr = Default
LogInit:  - BufferSize = 65536
LogOnline: OSS: Creating online subsystem instance for: NULL
LogInit: WinSock: version 1.1 (2.2), MaxSocks=32767, MaxUdp=65467
LogOnline: OSS: TryLoadSubsystemAndSetDefault: Loaded subsystem for module [NULL]
LogOculusPluginWrapper: OculusPlugin initialized successfully
LogHMD: Failed initializing OVRPlugin 1.59.0
LogInit: Build: ++UE4+Release-4.27-CL-18319896
LogInit: Engine Version: 4.27.2-18319896+++UE4+Release-4.27
LogInit: Compatible Engine Version: 4.27.0-17155196+++UE4+Release-4.27
LogInit: Net CL: 17155196
LogInit: OS: Windows 10 (Release 2009) (), CPU: Intel(R) Core(TM) i7-10700K CPU @ 3.80GHz, GPU: NVIDIA GeForce RTX 3060
LogInit: Compiled (64-bit): Nov 30 2021 07:12:08
LogInit: Compiled with Visual C++: 19.24.28315.00
LogInit: Build Configuration: Development
LogInit: Branch Name: ++UE4+Release-4.27
LogInit: Command Line: 
LogInit: Base Directory: D:/FORTNITE/UE_4.27/Engine/Binaries/Win64/
LogInit: Allocator: TBB
LogInit: Installed Engine Build: 1
LogDevObjectVersion: Number of dev versions registered: 29
LogDevObjectVersion:   Dev-Blueprints (B0D832E4-1F89-4F0D-ACCF-7EB736FD4AA2): 10
LogDevObjectVersion:   Dev-Build (E1C64328-A22C-4D53-A36C-8E866417BD8C): 0
LogDevObjectVersion:   Dev-Core (375EC13C-06E4-48FB-B500-84F0262A717E): 4
LogDevObjectVersion:   Dev-Editor (E4B068ED-F494-42E9-A231-DA0B2E46BB41): 40
LogDevObjectVersion:   Dev-Framework (CFFC743F-43B0-4480-9391-14DF171D2073): 37
LogDevObjectVersion:   Dev-Mobile (B02B49B5-BB20-44E9-A304-32B752E40360): 3
LogDevObjectVersion:   Dev-Networking (A4E4105C-59A1-49B5-A7C5-40C4547EDFEE): 0
LogDevObjectVersion:   Dev-Online (39C831C9-5AE6-47DC-9A44-9C173E1C8E7C): 0
LogDevObjectVersion:   Dev-Physics (78F01B33-EBEA-4F98-B9B4-84EACCB95AA2): 14
LogDevObjectVersion:   Dev-Platform (6631380F-2D4D-43E0-8009-CF276956A95A): 0
LogDevObjectVersion:   Dev-Rendering (12F88B9F-8875-4AFC-A67C-D90C383ABD29): 45
LogDevObjectVersion:   Dev-Sequencer (7B5AE74C-D270-4C10-A958-57980B212A5A): 13
LogDevObjectVersion:   Dev-VR (D7296918-1DD6-4BDD-9DE2-64A83CC13884): 3
LogDevObjectVersion:   Dev-LoadTimes (C2A15278-BFE7-4AFE-6C17-90FF531DF755): 1
LogDevObjectVersion:   Private-Geometry (6EACA3D4-40EC-4CC1-B786-8BED09428FC5): 3
LogDevObjectVersion:   Dev-AnimPhys (29E575DD-E0A3-4627-9D10-D276232CDCEA): 17
LogDevObjectVersion:   Dev-Anim (AF43A65D-7FD3-4947-9873-3E8ED9C1BB05): 15
LogDevObjectVersion:   Dev-ReflectionCapture (6B266CEC-1EC7-4B8F-A30B-E4D90942FC07): 1
LogDevObjectVersion:   Dev-Automation (0DF73D61-A23F-47EA-B727-89E90C41499A): 1
LogDevObjectVersion:   FortniteMain (601D1886-AC64-4F84-AA16-D3DE0DEAC7D6): 47
LogDevObjectVersion:   FortniteRelease (E7086368-6B23-4C58-8439-1B7016265E91): 1
LogDevObjectVersion:   Dev-Enterprise (9DFFBCD6-494F-0158-E221-12823C92A888): 10
LogDevObjectVersion:   Dev-Niagara (F2AED0AC-9AFE-416F-8664-AA7FFA26D6FC): 1
LogDevObjectVersion:   Dev-Destruction (174F1F0B-B4C6-45A5-B13F-2EE8D0FB917D): 10
LogDevObjectVersion:   Dev-Physics-Ext (35F94A83-E258-406C-A318-09F59610247C): 41
LogDevObjectVersion:   Dev-PhysicsMaterial-Chaos (B68FC16E-8B1B-42E2-B453-215C058844FE): 1
LogDevObjectVersion:   Dev-CineCamera (B2E18506-4273-CFC2-A54E-F4BB758BBA07): 1
LogDevObjectVersion:   Dev-VirtualProduction (64F58936-FD1B-42BA-BA96-7289D5D0FA4E): 1
LogDevObjectVersion:   Dev-MediaFramework (6F0ED827-A609-4895-9C91-998D90180EA4): 2
LogInit: Presizing for max 25165824 objects, including 0 objects not considered by GC, pre-allocating 0 bytes for permanent pool.
LogConfig: Applying CVar settings from Section [/Script/Engine.StreamingSettings] File [C:/Unreal Projects/AsteroidRemake/Saved/Config/Windows/Engine.ini]
LogConfig: Setting CVar [[s.MinBulkDataSizeForAsyncLoading:131072]]
LogConfig: Setting CVar [[s.AsyncLoadingThreadEnabled:0]]
LogConfig: Setting CVar [[s.EventDrivenLoaderEnabled:1]]
LogConfig: Setting CVar [[s.WarnIfTimeLimitExceeded:0]]
LogConfig: Setting CVar [[s.TimeLimitExceededMultiplier:1.5]]
LogConfig: Setting CVar [[s.TimeLimitExceededMinTime:0.005]]
LogConfig: Setting CVar [[s.UseBackgroundLevelStreaming:1]]
LogConfig: Setting CVar [[s.PriorityAsyncLoadingExtraTime:15.0]]
LogConfig: Setting CVar [[s.LevelStreamingActorsUpdateTimeLimit:5.0]]
LogConfig: Setting CVar [[s.PriorityLevelStreamingActorsUpdateExtraTime:5.0]]
LogConfig: Setting CVar [[s.LevelStreamingComponentsRegistrationGranularity:10]]
LogConfig: Setting CVar [[s.UnregisterComponentsTimeLimit:1.0]]
LogConfig: Setting CVar [[s.LevelStreamingComponentsUnregistrationGranularity:5]]
LogConfig: Setting CVar [[s.FlushStreamingOnExit:1]]
LogInit: Object subsystem initialized
LogConfig: Setting CVar [[con.DebugEarlyDefault:1]]
LogConfig: Setting CVar [[r.setres:1280x720]]
[2023.08.27-20.15.08:758][  0]LogConfig: Setting CVar [[r.VSync:0]]
[2023.08.27-20.15.08:758][  0]LogConfig: Setting CVar [[r.RHICmdBypass:0]]
[2023.08.27-20.15.08:758][  0]LogConfig: Applying CVar settings from Section [/Script/Engine.RendererSettings] File [C:/Unreal Projects/AsteroidRemake/Saved/Config/Windows/Engine.ini]
[2023.08.27-20.15.08:758][  0]LogConfig: Setting CVar [[r.GPUCrashDebugging:0]]
[2023.08.27-20.15.08:758][  0]LogConfig: Applying CVar settings from Section [/Script/Engine.RendererOverrideSettings] File [C:/Unreal Projects/AsteroidRemake/Saved/Config/Windows/Engine.ini]
[2023.08.27-20.15.08:758][  0]LogConfig: Applying CVar settings from Section [/Script/Engine.StreamingSettings] File [C:/Unreal Projects/AsteroidRemake/Saved/Config/Windows/Engine.ini]
[2023.08.27-20.15.08:758][  0]LogConfig: Setting CVar [[s.MinBulkDataSizeForAsyncLoading:131072]]
[2023.08.27-20.15.08:758][  0]LogConfig: Setting CVar [[s.AsyncLoadingThreadEnabled:0]]
[2023.08.27-20.15.08:759][  0]LogConfig: Setting CVar [[s.EventDrivenLoaderEnabled:1]]
[2023.08.27-20.15.08:759][  0]LogConfig: Setting CVar [[s.WarnIfTimeLimitExceeded:0]]
[2023.08.27-20.15.08:759][  0]LogConfig: Setting CVar [[s.TimeLimitExceededMultiplier:1.5]]
[2023.08.27-20.15.08:759][  0]LogConfig: Setting CVar [[s.TimeLimitExceededMinTime:0.005]]
[2023.08.27-20.15.08:759][  0]LogConfig: Setting CVar [[s.UseBackgroundLevelStreaming:1]]
[2023.08.27-20.15.08:759][  0]LogConfig: Setting CVar [[s.PriorityAsyncLoadingExtraTime:15.0]]
[2023.08.27-20.15.08:759][  0]LogConfig: Setting CVar [[s.LevelStreamingActorsUpdateTimeLimit:5.0]]
[2023.08.27-20.15.08:759][  0]LogConfig: Setting CVar [[s.PriorityLevelStreamingActorsUpdateExtraTime:5.0]]
[2023.08.27-20.15.08:759][  0]LogConfig: Setting CVar [[s.LevelStreamingComponentsRegistrationGranularity:10]]
[2023.08.27-20.15.08:759][  0]LogConfig: Setting CVar [[s.UnregisterComponentsTimeLimit:1.0]]
[2023.08.27-20.15.08:759][  0]LogConfig: Setting CVar [[s.LevelStreamingComponentsUnregistrationGranularity:5]]
[2023.08.27-20.15.08:759][  0]LogConfig: Setting CVar [[s.FlushStreamingOnExit:1]]
[2023.08.27-20.15.08:759][  0]LogConfig: Applying CVar settings from Section [/Script/Engine.GarbageCollectionSettings] File [C:/Unreal Projects/AsteroidRemake/Saved/Config/Windows/Engine.ini]
[2023.08.27-20.15.08:759][  0]LogConfig: Setting CVar [[gc.MaxObjectsNotConsideredByGC:1]]
[2023.08.27-20.15.08:759][  0]LogConfig: Setting CVar [[gc.SizeOfPermanentObjectPool:0]]
[2023.08.27-20.15.08:759][  0]LogConfig: Setting CVar [[gc.FlushStreamingOnGC:0]]
[2023.08.27-20.15.08:759][  0]LogConfig: Setting CVar [[gc.NumRetriesBeforeForcingGC:10]]
[2023.08.27-20.15.08:759][  0]LogConfig: Setting CVar [[gc.AllowParallelGC:1]]
[2023.08.27-20.15.08:759][  0]LogConfig: Setting CVar [[gc.TimeBetweenPurgingPendingKillObjects:61.1]]
[2023.08.27-20.15.08:759][  0]LogConfig: Setting CVar [[gc.MaxObjectsInEditor:25165824]]
[2023.08.27-20.15.08:759][  0]LogConfig: Setting CVar [[gc.IncrementalBeginDestroyEnabled:1]]
[2023.08.27-20.15.08:759][  0]LogConfig: Setting CVar [[gc.CreateGCClusters:1]]
[2023.08.27-20.15.08:759][  0]LogConfig: Setting CVar [[gc.MinGCClusterSize:5]]
[2023.08.27-20.15.08:759][  0]LogConfig: Setting CVar [[gc.ActorClusteringEnabled:0]]
[2023.08.27-20.15.08:759][  0]LogConfig: Setting CVar [[gc.BlueprintClusteringEnabled:0]]
[2023.08.27-20.15.08:759][  0]LogConfig: Setting CVar [[gc.UseDisregardForGCOnDedicatedServers:0]]
[2023.08.27-20.15.08:759][  0]LogConfig: Setting CVar [[gc.MultithreadedDestructionEnabled:1]]
[2023.08.27-20.15.08:759][  0]LogConfig: Applying CVar settings from Section [/Script/Engine.NetworkSettings] File [C:/Unreal Projects/AsteroidRemake/Saved/Config/Windows/Engine.ini]
[2023.08.27-20.15.08:759][  0]LogConfig: Applying CVar settings from Section [/Script/UnrealEd.CookerSettings] File [C:/Unreal Projects/AsteroidRemake/Saved/Config/Windows/Engine.ini]
[2023.08.27-20.15.08:769][  0]LogConfig: Applying CVar settings from Section [ViewDistanceQuality@3] File [C:/Unreal Projects/AsteroidRemake/Saved/Config/Windows/Scalability.ini]
[2023.08.27-20.15.08:769][  0]LogConfig: Setting CVar [[r.SkeletalMeshLODBias:0]]
[2023.08.27-20.15.08:769][  0]LogConfig: Setting CVar [[r.ViewDistanceScale:1.0]]
[2023.08.27-20.15.08:769][  0]LogConfig: Applying CVar settings from Section [AntiAliasingQuality@3] File [C:/Unreal Projects/AsteroidRemake/Saved/Config/Windows/Scalability.ini]
[2023.08.27-20.15.08:769][  0]LogConfig: Setting CVar [[r.PostProcessAAQuality:4]]
[2023.08.27-20.15.08:769][  0]LogConfig: Applying CVar settings from Section [ShadowQuality@3] File [C:/Unreal Projects/AsteroidRemake/Saved/Config/Windows/Scalability.ini]
[2023.08.27-20.15.08:769][  0]LogConfig: Setting CVar [[r.LightFunctionQuality:1]]
[2023.08.27-20.15.08:769][  0]LogConfig: Setting CVar [[r.ShadowQuality:5]]
[2023.08.27-20.15.08:769][  0]LogConfig: Setting CVar [[r.Shadow.CSM.MaxCascades:10]]
[2023.08.27-20.15.08:769][  0]LogConfig: Setting CVar [[r.Shadow.MaxResolution:2048]]
[2023.08.27-20.15.08:769][  0]LogConfig: Setting CVar [[r.Shadow.MaxCSMResolution:2048]]
[2023.08.27-20.15.08:769][  0]LogConfig: Setting CVar [[r.Shadow.RadiusThreshold:0.01]]
[2023.08.27-20.15.08:769][  0]LogConfig: Setting CVar [[r.Shadow.DistanceScale:1.0]]
[2023.08.27-20.15.08:769][  0]LogConfig: Setting CVar [[r.Shadow.CSM.TransitionScale:1.0]]
[2023.08.27-20.15.08:769][  0]LogConfig: Setting CVar [[r.Shadow.PreShadowResolutionFactor:1.0]]
[2023.08.27-20.15.08:769][  0]LogConfig: Setting CVar [[r.DistanceFieldShadowing:1]]
[2023.08.27-20.15.08:769][  0]LogConfig: Setting CVar [[r.DistanceFieldAO:1]]
[2023.08.27-20.15.08:769][  0]LogConfig: Setting CVar [[r.AOQuality:2]]
[2023.08.27-20.15.08:769][  0]LogConfig: Setting CVar [[r.VolumetricFog:1]]
[2023.08.27-20.15.08:769][  0]LogConfig: Setting CVar [[r.VolumetricFog.GridPixelSize:8]]
[2023.08.27-20.15.08:769][  0]LogConfig: Setting CVar [[r.VolumetricFog.GridSizeZ:128]]
[2023.08.27-20.15.08:769][  0]LogConfig: Setting CVar [[r.VolumetricFog.HistoryMissSupersampleCount:4]]
[2023.08.27-20.15.08:769][  0]LogConfig: Setting CVar [[r.LightMaxDrawDistanceScale:1]]
[2023.08.27-20.15.08:769][  0]LogConfig: Setting CVar [[r.CapsuleShadows:1]]
[2023.08.27-20.15.08:769][  0]LogConfig: Applying CVar settings from Section [PostProcessQuality@3] File [C:/Unreal Projects/AsteroidRemake/Saved/Config/Windows/Scalability.ini]
[2023.08.27-20.15.08:769][  0]LogConfig: Setting CVar [[r.MotionBlurQuality:4]]
[2023.08.27-20.15.08:769][  0]LogConfig: Setting CVar [[r.AmbientOcclusionMipLevelFactor:0.4]]
[2023.08.27-20.15.08:769][  0]LogConfig: Setting CVar [[r.AmbientOcclusionMaxQuality:100]]
[2023.08.27-20.15.08:769][  0]LogConfig: Setting CVar [[r.AmbientOcclusionLevels:-1]]
[2023.08.27-20.15.08:769][  0]LogConfig: Setting CVar [[r.AmbientOcclusionRadiusScale:1.0]]
[2023.08.27-20.15.08:769][  0]LogConfig: Setting CVar [[r.DepthOfFieldQuality:2]]
[2023.08.27-20.15.08:769][  0]LogConfig: Setting CVar [[r.RenderTargetPoolMin:400]]
[2023.08.27-20.15.08:769][  0]LogConfig: Setting CVar [[r.LensFlareQuality:2]]
[2023.08.27-20.15.08:769][  0]LogConfig: Setting CVar [[r.SceneColorFringeQuality:1]]
[2023.08.27-20.15.08:769][  0]LogConfig: Setting CVar [[r.EyeAdaptationQuality:2]]
[2023.08.27-20.15.08:769][  0]LogConfig: Setting CVar [[r.BloomQuality:5]]
[2023.08.27-20.15.08:769][  0]LogConfig: Setting CVar [[r.FastBlurThreshold:100]]
[2023.08.27-20.15.08:769][  0]LogConfig: Setting CVar [[r.Upscale.Quality:3]]
[2023.08.27-20.15.08:769][  0]LogConfig: Setting CVar [[r.Tonemapper.GrainQuantization:1]]
[2023.08.27-20.15.08:769][  0]LogConfig: Setting CVar [[r.LightShaftQuality:1]]
[2023.08.27-20.15.08:769][  0]LogConfig: Setting CVar [[r.Filter.SizeScale:1]]
[2023.08.27-20.15.08:769][  0]LogConfig: Setting CVar [[r.Tonemapper.Quality:5]]
[2023.08.27-20.15.08:769][  0]LogConfig: Setting CVar [[r.DOF.Gather.AccumulatorQuality:1        ; higher gathering accumulator quality]]
[2023.08.27-20.15.08:769][  0]LogConfig: Setting CVar [[r.DOF.Gather.PostfilterMethod:1          ; Median3x3 postfilering method]]
[2023.08.27-20.15.08:769][  0]LogConfig: Setting CVar [[r.DOF.Gather.EnableBokehSettings:0       ; no bokeh simulation when gathering]]
[2023.08.27-20.15.08:769][  0]LogConfig: Setting CVar [[r.DOF.Gather.RingCount:4                 ; medium number of samples when gathering]]
[2023.08.27-20.15.08:769][  0]LogConfig: Setting CVar [[r.DOF.Scatter.ForegroundCompositing:1    ; additive foreground scattering]]
[2023.08.27-20.15.08:769][  0]LogConfig: Setting CVar [[r.DOF.Scatter.BackgroundCompositing:2    ; additive background scattering]]
[2023.08.27-20.15.08:769][  0]LogConfig: Setting CVar [[r.DOF.Scatter.EnableBokehSettings:1      ; bokeh simulation when scattering]]
[2023.08.27-20.15.08:769][  0]LogConfig: Setting CVar [[r.DOF.Scatter.MaxSpriteRatio:0.1         ; only a maximum of 10% of scattered bokeh]]
[2023.08.27-20.15.08:769][  0]LogConfig: Setting CVar [[r.DOF.Recombine.Quality:1                ; cheap slight out of focus]]
[2023.08.27-20.15.08:769][  0]LogConfig: Setting CVar [[r.DOF.Recombine.EnableBokehSettings:0    ; no bokeh simulation on slight out of focus]]
[2023.08.27-20.15.08:769][  0]LogConfig: Setting CVar [[r.DOF.TemporalAAQuality:1                ; more stable temporal accumulation]]
[2023.08.27-20.15.08:769][  0]LogConfig: Setting CVar [[r.DOF.Kernel.MaxForegroundRadius:0.025]]
[2023.08.27-20.15.08:769][  0]LogConfig: Setting CVar [[r.DOF.Kernel.MaxBackgroundRadius:0.025]]
[2023.08.27-20.15.08:769][  0]LogConfig: Applying CVar settings from Section [TextureQuality@3] File [C:/Unreal Projects/AsteroidRemake/Saved/Config/Windows/Scalability.ini]
[2023.08.27-20.15.08:769][  0]LogConfig: Setting CVar [[r.Streaming.MipBias:0]]
[2023.08.27-20.15.08:769][  0]LogConfig: Setting CVar [[r.Streaming.AmortizeCPUToGPUCopy:0]]
[2023.08.27-20.15.08:769][  0]LogConfig: Setting CVar [[r.Streaming.MaxNumTexturesToStreamPerFrame:0]]
[2023.08.27-20.15.08:769][  0]LogConfig: Setting CVar [[r.Streaming.Boost:1]]
[2023.08.27-20.15.08:769][  0]LogConfig: Setting CVar [[r.MaxAnisotropy:8]]
[2023.08.27-20.15.08:769][  0]LogConfig: Setting CVar [[r.VT.MaxAnisotropy:8]]
[2023.08.27-20.15.08:769][  0]LogConfig: Setting CVar [[r.Streaming.LimitPoolSizeToVRAM:0]]
[2023.08.27-20.15.08:769][  0]LogConfig: Setting CVar [[r.Streaming.PoolSize:1000]]
[2023.08.27-20.15.08:769][  0]LogConfig: Setting CVar [[r.Streaming.MaxEffectiveScreenSize:0]]
[2023.08.27-20.15.08:769][  0]LogConfig: Applying CVar settings from Section [EffectsQuality@3] File [C:/Unreal Projects/AsteroidRemake/Saved/Config/Windows/Scalability.ini]
[2023.08.27-20.15.08:769][  0]LogConfig: Setting CVar [[r.TranslucencyLightingVolumeDim:64]]
[2023.08.27-20.15.08:769][  0]LogConfig: Setting CVar [[r.RefractionQuality:2]]
[2023.08.27-20.15.08:769][  0]LogConfig: Setting CVar [[r.SSR.Quality:3]]
[2023.08.27-20.15.08:769][  0]LogConfig: Setting CVar [[r.SSR.HalfResSceneColor:0]]
[2023.08.27-20.15.08:769][  0]LogConfig: Setting CVar [[r.SceneColorFormat:4]]
[2023.08.27-20.15.08:769][  0]LogConfig: Setting CVar [[r.DetailMode:2]]
[2023.08.27-20.15.08:769][  0]LogConfig: Setting CVar [[r.TranslucencyVolumeBlur:1]]
[2023.08.27-20.15.08:769][  0]LogConfig: Setting CVar [[r.MaterialQualityLevel:1 ; High quality]]
[2023.08.27-20.15.08:769][  0]LogConfig: Setting CVar [[r.AnisotropicMaterials:1]]
[2023.08.27-20.15.08:769][  0]LogConfig: Setting CVar [[r.SSS.Scale:1]]
[2023.08.27-20.15.08:769][  0]LogConfig: Setting CVar [[r.SSS.SampleSet:2]]
[2023.08.27-20.15.08:769][  0]LogConfig: Setting CVar [[r.SSS.Quality:1]]
[2023.08.27-20.15.08:769][  0]LogConfig: Setting CVar [[r.SSS.HalfRes:0]]
[2023.08.27-20.15.08:769][  0]LogConfig: Setting CVar [[r.SSGI.Quality:3]]
[2023.08.27-20.15.08:769][  0]LogConfig: Setting CVar [[r.EmitterSpawnRateScale:1.0]]
[2023.08.27-20.15.08:769][  0]LogConfig: Setting CVar [[r.ParticleLightQuality:2]]
[2023.08.27-20.15.08:769][  0]LogConfig: Setting CVar [[r.SkyAtmosphere.AerialPerspectiveLUT.FastApplyOnOpaque:1 ; Always have FastSkyLUT 1 in this case to avoid wrong sky]]
[2023.08.27-20.15.08:769][  0]LogConfig: Setting CVar [[r.SkyAtmosphere.AerialPerspectiveLUT.SampleCountMaxPerSlice:4]]
[2023.08.27-20.15.08:769][  0]LogConfig: Setting CVar [[r.SkyAtmosphere.AerialPerspectiveLUT.DepthResolution:16.0]]
[2023.08.27-20.15.08:769][  0]LogConfig: Setting CVar [[r.SkyAtmosphere.FastSkyLUT:1]]
[2023.08.27-20.15.08:769][  0]LogConfig: Setting CVar [[r.SkyAtmosphere.FastSkyLUT.SampleCountMin:4.0]]
[2023.08.27-20.15.08:769][  0]LogConfig: Setting CVar [[r.SkyAtmosphere.FastSkyLUT.SampleCountMax:128.0]]
[2023.08.27-20.15.08:769][  0]LogConfig: Setting CVar [[r.SkyAtmosphere.SampleCountMin:4.0]]
[2023.08.27-20.15.08:769][  0]LogConfig: Setting CVar [[r.SkyAtmosphere.SampleCountMax:128.0]]
[2023.08.27-20.15.08:769][  0]LogConfig: Setting CVar [[r.SkyAtmosphere.TransmittanceLUT.UseSmallFormat:0]]
[2023.08.27-20.15.08:769][  0]LogConfig: Setting CVar [[r.SkyAtmosphere.TransmittanceLUT.SampleCount:10.0]]
[2023.08.27-20.15.08:769][  0]LogConfig: Setting CVar [[r.SkyAtmosphere.MultiScatteringLUT.SampleCount:15.0]]
[2023.08.27-20.15.08:769][  0]LogConfig: Setting CVar [[r.SkyLight.RealTimeReflectionCapture:1]]
[2023.08.27-20.15.08:769][  0]LogConfig: Applying CVar settings from Section [FoliageQuality@3] File [C:/Unreal Projects/AsteroidRemake/Saved/Config/Windows/Scalability.ini]
[2023.08.27-20.15.08:769][  0]LogConfig: Setting CVar [[foliage.DensityScale:1.0]]
[2023.08.27-20.15.08:769][  0]LogConfig: Setting CVar [[grass.DensityScale:1.0]]
[2023.08.27-20.15.08:769][  0]LogConfig: Applying CVar settings from Section [ShadingQuality@3] File [C:/Unreal Projects/AsteroidRemake/Saved/Config/Windows/Scalability.ini]
[2023.08.27-20.15.08:769][  0]LogConfig: Setting CVar [[r.HairStrands.SkyLighting.IntegrationType:2]]
[2023.08.27-20.15.08:769][  0]LogConfig: Setting CVar [[r.HairStrands.SkyAO.SampleCount:4]]
[2023.08.27-20.15.08:769][  0]LogConfig: Setting CVar [[r.HairStrands.Visibility.MSAA.SamplePerPixel:4]]
[2023.08.27-20.15.08:769][  0]LogInit: Selected Device Profile: [Windows]
[2023.08.27-20.15.08:769][  0]LogInit: Applying CVar settings loaded from the selected device profile: [Windows]
[2023.08.27-20.15.08:769][  0]LogHAL: Display: Platform has ~ 32 GB [34273357824 / 34359738368 / 32], which maps to Largest [LargestMinGB=32, LargerMinGB=12, DefaultMinGB=8, SmallerMinGB=6, SmallestMinGB=0)
[2023.08.27-20.15.08:769][  0]LogInit: Going up to parent DeviceProfile []
[2023.08.27-20.15.08:770][  0]LogConfig: Applying CVar settings from Section [ViewDistanceQuality@3] File [C:/Unreal Projects/AsteroidRemake/Saved/Config/Windows/Scalability.ini]
[2023.08.27-20.15.08:770][  0]LogConfig: Setting CVar [[r.SkeletalMeshLODBias:0]]
[2023.08.27-20.15.08:770][  0]LogConfig: Setting CVar [[r.ViewDistanceScale:1.0]]
[2023.08.27-20.15.08:770][  0]LogConfig: Applying CVar settings from Section [AntiAliasingQuality@3] File [C:/Unreal Projects/AsteroidRemake/Saved/Config/Windows/Scalability.ini]
[2023.08.27-20.15.08:770][  0]LogConfig: Setting CVar [[r.PostProcessAAQuality:4]]
[2023.08.27-20.15.08:770][  0]LogConfig: Applying CVar settings from Section [ShadowQuality@3] File [C:/Unreal Projects/AsteroidRemake/Saved/Config/Windows/Scalability.ini]
[2023.08.27-20.15.08:770][  0]LogConfig: Setting CVar [[r.LightFunctionQuality:1]]
[2023.08.27-20.15.08:770][  0]LogConfig: Setting CVar [[r.ShadowQuality:5]]
[2023.08.27-20.15.08:770][  0]LogConfig: Setting CVar [[r.Shadow.CSM.MaxCascades:10]]
[2023.08.27-20.15.08:770][  0]LogConfig: Setting CVar [[r.Shadow.MaxResolution:2048]]
[2023.08.27-20.15.08:770][  0]LogConfig: Setting CVar [[r.Shadow.MaxCSMResolution:2048]]
[2023.08.27-20.15.08:770][  0]LogConfig: Setting CVar [[r.Shadow.RadiusThreshold:0.01]]
[2023.08.27-20.15.08:770][  0]LogConfig: Setting CVar [[r.Shadow.DistanceScale:1.0]]
[2023.08.27-20.15.08:770][  0]LogConfig: Setting CVar [[r.Shadow.CSM.TransitionScale:1.0]]
[2023.08.27-20.15.08:770][  0]LogConfig: Setting CVar [[r.Shadow.PreShadowResolutionFactor:1.0]]
[2023.08.27-20.15.08:770][  0]LogConfig: Setting CVar [[r.DistanceFieldShadowing:1]]
[2023.08.27-20.15.08:770][  0]LogConfig: Setting CVar [[r.DistanceFieldAO:1]]
[2023.08.27-20.15.08:770][  0]LogConfig: Setting CVar [[r.AOQuality:2]]
[2023.08.27-20.15.08:770][  0]LogConfig: Setting CVar [[r.VolumetricFog:1]]
[2023.08.27-20.15.08:770][  0]LogConfig: Setting CVar [[r.VolumetricFog.GridPixelSize:8]]
[2023.08.27-20.15.08:770][  0]LogConfig: Setting CVar [[r.VolumetricFog.GridSizeZ:128]]
[2023.08.27-20.15.08:770][  0]LogConfig: Setting CVar [[r.VolumetricFog.HistoryMissSupersampleCount:4]]
[2023.08.27-20.15.08:770][  0]LogConfig: Setting CVar [[r.LightMaxDrawDistanceScale:1]]
[2023.08.27-20.15.08:770][  0]LogConfig: Setting CVar [[r.CapsuleShadows:1]]
[2023.08.27-20.15.08:770][  0]LogConfig: Applying CVar settings from Section [PostProcessQuality@3] File [C:/Unreal Projects/AsteroidRemake/Saved/Config/Windows/Scalability.ini]
[2023.08.27-20.15.08:770][  0]LogConfig: Setting CVar [[r.MotionBlurQuality:4]]
[2023.08.27-20.15.08:770][  0]LogConfig: Setting CVar [[r.AmbientOcclusionMipLevelFactor:0.4]]
[2023.08.27-20.15.08:770][  0]LogConfig: Setting CVar [[r.AmbientOcclusionMaxQuality:100]]
[2023.08.27-20.15.08:770][  0]LogConfig: Setting CVar [[r.AmbientOcclusionLevels:-1]]
[2023.08.27-20.15.08:770][  0]LogConfig: Setting CVar [[r.AmbientOcclusionRadiusScale:1.0]]
[2023.08.27-20.15.08:770][  0]LogConfig: Setting CVar [[r.DepthOfFieldQuality:2]]
[2023.08.27-20.15.08:770][  0]LogConfig: Setting CVar [[r.RenderTargetPoolMin:400]]
[2023.08.27-20.15.08:770][  0]LogConfig: Setting CVar [[r.LensFlareQuality:2]]
[2023.08.27-20.15.08:770][  0]LogConfig: Setting CVar [[r.SceneColorFringeQuality:1]]
[2023.08.27-20.15.08:770][  0]LogConfig: Setting CVar [[r.EyeAdaptationQuality:2]]
[2023.08.27-20.15.08:770][  0]LogConfig: Setting CVar [[r.BloomQuality:5]]
[2023.08.27-20.15.08:770][  0]LogConfig: Setting CVar [[r.FastBlurThreshold:100]]
[2023.08.27-20.15.08:770][  0]LogConfig: Setting CVar [[r.Upscale.Quality:3]]
[2023.08.27-20.15.08:770][  0]LogConfig: Setting CVar [[r.Tonemapper.GrainQuantization:1]]
[2023.08.27-20.15.08:770][  0]LogConfig: Setting CVar [[r.LightShaftQuality:1]]
[2023.08.27-20.15.08:770][  0]LogConfig: Setting CVar [[r.Filter.SizeScale:1]]
[2023.08.27-20.15.08:770][  0]LogConfig: Setting CVar [[r.Tonemapper.Quality:5]]
[2023.08.27-20.15.08:770][  0]LogConfig: Setting CVar [[r.DOF.Gather.AccumulatorQuality:1        ; higher gathering accumulator quality]]
[2023.08.27-20.15.08:770][  0]LogConfig: Setting CVar [[r.DOF.Gather.PostfilterMethod:1          ; Median3x3 postfilering method]]
[2023.08.27-20.15.08:770][  0]LogConfig: Setting CVar [[r.DOF.Gather.EnableBokehSettings:0       ; no bokeh simulation when gathering]]
[2023.08.27-20.15.08:770][  0]LogConfig: Setting CVar [[r.DOF.Gather.RingCount:4                 ; medium number of samples when gathering]]
[2023.08.27-20.15.08:770][  0]LogConfig: Setting CVar [[r.DOF.Scatter.ForegroundCompositing:1    ; additive foreground scattering]]
[2023.08.27-20.15.08:770][  0]LogConfig: Setting CVar [[r.DOF.Scatter.BackgroundCompositing:2    ; additive background scattering]]
[2023.08.27-20.15.08:770][  0]LogConfig: Setting CVar [[r.DOF.Scatter.EnableBokehSettings:1      ; bokeh simulation when scattering]]
[2023.08.27-20.15.08:770][  0]LogConfig: Setting CVar [[r.DOF.Scatter.MaxSpriteRatio:0.1         ; only a maximum of 10% of scattered bokeh]]
[2023.08.27-20.15.08:770][  0]LogConfig: Setting CVar [[r.DOF.Recombine.Quality:1                ; cheap slight out of focus]]
[2023.08.27-20.15.08:770][  0]LogConfig: Setting CVar [[r.DOF.Recombine.EnableBokehSettings:0    ; no bokeh simulation on slight out of focus]]
[2023.08.27-20.15.08:770][  0]LogConfig: Setting CVar [[r.DOF.TemporalAAQuality:1                ; more stable temporal accumulation]]
[2023.08.27-20.15.08:770][  0]LogConfig: Setting CVar [[r.DOF.Kernel.MaxForegroundRadius:0.025]]
[2023.08.27-20.15.08:770][  0]LogConfig: Setting CVar [[r.DOF.Kernel.MaxBackgroundRadius:0.025]]
[2023.08.27-20.15.08:770][  0]LogConfig: Applying CVar settings from Section [TextureQuality@3] File [C:/Unreal Projects/AsteroidRemake/Saved/Config/Windows/Scalability.ini]
[2023.08.27-20.15.08:770][  0]LogConfig: Setting CVar [[r.Streaming.MipBias:0]]
[2023.08.27-20.15.08:770][  0]LogConfig: Setting CVar [[r.Streaming.AmortizeCPUToGPUCopy:0]]
[2023.08.27-20.15.08:770][  0]LogConfig: Setting CVar [[r.Streaming.MaxNumTexturesToStreamPerFrame:0]]
[2023.08.27-20.15.08:770][  0]LogConfig: Setting CVar [[r.Streaming.Boost:1]]
[2023.08.27-20.15.08:770][  0]LogConfig: Setting CVar [[r.MaxAnisotropy:8]]
[2023.08.27-20.15.08:770][  0]LogConfig: Setting CVar [[r.VT.MaxAnisotropy:8]]
[2023.08.27-20.15.08:770][  0]LogConfig: Setting CVar [[r.Streaming.LimitPoolSizeToVRAM:0]]
[2023.08.27-20.15.08:770][  0]LogConfig: Setting CVar [[r.Streaming.PoolSize:1000]]
[2023.08.27-20.15.08:770][  0]LogConfig: Setting CVar [[r.Streaming.MaxEffectiveScreenSize:0]]
[2023.08.27-20.15.08:770][  0]LogConfig: Applying CVar settings from Section [EffectsQuality@3] File [C:/Unreal Projects/AsteroidRemake/Saved/Config/Windows/Scalability.ini]
[2023.08.27-20.15.08:770][  0]LogConfig: Setting CVar [[r.TranslucencyLightingVolumeDim:64]]
[2023.08.27-20.15.08:770][  0]LogConfig: Setting CVar [[r.RefractionQuality:2]]
[2023.08.27-20.15.08:770][  0]LogConfig: Setting CVar [[r.SSR.Quality:3]]
[2023.08.27-20.15.08:770][  0]LogConfig: Setting CVar [[r.SSR.HalfResSceneColor:0]]
[2023.08.27-20.15.08:770][  0]LogConfig: Setting CVar [[r.SceneColorFormat:4]]
[2023.08.27-20.15.08:770][  0]LogConfig: Setting CVar [[r.DetailMode:2]]
[2023.08.27-20.15.08:770][  0]LogConfig: Setting CVar [[r.TranslucencyVolumeBlur:1]]
[2023.08.27-20.15.08:770][  0]LogConfig: Setting CVar [[r.MaterialQualityLevel:1 ; High quality]]
[2023.08.27-20.15.08:770][  0]LogConfig: Setting CVar [[r.AnisotropicMaterials:1]]
[2023.08.27-20.15.08:770][  0]LogConfig: Setting CVar [[r.SSS.Scale:1]]
[2023.08.27-20.15.08:770][  0]LogConfig: Setting CVar [[r.SSS.SampleSet:2]]
[2023.08.27-20.15.08:770][  0]LogConfig: Setting CVar [[r.SSS.Quality:1]]
[2023.08.27-20.15.08:770][  0]LogConfig: Setting CVar [[r.SSS.HalfRes:0]]
[2023.08.27-20.15.08:770][  0]LogConfig: Setting CVar [[r.SSGI.Quality:3]]
[2023.08.27-20.15.08:770][  0]LogConfig: Setting CVar [[r.EmitterSpawnRateScale:1.0]]
[2023.08.27-20.15.08:770][  0]LogConfig: Setting CVar [[r.ParticleLightQuality:2]]
[2023.08.27-20.15.08:770][  0]LogConfig: Setting CVar [[r.SkyAtmosphere.AerialPerspectiveLUT.FastApplyOnOpaque:1 ; Always have FastSkyLUT 1 in this case to avoid wrong sky]]
[2023.08.27-20.15.08:770][  0]LogConfig: Setting CVar [[r.SkyAtmosphere.AerialPerspectiveLUT.SampleCountMaxPerSlice:4]]
[2023.08.27-20.15.08:770][  0]LogConfig: Setting CVar [[r.SkyAtmosphere.AerialPerspectiveLUT.DepthResolution:16.0]]
[2023.08.27-20.15.08:770][  0]LogConfig: Setting CVar [[r.SkyAtmosphere.FastSkyLUT:1]]
[2023.08.27-20.15.08:770][  0]LogConfig: Setting CVar [[r.SkyAtmosphere.FastSkyLUT.SampleCountMin:4.0]]
[2023.08.27-20.15.08:770][  0]LogConfig: Setting CVar [[r.SkyAtmosphere.FastSkyLUT.SampleCountMax:128.0]]
[2023.08.27-20.15.08:770][  0]LogConfig: Setting CVar [[r.SkyAtmosphere.SampleCountMin:4.0]]
[2023.08.27-20.15.08:770][  0]LogConfig: Setting CVar [[r.SkyAtmosphere.SampleCountMax:128.0]]
[2023.08.27-20.15.08:770][  0]LogConfig: Setting CVar [[r.SkyAtmosphere.TransmittanceLUT.UseSmallFormat:0]]
[2023.08.27-20.15.08:770][  0]LogConfig: Setting CVar [[r.SkyAtmosphere.TransmittanceLUT.SampleCount:10.0]]
[2023.08.27-20.15.08:770][  0]LogConfig: Setting CVar [[r.SkyAtmosphere.MultiScatteringLUT.SampleCount:15.0]]
[2023.08.27-20.15.08:770][  0]LogConfig: Setting CVar [[r.SkyLight.RealTimeReflectionCapture:1]]
[2023.08.27-20.15.08:770][  0]LogConfig: Applying CVar settings from Section [FoliageQuality@3] File [C:/Unreal Projects/AsteroidRemake/Saved/Config/Windows/Scalability.ini]
[2023.08.27-20.15.08:770][  0]LogConfig: Setting CVar [[foliage.DensityScale:1.0]]
[2023.08.27-20.15.08:770][  0]LogConfig: Setting CVar [[grass.DensityScale:1.0]]
[2023.08.27-20.15.08:770][  0]LogConfig: Applying CVar settings from Section [ShadingQuality@3] File [C:/Unreal Projects/AsteroidRemake/Saved/Config/Windows/Scalability.ini]
[2023.08.27-20.15.08:770][  0]LogConfig: Setting CVar [[r.HairStrands.SkyLighting.IntegrationType:2]]
[2023.08.27-20.15.08:770][  0]LogConfig: Setting CVar [[r.HairStrands.SkyAO.SampleCount:4]]
[2023.08.27-20.15.08:770][  0]LogConfig: Setting CVar [[r.HairStrands.Visibility.MSAA.SamplePerPixel:4]]
[2023.08.27-20.15.08:770][  0]LogConfig: Applying CVar settings from Section [Startup] File [../../../Engine/Config/ConsoleVariables.ini]
[2023.08.27-20.15.08:771][  0]LogConfig: Setting CVar [[net.UseAdaptiveNetUpdateFrequency:0]]
[2023.08.27-20.15.08:771][  0]LogConfig: Setting CVar [[p.chaos.AllowCreatePhysxBodies:1]]
[2023.08.27-20.15.08:771][  0]LogConfig: Setting CVar [[fx.SkipVectorVMBackendOptimizations:1]]
[2023.08.27-20.15.08:771][  0]LogConfig: Applying CVar settings from Section [ConsoleVariables] File [C:/Unreal Projects/AsteroidRemake/Saved/Config/Windows/Engine.ini]
[2023.08.27-20.15.08:771][  0]LogConfig: Applying CVar settings from Section [ConsoleVariables] File [C:/Unreal Projects/AsteroidRemake/Saved/Config/Windows/Editor.ini]
[2023.08.27-20.15.08:771][  0]LogInit: Computer: DESKTOP-V6GCTTP
[2023.08.27-20.15.08:771][  0]LogInit: User: home
[2023.08.27-20.15.08:771][  0]LogInit: CPU Page size=4096, Cores=8
[2023.08.27-20.15.08:771][  0]LogInit: High frequency timer resolution =10.000000 MHz
[2023.08.27-20.15.08:771][  0]LogMemory: Memory total: Physical=31.9GB (32GB approx)
[2023.08.27-20.15.08:771][  0]LogMemory: Platform Memory Stats for Windows
[2023.08.27-20.15.08:771][  0]LogMemory: Process Physical Memory: 148.56 MB used, 152.18 MB peak
[2023.08.27-20.15.08:771][  0]LogMemory: Process Virtual Memory: 129.34 MB used, 129.34 MB peak
[2023.08.27-20.15.08:771][  0]LogMemory: Physical Memory: 11089.87 MB used,  21595.75 MB free, 32685.62 MB total
[2023.08.27-20.15.08:771][  0]LogMemory: Virtual Memory: 134196888.00 MB used,  20836.27 MB free, 134217728.00 MB total
[2023.08.27-20.15.08:775][  0]LogWindows: WindowsPlatformFeatures enabled
[2023.08.27-20.15.08:804][  0]LogInit: Physics initialised using underlying interface: PhysX
[2023.08.27-20.15.08:804][  0]LogInit: Overriding language with editor language configuration option (en).
[2023.08.27-20.15.08:804][  0]LogInit: Overriding language with editor locale configuration option (en).
[2023.08.27-20.15.08:942][  0]LogInit: Setting process to per monitor DPI aware
[2023.08.27-20.15.08:950][  0]LogWindowsTextInputMethodSystem: Display: IME system deactivated.
[2023.08.27-20.15.08:958][  0]LogSlate: New Slate User Created.  User Index 0, Is Virtual User: 0
[2023.08.27-20.15.08:958][  0]LogSlate: Slate User Registered.  User Index 0, Is Virtual User: 0
[2023.08.27-20.15.09:096][  0]LogD3D11RHI: Loaded GFSDK_Aftermath_Lib.x64.dll
[2023.08.27-20.15.09:098][  0]LogHMD: Failed to initialize OpenVR with code 110
[2023.08.27-20.15.09:098][  0]LogD3D11RHI: D3D11 min allowed feature level: 11_0
[2023.08.27-20.15.09:098][  0]LogD3D11RHI: D3D11 max allowed feature level: 11_0
[2023.08.27-20.15.09:098][  0]LogD3D11RHI: D3D11 adapters:
[2023.08.27-20.15.09:205][  0]LogD3D11RHI:    0. 'NVIDIA GeForce RTX 3060' (Feature Level 11_0)
[2023.08.27-20.15.09:205][  0]LogD3D11RHI:       12124/0/16342 MB DedicatedVideo/DedicatedSystem/SharedSystem, Outputs:1, VendorId:0x10de
[2023.08.27-20.15.09:207][  0]LogD3D11RHI:    1. 'Microsoft Basic Render Driver' (Feature Level 11_0)
[2023.08.27-20.15.09:207][  0]LogD3D11RHI:       0/0/16342 MB DedicatedVideo/DedicatedSystem/SharedSystem, Outputs:0, VendorId:0x1414
[2023.08.27-20.15.09:207][  0]LogD3D11RHI: Chosen D3D11 Adapter:
[2023.08.27-20.15.09:207][  0]LogD3D11RHI:     Description : NVIDIA GeForce RTX 3060
[2023.08.27-20.15.09:207][  0]LogD3D11RHI:     VendorId    : 10de
[2023.08.27-20.15.09:207][  0]LogD3D11RHI:     DeviceId    : 2487
[2023.08.27-20.15.09:207][  0]LogD3D11RHI:     SubSysId    : 263019da
[2023.08.27-20.15.09:207][  0]LogD3D11RHI:     Revision    : 00a1
[2023.08.27-20.15.09:207][  0]LogD3D11RHI:     DedicatedVideoMemory : 12712935424 bytes
[2023.08.27-20.15.09:207][  0]LogD3D11RHI:     DedicatedSystemMemory : 0 bytes
[2023.08.27-20.15.09:207][  0]LogD3D11RHI:     SharedSystemMemory : 17136678912 bytes
[2023.08.27-20.15.09:207][  0]LogD3D11RHI:     AdapterLuid : 0 52086
[2023.08.27-20.15.09:212][  0]LogD3D11RHI: Creating new Direct3DDevice
[2023.08.27-20.15.09:212][  0]LogD3D11RHI:     GPU DeviceId: 0x2487 (for the marketing name, search the web for "GPU Device Id")
[2023.08.27-20.15.09:212][  0]LogWindows: EnumDisplayDevices:
[2023.08.27-20.15.09:212][  0]LogWindows:    0. 'NVIDIA GeForce RTX 3060' (P:1 D:1)
[2023.08.27-20.15.09:212][  0]LogWindows:    1. 'NVIDIA GeForce RTX 3060' (P:0 D:0)
[2023.08.27-20.15.09:212][  0]LogWindows:    2. 'NVIDIA GeForce RTX 3060' (P:0 D:0)
[2023.08.27-20.15.09:212][  0]LogWindows:    3. 'NVIDIA GeForce RTX 3060' (P:0 D:0)
[2023.08.27-20.15.09:212][  0]LogWindows: DebugString: FoundDriverCount:4 
[2023.08.27-20.15.09:212][  0]LogD3D11RHI:     Adapter Name: NVIDIA GeForce RTX 3060
[2023.08.27-20.15.09:212][  0]LogD3D11RHI:   Driver Version: 536.23 (internal:31.0.15.3623, unified:536.23)
[2023.08.27-20.15.09:212][  0]LogD3D11RHI:      Driver Date: 6-8-2023
[2023.08.27-20.15.09:212][  0]LogRHI: Texture pool is 8486 MB (70% of 12124 MB)
[2023.08.27-20.15.09:212][  0]LogD3D11RHI: Creating D3DDevice using adapter:
[2023.08.27-20.15.09:212][  0]LogD3D11RHI:     Description : NVIDIA GeForce RTX 3060
[2023.08.27-20.15.09:212][  0]LogD3D11RHI:     VendorId    : 10de
[2023.08.27-20.15.09:212][  0]LogD3D11RHI:     DeviceId    : 2487
[2023.08.27-20.15.09:212][  0]LogD3D11RHI:     SubSysId    : 263019da
[2023.08.27-20.15.09:212][  0]LogD3D11RHI:     Revision    : 00a1
[2023.08.27-20.15.09:212][  0]LogD3D11RHI:     DedicatedVideoMemory : 12712935424 bytes
[2023.08.27-20.15.09:212][  0]LogD3D11RHI:     DedicatedSystemMemory : 0 bytes
[2023.08.27-20.15.09:212][  0]LogD3D11RHI:     SharedSystemMemory : 17136678912 bytes
[2023.08.27-20.15.09:213][  0]LogD3D11RHI:     AdapterLuid : 0 52086
[2023.08.27-20.15.09:294][  0]LogD3D11RHI: RHI has support for 64 bit atomics
[2023.08.27-20.15.09:294][  0]LogD3D11RHI: Async texture creation enabled
[2023.08.27-20.15.09:294][  0]LogD3D11RHI: Array index from any shader is supported
[2023.08.27-20.15.09:311][  0]LogD3D11RHI: GPU Timing Frequency: 1000.000000 (Debug: 2 1)
[2023.08.27-20.15.09:331][  0]LogRHI: GeForceNow SDK initialized: 1
[2023.08.27-20.15.09:538][  0]LogTargetPlatformManager: Display: Loaded TargetPlatform 'AllDesktop'
[2023.08.27-20.15.09:554][  0]LogTargetPlatformManager: Display: Loaded TargetPlatform 'Android'
[2023.08.27-20.15.09:554][  0]LogTargetPlatformManager: Display: Loaded TargetPlatform 'Android_ASTC'
[2023.08.27-20.15.09:554][  0]LogTargetPlatformManager: Display: Loaded TargetPlatform 'Android_DXT'
[2023.08.27-20.15.09:554][  0]LogTargetPlatformManager: Display: Loaded TargetPlatform 'Android_ETC2'
[2023.08.27-20.15.09:554][  0]LogTargetPlatformManager: Display: Loaded TargetPlatform 'AndroidClient'
[2023.08.27-20.15.09:554][  0]LogTargetPlatformManager: Display: Loaded TargetPlatform 'Android_ASTCClient'
[2023.08.27-20.15.09:554][  0]LogTargetPlatformManager: Display: Loaded TargetPlatform 'Android_DXTClient'
[2023.08.27-20.15.09:554][  0]LogTargetPlatformManager: Display: Loaded TargetPlatform 'Android_ETC2Client'
[2023.08.27-20.15.09:554][  0]LogTargetPlatformManager: Display: Loaded TargetPlatform 'Android_Multi'
[2023.08.27-20.15.09:554][  0]LogTargetPlatformManager: Display: Loaded TargetPlatform 'Android_MultiClient'
[2023.08.27-20.15.09:567][  0]LogTargetPlatformManager: Display: Loaded TargetPlatform 'IOSClient'
[2023.08.27-20.15.09:567][  0]LogTargetPlatformManager: Display: Loaded TargetPlatform 'IOS'
[2023.08.27-20.15.09:574][  0]LogTargetPlatformManager: Display: Loaded TargetPlatform 'Linux'
[2023.08.27-20.15.09:577][  0]LogTargetPlatformManager: Display: Loaded TargetPlatform 'LinuxNoEditor'
[2023.08.27-20.15.09:580][  0]LogTargetPlatformManager: Display: Loaded TargetPlatform 'LinuxClient'
[2023.08.27-20.15.09:583][  0]LogTargetPlatformManager: Display: Loaded TargetPlatform 'LinuxServer'
[2023.08.27-20.15.09:590][  0]LogTargetPlatformManager: Display: Loaded TargetPlatform 'LinuxAArch64NoEditor'
[2023.08.27-20.15.09:593][  0]LogTargetPlatformManager: Display: Loaded TargetPlatform 'LinuxAArch64Client'
[2023.08.27-20.15.09:596][  0]LogTargetPlatformManager: Display: Loaded TargetPlatform 'LinuxAArch64Server'
[2023.08.27-20.15.09:613][  0]LogTargetPlatformManager: Display: Loaded TargetPlatform 'Lumin'
[2023.08.27-20.15.09:613][  0]LogTargetPlatformManager: Display: Loaded TargetPlatform 'LuminClient'
[2023.08.27-20.15.09:619][  0]LogTargetPlatformManager: Display: Loaded TargetPlatform 'MacNoEditor'
[2023.08.27-20.15.09:622][  0]LogTargetPlatformManager: Display: Loaded TargetPlatform 'Mac'
[2023.08.27-20.15.09:626][  0]LogTargetPlatformManager: Display: Loaded TargetPlatform 'MacClient'
[2023.08.27-20.15.09:629][  0]LogTargetPlatformManager: Display: Loaded TargetPlatform 'MacServer'
[2023.08.27-20.15.09:636][  0]LogTargetPlatformManager: Display: Loaded TargetPlatform 'TVOSClient'
[2023.08.27-20.15.09:636][  0]LogTargetPlatformManager: Display: Loaded TargetPlatform 'TVOS'
[2023.08.27-20.15.09:643][  0]LogTargetPlatformManager: Display: Loaded TargetPlatform 'WindowsNoEditor'
[2023.08.27-20.15.09:646][  0]LogTargetPlatformManager: Display: Loaded TargetPlatform 'Windows'
[2023.08.27-20.15.09:649][  0]LogTargetPlatformManager: Display: Loaded TargetPlatform 'WindowsClient'
[2023.08.27-20.15.09:652][  0]LogTargetPlatformManager: Display: Loaded TargetPlatform 'WindowsServer'
[2023.08.27-20.15.09:652][  0]LogTargetPlatformManager: Display: Building Assets For Windows
[2023.08.27-20.15.09:657][  0]LogAudioDebug: Display: Lib vorbis DLL was dynamically loaded.
[2023.08.27-20.15.09:677][  0]LogTextureFormatOodle: Display: Oodle Texture 2.9.0 init RDO Off
[2023.08.27-20.15.09:700][  0]LogRendererCore: Ray tracing is disabled. Reason: r.RayTracing=0.
[2023.08.27-20.15.09:700][  0]LogShaderCompilers: Guid format shader working directory is 11 characters bigger than the processId version (C:/Unreal Projects/AsteroidRemake/Intermediate/Shaders/WorkingDirectory/37080/).
[2023.08.27-20.15.09:700][  0]LogShaderCompilers: Cleaned the shader compiler working directory 'C:/Users/home/AppData/Local/Temp/UnrealShaderWorkingDir/E6EC48CD4D37C7E5933B91A33AEAAAD6/'.
[2023.08.27-20.15.09:700][  0]LogXGEController: Cannot use XGE Controller as Incredibuild is not installed on this machine.
[2023.08.27-20.15.09:700][  0]LogShaderCompilers: Cannot use XGE Shader Compiler as Incredibuild is not installed on this machine.
[2023.08.27-20.15.09:700][  0]LogShaderCompilers: Display: Using Local Shader Compiler.
[2023.08.27-20.15.10:290][  0]LogDerivedDataCache: Display: Max Cache Size: 512 MB
[2023.08.27-20.15.10:332][  0]LogDerivedDataCache: Loaded boot cache 0.04s 94MB C:/Users/home/AppData/Local/UnrealEngine/4.27/DerivedDataCache/Boot.ddc.
[2023.08.27-20.15.10:332][  0]LogDerivedDataCache: Display: Loaded Boot cache: C:/Users/home/AppData/Local/UnrealEngine/4.27/DerivedDataCache/Boot.ddc
[2023.08.27-20.15.10:332][  0]LogDerivedDataCache: FDerivedDataBackendGraph:  Pak pak cache file C:/Unreal Projects/AsteroidRemake/DerivedDataCache/DDC.ddp not found, will not use a pak cache.
[2023.08.27-20.15.10:332][  0]LogDerivedDataCache: Unable to find inner node Pak for hierarchical cache Hierarchy.
[2023.08.27-20.15.10:332][  0]LogDerivedDataCache: FDerivedDataBackendGraph:  CompressedPak pak cache file C:/Unreal Projects/AsteroidRemake/DerivedDataCache/Compressed.ddp not found, will not use a pak cache.
[2023.08.27-20.15.10:332][  0]LogDerivedDataCache: Unable to find inner node CompressedPak for hierarchical cache Hierarchy.
[2023.08.27-20.15.10:344][  0]LogDerivedDataCache: Display: Pak cache opened for reading ../../../Engine/DerivedDataCache/Compressed.ddp.
[2023.08.27-20.15.10:344][  0]LogDerivedDataCache: FDerivedDataBackendGraph:  EnterprisePak pak cache file ../../../Enterprise/DerivedDataCache/Compressed.ddp not found, will not use a pak cache.
[2023.08.27-20.15.10:344][  0]LogDerivedDataCache: Unable to find inner node EnterprisePak for hierarchical cache Hierarchy.
[2023.08.27-20.15.10:351][  0]LogDerivedDataCache: Speed tests for C:/Users/home/AppData/Local/UnrealEngine/Common/DerivedDataCache took 0.01 seconds
[2023.08.27-20.15.10:351][  0]LogDerivedDataCache: Display: Performance to C:/Users/home/AppData/Local/UnrealEngine/Common/DerivedDataCache: Latency=0.02ms. RandomReadSpeed=1698.06MBs, RandomWriteSpeed=169.01MBs. Assigned SpeedClass 'Local'
[2023.08.27-20.15.10:352][  0]LogDerivedDataCache: Using Local data cache path C:/Users/home/AppData/Local/UnrealEngine/Common/DerivedDataCache: Writable
[2023.08.27-20.15.10:352][  0]LogDerivedDataCache: Shared data cache path not found in *engine.ini, will not use an Shared cache.
[2023.08.27-20.15.10:352][  0]LogDerivedDataCache: Unable to find inner node Shared for hierarchical cache Hierarchy.
[2023.08.27-20.15.10:387][  0]LogSlate: Using FreeType 2.10.0
[2023.08.27-20.15.10:388][  0]LogSlate: SlateFontServices - WITH_FREETYPE: 1, WITH_HARFBUZZ: 1
[2023.08.27-20.15.10:404][  0]LogAssetRegistry: FAssetRegistry took 0.0018 seconds to start up
[2023.08.27-20.15.10:571][  0]LogInit: Selected Device Profile: [Windows]
[2023.08.27-20.15.10:571][  0]LogInit: Active device profile: [00000257B96CD300][00000257B7EAC880 49] Windows
[2023.08.27-20.15.10:571][  0]LogInit: Profiles: [00000257B96CD300][00000257B7EAC880 49] Windows, [00000257B9677000][00000257B7EB0A00 49] WindowsNoEditor, [00000257B96CE500][00000257B7EB4B80 49] WindowsServer, [00000257B9677E00][00000257B7EB8D00 49] WindowsClient, [00000257B96CF200][00000257B7EBCE80 49] IOS, [00000257B9675300][00000257B7EC1000 49] iPadAir, [00000257B96CE900][00000257B7EC5180 49] iPadAir2, [00000257B961DC00][00000257B7ECD440 49] IPadPro, [00000257B961DD00][00000257B7EC9480 49] iPadAir3, [00000257B9675800][00000257B7ED1600 49] iPadAir4, [00000257B961EC00][00000257B7ED5780 49] iPadMini2, [00000257B9675F00][00000257B7EDD900 49] iPadMini3, [00000257B961CB00][00000257B7EE1A80 49] iPadMini4, [00000257B9677400][00000257B7EE5C00 49] iPadMini5, [00000257B9645300][00000257AFE00340 49] iPhone6, [00000257B9645400][00000257AFDFC380 49] iPodTouch6, [00000257B96CD600][00000257B7EA8600 49] iPhone7, [00000257B96CEB00][00000257AAAC6640 49] iPodTouch7, [00000257B961FB00][00000257B7CF0780 49] iPhone5S, [00000257B96CD800][00000257B7CF48C0 49] iPhone6Plus, [00000257B961F000][00000257B7CFCA40 49] iPhone6S, [00000257B96CE800][00000257B7D04BC0 49] iPhone6SPlus, [00000257B961D500][00000257B7BA6D40 49] iPhone7Plus, [00000257B96CC100][00000257B7BAEEC0 49] iPhoneSE, [00000257B961C200][00000257B7BB3040 49] iPhone8, [00000257B96CD700][00000257B7BB71C0 49] iPhone8Plus, [00000257B9644100][00000257B7BBB340 49] iPhoneX, [00000257B961D800][00000257B7BC74C0 49] iPhoneXS, [00000257B9644C00][00000257B7BDB640 49] iPhoneXSMax, [00000257B961F800][00000257B7BE97C0 49] iPhoneXR, [00000257B9647D00][00000257B7BED940 49] iPhone11, [00000257B961E800][00000257B919BAC0 49] iPhone11Pro, [00000257B9647800][00000257B919E0C0 49] iPhone11ProMax, [00000257B961CC00][00000257B91C2240 49] iPhoneSE2, [00000257B9646900][00000257AFF203C0 49] iPhone12Mini, [00000257B961FF00][00000257AFF24540 49] iPhone12, [00000257B96CCA00][00000257AFF286C0 49] iPhone12Pro, [00000257B961FE00][00000257B7CF8800 49] iPhone12ProMax, [00000257B96CC700][00000257AFDEA940 49] iPadPro105, [00000257B961D100][00000257AFDEEA80 49] iPadPro129, [00000257B96CEE00][00000257AFDF2BC0 49] iPadPro97, [00000257B961D300][00000257BA6FAD40 49] iPadPro2_129, [00000257B96CC800][00000257B92F6EC0 49] iPad5, [00000257B961ED00][00000257BA703040 49] iPad6, [00000257B96CFD00][00000257BA7071C0 49] iPad7, [00000257B961D200][00000257BA70B340 49] iPad8, [00000257B96CDE00][00000257AFF314C0 49] iPadPro11, [00000257B961E500][00000257AFF39640 49] iPadPro2_11, [00000257B96CF700][00000257AFF3D7C0 49] iPadPro3_129, [00000257B961D900][00000257AF633940 49] iPadPro4_129, [00000257B96CD100][00000257AFF4DAC0 49] AppleTV, [00000257B961D600][00000257AFF500C0 49] AppleTV4K, [00000257B96CEA00][00000257AF63C240 49] TVOS, [00000257B961FA00][00000257B7C6E3C0 49] Mac, [00000257B96CD000][00000257B7C72540 49] MacClient, [00000257B961E400][00000257B7C766C0 49] MacNoEditor, [00000257B96CD900][00000257B7C7A840 49] MacServer, [00000257B961C500][00000257AFDF6980 49] Linux, [00000257B96CC400][00000257B9272AC0 49] LinuxAArch64, [00000257B961DA00][00000257B9276C00 49] LinuxNoEditor, [00000257B96CDF00][00000257B927AD40 49] LinuxAArch64NoEditor, [00000257B961FC00][00000257B7C88EC0 49] LinuxClient, [00000257B96CF000][00000257B7C8D040 49] LinuxAArch64Client, [00000257B961F400][00000257B7C911C0 49] LinuxServer, [00000257B96CE200][00000257B7C9D340 49] LinuxAArch64Server, [00000257B961E200][00000257AFDAD4C0 49] Android, [00000257B96CF900][00000257AFDB1640 49] Android_Low, [00000257B961C600][00000257AFDB57C0 49] Android_Mid, [00000257B96CED00][00000257B7CA1940 49] Android_High, [00000257B961E300][00000257B7CA5AC0 49] Android_Default, [00000257B96CFC00][00000257B7CA80C0 49] Android_Adreno4xx, [00000257B961EB00][00000257B7CB6240 49] Android_Adreno5xx_Low, [00000257B96CC600][00000257B91A23C0 49] Android_Adreno5xx, [00000257B961E700][00000257B91A6540 49] Android_Adreno6xx, [00000257B96CE600][00000257AFDB86C0 49] Android_Adreno6xx_Vulkan, [00000257B961EA00][00000257B7CAC840 49] Android_Mali_T6xx, [00000257B96CCF00][00000257B91AA9C0 49] Android_Mali_T7xx, [00000257B961DE00][00000257B91AEB40 49] Android_Mali_T8xx, [00000257B96CE400][00000257B7C84C80 49] Android_Mali_G71, [00000257B961C100][00000257B91BEDC0 49] Android_Mali_G72, [00000257B96CFA00][00000257BA6D8F00 49] Android_Mali_G72_Vulkan, [00000257B961EF00][00000257BA6E1080 49] Android_Mali_G76, [00000257B96CC200][00000257BA6E5200 49] Android_Mali_G76_Vulkan, [00000257B9674F00][00000257BA6E9380 49] Android_Mali_G77, [00000257B9646100][00000257AFF35500 49] Android_Mali_G77_Vulkan, [00000257B9674D00][00000257BA6FF680 49] Android_Mali_G78, [00000257B9647400][00000257B92FB800 49] Android_Mali_G78_Vulkan, [00000257B9674400][00000257B7BBF980 49] Android_Mali_G710, [00000257B9647100][00000257B7BC3B00 49] Android_Mali_G710_Vulkan, [00000257B9674E00][00000257BA6EC100 49] Android_Vulkan_SM5, [00000257B9647A00][00000257BA6F0280 49] Android_PowerVR_G6xxx, [00000257B9676A00][00000257BA6F4400 49] Android_PowerVR_GT7xxx, [00000257B9646F00][00000257B9152580 49] Android_PowerVR_GE8xxx, [00000257B9676900][00000257B9156700 49] Android_PowerVR_GM9xxx, [00000257B9645F00][00000257B915A880 49] Android_PowerVR_GM9xxx_Vulkan, [00000257B9677800][00000257B915EA00 49] Android_TegraK1, [00000257B9644300][00000257B9162B80 49] Android_Unknown_Vulkan, [00000257B9674C00][00000257B9166D00 49] Lumin, [00000257B9646E00][00000257BA6DCE40 49] Lumin_Desktop, [00000257B9676400][00000257B916AF80 49] HoloLens, 
[2023.08.27-20.15.10:667][  0]LogMeshReduction: Using QuadricMeshReduction for automatic static mesh reduction
[2023.08.27-20.15.10:667][  0]LogMeshReduction: Using SimplygonMeshReduction for automatic skeletal mesh reduction
[2023.08.27-20.15.10:667][  0]LogMeshReduction: Using ProxyLODMeshReduction for automatic mesh merging
[2023.08.27-20.15.10:667][  0]LogMeshReduction: No distributed automatic mesh merging module available
[2023.08.27-20.15.10:667][  0]LogMeshMerging: No distributed automatic mesh merging module available
[2023.08.27-20.15.10:678][  0]LogNetVersion: AsteroidRemake 1.0.0, NetCL: 17155196, EngineNetVer: 17, GameNetVer: 0 (Checksum: 3258840638)
[2023.08.27-20.15.10:948][  0]LogTexture: Default maximum texture size for cubemaps generated from long-lat sources has been changed from 512 to unlimited. In order to preserve old behaiour for '/Engine/MapTemplates/Sky/DaylightAmbientCubemap.DaylightAmbientCubemap', its maximum texture size has been explicitly set to 512.
[2023.08.27-20.15.10:987][  0]LogHMD: PokeAHoleMaterial loaded successfully
[2023.08.27-20.15.10:992][  0]LogUObjectArray: 17178 objects as part of root set at end of initial load.
[2023.08.27-20.15.10:992][  0]LogUObjectAllocator: 4302048 out of 0 bytes used by permanent object pool.
[2023.08.27-20.15.10:992][  0]LogUObjectArray: CloseDisregardForGC: 0/0 objects in disregard for GC pool
[2023.08.27-20.15.11:236][  0]LogPython: Using Python 3.7.7
[2023.08.27-20.15.11:638][  0]LogNiagaraDebuggerClient: Niagara Debugger Client Initialized | Session: 3866776E4D6FC004452AAD9FAB2BE8B0 | Instance: 875D531949F8CE9FD34A76B53FC72E0F (DESKTOP-V6GCTTP-37080).
[2023.08.27-20.15.11:677][  0]LogUdpMessaging: Initializing bridge on interface 0.0.0.0:0 to multicast group 230.0.0.1:6666.
[2023.08.27-20.15.11:682][  0]LogTcpMessaging: Initializing TcpMessaging bridge
