Log file open, 08/27/23 18:13:06
LogWindows: Failed to load 'aqProf.dll' (GetLastError=126)
LogWindows: File 'aqProf.dll' does not exist
LogWindows: Failed to load 'VtuneApi.dll' (GetLastError=126)
LogWindows: File 'VtuneApi.dll' does not exist
LogWindows: Failed to load 'VtuneApi32e.dll' (GetLastError=126)
LogWindows: File 'VtuneApi32e.dll' does not exist
LogConsoleResponse: Display: Failed to find resolution value strings in scalability ini. Falling back to default.
LogConsoleResponse: Display: Failed to find resolution value strings in scalability ini. Falling back to default.
LogInit: Display: Running engine for game: AsteroidRemake
LogPlatformFile: Not using cached read wrapper
LogTaskGraph: Started task graph with 5 named threads and 47 total threads with 3 sets of task threads.
LogStats: Stats thread started at 1.052205
LogICUInternationalization: ICU TimeZone Detection - Raw Offset: -3:00, Platform Override: ''
LogInit: Display: Loading text-based GConfig....
LogPluginManager: Mounting plugin MeshPainting
LogPluginManager: Mounting plugin XGEController
LogPluginManager: Mounting plugin Paper2D
LogPluginManager: Mounting plugin LightPropagationVolume
LogPluginManager: Mounting plugin AnimationSharing
LogPluginManager: Mounting plugin CameraShakePreviewer
LogPluginManager: Mounting plugin GameplayCameras
LogPluginManager: Mounting plugin LiveLink
LogPluginManager: Mounting plugin AISupport
LogPluginManager: Mounting plugin EnvironmentQueryEditor
LogPluginManager: Mounting plugin DatasmithContent
LogPluginManager: Mounting plugin CLionSourceCodeAccess
LogPluginManager: Mounting plugin CodeLiteSourceCodeAccess
LogPluginManager: Mounting plugin GitSourceControl
LogPluginManager: Mounting plugin PerforceSourceControl
LogPluginManager: Mounting plugin PlasticSourceControl
LogPluginManager: Mounting plugin KDevelopSourceCodeAccess
LogPluginManager: Mounting plugin VariantManagerContent
LogPluginManager: Mounting plugin PixWinPlugin
LogPluginManager: Mounting plugin AlembicImporter
LogPluginManager: Mounting plugin NullSourceCodeAccess
LogPluginManager: Mounting plugin PluginUtils
LogPluginManager: Mounting plugin PropertyAccessNode
LogPluginManager: Mounting plugin RiderSourceCodeAccess
LogPluginManager: Mounting plugin SubversionSourceControl
LogPluginManager: Mounting plugin TextureFormatOodle
LogPluginManager: Mounting plugin UObjectPlugin
LogPluginManager: Mounting plugin VisualStudioSourceCodeAccess
LogPluginManager: Mounting plugin VisualStudioCodeSourceCodeAccess
LogPluginManager: Mounting plugin XCodeSourceCodeAccess
LogPluginManager: Mounting plugin BackChannel
LogPluginManager: Mounting plugin AutomationUtils
LogPluginManager: Mounting plugin ChaosCloth
LogPluginManager: Mounting plugin ChaosClothEditor
LogPluginManager: Mounting plugin ChaosEditor
LogPluginManager: Mounting plugin ChaosSolverPlugin
LogPluginManager: Mounting plugin CharacterAI
LogPluginManager: Mounting plugin GeometryCache
LogPluginManager: Mounting plugin GeometryCollectionPlugin
LogPluginManager: Mounting plugin GeometryProcessing
LogPluginManager: Mounting plugin ChaosNiagara
LogPluginManager: Mounting plugin MotoSynth
LogPluginManager: Mounting plugin OpenImageDenoise
LogPluginManager: Mounting plugin PlanarCut
LogPluginManager: Mounting plugin PlatformCrypto
LogPluginManager: Mounting plugin ProxyLODPlugin
LogPluginManager: Mounting plugin SkeletalReduction
LogPluginManager: Mounting plugin OodleData
LogPluginManager: Mounting plugin OodleNetwork
LogPluginManager: Mounting plugin Niagara
LogPluginManager: Mounting plugin AssetManagerEditor
LogPluginManager: Mounting plugin AndroidMedia
LogPluginManager: Mounting plugin AvfMedia
LogPluginManager: Mounting plugin TcpMessaging
LogPluginManager: Mounting plugin UdpMessaging
LogPluginManager: Mounting plugin PythonScriptPlugin
LogPluginManager: Mounting plugin LuminPlatformFeatures
LogPluginManager: Mounting plugin MagicLeap
LogPluginManager: Mounting plugin CryptoKeys
LogPluginManager: Mounting plugin CurveEditorTools
LogPluginManager: Mounting plugin DataValidation
LogPluginManager: Mounting plugin FacialAnimation
LogPluginManager: Mounting plugin GameplayTagsEditor
LogPluginManager: Mounting plugin GeometryMode
LogPluginManager: Mounting plugin MagicLeapMedia
LogPluginManager: Mounting plugin MacGraphicsSwitching
LogPluginManager: Mounting plugin ImgMedia
LogPluginManager: Mounting plugin MaterialAnalyzer
LogPluginManager: Mounting plugin MobileLauncherProfileWizard
LogPluginManager: Mounting plugin MediaCompositing
LogPluginManager: Mounting plugin MediaPlayerEditor
LogPluginManager: Mounting plugin WebMMedia
LogPluginManager: Mounting plugin ActorSequence
LogPluginManager: Mounting plugin LevelSequenceEditor
LogPluginManager: Mounting plugin MatineeToLevelSequence
LogPluginManager: Mounting plugin MagicLeapPassableWorld
LogPluginManager: Mounting plugin OnlineSubsystem
LogPluginManager: Mounting plugin WmfMedia
LogPluginManager: Mounting plugin OnlineSubsystemNull
LogPluginManager: Mounting plugin MLSDK
LogPluginManager: Mounting plugin OnlineSubsystemUtils
LogPluginManager: Mounting plugin SpeedTreeImporter
LogPluginManager: Mounting plugin ActorLayerUtilities
LogPluginManager: Mounting plugin TemplateSequence
LogPluginManager: Mounting plugin AndroidDeviceProfileSelector
LogPluginManager: Mounting plugin MagicLeapLightEstimation
LogPluginManager: Mounting plugin PluginBrowser
LogPluginManager: Mounting plugin AndroidMoviePlayer
LogPluginManager: Mounting plugin AndroidPermission
LogPluginManager: Mounting plugin AppleImageUtils
LogPluginManager: Mounting plugin AppleMoviePlayer
LogPluginManager: Mounting plugin ArchVisCharacter
LogPluginManager: Mounting plugin AssetTags
LogPluginManager: Mounting plugin AudioCapture
LogPluginManager: Mounting plugin AudioSynesthesia
LogPluginManager: Mounting plugin ChunkDownloader
LogPluginManager: Mounting plugin CableComponent
LogPluginManager: Mounting plugin CustomMeshComponent
LogPluginManager: Mounting plugin ExampleDeviceProfileSelector
LogPluginManager: Mounting plugin EditableMesh
LogPluginManager: Mounting plugin GoogleCloudMessaging
LogPluginManager: Mounting plugin GooglePAD
LogPluginManager: Mounting plugin IOSDeviceProfileSelector
LogPluginManager: Mounting plugin LinuxDeviceProfileSelector
LogPluginManager: Mounting plugin LocationServicesBPLibrary
LogPluginManager: Mounting plugin MobilePatchingUtils
LogPluginManager: Mounting plugin OpenXR
LogPluginManager: Mounting plugin OpenXREyeTracker
LogPluginManager: Mounting plugin OpenXRHandTracking
LogPluginManager: Mounting plugin PhysXVehicles
LogPluginManager: Mounting plugin PostSplashScreen
LogPluginManager: Mounting plugin ProceduralMeshComponent
LogPluginManager: Mounting plugin PropertyAccessEditor
LogPluginManager: Mounting plugin RuntimePhysXCooking
LogPluginManager: Mounting plugin SignificanceManager
LogPluginManager: Mounting plugin SoundFields
LogPluginManager: Mounting plugin LauncherChunkInstaller
LogPluginManager: Mounting plugin Synthesis
LogPluginManager: Mounting plugin ScreenshotTools
LogPluginManager: Mounting plugin WebMMoviePlayer
LogPluginManager: Mounting plugin WindowsMoviePlayer
LogPluginManager: Mounting plugin Takes
LogPluginManager: Mounting plugin ContentBrowserAssetDataSource
LogPluginManager: Mounting plugin ContentBrowserClassDataSource
LogPluginManager: Mounting plugin ContentBrowserFileDataSource
LogPluginManager: Mounting plugin OnlineSubsystemGooglePlay
LogPluginManager: Mounting plugin OnlineSubsystemIOS
LogPluginManager: Mounting plugin OculusVR
LogPluginManager: Mounting plugin SteamVR
PixWinPlugin: PIX capture plugin failed to initialize! Check that the process is launched from PIX.
LogInit: Using libcurl 7.55.1-DEV
LogInit:  - built for x86_64-pc-win32
LogInit:  - supports SSL with OpenSSL/1.1.1
LogInit:  - supports HTTP deflate (compression) using libz 1.2.8
LogInit:  - other features:
LogInit:      CURL_VERSION_SSL
LogInit:      CURL_VERSION_LIBZ
LogInit:      CURL_VERSION_IPV6
LogInit:      CURL_VERSION_ASYNCHDNS
LogInit:      CURL_VERSION_LARGEFILE
LogInit:      CURL_VERSION_IDN
LogInit:  CurlRequestOptions (configurable via config and command line):
LogInit:  - bVerifyPeer = true  - Libcurl will verify peer certificate
LogInit:  - bUseHttpProxy = false  - Libcurl will NOT use HTTP proxy
LogInit:  - bDontReuseConnections = false  - Libcurl will reuse connections
LogInit:  - MaxHostConnections = 16  - Libcurl will limit the number of connections to a host
LogInit:  - LocalHostAddr = Default
LogInit:  - BufferSize = 65536
LogOnline: OSS: Creating online subsystem instance for: NULL
LogInit: WinSock: version 1.1 (2.2), MaxSocks=32767, MaxUdp=65467
LogOnline: OSS: TryLoadSubsystemAndSetDefault: Loaded subsystem for module [NULL]
LogOculusPluginWrapper: OculusPlugin initialized successfully
LogHMD: Failed initializing OVRPlugin 1.59.0
LogInit: Build: ++UE4+Release-4.27-CL-18319896
LogInit: Engine Version: 4.27.2-18319896+++UE4+Release-4.27
LogInit: Compatible Engine Version: 4.27.0-17155196+++UE4+Release-4.27
LogInit: Net CL: 17155196
LogInit: OS: Windows 10 (Release 2009) (), CPU: Intel(R) Core(TM) i7-10700K CPU @ 3.80GHz, GPU: NVIDIA GeForce RTX 3060
LogInit: Compiled (64-bit): Nov 30 2021 07:12:08
LogInit: Compiled with Visual C++: 19.24.28315.00
LogInit: Build Configuration: Development
LogInit: Branch Name: ++UE4+Release-4.27
LogInit: Command Line: 
LogInit: Base Directory: D:/FORTNITE/UE_4.27/Engine/Binaries/Win64/
LogInit: Allocator: TBB
LogInit: Installed Engine Build: 1
LogDevObjectVersion: Number of dev versions registered: 29
LogDevObjectVersion:   Dev-Blueprints (B0D832E4-1F89-4F0D-ACCF-7EB736FD4AA2): 10
LogDevObjectVersion:   Dev-Build (E1C64328-A22C-4D53-A36C-8E866417BD8C): 0
LogDevObjectVersion:   Dev-Core (375EC13C-06E4-48FB-B500-84F0262A717E): 4
LogDevObjectVersion:   Dev-Editor (E4B068ED-F494-42E9-A231-DA0B2E46BB41): 40
LogDevObjectVersion:   Dev-Framework (CFFC743F-43B0-4480-9391-14DF171D2073): 37
LogDevObjectVersion:   Dev-Mobile (B02B49B5-BB20-44E9-A304-32B752E40360): 3
LogDevObjectVersion:   Dev-Networking (A4E4105C-59A1-49B5-A7C5-40C4547EDFEE): 0
LogDevObjectVersion:   Dev-Online (39C831C9-5AE6-47DC-9A44-9C173E1C8E7C): 0
LogDevObjectVersion:   Dev-Physics (78F01B33-EBEA-4F98-B9B4-84EACCB95AA2): 14
LogDevObjectVersion:   Dev-Platform (6631380F-2D4D-43E0-8009-CF276956A95A): 0
LogDevObjectVersion:   Dev-Rendering (12F88B9F-8875-4AFC-A67C-D90C383ABD29): 45
LogDevObjectVersion:   Dev-Sequencer (7B5AE74C-D270-4C10-A958-57980B212A5A): 13
LogDevObjectVersion:   Dev-VR (D7296918-1DD6-4BDD-9DE2-64A83CC13884): 3
LogDevObjectVersion:   Dev-LoadTimes (C2A15278-BFE7-4AFE-6C17-90FF531DF755): 1
LogDevObjectVersion:   Private-Geometry (6EACA3D4-40EC-4CC1-B786-8BED09428FC5): 3
LogDevObjectVersion:   Dev-AnimPhys (29E575DD-E0A3-4627-9D10-D276232CDCEA): 17
LogDevObjectVersion:   Dev-Anim (AF43A65D-7FD3-4947-9873-3E8ED9C1BB05): 15
LogDevObjectVersion:   Dev-ReflectionCapture (6B266CEC-1EC7-4B8F-A30B-E4D90942FC07): 1
LogDevObjectVersion:   Dev-Automation (0DF73D61-A23F-47EA-B727-89E90C41499A): 1
LogDevObjectVersion:   FortniteMain (601D1886-AC64-4F84-AA16-D3DE0DEAC7D6): 47
LogDevObjectVersion:   FortniteRelease (E7086368-6B23-4C58-8439-1B7016265E91): 1
LogDevObjectVersion:   Dev-Enterprise (9DFFBCD6-494F-0158-E221-12823C92A888): 10
LogDevObjectVersion:   Dev-Niagara (F2AED0AC-9AFE-416F-8664-AA7FFA26D6FC): 1
LogDevObjectVersion:   Dev-Destruction (174F1F0B-B4C6-45A5-B13F-2EE8D0FB917D): 10
LogDevObjectVersion:   Dev-Physics-Ext (35F94A83-E258-406C-A318-09F59610247C): 41
LogDevObjectVersion:   Dev-PhysicsMaterial-Chaos (B68FC16E-8B1B-42E2-B453-215C058844FE): 1
LogDevObjectVersion:   Dev-CineCamera (B2E18506-4273-CFC2-A54E-F4BB758BBA07): 1
LogDevObjectVersion:   Dev-VirtualProduction (64F58936-FD1B-42BA-BA96-7289D5D0FA4E): 1
LogDevObjectVersion:   Dev-MediaFramework (6F0ED827-A609-4895-9C91-998D90180EA4): 2
LogInit: Presizing for max 25165824 objects, including 0 objects not considered by GC, pre-allocating 0 bytes for permanent pool.
LogConfig: Applying CVar settings from Section [/Script/Engine.StreamingSettings] File [C:/Unreal Projects/AsteroidRemake/Saved/Config/Windows/Engine.ini]
LogConfig: Setting CVar [[s.MinBulkDataSizeForAsyncLoading:131072]]
LogConfig: Setting CVar [[s.AsyncLoadingThreadEnabled:0]]
LogConfig: Setting CVar [[s.EventDrivenLoaderEnabled:1]]
LogConfig: Setting CVar [[s.WarnIfTimeLimitExceeded:0]]
LogConfig: Setting CVar [[s.TimeLimitExceededMultiplier:1.5]]
LogConfig: Setting CVar [[s.TimeLimitExceededMinTime:0.005]]
LogConfig: Setting CVar [[s.UseBackgroundLevelStreaming:1]]
LogConfig: Setting CVar [[s.PriorityAsyncLoadingExtraTime:15.0]]
LogConfig: Setting CVar [[s.LevelStreamingActorsUpdateTimeLimit:5.0]]
LogConfig: Setting CVar [[s.PriorityLevelStreamingActorsUpdateExtraTime:5.0]]
LogConfig: Setting CVar [[s.LevelStreamingComponentsRegistrationGranularity:10]]
LogConfig: Setting CVar [[s.UnregisterComponentsTimeLimit:1.0]]
LogConfig: Setting CVar [[s.LevelStreamingComponentsUnregistrationGranularity:5]]
LogConfig: Setting CVar [[s.FlushStreamingOnExit:1]]
LogInit: Object subsystem initialized
LogConfig: Setting CVar [[con.DebugEarlyDefault:1]]
LogConfig: Setting CVar [[r.setres:1280x720]]
[2023.08.27-21.13.13:518][  0]LogConfig: Setting CVar [[r.VSync:0]]
[2023.08.27-21.13.13:518][  0]LogConfig: Setting CVar [[r.RHICmdBypass:0]]
[2023.08.27-21.13.13:518][  0]LogConfig: Applying CVar settings from Section [/Script/Engine.RendererSettings] File [C:/Unreal Projects/AsteroidRemake/Saved/Config/Windows/Engine.ini]
[2023.08.27-21.13.13:518][  0]LogConfig: Setting CVar [[r.GPUCrashDebugging:0]]
[2023.08.27-21.13.13:518][  0]LogConfig: Applying CVar settings from Section [/Script/Engine.RendererOverrideSettings] File [C:/Unreal Projects/AsteroidRemake/Saved/Config/Windows/Engine.ini]
[2023.08.27-21.13.13:518][  0]LogConfig: Applying CVar settings from Section [/Script/Engine.StreamingSettings] File [C:/Unreal Projects/AsteroidRemake/Saved/Config/Windows/Engine.ini]
[2023.08.27-21.13.13:518][  0]LogConfig: Setting CVar [[s.MinBulkDataSizeForAsyncLoading:131072]]
[2023.08.27-21.13.13:518][  0]LogConfig: Setting CVar [[s.AsyncLoadingThreadEnabled:0]]
[2023.08.27-21.13.13:518][  0]LogConfig: Setting CVar [[s.EventDrivenLoaderEnabled:1]]
[2023.08.27-21.13.13:518][  0]LogConfig: Setting CVar [[s.WarnIfTimeLimitExceeded:0]]
[2023.08.27-21.13.13:518][  0]LogConfig: Setting CVar [[s.TimeLimitExceededMultiplier:1.5]]
[2023.08.27-21.13.13:518][  0]LogConfig: Setting CVar [[s.TimeLimitExceededMinTime:0.005]]
[2023.08.27-21.13.13:518][  0]LogConfig: Setting CVar [[s.UseBackgroundLevelStreaming:1]]
[2023.08.27-21.13.13:518][  0]LogConfig: Setting CVar [[s.PriorityAsyncLoadingExtraTime:15.0]]
[2023.08.27-21.13.13:518][  0]LogConfig: Setting CVar [[s.LevelStreamingActorsUpdateTimeLimit:5.0]]
[2023.08.27-21.13.13:518][  0]LogConfig: Setting CVar [[s.PriorityLevelStreamingActorsUpdateExtraTime:5.0]]
[2023.08.27-21.13.13:518][  0]LogConfig: Setting CVar [[s.LevelStreamingComponentsRegistrationGranularity:10]]
[2023.08.27-21.13.13:518][  0]LogConfig: Setting CVar [[s.UnregisterComponentsTimeLimit:1.0]]
[2023.08.27-21.13.13:518][  0]LogConfig: Setting CVar [[s.LevelStreamingComponentsUnregistrationGranularity:5]]
[2023.08.27-21.13.13:518][  0]LogConfig: Setting CVar [[s.FlushStreamingOnExit:1]]
[2023.08.27-21.13.13:518][  0]LogConfig: Applying CVar settings from Section [/Script/Engine.GarbageCollectionSettings] File [C:/Unreal Projects/AsteroidRemake/Saved/Config/Windows/Engine.ini]
[2023.08.27-21.13.13:518][  0]LogConfig: Setting CVar [[gc.MaxObjectsNotConsideredByGC:1]]
[2023.08.27-21.13.13:518][  0]LogConfig: Setting CVar [[gc.SizeOfPermanentObjectPool:0]]
[2023.08.27-21.13.13:518][  0]LogConfig: Setting CVar [[gc.FlushStreamingOnGC:0]]
[2023.08.27-21.13.13:518][  0]LogConfig: Setting CVar [[gc.NumRetriesBeforeForcingGC:10]]
[2023.08.27-21.13.13:518][  0]LogConfig: Setting CVar [[gc.AllowParallelGC:1]]
[2023.08.27-21.13.13:518][  0]LogConfig: Setting CVar [[gc.TimeBetweenPurgingPendingKillObjects:61.1]]
[2023.08.27-21.13.13:518][  0]LogConfig: Setting CVar [[gc.MaxObjectsInEditor:25165824]]
[2023.08.27-21.13.13:518][  0]LogConfig: Setting CVar [[gc.IncrementalBeginDestroyEnabled:1]]
[2023.08.27-21.13.13:518][  0]LogConfig: Setting CVar [[gc.CreateGCClusters:1]]
[2023.08.27-21.13.13:518][  0]LogConfig: Setting CVar [[gc.MinGCClusterSize:5]]
[2023.08.27-21.13.13:518][  0]LogConfig: Setting CVar [[gc.ActorClusteringEnabled:0]]
[2023.08.27-21.13.13:518][  0]LogConfig: Setting CVar [[gc.BlueprintClusteringEnabled:0]]
[2023.08.27-21.13.13:518][  0]LogConfig: Setting CVar [[gc.UseDisregardForGCOnDedicatedServers:0]]
[2023.08.27-21.13.13:518][  0]LogConfig: Setting CVar [[gc.MultithreadedDestructionEnabled:1]]
[2023.08.27-21.13.13:518][  0]LogConfig: Applying CVar settings from Section [/Script/Engine.NetworkSettings] File [C:/Unreal Projects/AsteroidRemake/Saved/Config/Windows/Engine.ini]
[2023.08.27-21.13.13:518][  0]LogConfig: Applying CVar settings from Section [/Script/UnrealEd.CookerSettings] File [C:/Unreal Projects/AsteroidRemake/Saved/Config/Windows/Engine.ini]
[2023.08.27-21.13.13:590][  0]LogConfig: Applying CVar settings from Section [ViewDistanceQuality@3] File [C:/Unreal Projects/AsteroidRemake/Saved/Config/Windows/Scalability.ini]
[2023.08.27-21.13.13:590][  0]LogConfig: Setting CVar [[r.SkeletalMeshLODBias:0]]
[2023.08.27-21.13.13:590][  0]LogConfig: Setting CVar [[r.ViewDistanceScale:1.0]]
[2023.08.27-21.13.13:590][  0]LogConfig: Applying CVar settings from Section [AntiAliasingQuality@3] File [C:/Unreal Projects/AsteroidRemake/Saved/Config/Windows/Scalability.ini]
[2023.08.27-21.13.13:590][  0]LogConfig: Setting CVar [[r.PostProcessAAQuality:4]]
[2023.08.27-21.13.13:590][  0]LogConfig: Applying CVar settings from Section [ShadowQuality@3] File [C:/Unreal Projects/AsteroidRemake/Saved/Config/Windows/Scalability.ini]
[2023.08.27-21.13.13:590][  0]LogConfig: Setting CVar [[r.LightFunctionQuality:1]]
[2023.08.27-21.13.13:590][  0]LogConfig: Setting CVar [[r.ShadowQuality:5]]
[2023.08.27-21.13.13:590][  0]LogConfig: Setting CVar [[r.Shadow.CSM.MaxCascades:10]]
[2023.08.27-21.13.13:590][  0]LogConfig: Setting CVar [[r.Shadow.MaxResolution:2048]]
[2023.08.27-21.13.13:590][  0]LogConfig: Setting CVar [[r.Shadow.MaxCSMResolution:2048]]
[2023.08.27-21.13.13:590][  0]LogConfig: Setting CVar [[r.Shadow.RadiusThreshold:0.01]]
[2023.08.27-21.13.13:590][  0]LogConfig: Setting CVar [[r.Shadow.DistanceScale:1.0]]
[2023.08.27-21.13.13:590][  0]LogConfig: Setting CVar [[r.Shadow.CSM.TransitionScale:1.0]]
[2023.08.27-21.13.13:590][  0]LogConfig: Setting CVar [[r.Shadow.PreShadowResolutionFactor:1.0]]
[2023.08.27-21.13.13:590][  0]LogConfig: Setting CVar [[r.DistanceFieldShadowing:1]]
[2023.08.27-21.13.13:590][  0]LogConfig: Setting CVar [[r.DistanceFieldAO:1]]
[2023.08.27-21.13.13:590][  0]LogConfig: Setting CVar [[r.AOQuality:2]]
[2023.08.27-21.13.13:590][  0]LogConfig: Setting CVar [[r.VolumetricFog:1]]
[2023.08.27-21.13.13:590][  0]LogConfig: Setting CVar [[r.VolumetricFog.GridPixelSize:8]]
[2023.08.27-21.13.13:590][  0]LogConfig: Setting CVar [[r.VolumetricFog.GridSizeZ:128]]
[2023.08.27-21.13.13:590][  0]LogConfig: Setting CVar [[r.VolumetricFog.HistoryMissSupersampleCount:4]]
[2023.08.27-21.13.13:590][  0]LogConfig: Setting CVar [[r.LightMaxDrawDistanceScale:1]]
[2023.08.27-21.13.13:590][  0]LogConfig: Setting CVar [[r.CapsuleShadows:1]]
[2023.08.27-21.13.13:590][  0]LogConfig: Applying CVar settings from Section [PostProcessQuality@3] File [C:/Unreal Projects/AsteroidRemake/Saved/Config/Windows/Scalability.ini]
[2023.08.27-21.13.13:590][  0]LogConfig: Setting CVar [[r.MotionBlurQuality:4]]
[2023.08.27-21.13.13:590][  0]LogConfig: Setting CVar [[r.AmbientOcclusionMipLevelFactor:0.4]]
[2023.08.27-21.13.13:590][  0]LogConfig: Setting CVar [[r.AmbientOcclusionMaxQuality:100]]
[2023.08.27-21.13.13:590][  0]LogConfig: Setting CVar [[r.AmbientOcclusionLevels:-1]]
[2023.08.27-21.13.13:590][  0]LogConfig: Setting CVar [[r.AmbientOcclusionRadiusScale:1.0]]
[2023.08.27-21.13.13:590][  0]LogConfig: Setting CVar [[r.DepthOfFieldQuality:2]]
[2023.08.27-21.13.13:590][  0]LogConfig: Setting CVar [[r.RenderTargetPoolMin:400]]
[2023.08.27-21.13.13:590][  0]LogConfig: Setting CVar [[r.LensFlareQuality:2]]
[2023.08.27-21.13.13:590][  0]LogConfig: Setting CVar [[r.SceneColorFringeQuality:1]]
[2023.08.27-21.13.13:590][  0]LogConfig: Setting CVar [[r.EyeAdaptationQuality:2]]
[2023.08.27-21.13.13:590][  0]LogConfig: Setting CVar [[r.BloomQuality:5]]
[2023.08.27-21.13.13:590][  0]LogConfig: Setting CVar [[r.FastBlurThreshold:100]]
[2023.08.27-21.13.13:590][  0]LogConfig: Setting CVar [[r.Upscale.Quality:3]]
[2023.08.27-21.13.13:590][  0]LogConfig: Setting CVar [[r.Tonemapper.GrainQuantization:1]]
[2023.08.27-21.13.13:590][  0]LogConfig: Setting CVar [[r.LightShaftQuality:1]]
[2023.08.27-21.13.13:590][  0]LogConfig: Setting CVar [[r.Filter.SizeScale:1]]
[2023.08.27-21.13.13:590][  0]LogConfig: Setting CVar [[r.Tonemapper.Quality:5]]
[2023.08.27-21.13.13:590][  0]LogConfig: Setting CVar [[r.DOF.Gather.AccumulatorQuality:1        ; higher gathering accumulator quality]]
[2023.08.27-21.13.13:590][  0]LogConfig: Setting CVar [[r.DOF.Gather.PostfilterMethod:1          ; Median3x3 postfilering method]]
[2023.08.27-21.13.13:590][  0]LogConfig: Setting CVar [[r.DOF.Gather.EnableBokehSettings:0       ; no bokeh simulation when gathering]]
[2023.08.27-21.13.13:590][  0]LogConfig: Setting CVar [[r.DOF.Gather.RingCount:4                 ; medium number of samples when gathering]]
[2023.08.27-21.13.13:590][  0]LogConfig: Setting CVar [[r.DOF.Scatter.ForegroundCompositing:1    ; additive foreground scattering]]
[2023.08.27-21.13.13:590][  0]LogConfig: Setting CVar [[r.DOF.Scatter.BackgroundCompositing:2    ; additive background scattering]]
[2023.08.27-21.13.13:590][  0]LogConfig: Setting CVar [[r.DOF.Scatter.EnableBokehSettings:1      ; bokeh simulation when scattering]]
[2023.08.27-21.13.13:590][  0]LogConfig: Setting CVar [[r.DOF.Scatter.MaxSpriteRatio:0.1         ; only a maximum of 10% of scattered bokeh]]
[2023.08.27-21.13.13:590][  0]LogConfig: Setting CVar [[r.DOF.Recombine.Quality:1                ; cheap slight out of focus]]
[2023.08.27-21.13.13:590][  0]LogConfig: Setting CVar [[r.DOF.Recombine.EnableBokehSettings:0    ; no bokeh simulation on slight out of focus]]
[2023.08.27-21.13.13:590][  0]LogConfig: Setting CVar [[r.DOF.TemporalAAQuality:1                ; more stable temporal accumulation]]
[2023.08.27-21.13.13:590][  0]LogConfig: Setting CVar [[r.DOF.Kernel.MaxForegroundRadius:0.025]]
[2023.08.27-21.13.13:590][  0]LogConfig: Setting CVar [[r.DOF.Kernel.MaxBackgroundRadius:0.025]]
[2023.08.27-21.13.13:590][  0]LogConfig: Applying CVar settings from Section [TextureQuality@3] File [C:/Unreal Projects/AsteroidRemake/Saved/Config/Windows/Scalability.ini]
[2023.08.27-21.13.13:590][  0]LogConfig: Setting CVar [[r.Streaming.MipBias:0]]
[2023.08.27-21.13.13:590][  0]LogConfig: Setting CVar [[r.Streaming.AmortizeCPUToGPUCopy:0]]
[2023.08.27-21.13.13:590][  0]LogConfig: Setting CVar [[r.Streaming.MaxNumTexturesToStreamPerFrame:0]]
[2023.08.27-21.13.13:590][  0]LogConfig: Setting CVar [[r.Streaming.Boost:1]]
[2023.08.27-21.13.13:590][  0]LogConfig: Setting CVar [[r.MaxAnisotropy:8]]
[2023.08.27-21.13.13:590][  0]LogConfig: Setting CVar [[r.VT.MaxAnisotropy:8]]
[2023.08.27-21.13.13:590][  0]LogConfig: Setting CVar [[r.Streaming.LimitPoolSizeToVRAM:0]]
[2023.08.27-21.13.13:590][  0]LogConfig: Setting CVar [[r.Streaming.PoolSize:1000]]
[2023.08.27-21.13.13:590][  0]LogConfig: Setting CVar [[r.Streaming.MaxEffectiveScreenSize:0]]
[2023.08.27-21.13.13:590][  0]LogConfig: Applying CVar settings from Section [EffectsQuality@3] File [C:/Unreal Projects/AsteroidRemake/Saved/Config/Windows/Scalability.ini]
[2023.08.27-21.13.13:590][  0]LogConfig: Setting CVar [[r.TranslucencyLightingVolumeDim:64]]
[2023.08.27-21.13.13:590][  0]LogConfig: Setting CVar [[r.RefractionQuality:2]]
[2023.08.27-21.13.13:590][  0]LogConfig: Setting CVar [[r.SSR.Quality:3]]
[2023.08.27-21.13.13:590][  0]LogConfig: Setting CVar [[r.SSR.HalfResSceneColor:0]]
[2023.08.27-21.13.13:590][  0]LogConfig: Setting CVar [[r.SceneColorFormat:4]]
[2023.08.27-21.13.13:590][  0]LogConfig: Setting CVar [[r.DetailMode:2]]
[2023.08.27-21.13.13:590][  0]LogConfig: Setting CVar [[r.TranslucencyVolumeBlur:1]]
[2023.08.27-21.13.13:590][  0]LogConfig: Setting CVar [[r.MaterialQualityLevel:1 ; High quality]]
[2023.08.27-21.13.13:590][  0]LogConfig: Setting CVar [[r.AnisotropicMaterials:1]]
[2023.08.27-21.13.13:590][  0]LogConfig: Setting CVar [[r.SSS.Scale:1]]
[2023.08.27-21.13.13:590][  0]LogConfig: Setting CVar [[r.SSS.SampleSet:2]]
[2023.08.27-21.13.13:590][  0]LogConfig: Setting CVar [[r.SSS.Quality:1]]
[2023.08.27-21.13.13:590][  0]LogConfig: Setting CVar [[r.SSS.HalfRes:0]]
[2023.08.27-21.13.13:590][  0]LogConfig: Setting CVar [[r.SSGI.Quality:3]]
[2023.08.27-21.13.13:590][  0]LogConfig: Setting CVar [[r.EmitterSpawnRateScale:1.0]]
[2023.08.27-21.13.13:590][  0]LogConfig: Setting CVar [[r.ParticleLightQuality:2]]
[2023.08.27-21.13.13:590][  0]LogConfig: Setting CVar [[r.SkyAtmosphere.AerialPerspectiveLUT.FastApplyOnOpaque:1 ; Always have FastSkyLUT 1 in this case to avoid wrong sky]]
[2023.08.27-21.13.13:590][  0]LogConfig: Setting CVar [[r.SkyAtmosphere.AerialPerspectiveLUT.SampleCountMaxPerSlice:4]]
[2023.08.27-21.13.13:590][  0]LogConfig: Setting CVar [[r.SkyAtmosphere.AerialPerspectiveLUT.DepthResolution:16.0]]
[2023.08.27-21.13.13:590][  0]LogConfig: Setting CVar [[r.SkyAtmosphere.FastSkyLUT:1]]
[2023.08.27-21.13.13:590][  0]LogConfig: Setting CVar [[r.SkyAtmosphere.FastSkyLUT.SampleCountMin:4.0]]
[2023.08.27-21.13.13:590][  0]LogConfig: Setting CVar [[r.SkyAtmosphere.FastSkyLUT.SampleCountMax:128.0]]
[2023.08.27-21.13.13:590][  0]LogConfig: Setting CVar [[r.SkyAtmosphere.SampleCountMin:4.0]]
[2023.08.27-21.13.13:590][  0]LogConfig: Setting CVar [[r.SkyAtmosphere.SampleCountMax:128.0]]
[2023.08.27-21.13.13:590][  0]LogConfig: Setting CVar [[r.SkyAtmosphere.TransmittanceLUT.UseSmallFormat:0]]
[2023.08.27-21.13.13:590][  0]LogConfig: Setting CVar [[r.SkyAtmosphere.TransmittanceLUT.SampleCount:10.0]]
[2023.08.27-21.13.13:590][  0]LogConfig: Setting CVar [[r.SkyAtmosphere.MultiScatteringLUT.SampleCount:15.0]]
[2023.08.27-21.13.13:590][  0]LogConfig: Setting CVar [[r.SkyLight.RealTimeReflectionCapture:1]]
[2023.08.27-21.13.13:590][  0]LogConfig: Applying CVar settings from Section [FoliageQuality@3] File [C:/Unreal Projects/AsteroidRemake/Saved/Config/Windows/Scalability.ini]
[2023.08.27-21.13.13:590][  0]LogConfig: Setting CVar [[foliage.DensityScale:1.0]]
[2023.08.27-21.13.13:590][  0]LogConfig: Setting CVar [[grass.DensityScale:1.0]]
[2023.08.27-21.13.13:590][  0]LogConfig: Applying CVar settings from Section [ShadingQuality@3] File [C:/Unreal Projects/AsteroidRemake/Saved/Config/Windows/Scalability.ini]
[2023.08.27-21.13.13:590][  0]LogConfig: Setting CVar [[r.HairStrands.SkyLighting.IntegrationType:2]]
[2023.08.27-21.13.13:590][  0]LogConfig: Setting CVar [[r.HairStrands.SkyAO.SampleCount:4]]
[2023.08.27-21.13.13:590][  0]LogConfig: Setting CVar [[r.HairStrands.Visibility.MSAA.SamplePerPixel:4]]
[2023.08.27-21.13.13:591][  0]LogInit: Selected Device Profile: [Windows]
[2023.08.27-21.13.13:592][  0]LogInit: Applying CVar settings loaded from the selected device profile: [Windows]
[2023.08.27-21.13.13:602][  0]LogHAL: Display: Platform has ~ 32 GB [34273357824 / 34359738368 / 32], which maps to Largest [LargestMinGB=32, LargerMinGB=12, DefaultMinGB=8, SmallerMinGB=6, SmallestMinGB=0)
[2023.08.27-21.13.13:602][  0]LogInit: Going up to parent DeviceProfile []
[2023.08.27-21.13.13:603][  0]LogConfig: Applying CVar settings from Section [ViewDistanceQuality@3] File [C:/Unreal Projects/AsteroidRemake/Saved/Config/Windows/Scalability.ini]
[2023.08.27-21.13.13:603][  0]LogConfig: Setting CVar [[r.SkeletalMeshLODBias:0]]
[2023.08.27-21.13.13:603][  0]LogConfig: Setting CVar [[r.ViewDistanceScale:1.0]]
[2023.08.27-21.13.13:603][  0]LogConfig: Applying CVar settings from Section [AntiAliasingQuality@3] File [C:/Unreal Projects/AsteroidRemake/Saved/Config/Windows/Scalability.ini]
[2023.08.27-21.13.13:603][  0]LogConfig: Setting CVar [[r.PostProcessAAQuality:4]]
[2023.08.27-21.13.13:603][  0]LogConfig: Applying CVar settings from Section [ShadowQuality@3] File [C:/Unreal Projects/AsteroidRemake/Saved/Config/Windows/Scalability.ini]
[2023.08.27-21.13.13:603][  0]LogConfig: Setting CVar [[r.LightFunctionQuality:1]]
[2023.08.27-21.13.13:603][  0]LogConfig: Setting CVar [[r.ShadowQuality:5]]
[2023.08.27-21.13.13:603][  0]LogConfig: Setting CVar [[r.Shadow.CSM.MaxCascades:10]]
[2023.08.27-21.13.13:603][  0]LogConfig: Setting CVar [[r.Shadow.MaxResolution:2048]]
[2023.08.27-21.13.13:603][  0]LogConfig: Setting CVar [[r.Shadow.MaxCSMResolution:2048]]
[2023.08.27-21.13.13:603][  0]LogConfig: Setting CVar [[r.Shadow.RadiusThreshold:0.01]]
[2023.08.27-21.13.13:603][  0]LogConfig: Setting CVar [[r.Shadow.DistanceScale:1.0]]
[2023.08.27-21.13.13:603][  0]LogConfig: Setting CVar [[r.Shadow.CSM.TransitionScale:1.0]]
[2023.08.27-21.13.13:603][  0]LogConfig: Setting CVar [[r.Shadow.PreShadowResolutionFactor:1.0]]
[2023.08.27-21.13.13:603][  0]LogConfig: Setting CVar [[r.DistanceFieldShadowing:1]]
[2023.08.27-21.13.13:603][  0]LogConfig: Setting CVar [[r.DistanceFieldAO:1]]
[2023.08.27-21.13.13:603][  0]LogConfig: Setting CVar [[r.AOQuality:2]]
[2023.08.27-21.13.13:603][  0]LogConfig: Setting CVar [[r.VolumetricFog:1]]
[2023.08.27-21.13.13:603][  0]LogConfig: Setting CVar [[r.VolumetricFog.GridPixelSize:8]]
[2023.08.27-21.13.13:603][  0]LogConfig: Setting CVar [[r.VolumetricFog.GridSizeZ:128]]
[2023.08.27-21.13.13:603][  0]LogConfig: Setting CVar [[r.VolumetricFog.HistoryMissSupersampleCount:4]]
[2023.08.27-21.13.13:603][  0]LogConfig: Setting CVar [[r.LightMaxDrawDistanceScale:1]]
[2023.08.27-21.13.13:603][  0]LogConfig: Setting CVar [[r.CapsuleShadows:1]]
[2023.08.27-21.13.13:603][  0]LogConfig: Applying CVar settings from Section [PostProcessQuality@3] File [C:/Unreal Projects/AsteroidRemake/Saved/Config/Windows/Scalability.ini]
[2023.08.27-21.13.13:603][  0]LogConfig: Setting CVar [[r.MotionBlurQuality:4]]
[2023.08.27-21.13.13:603][  0]LogConfig: Setting CVar [[r.AmbientOcclusionMipLevelFactor:0.4]]
[2023.08.27-21.13.13:603][  0]LogConfig: Setting CVar [[r.AmbientOcclusionMaxQuality:100]]
[2023.08.27-21.13.13:603][  0]LogConfig: Setting CVar [[r.AmbientOcclusionLevels:-1]]
[2023.08.27-21.13.13:603][  0]LogConfig: Setting CVar [[r.AmbientOcclusionRadiusScale:1.0]]
[2023.08.27-21.13.13:603][  0]LogConfig: Setting CVar [[r.DepthOfFieldQuality:2]]
[2023.08.27-21.13.13:603][  0]LogConfig: Setting CVar [[r.RenderTargetPoolMin:400]]
[2023.08.27-21.13.13:603][  0]LogConfig: Setting CVar [[r.LensFlareQuality:2]]
[2023.08.27-21.13.13:603][  0]LogConfig: Setting CVar [[r.SceneColorFringeQuality:1]]
[2023.08.27-21.13.13:603][  0]LogConfig: Setting CVar [[r.EyeAdaptationQuality:2]]
[2023.08.27-21.13.13:603][  0]LogConfig: Setting CVar [[r.BloomQuality:5]]
[2023.08.27-21.13.13:603][  0]LogConfig: Setting CVar [[r.FastBlurThreshold:100]]
[2023.08.27-21.13.13:603][  0]LogConfig: Setting CVar [[r.Upscale.Quality:3]]
[2023.08.27-21.13.13:603][  0]LogConfig: Setting CVar [[r.Tonemapper.GrainQuantization:1]]
[2023.08.27-21.13.13:603][  0]LogConfig: Setting CVar [[r.LightShaftQuality:1]]
[2023.08.27-21.13.13:603][  0]LogConfig: Setting CVar [[r.Filter.SizeScale:1]]
[2023.08.27-21.13.13:603][  0]LogConfig: Setting CVar [[r.Tonemapper.Quality:5]]
[2023.08.27-21.13.13:603][  0]LogConfig: Setting CVar [[r.DOF.Gather.AccumulatorQuality:1        ; higher gathering accumulator quality]]
[2023.08.27-21.13.13:603][  0]LogConfig: Setting CVar [[r.DOF.Gather.PostfilterMethod:1          ; Median3x3 postfilering method]]
[2023.08.27-21.13.13:603][  0]LogConfig: Setting CVar [[r.DOF.Gather.EnableBokehSettings:0       ; no bokeh simulation when gathering]]
[2023.08.27-21.13.13:603][  0]LogConfig: Setting CVar [[r.DOF.Gather.RingCount:4                 ; medium number of samples when gathering]]
[2023.08.27-21.13.13:603][  0]LogConfig: Setting CVar [[r.DOF.Scatter.ForegroundCompositing:1    ; additive foreground scattering]]
[2023.08.27-21.13.13:603][  0]LogConfig: Setting CVar [[r.DOF.Scatter.BackgroundCompositing:2    ; additive background scattering]]
[2023.08.27-21.13.13:603][  0]LogConfig: Setting CVar [[r.DOF.Scatter.EnableBokehSettings:1      ; bokeh simulation when scattering]]
[2023.08.27-21.13.13:603][  0]LogConfig: Setting CVar [[r.DOF.Scatter.MaxSpriteRatio:0.1         ; only a maximum of 10% of scattered bokeh]]
[2023.08.27-21.13.13:603][  0]LogConfig: Setting CVar [[r.DOF.Recombine.Quality:1                ; cheap slight out of focus]]
[2023.08.27-21.13.13:603][  0]LogConfig: Setting CVar [[r.DOF.Recombine.EnableBokehSettings:0    ; no bokeh simulation on slight out of focus]]
[2023.08.27-21.13.13:603][  0]LogConfig: Setting CVar [[r.DOF.TemporalAAQuality:1                ; more stable temporal accumulation]]
[2023.08.27-21.13.13:603][  0]LogConfig: Setting CVar [[r.DOF.Kernel.MaxForegroundRadius:0.025]]
[2023.08.27-21.13.13:603][  0]LogConfig: Setting CVar [[r.DOF.Kernel.MaxBackgroundRadius:0.025]]
[2023.08.27-21.13.13:603][  0]LogConfig: Applying CVar settings from Section [TextureQuality@3] File [C:/Unreal Projects/AsteroidRemake/Saved/Config/Windows/Scalability.ini]
[2023.08.27-21.13.13:603][  0]LogConfig: Setting CVar [[r.Streaming.MipBias:0]]
[2023.08.27-21.13.13:603][  0]LogConfig: Setting CVar [[r.Streaming.AmortizeCPUToGPUCopy:0]]
[2023.08.27-21.13.13:603][  0]LogConfig: Setting CVar [[r.Streaming.MaxNumTexturesToStreamPerFrame:0]]
[2023.08.27-21.13.13:603][  0]LogConfig: Setting CVar [[r.Streaming.Boost:1]]
[2023.08.27-21.13.13:603][  0]LogConfig: Setting CVar [[r.MaxAnisotropy:8]]
[2023.08.27-21.13.13:603][  0]LogConfig: Setting CVar [[r.VT.MaxAnisotropy:8]]
[2023.08.27-21.13.13:603][  0]LogConfig: Setting CVar [[r.Streaming.LimitPoolSizeToVRAM:0]]
[2023.08.27-21.13.13:603][  0]LogConfig: Setting CVar [[r.Streaming.PoolSize:1000]]
[2023.08.27-21.13.13:603][  0]LogConfig: Setting CVar [[r.Streaming.MaxEffectiveScreenSize:0]]
[2023.08.27-21.13.13:603][  0]LogConfig: Applying CVar settings from Section [EffectsQuality@3] File [C:/Unreal Projects/AsteroidRemake/Saved/Config/Windows/Scalability.ini]
[2023.08.27-21.13.13:603][  0]LogConfig: Setting CVar [[r.TranslucencyLightingVolumeDim:64]]
[2023.08.27-21.13.13:603][  0]LogConfig: Setting CVar [[r.RefractionQuality:2]]
[2023.08.27-21.13.13:603][  0]LogConfig: Setting CVar [[r.SSR.Quality:3]]
[2023.08.27-21.13.13:603][  0]LogConfig: Setting CVar [[r.SSR.HalfResSceneColor:0]]
[2023.08.27-21.13.13:603][  0]LogConfig: Setting CVar [[r.SceneColorFormat:4]]
[2023.08.27-21.13.13:603][  0]LogConfig: Setting CVar [[r.DetailMode:2]]
[2023.08.27-21.13.13:603][  0]LogConfig: Setting CVar [[r.TranslucencyVolumeBlur:1]]
[2023.08.27-21.13.13:603][  0]LogConfig: Setting CVar [[r.MaterialQualityLevel:1 ; High quality]]
[2023.08.27-21.13.13:603][  0]LogConfig: Setting CVar [[r.AnisotropicMaterials:1]]
[2023.08.27-21.13.13:603][  0]LogConfig: Setting CVar [[r.SSS.Scale:1]]
[2023.08.27-21.13.13:603][  0]LogConfig: Setting CVar [[r.SSS.SampleSet:2]]
[2023.08.27-21.13.13:603][  0]LogConfig: Setting CVar [[r.SSS.Quality:1]]
[2023.08.27-21.13.13:603][  0]LogConfig: Setting CVar [[r.SSS.HalfRes:0]]
[2023.08.27-21.13.13:603][  0]LogConfig: Setting CVar [[r.SSGI.Quality:3]]
[2023.08.27-21.13.13:603][  0]LogConfig: Setting CVar [[r.EmitterSpawnRateScale:1.0]]
[2023.08.27-21.13.13:603][  0]LogConfig: Setting CVar [[r.ParticleLightQuality:2]]
[2023.08.27-21.13.13:603][  0]LogConfig: Setting CVar [[r.SkyAtmosphere.AerialPerspectiveLUT.FastApplyOnOpaque:1 ; Always have FastSkyLUT 1 in this case to avoid wrong sky]]
[2023.08.27-21.13.13:603][  0]LogConfig: Setting CVar [[r.SkyAtmosphere.AerialPerspectiveLUT.SampleCountMaxPerSlice:4]]
[2023.08.27-21.13.13:603][  0]LogConfig: Setting CVar [[r.SkyAtmosphere.AerialPerspectiveLUT.DepthResolution:16.0]]
[2023.08.27-21.13.13:603][  0]LogConfig: Setting CVar [[r.SkyAtmosphere.FastSkyLUT:1]]
[2023.08.27-21.13.13:603][  0]LogConfig: Setting CVar [[r.SkyAtmosphere.FastSkyLUT.SampleCountMin:4.0]]
[2023.08.27-21.13.13:603][  0]LogConfig: Setting CVar [[r.SkyAtmosphere.FastSkyLUT.SampleCountMax:128.0]]
[2023.08.27-21.13.13:603][  0]LogConfig: Setting CVar [[r.SkyAtmosphere.SampleCountMin:4.0]]
[2023.08.27-21.13.13:603][  0]LogConfig: Setting CVar [[r.SkyAtmosphere.SampleCountMax:128.0]]
[2023.08.27-21.13.13:603][  0]LogConfig: Setting CVar [[r.SkyAtmosphere.TransmittanceLUT.UseSmallFormat:0]]
[2023.08.27-21.13.13:603][  0]LogConfig: Setting CVar [[r.SkyAtmosphere.TransmittanceLUT.SampleCount:10.0]]
[2023.08.27-21.13.13:603][  0]LogConfig: Setting CVar [[r.SkyAtmosphere.MultiScatteringLUT.SampleCount:15.0]]
[2023.08.27-21.13.13:603][  0]LogConfig: Setting CVar [[r.SkyLight.RealTimeReflectionCapture:1]]
[2023.08.27-21.13.13:603][  0]LogConfig: Applying CVar settings from Section [FoliageQuality@3] File [C:/Unreal Projects/AsteroidRemake/Saved/Config/Windows/Scalability.ini]
[2023.08.27-21.13.13:603][  0]LogConfig: Setting CVar [[foliage.DensityScale:1.0]]
[2023.08.27-21.13.13:603][  0]LogConfig: Setting CVar [[grass.DensityScale:1.0]]
[2023.08.27-21.13.13:603][  0]LogConfig: Applying CVar settings from Section [ShadingQuality@3] File [C:/Unreal Projects/AsteroidRemake/Saved/Config/Windows/Scalability.ini]
[2023.08.27-21.13.13:603][  0]LogConfig: Setting CVar [[r.HairStrands.SkyLighting.IntegrationType:2]]
[2023.08.27-21.13.13:603][  0]LogConfig: Setting CVar [[r.HairStrands.SkyAO.SampleCount:4]]
[2023.08.27-21.13.13:603][  0]LogConfig: Setting CVar [[r.HairStrands.Visibility.MSAA.SamplePerPixel:4]]
[2023.08.27-21.13.13:603][  0]LogConfig: Applying CVar settings from Section [Startup] File [../../../Engine/Config/ConsoleVariables.ini]
[2023.08.27-21.13.13:616][  0]LogConfig: Setting CVar [[net.UseAdaptiveNetUpdateFrequency:0]]
[2023.08.27-21.13.13:616][  0]LogConfig: Setting CVar [[p.chaos.AllowCreatePhysxBodies:1]]
[2023.08.27-21.13.13:616][  0]LogConfig: Setting CVar [[fx.SkipVectorVMBackendOptimizations:1]]
[2023.08.27-21.13.13:616][  0]LogConfig: Applying CVar settings from Section [ConsoleVariables] File [C:/Unreal Projects/AsteroidRemake/Saved/Config/Windows/Engine.ini]
[2023.08.27-21.13.13:616][  0]LogConfig: Applying CVar settings from Section [ConsoleVariables] File [C:/Unreal Projects/AsteroidRemake/Saved/Config/Windows/Editor.ini]
[2023.08.27-21.13.13:631][  0]LogInit: Computer: DESKTOP-V6GCTTP
[2023.08.27-21.13.13:631][  0]LogInit: User: home
[2023.08.27-21.13.13:631][  0]LogInit: CPU Page size=4096, Cores=8
[2023.08.27-21.13.13:631][  0]LogInit: High frequency timer resolution =10.000000 MHz
[2023.08.27-21.13.13:631][  0]LogMemory: Memory total: Physical=31.9GB (32GB approx)
[2023.08.27-21.13.13:631][  0]LogMemory: Platform Memory Stats for Windows
[2023.08.27-21.13.13:631][  0]LogMemory: Process Physical Memory: 148.42 MB used, 152.09 MB peak
[2023.08.27-21.13.13:631][  0]LogMemory: Process Virtual Memory: 129.05 MB used, 129.05 MB peak
[2023.08.27-21.13.13:631][  0]LogMemory: Physical Memory: 6571.77 MB used,  26113.85 MB free, 32685.62 MB total
[2023.08.27-21.13.13:631][  0]LogMemory: Virtual Memory: 134188800.00 MB used,  28929.72 MB free, 134217728.00 MB total
[2023.08.27-21.13.13:636][  0]LogWindows: WindowsPlatformFeatures enabled
[2023.08.27-21.13.14:495][  0]LogInit: Physics initialised using underlying interface: PhysX
[2023.08.27-21.13.14:523][  0]LogInit: Overriding language with editor language configuration option (en).
[2023.08.27-21.13.14:523][  0]LogInit: Overriding language with editor locale configuration option (en).
[2023.08.27-21.13.15:268][  0]LogInit: Setting process to per monitor DPI aware
[2023.08.27-21.13.15:416][  0]LogWindowsTextInputMethodSystem: Display: IME system deactivated.
[2023.08.27-21.13.15:818][  0]LogSlate: New Slate User Created.  User Index 0, Is Virtual User: 0
[2023.08.27-21.13.15:818][  0]LogSlate: Slate User Registered.  User Index 0, Is Virtual User: 0
[2023.08.27-21.13.19:208][  0]LogD3D11RHI: Loaded GFSDK_Aftermath_Lib.x64.dll
[2023.08.27-21.13.19:232][  0]LogHMD: Failed to initialize OpenVR with code 110
[2023.08.27-21.13.19:232][  0]LogD3D11RHI: D3D11 min allowed feature level: 11_0
[2023.08.27-21.13.19:232][  0]LogD3D11RHI: D3D11 max allowed feature level: 11_0
[2023.08.27-21.13.19:232][  0]LogD3D11RHI: D3D11 adapters:
[2023.08.27-21.13.19:339][  0]LogD3D11RHI:    0. 'NVIDIA GeForce RTX 3060' (Feature Level 11_0)
[2023.08.27-21.13.19:339][  0]LogD3D11RHI:       12124/0/16342 MB DedicatedVideo/DedicatedSystem/SharedSystem, Outputs:1, VendorId:0x10de
[2023.08.27-21.13.19:343][  0]LogD3D11RHI:    1. 'Microsoft Basic Render Driver' (Feature Level 11_0)
[2023.08.27-21.13.19:343][  0]LogD3D11RHI:       0/0/16342 MB DedicatedVideo/DedicatedSystem/SharedSystem, Outputs:0, VendorId:0x1414
[2023.08.27-21.13.19:343][  0]LogD3D11RHI: Chosen D3D11 Adapter:
[2023.08.27-21.13.19:343][  0]LogD3D11RHI:     Description : NVIDIA GeForce RTX 3060
[2023.08.27-21.13.19:343][  0]LogD3D11RHI:     VendorId    : 10de
[2023.08.27-21.13.19:343][  0]LogD3D11RHI:     DeviceId    : 2487
[2023.08.27-21.13.19:343][  0]LogD3D11RHI:     SubSysId    : 263019da
[2023.08.27-21.13.19:343][  0]LogD3D11RHI:     Revision    : 00a1
[2023.08.27-21.13.19:343][  0]LogD3D11RHI:     DedicatedVideoMemory : 12712935424 bytes
[2023.08.27-21.13.19:343][  0]LogD3D11RHI:     DedicatedSystemMemory : 0 bytes
[2023.08.27-21.13.19:343][  0]LogD3D11RHI:     SharedSystemMemory : 17136678912 bytes
[2023.08.27-21.13.19:343][  0]LogD3D11RHI:     AdapterLuid : 0 53551
[2023.08.27-21.13.19:361][  0]LogD3D11RHI: Creating new Direct3DDevice
[2023.08.27-21.13.19:361][  0]LogD3D11RHI:     GPU DeviceId: 0x2487 (for the marketing name, search the web for "GPU Device Id")
[2023.08.27-21.13.19:361][  0]LogWindows: EnumDisplayDevices:
[2023.08.27-21.13.19:361][  0]LogWindows:    0. 'NVIDIA GeForce RTX 3060' (P:1 D:1)
[2023.08.27-21.13.19:361][  0]LogWindows:    1. 'NVIDIA GeForce RTX 3060' (P:0 D:0)
[2023.08.27-21.13.19:361][  0]LogWindows:    2. 'NVIDIA GeForce RTX 3060' (P:0 D:0)
[2023.08.27-21.13.19:362][  0]LogWindows:    3. 'NVIDIA GeForce RTX 3060' (P:0 D:0)
[2023.08.27-21.13.19:362][  0]LogWindows: DebugString: FoundDriverCount:4 
[2023.08.27-21.13.19:362][  0]LogD3D11RHI:     Adapter Name: NVIDIA GeForce RTX 3060
[2023.08.27-21.13.19:362][  0]LogD3D11RHI:   Driver Version: 536.23 (internal:31.0.15.3623, unified:536.23)
[2023.08.27-21.13.19:362][  0]LogD3D11RHI:      Driver Date: 6-8-2023
[2023.08.27-21.13.19:362][  0]LogRHI: Texture pool is 8486 MB (70% of 12124 MB)
[2023.08.27-21.13.19:362][  0]LogD3D11RHI: Creating D3DDevice using adapter:
[2023.08.27-21.13.19:362][  0]LogD3D11RHI:     Description : NVIDIA GeForce RTX 3060
[2023.08.27-21.13.19:362][  0]LogD3D11RHI:     VendorId    : 10de
[2023.08.27-21.13.19:362][  0]LogD3D11RHI:     DeviceId    : 2487
[2023.08.27-21.13.19:362][  0]LogD3D11RHI:     SubSysId    : 263019da
[2023.08.27-21.13.19:362][  0]LogD3D11RHI:     Revision    : 00a1
[2023.08.27-21.13.19:362][  0]LogD3D11RHI:     DedicatedVideoMemory : 12712935424 bytes
[2023.08.27-21.13.19:363][  0]LogD3D11RHI:     DedicatedSystemMemory : 0 bytes
[2023.08.27-21.13.19:363][  0]LogD3D11RHI:     SharedSystemMemory : 17136678912 bytes
[2023.08.27-21.13.19:363][  0]LogD3D11RHI:     AdapterLuid : 0 53551
[2023.08.27-21.13.19:437][  0]LogD3D11RHI: RHI has support for 64 bit atomics
[2023.08.27-21.13.19:439][  0]LogD3D11RHI: Async texture creation enabled
[2023.08.27-21.13.19:439][  0]LogD3D11RHI: Array index from any shader is supported
[2023.08.27-21.13.19:951][  0]LogD3D11RHI: GPU Timing Frequency: 1000.000000 (Debug: 2 1)
[2023.08.27-21.13.20:104][  0]LogRHI: GeForceNow SDK initialized: 1
[2023.08.27-21.13.21:125][  0]LogTargetPlatformManager: Display: Loaded TargetPlatform 'AllDesktop'
[2023.08.27-21.13.21:198][  0]LogTargetPlatformManager: Display: Loaded TargetPlatform 'Android'
[2023.08.27-21.13.21:198][  0]LogTargetPlatformManager: Display: Loaded TargetPlatform 'Android_ASTC'
[2023.08.27-21.13.21:198][  0]LogTargetPlatformManager: Display: Loaded TargetPlatform 'Android_DXT'
[2023.08.27-21.13.21:198][  0]LogTargetPlatformManager: Display: Loaded TargetPlatform 'Android_ETC2'
[2023.08.27-21.13.21:198][  0]LogTargetPlatformManager: Display: Loaded TargetPlatform 'AndroidClient'
[2023.08.27-21.13.21:198][  0]LogTargetPlatformManager: Display: Loaded TargetPlatform 'Android_ASTCClient'
[2023.08.27-21.13.21:198][  0]LogTargetPlatformManager: Display: Loaded TargetPlatform 'Android_DXTClient'
[2023.08.27-21.13.21:198][  0]LogTargetPlatformManager: Display: Loaded TargetPlatform 'Android_ETC2Client'
[2023.08.27-21.13.21:198][  0]LogTargetPlatformManager: Display: Loaded TargetPlatform 'Android_Multi'
[2023.08.27-21.13.21:198][  0]LogTargetPlatformManager: Display: Loaded TargetPlatform 'Android_MultiClient'
[2023.08.27-21.13.21:297][  0]LogTargetPlatformManager: Display: Loaded TargetPlatform 'IOSClient'
[2023.08.27-21.13.21:297][  0]LogTargetPlatformManager: Display: Loaded TargetPlatform 'IOS'
[2023.08.27-21.13.21:354][  0]LogTargetPlatformManager: Display: Loaded TargetPlatform 'Linux'
[2023.08.27-21.13.21:390][  0]LogTargetPlatformManager: Display: Loaded TargetPlatform 'LinuxNoEditor'
[2023.08.27-21.13.21:415][  0]LogTargetPlatformManager: Display: Loaded TargetPlatform 'LinuxClient'
[2023.08.27-21.13.21:443][  0]LogTargetPlatformManager: Display: Loaded TargetPlatform 'LinuxServer'
[2023.08.27-21.13.21:478][  0]LogTargetPlatformManager: Display: Loaded TargetPlatform 'LinuxAArch64NoEditor'
[2023.08.27-21.13.21:500][  0]LogTargetPlatformManager: Display: Loaded TargetPlatform 'LinuxAArch64Client'
[2023.08.27-21.13.21:535][  0]LogTargetPlatformManager: Display: Loaded TargetPlatform 'LinuxAArch64Server'
[2023.08.27-21.13.21:583][  0]LogTargetPlatformManager: Display: Loaded TargetPlatform 'Lumin'
[2023.08.27-21.13.21:583][  0]LogTargetPlatformManager: Display: Loaded TargetPlatform 'LuminClient'
[2023.08.27-21.13.21:625][  0]LogTargetPlatformManager: Display: Loaded TargetPlatform 'MacNoEditor'
[2023.08.27-21.13.21:656][  0]LogTargetPlatformManager: Display: Loaded TargetPlatform 'Mac'
[2023.08.27-21.13.21:680][  0]LogTargetPlatformManager: Display: Loaded TargetPlatform 'MacClient'
[2023.08.27-21.13.21:709][  0]LogTargetPlatformManager: Display: Loaded TargetPlatform 'MacServer'
[2023.08.27-21.13.21:741][  0]LogTargetPlatformManager: Display: Loaded TargetPlatform 'TVOSClient'
[2023.08.27-21.13.21:741][  0]LogTargetPlatformManager: Display: Loaded TargetPlatform 'TVOS'
[2023.08.27-21.13.21:785][  0]LogTargetPlatformManager: Display: Loaded TargetPlatform 'WindowsNoEditor'
[2023.08.27-21.13.21:827][  0]LogTargetPlatformManager: Display: Loaded TargetPlatform 'Windows'
[2023.08.27-21.13.21:863][  0]LogTargetPlatformManager: Display: Loaded TargetPlatform 'WindowsClient'
[2023.08.27-21.13.21:898][  0]LogTargetPlatformManager: Display: Loaded TargetPlatform 'WindowsServer'
[2023.08.27-21.13.21:898][  0]LogTargetPlatformManager: Display: Building Assets For Windows
[2023.08.27-21.13.22:103][  0]LogAudioDebug: Display: Lib vorbis DLL was dynamically loaded.
[2023.08.27-21.13.22:645][  0]LogTextureFormatOodle: Display: Oodle Texture 2.9.0 init RDO Off
[2023.08.27-21.13.23:344][  0]LogRendererCore: Ray tracing is disabled. Reason: r.RayTracing=0.
[2023.08.27-21.13.23:373][  0]LogShaderCompilers: Guid format shader working directory is 11 characters bigger than the processId version (C:/Unreal Projects/AsteroidRemake/Intermediate/Shaders/WorkingDirectory/17864/).
[2023.08.27-21.13.23:373][  0]LogShaderCompilers: Cleaned the shader compiler working directory 'C:/Users/home/AppData/Local/Temp/UnrealShaderWorkingDir/A90F60FD405FDC8F76A42D96D85D4CE1/'.
[2023.08.27-21.13.23:386][  0]LogXGEController: Cannot use XGE Controller as Incredibuild is not installed on this machine.
[2023.08.27-21.13.23:386][  0]LogShaderCompilers: Cannot use XGE Shader Compiler as Incredibuild is not installed on this machine.
[2023.08.27-21.13.23:386][  0]LogShaderCompilers: Display: Using Local Shader Compiler.
[2023.08.27-21.13.28:976][  0]LogDerivedDataCache: Display: Max Cache Size: 512 MB
[2023.08.27-21.13.29:236][  0]LogDerivedDataCache: Loaded boot cache 0.26s 94MB C:/Users/home/AppData/Local/UnrealEngine/4.27/DerivedDataCache/Boot.ddc.
[2023.08.27-21.13.29:236][  0]LogDerivedDataCache: Display: Loaded Boot cache: C:/Users/home/AppData/Local/UnrealEngine/4.27/DerivedDataCache/Boot.ddc
[2023.08.27-21.13.29:265][  0]LogDerivedDataCache: FDerivedDataBackendGraph:  Pak pak cache file C:/Unreal Projects/AsteroidRemake/DerivedDataCache/DDC.ddp not found, will not use a pak cache.
[2023.08.27-21.13.29:265][  0]LogDerivedDataCache: Unable to find inner node Pak for hierarchical cache Hierarchy.
[2023.08.27-21.13.29:265][  0]LogDerivedDataCache: FDerivedDataBackendGraph:  CompressedPak pak cache file C:/Unreal Projects/AsteroidRemake/DerivedDataCache/Compressed.ddp not found, will not use a pak cache.
[2023.08.27-21.13.29:265][  0]LogDerivedDataCache: Unable to find inner node CompressedPak for hierarchical cache Hierarchy.
[2023.08.27-21.13.29:384][  0]LogDerivedDataCache: Display: Pak cache opened for reading ../../../Engine/DerivedDataCache/Compressed.ddp.
[2023.08.27-21.13.29:384][  0]LogDerivedDataCache: FDerivedDataBackendGraph:  EnterprisePak pak cache file ../../../Enterprise/DerivedDataCache/Compressed.ddp not found, will not use a pak cache.
[2023.08.27-21.13.29:384][  0]LogDerivedDataCache: Unable to find inner node EnterprisePak for hierarchical cache Hierarchy.
[2023.08.27-21.13.29:434][  0]LogDerivedDataCache: Speed tests for C:/Users/home/AppData/Local/UnrealEngine/Common/DerivedDataCache took 0.05 seconds
[2023.08.27-21.13.29:434][  0]LogDerivedDataCache: Display: Performance to C:/Users/home/AppData/Local/UnrealEngine/Common/DerivedDataCache: Latency=0.28ms. RandomReadSpeed=22.29MBs, RandomWriteSpeed=203.78MBs. Assigned SpeedClass 'Local'
[2023.08.27-21.13.29:434][  0]LogDerivedDataCache: Using Local data cache path C:/Users/home/AppData/Local/UnrealEngine/Common/DerivedDataCache: Writable
[2023.08.27-21.13.29:434][  0]LogDerivedDataCache: Shared data cache path not found in *engine.ini, will not use an Shared cache.
[2023.08.27-21.13.29:434][  0]LogDerivedDataCache: Unable to find inner node Shared for hierarchical cache Hierarchy.
[2023.08.27-21.13.29:537][  0]LogSlate: Using FreeType 2.10.0
[2023.08.27-21.13.29:615][  0]LogSlate: SlateFontServices - WITH_FREETYPE: 1, WITH_HARFBUZZ: 1
[2023.08.27-21.13.30:702][  0]LogAssetRegistry: FAssetRegistry took 0.0086 seconds to start up
[2023.08.27-21.13.34:046][  0]LogInit: Selected Device Profile: [Windows]
[2023.08.27-21.13.34:046][  0]LogInit: Active device profile: [000001C1E9235300][000001C1E7E26D80 49] Windows
[2023.08.27-21.13.34:046][  0]LogInit: Profiles: [000001C1E9235300][000001C1E7E26D80 49] Windows, [000001C1E91FB000][000001C1E7E2EF00 49] WindowsNoEditor, [000001C1E9236500][000001C1E7E33080 49] WindowsServer, [000001C1E91FBE00][000001C1E7E37200 49] WindowsClient, [000001C1E9237200][000001C1E7E3B380 49] IOS, [000001C1E91F9300][000001C1E7E3F500 49] iPadAir, [000001C1E9236900][000001C1E7E43680 49] iPadAir2, [000001C1E91A5C00][000001C1E7E4B940 49] IPadPro, [000001C1E91A5D00][000001C1E7E47980 49] iPadAir3, [000001C1E91F9800][000001C1E7E4FB00 49] iPadAir4, [000001C1E91A6C00][000001C1E7E52100 49] iPadMini2, [000001C1E91F9F00][000001C1E7E56280 49] iPadMini3, [000001C1E91A4B00][000001C1E7E5A400 49] iPadMini4, [000001C1E91FB400][000001C1E7E2A540 49] iPadMini5, [000001C1E91BD300][000001C1E7E62780 49] iPhone6, [000001C1E91BD400][000001C1E7E5E7C0 49] iPodTouch6, [000001C1E9235600][000001C1E9E80A40 49] iPhone7, [000001C1E9236B00][000001C1E7E66A80 49] iPodTouch7, [000001C1E91A7B00][000001C1E9E84C00 49] iPhone5S, [000001C1E9235800][000001C1E9E88D80 49] iPhone6Plus, [000001C1E91A7000][000001C1E9E8CF00 49] iPhone6S, [000001C1E9236800][000001C1E9E91080 49] iPhone6SPlus, [000001C1E91A5500][000001C1E9E95200 49] iPhone7Plus, [000001C1E9234100][000001C1E9E99380 49] iPhoneSE, [000001C1E91A4200][000001C1E9E9D500 49] iPhone8, [000001C1E9235700][000001C1E9EA1680 49] iPhone8Plus, [000001C1E91BC100][000001C1E9EA5800 49] iPhoneX, [000001C1E91A5800][000001C1E9EA9980 49] iPhoneXS, [000001C1E91BCC00][000001C1E9EADB00 49] iPhoneXSMax, [000001C1E91A7800][000001C1E9EB0100 49] iPhoneXR, [000001C1E91BFD00][000001C1E9EB4280 49] iPhone11, [000001C1E91A6800][000001C1E9EB8400 49] iPhone11Pro, [000001C1E91BF800][000001C1E9EBC580 49] iPhone11ProMax, [000001C1E91A4C00][000001C1E9EC0700 49] iPhoneSE2, [000001C1E91BE900][000001C1E7E6A840 49] iPhone12Mini, [000001C1E91A7F00][000001C1E9EC4980 49] iPhone12, [000001C1E9234A00][000001C1E9EC8AC0 49] iPhone12Pro, [000001C1E91A7E00][000001C1E9ED0C40 49] iPhone12ProMax, [000001C1E9234700][000001C1E9ED4DC0 49] iPadPro105, [000001C1E91A5100][000001C1E9ED8F40 49] iPadPro129, [000001C1E9236E00][000001C1E9EDD0C0 49] iPadPro97, [000001C1E91A5300][000001C1E9EE1240 49] iPadPro2_129, [000001C1E9234800][000001C1E9EE53C0 49] iPad5, [000001C1E91A6D00][000001C1E9EE9540 49] iPad6, [000001C1E9237D00][000001C1E9EED6C0 49] iPad7, [000001C1E91A5200][000001C1E9EF1840 49] iPad8, [000001C1E9235E00][000001C1E9EF59C0 49] iPadPro11, [000001C1E91A6500][000001C1E9EF9B40 49] iPadPro2_11, [000001C1E9237700][000001C1E9EFC140 49] iPadPro3_129, [000001C1E91A5900][000001C1E9F002C0 49] iPadPro4_129, [000001C1E9235100][000001C1E9F04440 49] AppleTV, [000001C1E91A5600][000001C1E9F085C0 49] AppleTV4K, [000001C1E9236A00][000001C1E9F0C740 49] TVOS, [000001C1E91A7A00][000001C1E9F108C0 49] Mac, [000001C1E9235000][000001C1E9ECCA00 49] MacClient, [000001C1E91A6400][000001C1E9F14B40 49] MacNoEditor, [000001C1E9235900][000001C1E9F18C80 49] MacServer, [000001C1E91A4500][000001C1E9F1CDC0 49] Linux, [000001C1E9234400][000001C1E9F24F40 49] LinuxAArch64, [000001C1E91A5A00][000001C1E9F290C0 49] LinuxNoEditor, [000001C1E9235F00][000001C1E9F2D240 49] LinuxAArch64NoEditor, [000001C1E91A7C00][000001C1E9F313C0 49] LinuxClient, [000001C1E9237000][000001C1E9F35540 49] LinuxAArch64Client, [000001C1E91A7400][000001C1E9F396C0 49] LinuxServer, [000001C1E9236200][000001C1E9F3D840 49] LinuxAArch64Server, [000001C1E91A6200][000001C1E9F419C0 49] Android, [000001C1E9237900][000001C1E9F45B40 49] Android_Low, [000001C1E91A4600][000001C1E9F48140 49] Android_Mid, [000001C1E9236D00][000001C1E9F4C2C0 49] Android_High, [000001C1E91A6300][000001C1E9F50440 49] Android_Default, [000001C1E9237C00][000001C1E9F545C0 49] Android_Adreno4xx, [000001C1E91A6B00][000001C1E9F58740 49] Android_Adreno5xx_Low, [000001C1E9234600][000001C1E9F5C8C0 49] Android_Adreno5xx, [000001C1E91A6700][000001C1E9F60A40 49] Android_Adreno6xx, [000001C1E9236600][000001C1E9F20B80 49] Android_Adreno6xx_Vulkan, [000001C1E91A6A00][000001C1E9F64CC0 49] Android_Mali_T6xx, [000001C1E9234F00][000001C1E9F68E00 49] Android_Mali_T7xx, [000001C1E91A5E00][000001C1E9F6CF40 49] Android_Mali_T8xx, [000001C1E9236400][000001C1E9F750C0 49] Android_Mali_G71, [000001C1E91A4100][000001C1E9F79240 49] Android_Mali_G72, [000001C1E9237A00][000001C1E9F7D3C0 49] Android_Mali_G72_Vulkan, [000001C1E91A6F00][000001C1E9F81540 49] Android_Mali_G76, [000001C1E9234200][000001C1E9F856C0 49] Android_Mali_G76_Vulkan, [000001C1E91F8F00][000001C1E9F89840 49] Android_Mali_G77, [000001C1E91BE100][000001C1E9F8D9C0 49] Android_Mali_G77_Vulkan, [000001C1E91F8D00][000001C1E9F91B40 49] Android_Mali_G78, [000001C1E91BF400][000001C1E9F94140 49] Android_Mali_G78_Vulkan, [000001C1E91F8400][000001C1E9F982C0 49] Android_Mali_G710, [000001C1E91BF100][000001C1E9F9C440 49] Android_Mali_G710_Vulkan, [000001C1E91F8E00][000001C1E9FA05C0 49] Android_Vulkan_SM5, [000001C1E91BFA00][000001C1E9FA4740 49] Android_PowerVR_G6xxx, [000001C1E91FAA00][000001C1E9FA88C0 49] Android_PowerVR_GT7xxx, [000001C1E91BEF00][000001C1E9FACA40 49] Android_PowerVR_GE8xxx, [000001C1E91FA900][000001C1E9FB0BC0 49] Android_PowerVR_GM9xxx, [000001C1E91BDF00][000001C1E9FB4D40 49] Android_PowerVR_GM9xxx_Vulkan, [000001C1E91FB800][000001C1E9F70E80 49] Android_TegraK1, [000001C1E91BC300][000001C1E9FB8FC0 49] Android_Unknown_Vulkan, [000001C1E91F8C00][000001C1E9FBD100 49] Lumin, [000001C1E91BEE00][000001C1E9FC5280 49] Lumin_Desktop, [000001C1E91FA400][000001C1E9FC9400 49] HoloLens, 
[2023.08.27-21.13.36:704][  0]LogMeshReduction: Using QuadricMeshReduction for automatic static mesh reduction
[2023.08.27-21.13.36:704][  0]LogMeshReduction: Using SimplygonMeshReduction for automatic skeletal mesh reduction
[2023.08.27-21.13.36:704][  0]LogMeshReduction: Using ProxyLODMeshReduction for automatic mesh merging
[2023.08.27-21.13.36:704][  0]LogMeshReduction: No distributed automatic mesh merging module available
[2023.08.27-21.13.36:705][  0]LogMeshMerging: No distributed automatic mesh merging module available
[2023.08.27-21.13.37:202][  0]LogNetVersion: AsteroidRemake 1.0.0, NetCL: 17155196, EngineNetVer: 17, GameNetVer: 0 (Checksum: 3258840638)
[2023.08.27-21.13.50:843][  0]LogTexture: Default maximum texture size for cubemaps generated from long-lat sources has been changed from 512 to unlimited. In order to preserve old behaiour for '/Engine/MapTemplates/Sky/DaylightAmbientCubemap.DaylightAmbientCubemap', its maximum texture size has been explicitly set to 512.
[2023.08.27-21.13.52:362][  0]LogHMD: PokeAHoleMaterial loaded successfully
[2023.08.27-21.13.52:439][  0]LogUObjectArray: 17178 objects as part of root set at end of initial load.
[2023.08.27-21.13.52:439][  0]LogUObjectAllocator: 4302048 out of 0 bytes used by permanent object pool.
[2023.08.27-21.13.52:439][  0]LogUObjectArray: CloseDisregardForGC: 0/0 objects in disregard for GC pool
[2023.08.27-21.13.55:016][  0]LogNiagaraDebuggerClient: Niagara Debugger Client Initialized | Session: E149E1944AE21D6C7257B796F789F630 | Instance: A7A2E85548C347358883DEB1B811A02B (DESKTOP-V6GCTTP-17864).
[2023.08.27-21.13.57:391][  0]LogTcpMessaging: Initializing TcpMessaging bridge
[2023.08.27-21.13.57:436][  0]LogUdpMessaging: Initializing bridge on interface 0.0.0.0:0 to multicast group 230.0.0.1:6666.
[2023.08.27-21.13.57:562][  0]LogPython: Using Python 3.7.7
