Log file open, 08/27/23 21:42:42
LogWindows: Failed to load 'aqProf.dll' (GetLastError=126)
LogWindows: File 'aqProf.dll' does not exist
LogWindows: Failed to load 'VtuneApi.dll' (GetLastError=126)
LogWindows: File 'VtuneApi.dll' does not exist
LogWindows: Failed to load 'VtuneApi32e.dll' (GetLastError=126)
LogWindows: File 'VtuneApi32e.dll' does not exist
LogConsoleResponse: Display: Failed to find resolution value strings in scalability ini. Falling back to default.
LogConsoleResponse: Display: Failed to find resolution value strings in scalability ini. Falling back to default.
LogInit: Display: Running engine for game: AsteroidRemake
LogPlatformFile: Not using cached read wrapper
LogTaskGraph: Started task graph with 5 named threads and 47 total threads with 3 sets of task threads.
LogStats: Stats thread started at 0.182150
LogICUInternationalization: ICU TimeZone Detection - Raw Offset: -3:00, Platform Override: ''
LogInit: Display: Loading text-based GConfig....
LogPluginManager: Mounting plugin MeshPainting
LogPluginManager: Mounting plugin XGEController
LogPluginManager: Mounting plugin Paper2D
LogPluginManager: Mounting plugin AISupport
LogPluginManager: Mounting plugin LightPropagationVolume
LogPluginManager: Mounting plugin EnvironmentQueryEditor
LogPluginManager: Mounting plugin LiveLink
LogPluginManager: Mounting plugin OodleData
LogPluginManager: Mounting plugin CameraShakePreviewer
LogPluginManager: Mounting plugin OodleNetwork
LogPluginManager: Mounting plugin GameplayCameras
LogPluginManager: Mounting plugin AssetManagerEditor
LogPluginManager: Mounting plugin CryptoKeys
LogPluginManager: Mounting plugin CurveEditorTools
LogPluginManager: Mounting plugin DataValidation
LogPluginManager: Mounting plugin GeometryMode
LogPluginManager: Mounting plugin FacialAnimation
LogPluginManager: Mounting plugin GameplayTagsEditor
LogPluginManager: Mounting plugin MacGraphicsSwitching
LogPluginManager: Mounting plugin MaterialAnalyzer
LogPluginManager: Mounting plugin AnimationSharing
LogPluginManager: Mounting plugin CodeLiteSourceCodeAccess
LogPluginManager: Mounting plugin CLionSourceCodeAccess
LogPluginManager: Mounting plugin MobileLauncherProfileWizard
LogPluginManager: Mounting plugin PluginBrowser
LogPluginManager: Mounting plugin SpeedTreeImporter
LogPluginManager: Mounting plugin GitSourceControl
LogPluginManager: Mounting plugin KDevelopSourceCodeAccess
LogPluginManager: Mounting plugin NullSourceCodeAccess
LogPluginManager: Mounting plugin PixWinPlugin
LogPluginManager: Mounting plugin PerforceSourceControl
LogPluginManager: Mounting plugin PlasticSourceControl
LogPluginManager: Mounting plugin PluginUtils
LogPluginManager: Mounting plugin PropertyAccessNode
LogPluginManager: Mounting plugin SubversionSourceControl
LogPluginManager: Mounting plugin RiderSourceCodeAccess
LogPluginManager: Mounting plugin TextureFormatOodle
LogPluginManager: Mounting plugin UObjectPlugin
LogPluginManager: Mounting plugin VisualStudioCodeSourceCodeAccess
LogPluginManager: Mounting plugin VisualStudioSourceCodeAccess
LogPluginManager: Mounting plugin XCodeSourceCodeAccess
LogPluginManager: Mounting plugin DatasmithContent
LogPluginManager: Mounting plugin Niagara
LogPluginManager: Mounting plugin AlembicImporter
LogPluginManager: Mounting plugin VariantManagerContent
LogPluginManager: Mounting plugin BackChannel
LogPluginManager: Mounting plugin AutomationUtils
LogPluginManager: Mounting plugin ChaosCloth
LogPluginManager: Mounting plugin ChaosClothEditor
LogPluginManager: Mounting plugin ChaosEditor
LogPluginManager: Mounting plugin ChaosNiagara
LogPluginManager: Mounting plugin ChaosSolverPlugin
LogPluginManager: Mounting plugin CharacterAI
LogPluginManager: Mounting plugin GeometryCache
LogPluginManager: Mounting plugin GeometryCollectionPlugin
LogPluginManager: Mounting plugin GeometryProcessing
LogPluginManager: Mounting plugin MotoSynth
LogPluginManager: Mounting plugin OpenImageDenoise
LogPluginManager: Mounting plugin PlanarCut
LogPluginManager: Mounting plugin PlatformCrypto
LogPluginManager: Mounting plugin ProxyLODPlugin
LogPluginManager: Mounting plugin PythonScriptPlugin
LogPluginManager: Mounting plugin LuminPlatformFeatures
LogPluginManager: Mounting plugin SkeletalReduction
LogPluginManager: Mounting plugin MagicLeap
LogPluginManager: Mounting plugin AndroidMedia
LogPluginManager: Mounting plugin AvfMedia
LogPluginManager: Mounting plugin MagicLeapLightEstimation
LogPluginManager: Mounting plugin MagicLeapMedia
LogPluginManager: Mounting plugin MagicLeapPassableWorld
LogPluginManager: Mounting plugin MLSDK
LogPluginManager: Mounting plugin TcpMessaging
LogPluginManager: Mounting plugin UdpMessaging
LogPluginManager: Mounting plugin ImgMedia
LogPluginManager: Mounting plugin MediaCompositing
LogPluginManager: Mounting plugin LauncherChunkInstaller
LogPluginManager: Mounting plugin MediaPlayerEditor
LogPluginManager: Mounting plugin ActorSequence
LogPluginManager: Mounting plugin WebMMedia
LogPluginManager: Mounting plugin ActorLayerUtilities
LogPluginManager: Mounting plugin WmfMedia
LogPluginManager: Mounting plugin LevelSequenceEditor
LogPluginManager: Mounting plugin MatineeToLevelSequence
LogPluginManager: Mounting plugin AndroidDeviceProfileSelector
LogPluginManager: Mounting plugin TemplateSequence
LogPluginManager: Mounting plugin AndroidMoviePlayer
LogPluginManager: Mounting plugin AndroidPermission
LogPluginManager: Mounting plugin AppleImageUtils
LogPluginManager: Mounting plugin AppleMoviePlayer
LogPluginManager: Mounting plugin ArchVisCharacter
LogPluginManager: Mounting plugin AssetTags
LogPluginManager: Mounting plugin AudioCapture
LogPluginManager: Mounting plugin AudioSynesthesia
LogPluginManager: Mounting plugin CableComponent
LogPluginManager: Mounting plugin ChunkDownloader
LogPluginManager: Mounting plugin CustomMeshComponent
LogPluginManager: Mounting plugin EditableMesh
LogPluginManager: Mounting plugin ExampleDeviceProfileSelector
LogPluginManager: Mounting plugin GoogleCloudMessaging
LogPluginManager: Mounting plugin GooglePAD
LogPluginManager: Mounting plugin IOSDeviceProfileSelector
LogPluginManager: Mounting plugin LinuxDeviceProfileSelector
LogPluginManager: Mounting plugin LocationServicesBPLibrary
LogPluginManager: Mounting plugin MobilePatchingUtils
LogPluginManager: Mounting plugin OpenXR
LogPluginManager: Mounting plugin OpenXREyeTracker
LogPluginManager: Mounting plugin OpenXRHandTracking
LogPluginManager: Mounting plugin PhysXVehicles
LogPluginManager: Mounting plugin PostSplashScreen
LogPluginManager: Mounting plugin ProceduralMeshComponent
LogPluginManager: Mounting plugin PropertyAccessEditor
LogPluginManager: Mounting plugin RuntimePhysXCooking
LogPluginManager: Mounting plugin SignificanceManager
LogPluginManager: Mounting plugin SoundFields
LogPluginManager: Mounting plugin OnlineSubsystem
LogPluginManager: Mounting plugin Synthesis
LogPluginManager: Mounting plugin OnlineSubsystemNull
LogPluginManager: Mounting plugin WebMMoviePlayer
LogPluginManager: Mounting plugin WindowsMoviePlayer
LogPluginManager: Mounting plugin OnlineSubsystemUtils
LogPluginManager: Mounting plugin ScreenshotTools
LogPluginManager: Mounting plugin Takes
LogPluginManager: Mounting plugin ContentBrowserClassDataSource
LogPluginManager: Mounting plugin ContentBrowserAssetDataSource
LogPluginManager: Mounting plugin ContentBrowserFileDataSource
LogPluginManager: Mounting plugin OculusVR
LogPluginManager: Mounting plugin OnlineSubsystemGooglePlay
LogPluginManager: Mounting plugin OnlineSubsystemIOS
LogPluginManager: Mounting plugin SteamVR
PixWinPlugin: PIX capture plugin failed to initialize! Check that the process is launched from PIX.
LogInit: Using libcurl 7.55.1-DEV
LogInit:  - built for x86_64-pc-win32
LogInit:  - supports SSL with OpenSSL/1.1.1
LogInit:  - supports HTTP deflate (compression) using libz 1.2.8
LogInit:  - other features:
LogInit:      CURL_VERSION_SSL
LogInit:      CURL_VERSION_LIBZ
LogInit:      CURL_VERSION_IPV6
LogInit:      CURL_VERSION_ASYNCHDNS
LogInit:      CURL_VERSION_LARGEFILE
LogInit:      CURL_VERSION_IDN
LogInit:  CurlRequestOptions (configurable via config and command line):
LogInit:  - bVerifyPeer = true  - Libcurl will verify peer certificate
LogInit:  - bUseHttpProxy = false  - Libcurl will NOT use HTTP proxy
LogInit:  - bDontReuseConnections = false  - Libcurl will reuse connections
LogInit:  - MaxHostConnections = 16  - Libcurl will limit the number of connections to a host
LogInit:  - LocalHostAddr = Default
LogInit:  - BufferSize = 65536
LogOnline: OSS: Creating online subsystem instance for: NULL
LogInit: WinSock: version 1.1 (2.2), MaxSocks=32767, MaxUdp=65467
LogOnline: OSS: TryLoadSubsystemAndSetDefault: Loaded subsystem for module [NULL]
LogOculusPluginWrapper: OculusPlugin initialized successfully
LogHMD: Failed initializing OVRPlugin 1.59.0
LogInit: Build: ++UE4+Release-4.27-CL-18319896
LogInit: Engine Version: 4.27.2-18319896+++UE4+Release-4.27
LogInit: Compatible Engine Version: 4.27.0-17155196+++UE4+Release-4.27
LogInit: Net CL: 17155196
LogInit: OS: Windows 10 (Release 2009) (), CPU: Intel(R) Core(TM) i7-10700K CPU @ 3.80GHz, GPU: NVIDIA GeForce RTX 3060
LogInit: Compiled (64-bit): Nov 30 2021 07:12:08
LogInit: Compiled with Visual C++: 19.24.28315.00
LogInit: Build Configuration: Development
LogInit: Branch Name: ++UE4+Release-4.27
LogInit: Command Line: 
LogInit: Base Directory: D:/FORTNITE/UE_4.27/Engine/Binaries/Win64/
LogInit: Allocator: TBB
LogInit: Installed Engine Build: 1
LogDevObjectVersion: Number of dev versions registered: 29
LogDevObjectVersion:   Dev-Blueprints (B0D832E4-1F89-4F0D-ACCF-7EB736FD4AA2): 10
LogDevObjectVersion:   Dev-Build (E1C64328-A22C-4D53-A36C-8E866417BD8C): 0
LogDevObjectVersion:   Dev-Core (375EC13C-06E4-48FB-B500-84F0262A717E): 4
LogDevObjectVersion:   Dev-Editor (E4B068ED-F494-42E9-A231-DA0B2E46BB41): 40
LogDevObjectVersion:   Dev-Framework (CFFC743F-43B0-4480-9391-14DF171D2073): 37
LogDevObjectVersion:   Dev-Mobile (B02B49B5-BB20-44E9-A304-32B752E40360): 3
LogDevObjectVersion:   Dev-Networking (A4E4105C-59A1-49B5-A7C5-40C4547EDFEE): 0
LogDevObjectVersion:   Dev-Online (39C831C9-5AE6-47DC-9A44-9C173E1C8E7C): 0
LogDevObjectVersion:   Dev-Physics (78F01B33-EBEA-4F98-B9B4-84EACCB95AA2): 14
LogDevObjectVersion:   Dev-Platform (6631380F-2D4D-43E0-8009-CF276956A95A): 0
LogDevObjectVersion:   Dev-Rendering (12F88B9F-8875-4AFC-A67C-D90C383ABD29): 45
LogDevObjectVersion:   Dev-Sequencer (7B5AE74C-D270-4C10-A958-57980B212A5A): 13
LogDevObjectVersion:   Dev-VR (D7296918-1DD6-4BDD-9DE2-64A83CC13884): 3
LogDevObjectVersion:   Dev-LoadTimes (C2A15278-BFE7-4AFE-6C17-90FF531DF755): 1
LogDevObjectVersion:   Private-Geometry (6EACA3D4-40EC-4CC1-B786-8BED09428FC5): 3
LogDevObjectVersion:   Dev-AnimPhys (29E575DD-E0A3-4627-9D10-D276232CDCEA): 17
LogDevObjectVersion:   Dev-Anim (AF43A65D-7FD3-4947-9873-3E8ED9C1BB05): 15
LogDevObjectVersion:   Dev-ReflectionCapture (6B266CEC-1EC7-4B8F-A30B-E4D90942FC07): 1
LogDevObjectVersion:   Dev-Automation (0DF73D61-A23F-47EA-B727-89E90C41499A): 1
LogDevObjectVersion:   FortniteMain (601D1886-AC64-4F84-AA16-D3DE0DEAC7D6): 47
LogDevObjectVersion:   FortniteRelease (E7086368-6B23-4C58-8439-1B7016265E91): 1
LogDevObjectVersion:   Dev-Enterprise (9DFFBCD6-494F-0158-E221-12823C92A888): 10
LogDevObjectVersion:   Dev-Niagara (F2AED0AC-9AFE-416F-8664-AA7FFA26D6FC): 1
LogDevObjectVersion:   Dev-Destruction (174F1F0B-B4C6-45A5-B13F-2EE8D0FB917D): 10
LogDevObjectVersion:   Dev-Physics-Ext (35F94A83-E258-406C-A318-09F59610247C): 41
LogDevObjectVersion:   Dev-PhysicsMaterial-Chaos (B68FC16E-8B1B-42E2-B453-215C058844FE): 1
LogDevObjectVersion:   Dev-CineCamera (B2E18506-4273-CFC2-A54E-F4BB758BBA07): 1
LogDevObjectVersion:   Dev-VirtualProduction (64F58936-FD1B-42BA-BA96-7289D5D0FA4E): 1
LogDevObjectVersion:   Dev-MediaFramework (6F0ED827-A609-4895-9C91-998D90180EA4): 2
LogInit: Presizing for max 25165824 objects, including 0 objects not considered by GC, pre-allocating 0 bytes for permanent pool.
LogConfig: Applying CVar settings from Section [/Script/Engine.StreamingSettings] File [C:/Unreal Projects/AsteroidRemake/Saved/Config/Windows/Engine.ini]
LogConfig: Setting CVar [[s.MinBulkDataSizeForAsyncLoading:131072]]
LogConfig: Setting CVar [[s.AsyncLoadingThreadEnabled:0]]
LogConfig: Setting CVar [[s.EventDrivenLoaderEnabled:1]]
LogConfig: Setting CVar [[s.WarnIfTimeLimitExceeded:0]]
LogConfig: Setting CVar [[s.TimeLimitExceededMultiplier:1.5]]
LogConfig: Setting CVar [[s.TimeLimitExceededMinTime:0.005]]
LogConfig: Setting CVar [[s.UseBackgroundLevelStreaming:1]]
LogConfig: Setting CVar [[s.PriorityAsyncLoadingExtraTime:15.0]]
LogConfig: Setting CVar [[s.LevelStreamingActorsUpdateTimeLimit:5.0]]
LogConfig: Setting CVar [[s.PriorityLevelStreamingActorsUpdateExtraTime:5.0]]
LogConfig: Setting CVar [[s.LevelStreamingComponentsRegistrationGranularity:10]]
LogConfig: Setting CVar [[s.UnregisterComponentsTimeLimit:1.0]]
LogConfig: Setting CVar [[s.LevelStreamingComponentsUnregistrationGranularity:5]]
LogConfig: Setting CVar [[s.FlushStreamingOnExit:1]]
LogInit: Object subsystem initialized
LogConfig: Setting CVar [[con.DebugEarlyDefault:1]]
LogConfig: Setting CVar [[r.setres:1280x720]]
[2023.08.28-00.42.43:702][  0]LogConfig: Setting CVar [[r.VSync:0]]
[2023.08.28-00.42.43:702][  0]LogConfig: Setting CVar [[r.RHICmdBypass:0]]
[2023.08.28-00.42.43:702][  0]LogConfig: Applying CVar settings from Section [/Script/Engine.RendererSettings] File [C:/Unreal Projects/AsteroidRemake/Saved/Config/Windows/Engine.ini]
[2023.08.28-00.42.43:702][  0]LogConfig: Setting CVar [[r.GPUCrashDebugging:0]]
[2023.08.28-00.42.43:702][  0]LogConfig: Applying CVar settings from Section [/Script/Engine.RendererOverrideSettings] File [C:/Unreal Projects/AsteroidRemake/Saved/Config/Windows/Engine.ini]
[2023.08.28-00.42.43:702][  0]LogConfig: Applying CVar settings from Section [/Script/Engine.StreamingSettings] File [C:/Unreal Projects/AsteroidRemake/Saved/Config/Windows/Engine.ini]
[2023.08.28-00.42.43:702][  0]LogConfig: Setting CVar [[s.MinBulkDataSizeForAsyncLoading:131072]]
[2023.08.28-00.42.43:702][  0]LogConfig: Setting CVar [[s.AsyncLoadingThreadEnabled:0]]
[2023.08.28-00.42.43:702][  0]LogConfig: Setting CVar [[s.EventDrivenLoaderEnabled:1]]
[2023.08.28-00.42.43:702][  0]LogConfig: Setting CVar [[s.WarnIfTimeLimitExceeded:0]]
[2023.08.28-00.42.43:702][  0]LogConfig: Setting CVar [[s.TimeLimitExceededMultiplier:1.5]]
[2023.08.28-00.42.43:702][  0]LogConfig: Setting CVar [[s.TimeLimitExceededMinTime:0.005]]
[2023.08.28-00.42.43:702][  0]LogConfig: Setting CVar [[s.UseBackgroundLevelStreaming:1]]
[2023.08.28-00.42.43:702][  0]LogConfig: Setting CVar [[s.PriorityAsyncLoadingExtraTime:15.0]]
[2023.08.28-00.42.43:702][  0]LogConfig: Setting CVar [[s.LevelStreamingActorsUpdateTimeLimit:5.0]]
[2023.08.28-00.42.43:702][  0]LogConfig: Setting CVar [[s.PriorityLevelStreamingActorsUpdateExtraTime:5.0]]
[2023.08.28-00.42.43:702][  0]LogConfig: Setting CVar [[s.LevelStreamingComponentsRegistrationGranularity:10]]
[2023.08.28-00.42.43:702][  0]LogConfig: Setting CVar [[s.UnregisterComponentsTimeLimit:1.0]]
[2023.08.28-00.42.43:702][  0]LogConfig: Setting CVar [[s.LevelStreamingComponentsUnregistrationGranularity:5]]
[2023.08.28-00.42.43:702][  0]LogConfig: Setting CVar [[s.FlushStreamingOnExit:1]]
[2023.08.28-00.42.43:702][  0]LogConfig: Applying CVar settings from Section [/Script/Engine.GarbageCollectionSettings] File [C:/Unreal Projects/AsteroidRemake/Saved/Config/Windows/Engine.ini]
[2023.08.28-00.42.43:702][  0]LogConfig: Setting CVar [[gc.MaxObjectsNotConsideredByGC:1]]
[2023.08.28-00.42.43:702][  0]LogConfig: Setting CVar [[gc.SizeOfPermanentObjectPool:0]]
[2023.08.28-00.42.43:702][  0]LogConfig: Setting CVar [[gc.FlushStreamingOnGC:0]]
[2023.08.28-00.42.43:702][  0]LogConfig: Setting CVar [[gc.NumRetriesBeforeForcingGC:10]]
[2023.08.28-00.42.43:703][  0]LogConfig: Setting CVar [[gc.AllowParallelGC:1]]
[2023.08.28-00.42.43:703][  0]LogConfig: Setting CVar [[gc.TimeBetweenPurgingPendingKillObjects:61.1]]
[2023.08.28-00.42.43:703][  0]LogConfig: Setting CVar [[gc.MaxObjectsInEditor:25165824]]
[2023.08.28-00.42.43:703][  0]LogConfig: Setting CVar [[gc.IncrementalBeginDestroyEnabled:1]]
[2023.08.28-00.42.43:703][  0]LogConfig: Setting CVar [[gc.CreateGCClusters:1]]
[2023.08.28-00.42.43:703][  0]LogConfig: Setting CVar [[gc.MinGCClusterSize:5]]
[2023.08.28-00.42.43:703][  0]LogConfig: Setting CVar [[gc.ActorClusteringEnabled:0]]
[2023.08.28-00.42.43:703][  0]LogConfig: Setting CVar [[gc.BlueprintClusteringEnabled:0]]
[2023.08.28-00.42.43:703][  0]LogConfig: Setting CVar [[gc.UseDisregardForGCOnDedicatedServers:0]]
[2023.08.28-00.42.43:703][  0]LogConfig: Setting CVar [[gc.MultithreadedDestructionEnabled:1]]
[2023.08.28-00.42.43:703][  0]LogConfig: Applying CVar settings from Section [/Script/Engine.NetworkSettings] File [C:/Unreal Projects/AsteroidRemake/Saved/Config/Windows/Engine.ini]
[2023.08.28-00.42.43:703][  0]LogConfig: Applying CVar settings from Section [/Script/UnrealEd.CookerSettings] File [C:/Unreal Projects/AsteroidRemake/Saved/Config/Windows/Engine.ini]
[2023.08.28-00.42.43:713][  0]LogConfig: Applying CVar settings from Section [ViewDistanceQuality@3] File [C:/Unreal Projects/AsteroidRemake/Saved/Config/Windows/Scalability.ini]
[2023.08.28-00.42.43:713][  0]LogConfig: Setting CVar [[r.SkeletalMeshLODBias:0]]
[2023.08.28-00.42.43:713][  0]LogConfig: Setting CVar [[r.ViewDistanceScale:1.0]]
[2023.08.28-00.42.43:713][  0]LogConfig: Applying CVar settings from Section [AntiAliasingQuality@3] File [C:/Unreal Projects/AsteroidRemake/Saved/Config/Windows/Scalability.ini]
[2023.08.28-00.42.43:713][  0]LogConfig: Setting CVar [[r.PostProcessAAQuality:4]]
[2023.08.28-00.42.43:713][  0]LogConfig: Applying CVar settings from Section [ShadowQuality@3] File [C:/Unreal Projects/AsteroidRemake/Saved/Config/Windows/Scalability.ini]
[2023.08.28-00.42.43:713][  0]LogConfig: Setting CVar [[r.LightFunctionQuality:1]]
[2023.08.28-00.42.43:713][  0]LogConfig: Setting CVar [[r.ShadowQuality:5]]
[2023.08.28-00.42.43:713][  0]LogConfig: Setting CVar [[r.Shadow.CSM.MaxCascades:10]]
[2023.08.28-00.42.43:713][  0]LogConfig: Setting CVar [[r.Shadow.MaxResolution:2048]]
[2023.08.28-00.42.43:713][  0]LogConfig: Setting CVar [[r.Shadow.MaxCSMResolution:2048]]
[2023.08.28-00.42.43:713][  0]LogConfig: Setting CVar [[r.Shadow.RadiusThreshold:0.01]]
[2023.08.28-00.42.43:713][  0]LogConfig: Setting CVar [[r.Shadow.DistanceScale:1.0]]
[2023.08.28-00.42.43:713][  0]LogConfig: Setting CVar [[r.Shadow.CSM.TransitionScale:1.0]]
[2023.08.28-00.42.43:713][  0]LogConfig: Setting CVar [[r.Shadow.PreShadowResolutionFactor:1.0]]
[2023.08.28-00.42.43:713][  0]LogConfig: Setting CVar [[r.DistanceFieldShadowing:1]]
[2023.08.28-00.42.43:713][  0]LogConfig: Setting CVar [[r.DistanceFieldAO:1]]
[2023.08.28-00.42.43:713][  0]LogConfig: Setting CVar [[r.AOQuality:2]]
[2023.08.28-00.42.43:713][  0]LogConfig: Setting CVar [[r.VolumetricFog:1]]
[2023.08.28-00.42.43:713][  0]LogConfig: Setting CVar [[r.VolumetricFog.GridPixelSize:8]]
[2023.08.28-00.42.43:713][  0]LogConfig: Setting CVar [[r.VolumetricFog.GridSizeZ:128]]
[2023.08.28-00.42.43:713][  0]LogConfig: Setting CVar [[r.VolumetricFog.HistoryMissSupersampleCount:4]]
[2023.08.28-00.42.43:713][  0]LogConfig: Setting CVar [[r.LightMaxDrawDistanceScale:1]]
[2023.08.28-00.42.43:713][  0]LogConfig: Setting CVar [[r.CapsuleShadows:1]]
[2023.08.28-00.42.43:713][  0]LogConfig: Applying CVar settings from Section [PostProcessQuality@3] File [C:/Unreal Projects/AsteroidRemake/Saved/Config/Windows/Scalability.ini]
[2023.08.28-00.42.43:713][  0]LogConfig: Setting CVar [[r.MotionBlurQuality:4]]
[2023.08.28-00.42.43:713][  0]LogConfig: Setting CVar [[r.AmbientOcclusionMipLevelFactor:0.4]]
[2023.08.28-00.42.43:713][  0]LogConfig: Setting CVar [[r.AmbientOcclusionMaxQuality:100]]
[2023.08.28-00.42.43:713][  0]LogConfig: Setting CVar [[r.AmbientOcclusionLevels:-1]]
[2023.08.28-00.42.43:713][  0]LogConfig: Setting CVar [[r.AmbientOcclusionRadiusScale:1.0]]
[2023.08.28-00.42.43:713][  0]LogConfig: Setting CVar [[r.DepthOfFieldQuality:2]]
[2023.08.28-00.42.43:713][  0]LogConfig: Setting CVar [[r.RenderTargetPoolMin:400]]
[2023.08.28-00.42.43:714][  0]LogConfig: Setting CVar [[r.LensFlareQuality:2]]
[2023.08.28-00.42.43:714][  0]LogConfig: Setting CVar [[r.SceneColorFringeQuality:1]]
[2023.08.28-00.42.43:714][  0]LogConfig: Setting CVar [[r.EyeAdaptationQuality:2]]
[2023.08.28-00.42.43:714][  0]LogConfig: Setting CVar [[r.BloomQuality:5]]
[2023.08.28-00.42.43:714][  0]LogConfig: Setting CVar [[r.FastBlurThreshold:100]]
[2023.08.28-00.42.43:714][  0]LogConfig: Setting CVar [[r.Upscale.Quality:3]]
[2023.08.28-00.42.43:714][  0]LogConfig: Setting CVar [[r.Tonemapper.GrainQuantization:1]]
[2023.08.28-00.42.43:714][  0]LogConfig: Setting CVar [[r.LightShaftQuality:1]]
[2023.08.28-00.42.43:714][  0]LogConfig: Setting CVar [[r.Filter.SizeScale:1]]
[2023.08.28-00.42.43:714][  0]LogConfig: Setting CVar [[r.Tonemapper.Quality:5]]
[2023.08.28-00.42.43:714][  0]LogConfig: Setting CVar [[r.DOF.Gather.AccumulatorQuality:1        ; higher gathering accumulator quality]]
[2023.08.28-00.42.43:714][  0]LogConfig: Setting CVar [[r.DOF.Gather.PostfilterMethod:1          ; Median3x3 postfilering method]]
[2023.08.28-00.42.43:714][  0]LogConfig: Setting CVar [[r.DOF.Gather.EnableBokehSettings:0       ; no bokeh simulation when gathering]]
[2023.08.28-00.42.43:714][  0]LogConfig: Setting CVar [[r.DOF.Gather.RingCount:4                 ; medium number of samples when gathering]]
[2023.08.28-00.42.43:714][  0]LogConfig: Setting CVar [[r.DOF.Scatter.ForegroundCompositing:1    ; additive foreground scattering]]
[2023.08.28-00.42.43:714][  0]LogConfig: Setting CVar [[r.DOF.Scatter.BackgroundCompositing:2    ; additive background scattering]]
[2023.08.28-00.42.43:714][  0]LogConfig: Setting CVar [[r.DOF.Scatter.EnableBokehSettings:1      ; bokeh simulation when scattering]]
[2023.08.28-00.42.43:714][  0]LogConfig: Setting CVar [[r.DOF.Scatter.MaxSpriteRatio:0.1         ; only a maximum of 10% of scattered bokeh]]
[2023.08.28-00.42.43:714][  0]LogConfig: Setting CVar [[r.DOF.Recombine.Quality:1                ; cheap slight out of focus]]
[2023.08.28-00.42.43:714][  0]LogConfig: Setting CVar [[r.DOF.Recombine.EnableBokehSettings:0    ; no bokeh simulation on slight out of focus]]
[2023.08.28-00.42.43:714][  0]LogConfig: Setting CVar [[r.DOF.TemporalAAQuality:1                ; more stable temporal accumulation]]
[2023.08.28-00.42.43:714][  0]LogConfig: Setting CVar [[r.DOF.Kernel.MaxForegroundRadius:0.025]]
[2023.08.28-00.42.43:714][  0]LogConfig: Setting CVar [[r.DOF.Kernel.MaxBackgroundRadius:0.025]]
[2023.08.28-00.42.43:714][  0]LogConfig: Applying CVar settings from Section [TextureQuality@3] File [C:/Unreal Projects/AsteroidRemake/Saved/Config/Windows/Scalability.ini]
[2023.08.28-00.42.43:714][  0]LogConfig: Setting CVar [[r.Streaming.MipBias:0]]
[2023.08.28-00.42.43:714][  0]LogConfig: Setting CVar [[r.Streaming.AmortizeCPUToGPUCopy:0]]
[2023.08.28-00.42.43:714][  0]LogConfig: Setting CVar [[r.Streaming.MaxNumTexturesToStreamPerFrame:0]]
[2023.08.28-00.42.43:714][  0]LogConfig: Setting CVar [[r.Streaming.Boost:1]]
[2023.08.28-00.42.43:714][  0]LogConfig: Setting CVar [[r.MaxAnisotropy:8]]
[2023.08.28-00.42.43:714][  0]LogConfig: Setting CVar [[r.VT.MaxAnisotropy:8]]
[2023.08.28-00.42.43:714][  0]LogConfig: Setting CVar [[r.Streaming.LimitPoolSizeToVRAM:0]]
[2023.08.28-00.42.43:714][  0]LogConfig: Setting CVar [[r.Streaming.PoolSize:1000]]
[2023.08.28-00.42.43:714][  0]LogConfig: Setting CVar [[r.Streaming.MaxEffectiveScreenSize:0]]
[2023.08.28-00.42.43:714][  0]LogConfig: Applying CVar settings from Section [EffectsQuality@3] File [C:/Unreal Projects/AsteroidRemake/Saved/Config/Windows/Scalability.ini]
[2023.08.28-00.42.43:714][  0]LogConfig: Setting CVar [[r.TranslucencyLightingVolumeDim:64]]
[2023.08.28-00.42.43:714][  0]LogConfig: Setting CVar [[r.RefractionQuality:2]]
[2023.08.28-00.42.43:714][  0]LogConfig: Setting CVar [[r.SSR.Quality:3]]
[2023.08.28-00.42.43:714][  0]LogConfig: Setting CVar [[r.SSR.HalfResSceneColor:0]]
[2023.08.28-00.42.43:714][  0]LogConfig: Setting CVar [[r.SceneColorFormat:4]]
[2023.08.28-00.42.43:714][  0]LogConfig: Setting CVar [[r.DetailMode:2]]
[2023.08.28-00.42.43:714][  0]LogConfig: Setting CVar [[r.TranslucencyVolumeBlur:1]]
[2023.08.28-00.42.43:714][  0]LogConfig: Setting CVar [[r.MaterialQualityLevel:1 ; High quality]]
[2023.08.28-00.42.43:714][  0]LogConfig: Setting CVar [[r.AnisotropicMaterials:1]]
[2023.08.28-00.42.43:714][  0]LogConfig: Setting CVar [[r.SSS.Scale:1]]
[2023.08.28-00.42.43:714][  0]LogConfig: Setting CVar [[r.SSS.SampleSet:2]]
[2023.08.28-00.42.43:714][  0]LogConfig: Setting CVar [[r.SSS.Quality:1]]
[2023.08.28-00.42.43:714][  0]LogConfig: Setting CVar [[r.SSS.HalfRes:0]]
[2023.08.28-00.42.43:714][  0]LogConfig: Setting CVar [[r.SSGI.Quality:3]]
[2023.08.28-00.42.43:714][  0]LogConfig: Setting CVar [[r.EmitterSpawnRateScale:1.0]]
[2023.08.28-00.42.43:714][  0]LogConfig: Setting CVar [[r.ParticleLightQuality:2]]
[2023.08.28-00.42.43:714][  0]LogConfig: Setting CVar [[r.SkyAtmosphere.AerialPerspectiveLUT.FastApplyOnOpaque:1 ; Always have FastSkyLUT 1 in this case to avoid wrong sky]]
[2023.08.28-00.42.43:714][  0]LogConfig: Setting CVar [[r.SkyAtmosphere.AerialPerspectiveLUT.SampleCountMaxPerSlice:4]]
[2023.08.28-00.42.43:714][  0]LogConfig: Setting CVar [[r.SkyAtmosphere.AerialPerspectiveLUT.DepthResolution:16.0]]
[2023.08.28-00.42.43:714][  0]LogConfig: Setting CVar [[r.SkyAtmosphere.FastSkyLUT:1]]
[2023.08.28-00.42.43:714][  0]LogConfig: Setting CVar [[r.SkyAtmosphere.FastSkyLUT.SampleCountMin:4.0]]
[2023.08.28-00.42.43:714][  0]LogConfig: Setting CVar [[r.SkyAtmosphere.FastSkyLUT.SampleCountMax:128.0]]
[2023.08.28-00.42.43:714][  0]LogConfig: Setting CVar [[r.SkyAtmosphere.SampleCountMin:4.0]]
[2023.08.28-00.42.43:714][  0]LogConfig: Setting CVar [[r.SkyAtmosphere.SampleCountMax:128.0]]
[2023.08.28-00.42.43:714][  0]LogConfig: Setting CVar [[r.SkyAtmosphere.TransmittanceLUT.UseSmallFormat:0]]
[2023.08.28-00.42.43:714][  0]LogConfig: Setting CVar [[r.SkyAtmosphere.TransmittanceLUT.SampleCount:10.0]]
[2023.08.28-00.42.43:714][  0]LogConfig: Setting CVar [[r.SkyAtmosphere.MultiScatteringLUT.SampleCount:15.0]]
[2023.08.28-00.42.43:714][  0]LogConfig: Setting CVar [[r.SkyLight.RealTimeReflectionCapture:1]]
[2023.08.28-00.42.43:714][  0]LogConfig: Applying CVar settings from Section [FoliageQuality@3] File [C:/Unreal Projects/AsteroidRemake/Saved/Config/Windows/Scalability.ini]
[2023.08.28-00.42.43:714][  0]LogConfig: Setting CVar [[foliage.DensityScale:1.0]]
[2023.08.28-00.42.43:714][  0]LogConfig: Setting CVar [[grass.DensityScale:1.0]]
[2023.08.28-00.42.43:714][  0]LogConfig: Applying CVar settings from Section [ShadingQuality@3] File [C:/Unreal Projects/AsteroidRemake/Saved/Config/Windows/Scalability.ini]
[2023.08.28-00.42.43:714][  0]LogConfig: Setting CVar [[r.HairStrands.SkyLighting.IntegrationType:2]]
[2023.08.28-00.42.43:714][  0]LogConfig: Setting CVar [[r.HairStrands.SkyAO.SampleCount:4]]
[2023.08.28-00.42.43:714][  0]LogConfig: Setting CVar [[r.HairStrands.Visibility.MSAA.SamplePerPixel:4]]
[2023.08.28-00.42.43:714][  0]LogInit: Selected Device Profile: [Windows]
[2023.08.28-00.42.43:714][  0]LogInit: Applying CVar settings loaded from the selected device profile: [Windows]
[2023.08.28-00.42.43:714][  0]LogHAL: Display: Platform has ~ 32 GB [34273357824 / 34359738368 / 32], which maps to Largest [LargestMinGB=32, LargerMinGB=12, DefaultMinGB=8, SmallerMinGB=6, SmallestMinGB=0)
[2023.08.28-00.42.43:714][  0]LogInit: Going up to parent DeviceProfile []
[2023.08.28-00.42.43:714][  0]LogConfig: Applying CVar settings from Section [ViewDistanceQuality@3] File [C:/Unreal Projects/AsteroidRemake/Saved/Config/Windows/Scalability.ini]
[2023.08.28-00.42.43:714][  0]LogConfig: Setting CVar [[r.SkeletalMeshLODBias:0]]
[2023.08.28-00.42.43:714][  0]LogConfig: Setting CVar [[r.ViewDistanceScale:1.0]]
[2023.08.28-00.42.43:714][  0]LogConfig: Applying CVar settings from Section [AntiAliasingQuality@3] File [C:/Unreal Projects/AsteroidRemake/Saved/Config/Windows/Scalability.ini]
[2023.08.28-00.42.43:714][  0]LogConfig: Setting CVar [[r.PostProcessAAQuality:4]]
[2023.08.28-00.42.43:714][  0]LogConfig: Applying CVar settings from Section [ShadowQuality@3] File [C:/Unreal Projects/AsteroidRemake/Saved/Config/Windows/Scalability.ini]
[2023.08.28-00.42.43:714][  0]LogConfig: Setting CVar [[r.LightFunctionQuality:1]]
[2023.08.28-00.42.43:714][  0]LogConfig: Setting CVar [[r.ShadowQuality:5]]
[2023.08.28-00.42.43:714][  0]LogConfig: Setting CVar [[r.Shadow.CSM.MaxCascades:10]]
[2023.08.28-00.42.43:714][  0]LogConfig: Setting CVar [[r.Shadow.MaxResolution:2048]]
[2023.08.28-00.42.43:714][  0]LogConfig: Setting CVar [[r.Shadow.MaxCSMResolution:2048]]
[2023.08.28-00.42.43:714][  0]LogConfig: Setting CVar [[r.Shadow.RadiusThreshold:0.01]]
[2023.08.28-00.42.43:714][  0]LogConfig: Setting CVar [[r.Shadow.DistanceScale:1.0]]
[2023.08.28-00.42.43:714][  0]LogConfig: Setting CVar [[r.Shadow.CSM.TransitionScale:1.0]]
[2023.08.28-00.42.43:714][  0]LogConfig: Setting CVar [[r.Shadow.PreShadowResolutionFactor:1.0]]
[2023.08.28-00.42.43:714][  0]LogConfig: Setting CVar [[r.DistanceFieldShadowing:1]]
[2023.08.28-00.42.43:714][  0]LogConfig: Setting CVar [[r.DistanceFieldAO:1]]
[2023.08.28-00.42.43:714][  0]LogConfig: Setting CVar [[r.AOQuality:2]]
[2023.08.28-00.42.43:714][  0]LogConfig: Setting CVar [[r.VolumetricFog:1]]
[2023.08.28-00.42.43:714][  0]LogConfig: Setting CVar [[r.VolumetricFog.GridPixelSize:8]]
[2023.08.28-00.42.43:714][  0]LogConfig: Setting CVar [[r.VolumetricFog.GridSizeZ:128]]
[2023.08.28-00.42.43:714][  0]LogConfig: Setting CVar [[r.VolumetricFog.HistoryMissSupersampleCount:4]]
[2023.08.28-00.42.43:714][  0]LogConfig: Setting CVar [[r.LightMaxDrawDistanceScale:1]]
[2023.08.28-00.42.43:714][  0]LogConfig: Setting CVar [[r.CapsuleShadows:1]]
[2023.08.28-00.42.43:714][  0]LogConfig: Applying CVar settings from Section [PostProcessQuality@3] File [C:/Unreal Projects/AsteroidRemake/Saved/Config/Windows/Scalability.ini]
[2023.08.28-00.42.43:714][  0]LogConfig: Setting CVar [[r.MotionBlurQuality:4]]
[2023.08.28-00.42.43:714][  0]LogConfig: Setting CVar [[r.AmbientOcclusionMipLevelFactor:0.4]]
[2023.08.28-00.42.43:714][  0]LogConfig: Setting CVar [[r.AmbientOcclusionMaxQuality:100]]
[2023.08.28-00.42.43:714][  0]LogConfig: Setting CVar [[r.AmbientOcclusionLevels:-1]]
[2023.08.28-00.42.43:714][  0]LogConfig: Setting CVar [[r.AmbientOcclusionRadiusScale:1.0]]
[2023.08.28-00.42.43:714][  0]LogConfig: Setting CVar [[r.DepthOfFieldQuality:2]]
[2023.08.28-00.42.43:714][  0]LogConfig: Setting CVar [[r.RenderTargetPoolMin:400]]
[2023.08.28-00.42.43:714][  0]LogConfig: Setting CVar [[r.LensFlareQuality:2]]
[2023.08.28-00.42.43:714][  0]LogConfig: Setting CVar [[r.SceneColorFringeQuality:1]]
[2023.08.28-00.42.43:714][  0]LogConfig: Setting CVar [[r.EyeAdaptationQuality:2]]
[2023.08.28-00.42.43:715][  0]LogConfig: Setting CVar [[r.BloomQuality:5]]
[2023.08.28-00.42.43:715][  0]LogConfig: Setting CVar [[r.FastBlurThreshold:100]]
[2023.08.28-00.42.43:715][  0]LogConfig: Setting CVar [[r.Upscale.Quality:3]]
[2023.08.28-00.42.43:715][  0]LogConfig: Setting CVar [[r.Tonemapper.GrainQuantization:1]]
[2023.08.28-00.42.43:715][  0]LogConfig: Setting CVar [[r.LightShaftQuality:1]]
[2023.08.28-00.42.43:715][  0]LogConfig: Setting CVar [[r.Filter.SizeScale:1]]
[2023.08.28-00.42.43:715][  0]LogConfig: Setting CVar [[r.Tonemapper.Quality:5]]
[2023.08.28-00.42.43:715][  0]LogConfig: Setting CVar [[r.DOF.Gather.AccumulatorQuality:1        ; higher gathering accumulator quality]]
[2023.08.28-00.42.43:715][  0]LogConfig: Setting CVar [[r.DOF.Gather.PostfilterMethod:1          ; Median3x3 postfilering method]]
[2023.08.28-00.42.43:715][  0]LogConfig: Setting CVar [[r.DOF.Gather.EnableBokehSettings:0       ; no bokeh simulation when gathering]]
[2023.08.28-00.42.43:715][  0]LogConfig: Setting CVar [[r.DOF.Gather.RingCount:4                 ; medium number of samples when gathering]]
[2023.08.28-00.42.43:715][  0]LogConfig: Setting CVar [[r.DOF.Scatter.ForegroundCompositing:1    ; additive foreground scattering]]
[2023.08.28-00.42.43:715][  0]LogConfig: Setting CVar [[r.DOF.Scatter.BackgroundCompositing:2    ; additive background scattering]]
[2023.08.28-00.42.43:715][  0]LogConfig: Setting CVar [[r.DOF.Scatter.EnableBokehSettings:1      ; bokeh simulation when scattering]]
[2023.08.28-00.42.43:715][  0]LogConfig: Setting CVar [[r.DOF.Scatter.MaxSpriteRatio:0.1         ; only a maximum of 10% of scattered bokeh]]
[2023.08.28-00.42.43:715][  0]LogConfig: Setting CVar [[r.DOF.Recombine.Quality:1                ; cheap slight out of focus]]
[2023.08.28-00.42.43:715][  0]LogConfig: Setting CVar [[r.DOF.Recombine.EnableBokehSettings:0    ; no bokeh simulation on slight out of focus]]
[2023.08.28-00.42.43:715][  0]LogConfig: Setting CVar [[r.DOF.TemporalAAQuality:1                ; more stable temporal accumulation]]
[2023.08.28-00.42.43:715][  0]LogConfig: Setting CVar [[r.DOF.Kernel.MaxForegroundRadius:0.025]]
[2023.08.28-00.42.43:715][  0]LogConfig: Setting CVar [[r.DOF.Kernel.MaxBackgroundRadius:0.025]]
[2023.08.28-00.42.43:715][  0]LogConfig: Applying CVar settings from Section [TextureQuality@3] File [C:/Unreal Projects/AsteroidRemake/Saved/Config/Windows/Scalability.ini]
[2023.08.28-00.42.43:715][  0]LogConfig: Setting CVar [[r.Streaming.MipBias:0]]
[2023.08.28-00.42.43:715][  0]LogConfig: Setting CVar [[r.Streaming.AmortizeCPUToGPUCopy:0]]
[2023.08.28-00.42.43:715][  0]LogConfig: Setting CVar [[r.Streaming.MaxNumTexturesToStreamPerFrame:0]]
[2023.08.28-00.42.43:715][  0]LogConfig: Setting CVar [[r.Streaming.Boost:1]]
[2023.08.28-00.42.43:715][  0]LogConfig: Setting CVar [[r.MaxAnisotropy:8]]
[2023.08.28-00.42.43:715][  0]LogConfig: Setting CVar [[r.VT.MaxAnisotropy:8]]
[2023.08.28-00.42.43:715][  0]LogConfig: Setting CVar [[r.Streaming.LimitPoolSizeToVRAM:0]]
[2023.08.28-00.42.43:715][  0]LogConfig: Setting CVar [[r.Streaming.PoolSize:1000]]
[2023.08.28-00.42.43:715][  0]LogConfig: Setting CVar [[r.Streaming.MaxEffectiveScreenSize:0]]
[2023.08.28-00.42.43:715][  0]LogConfig: Applying CVar settings from Section [EffectsQuality@3] File [C:/Unreal Projects/AsteroidRemake/Saved/Config/Windows/Scalability.ini]
[2023.08.28-00.42.43:715][  0]LogConfig: Setting CVar [[r.TranslucencyLightingVolumeDim:64]]
[2023.08.28-00.42.43:715][  0]LogConfig: Setting CVar [[r.RefractionQuality:2]]
[2023.08.28-00.42.43:715][  0]LogConfig: Setting CVar [[r.SSR.Quality:3]]
[2023.08.28-00.42.43:715][  0]LogConfig: Setting CVar [[r.SSR.HalfResSceneColor:0]]
[2023.08.28-00.42.43:715][  0]LogConfig: Setting CVar [[r.SceneColorFormat:4]]
[2023.08.28-00.42.43:715][  0]LogConfig: Setting CVar [[r.DetailMode:2]]
[2023.08.28-00.42.43:715][  0]LogConfig: Setting CVar [[r.TranslucencyVolumeBlur:1]]
[2023.08.28-00.42.43:715][  0]LogConfig: Setting CVar [[r.MaterialQualityLevel:1 ; High quality]]
[2023.08.28-00.42.43:715][  0]LogConfig: Setting CVar [[r.AnisotropicMaterials:1]]
[2023.08.28-00.42.43:715][  0]LogConfig: Setting CVar [[r.SSS.Scale:1]]
[2023.08.28-00.42.43:715][  0]LogConfig: Setting CVar [[r.SSS.SampleSet:2]]
[2023.08.28-00.42.43:715][  0]LogConfig: Setting CVar [[r.SSS.Quality:1]]
[2023.08.28-00.42.43:715][  0]LogConfig: Setting CVar [[r.SSS.HalfRes:0]]
[2023.08.28-00.42.43:715][  0]LogConfig: Setting CVar [[r.SSGI.Quality:3]]
[2023.08.28-00.42.43:715][  0]LogConfig: Setting CVar [[r.EmitterSpawnRateScale:1.0]]
[2023.08.28-00.42.43:715][  0]LogConfig: Setting CVar [[r.ParticleLightQuality:2]]
[2023.08.28-00.42.43:715][  0]LogConfig: Setting CVar [[r.SkyAtmosphere.AerialPerspectiveLUT.FastApplyOnOpaque:1 ; Always have FastSkyLUT 1 in this case to avoid wrong sky]]
[2023.08.28-00.42.43:715][  0]LogConfig: Setting CVar [[r.SkyAtmosphere.AerialPerspectiveLUT.SampleCountMaxPerSlice:4]]
[2023.08.28-00.42.43:715][  0]LogConfig: Setting CVar [[r.SkyAtmosphere.AerialPerspectiveLUT.DepthResolution:16.0]]
[2023.08.28-00.42.43:715][  0]LogConfig: Setting CVar [[r.SkyAtmosphere.FastSkyLUT:1]]
[2023.08.28-00.42.43:715][  0]LogConfig: Setting CVar [[r.SkyAtmosphere.FastSkyLUT.SampleCountMin:4.0]]
[2023.08.28-00.42.43:715][  0]LogConfig: Setting CVar [[r.SkyAtmosphere.FastSkyLUT.SampleCountMax:128.0]]
[2023.08.28-00.42.43:715][  0]LogConfig: Setting CVar [[r.SkyAtmosphere.SampleCountMin:4.0]]
[2023.08.28-00.42.43:715][  0]LogConfig: Setting CVar [[r.SkyAtmosphere.SampleCountMax:128.0]]
[2023.08.28-00.42.43:715][  0]LogConfig: Setting CVar [[r.SkyAtmosphere.TransmittanceLUT.UseSmallFormat:0]]
[2023.08.28-00.42.43:715][  0]LogConfig: Setting CVar [[r.SkyAtmosphere.TransmittanceLUT.SampleCount:10.0]]
[2023.08.28-00.42.43:715][  0]LogConfig: Setting CVar [[r.SkyAtmosphere.MultiScatteringLUT.SampleCount:15.0]]
[2023.08.28-00.42.43:715][  0]LogConfig: Setting CVar [[r.SkyLight.RealTimeReflectionCapture:1]]
[2023.08.28-00.42.43:715][  0]LogConfig: Applying CVar settings from Section [FoliageQuality@3] File [C:/Unreal Projects/AsteroidRemake/Saved/Config/Windows/Scalability.ini]
[2023.08.28-00.42.43:715][  0]LogConfig: Setting CVar [[foliage.DensityScale:1.0]]
[2023.08.28-00.42.43:715][  0]LogConfig: Setting CVar [[grass.DensityScale:1.0]]
[2023.08.28-00.42.43:715][  0]LogConfig: Applying CVar settings from Section [ShadingQuality@3] File [C:/Unreal Projects/AsteroidRemake/Saved/Config/Windows/Scalability.ini]
[2023.08.28-00.42.43:715][  0]LogConfig: Setting CVar [[r.HairStrands.SkyLighting.IntegrationType:2]]
[2023.08.28-00.42.43:715][  0]LogConfig: Setting CVar [[r.HairStrands.SkyAO.SampleCount:4]]
[2023.08.28-00.42.43:715][  0]LogConfig: Setting CVar [[r.HairStrands.Visibility.MSAA.SamplePerPixel:4]]
[2023.08.28-00.42.43:715][  0]LogConfig: Applying CVar settings from Section [Startup] File [../../../Engine/Config/ConsoleVariables.ini]
[2023.08.28-00.42.43:715][  0]LogConfig: Setting CVar [[net.UseAdaptiveNetUpdateFrequency:0]]
[2023.08.28-00.42.43:715][  0]LogConfig: Setting CVar [[p.chaos.AllowCreatePhysxBodies:1]]
[2023.08.28-00.42.43:715][  0]LogConfig: Setting CVar [[fx.SkipVectorVMBackendOptimizations:1]]
[2023.08.28-00.42.43:715][  0]LogConfig: Applying CVar settings from Section [ConsoleVariables] File [C:/Unreal Projects/AsteroidRemake/Saved/Config/Windows/Engine.ini]
[2023.08.28-00.42.43:715][  0]LogConfig: Applying CVar settings from Section [ConsoleVariables] File [C:/Unreal Projects/AsteroidRemake/Saved/Config/Windows/Editor.ini]
[2023.08.28-00.42.43:715][  0]LogInit: Computer: DESKTOP-V6GCTTP
[2023.08.28-00.42.43:715][  0]LogInit: User: home
[2023.08.28-00.42.43:715][  0]LogInit: CPU Page size=4096, Cores=8
[2023.08.28-00.42.43:715][  0]LogInit: High frequency timer resolution =10.000000 MHz
[2023.08.28-00.42.43:715][  0]LogMemory: Memory total: Physical=31.9GB (32GB approx)
[2023.08.28-00.42.43:715][  0]LogMemory: Platform Memory Stats for Windows
[2023.08.28-00.42.43:715][  0]LogMemory: Process Physical Memory: 149.13 MB used, 151.43 MB peak
[2023.08.28-00.42.43:715][  0]LogMemory: Process Virtual Memory: 131.70 MB used, 131.70 MB peak
[2023.08.28-00.42.43:715][  0]LogMemory: Physical Memory: 7780.18 MB used,  24905.45 MB free, 32685.62 MB total
[2023.08.28-00.42.43:715][  0]LogMemory: Virtual Memory: 134190360.00 MB used,  27369.60 MB free, 134217728.00 MB total
[2023.08.28-00.42.43:719][  0]LogWindows: WindowsPlatformFeatures enabled
[2023.08.28-00.42.43:749][  0]LogInit: Physics initialised using underlying interface: PhysX
[2023.08.28-00.42.43:750][  0]LogInit: Overriding language with editor language configuration option (en).
[2023.08.28-00.42.43:750][  0]LogInit: Overriding language with editor locale configuration option (en).
[2023.08.28-00.42.43:890][  0]LogInit: Setting process to per monitor DPI aware
[2023.08.28-00.42.43:897][  0]LogWindowsTextInputMethodSystem: Display: IME system deactivated.
[2023.08.28-00.42.43:905][  0]LogSlate: New Slate User Created.  User Index 0, Is Virtual User: 0
[2023.08.28-00.42.43:905][  0]LogSlate: Slate User Registered.  User Index 0, Is Virtual User: 0
[2023.08.28-00.42.44:040][  0]LogD3D11RHI: Loaded GFSDK_Aftermath_Lib.x64.dll
[2023.08.28-00.42.44:041][  0]LogHMD: Failed to initialize OpenVR with code 110
[2023.08.28-00.42.44:041][  0]LogD3D11RHI: D3D11 min allowed feature level: 11_0
[2023.08.28-00.42.44:041][  0]LogD3D11RHI: D3D11 max allowed feature level: 11_0
[2023.08.28-00.42.44:041][  0]LogD3D11RHI: D3D11 adapters:
[2023.08.28-00.42.44:160][  0]LogD3D11RHI:    0. 'NVIDIA GeForce RTX 3060' (Feature Level 11_0)
[2023.08.28-00.42.44:160][  0]LogD3D11RHI:       12124/0/16342 MB DedicatedVideo/DedicatedSystem/SharedSystem, Outputs:1, VendorId:0x10de
[2023.08.28-00.42.44:161][  0]LogD3D11RHI:    1. 'Microsoft Basic Render Driver' (Feature Level 11_0)
[2023.08.28-00.42.44:161][  0]LogD3D11RHI:       0/0/16342 MB DedicatedVideo/DedicatedSystem/SharedSystem, Outputs:0, VendorId:0x1414
[2023.08.28-00.42.44:161][  0]LogD3D11RHI: Chosen D3D11 Adapter:
[2023.08.28-00.42.44:161][  0]LogD3D11RHI:     Description : NVIDIA GeForce RTX 3060
[2023.08.28-00.42.44:161][  0]LogD3D11RHI:     VendorId    : 10de
[2023.08.28-00.42.44:161][  0]LogD3D11RHI:     DeviceId    : 2487
[2023.08.28-00.42.44:161][  0]LogD3D11RHI:     SubSysId    : 263019da
[2023.08.28-00.42.44:161][  0]LogD3D11RHI:     Revision    : 00a1
[2023.08.28-00.42.44:161][  0]LogD3D11RHI:     DedicatedVideoMemory : 12712935424 bytes
[2023.08.28-00.42.44:161][  0]LogD3D11RHI:     DedicatedSystemMemory : 0 bytes
[2023.08.28-00.42.44:161][  0]LogD3D11RHI:     SharedSystemMemory : 17136678912 bytes
[2023.08.28-00.42.44:161][  0]LogD3D11RHI:     AdapterLuid : 0 53551
[2023.08.28-00.42.44:165][  0]LogD3D11RHI: Creating new Direct3DDevice
[2023.08.28-00.42.44:165][  0]LogD3D11RHI:     GPU DeviceId: 0x2487 (for the marketing name, search the web for "GPU Device Id")
[2023.08.28-00.42.44:165][  0]LogWindows: EnumDisplayDevices:
[2023.08.28-00.42.44:165][  0]LogWindows:    0. 'NVIDIA GeForce RTX 3060' (P:1 D:1)
[2023.08.28-00.42.44:165][  0]LogWindows:    1. 'NVIDIA GeForce RTX 3060' (P:0 D:0)
[2023.08.28-00.42.44:165][  0]LogWindows:    2. 'NVIDIA GeForce RTX 3060' (P:0 D:0)
[2023.08.28-00.42.44:166][  0]LogWindows:    3. 'NVIDIA GeForce RTX 3060' (P:0 D:0)
[2023.08.28-00.42.44:166][  0]LogWindows: DebugString: FoundDriverCount:4 
[2023.08.28-00.42.44:166][  0]LogD3D11RHI:     Adapter Name: NVIDIA GeForce RTX 3060
[2023.08.28-00.42.44:166][  0]LogD3D11RHI:   Driver Version: 536.23 (internal:31.0.15.3623, unified:536.23)
[2023.08.28-00.42.44:166][  0]LogD3D11RHI:      Driver Date: 6-8-2023
[2023.08.28-00.42.44:166][  0]LogRHI: Texture pool is 8486 MB (70% of 12124 MB)
[2023.08.28-00.42.44:166][  0]LogD3D11RHI: Creating D3DDevice using adapter:
[2023.08.28-00.42.44:166][  0]LogD3D11RHI:     Description : NVIDIA GeForce RTX 3060
[2023.08.28-00.42.44:166][  0]LogD3D11RHI:     VendorId    : 10de
[2023.08.28-00.42.44:166][  0]LogD3D11RHI:     DeviceId    : 2487
[2023.08.28-00.42.44:166][  0]LogD3D11RHI:     SubSysId    : 263019da
[2023.08.28-00.42.44:166][  0]LogD3D11RHI:     Revision    : 00a1
[2023.08.28-00.42.44:166][  0]LogD3D11RHI:     DedicatedVideoMemory : 12712935424 bytes
[2023.08.28-00.42.44:166][  0]LogD3D11RHI:     DedicatedSystemMemory : 0 bytes
[2023.08.28-00.42.44:166][  0]LogD3D11RHI:     SharedSystemMemory : 17136678912 bytes
[2023.08.28-00.42.44:166][  0]LogD3D11RHI:     AdapterLuid : 0 53551
[2023.08.28-00.42.44:242][  0]LogD3D11RHI: RHI has support for 64 bit atomics
[2023.08.28-00.42.44:242][  0]LogD3D11RHI: Async texture creation enabled
[2023.08.28-00.42.44:242][  0]LogD3D11RHI: Array index from any shader is supported
[2023.08.28-00.42.44:255][  0]LogD3D11RHI: GPU Timing Frequency: 1000.000000 (Debug: 2 1)
[2023.08.28-00.42.44:276][  0]LogRHI: GeForceNow SDK initialized: 1
[2023.08.28-00.42.44:483][  0]LogTargetPlatformManager: Display: Loaded TargetPlatform 'AllDesktop'
[2023.08.28-00.42.44:498][  0]LogTargetPlatformManager: Display: Loaded TargetPlatform 'Android'
[2023.08.28-00.42.44:498][  0]LogTargetPlatformManager: Display: Loaded TargetPlatform 'Android_ASTC'
[2023.08.28-00.42.44:498][  0]LogTargetPlatformManager: Display: Loaded TargetPlatform 'Android_DXT'
[2023.08.28-00.42.44:498][  0]LogTargetPlatformManager: Display: Loaded TargetPlatform 'Android_ETC2'
[2023.08.28-00.42.44:498][  0]LogTargetPlatformManager: Display: Loaded TargetPlatform 'AndroidClient'
[2023.08.28-00.42.44:498][  0]LogTargetPlatformManager: Display: Loaded TargetPlatform 'Android_ASTCClient'
[2023.08.28-00.42.44:498][  0]LogTargetPlatformManager: Display: Loaded TargetPlatform 'Android_DXTClient'
[2023.08.28-00.42.44:498][  0]LogTargetPlatformManager: Display: Loaded TargetPlatform 'Android_ETC2Client'
[2023.08.28-00.42.44:498][  0]LogTargetPlatformManager: Display: Loaded TargetPlatform 'Android_Multi'
[2023.08.28-00.42.44:498][  0]LogTargetPlatformManager: Display: Loaded TargetPlatform 'Android_MultiClient'
[2023.08.28-00.42.44:512][  0]LogTargetPlatformManager: Display: Loaded TargetPlatform 'IOSClient'
[2023.08.28-00.42.44:512][  0]LogTargetPlatformManager: Display: Loaded TargetPlatform 'IOS'
[2023.08.28-00.42.44:519][  0]LogTargetPlatformManager: Display: Loaded TargetPlatform 'Linux'
[2023.08.28-00.42.44:522][  0]LogTargetPlatformManager: Display: Loaded TargetPlatform 'LinuxNoEditor'
[2023.08.28-00.42.44:526][  0]LogTargetPlatformManager: Display: Loaded TargetPlatform 'LinuxClient'
[2023.08.28-00.42.44:529][  0]LogTargetPlatformManager: Display: Loaded TargetPlatform 'LinuxServer'
[2023.08.28-00.42.44:536][  0]LogTargetPlatformManager: Display: Loaded TargetPlatform 'LinuxAArch64NoEditor'
[2023.08.28-00.42.44:539][  0]LogTargetPlatformManager: Display: Loaded TargetPlatform 'LinuxAArch64Client'
[2023.08.28-00.42.44:542][  0]LogTargetPlatformManager: Display: Loaded TargetPlatform 'LinuxAArch64Server'
[2023.08.28-00.42.44:560][  0]LogTargetPlatformManager: Display: Loaded TargetPlatform 'Lumin'
[2023.08.28-00.42.44:560][  0]LogTargetPlatformManager: Display: Loaded TargetPlatform 'LuminClient'
[2023.08.28-00.42.44:567][  0]LogTargetPlatformManager: Display: Loaded TargetPlatform 'MacNoEditor'
[2023.08.28-00.42.44:570][  0]LogTargetPlatformManager: Display: Loaded TargetPlatform 'Mac'
[2023.08.28-00.42.44:573][  0]LogTargetPlatformManager: Display: Loaded TargetPlatform 'MacClient'
[2023.08.28-00.42.44:576][  0]LogTargetPlatformManager: Display: Loaded TargetPlatform 'MacServer'
[2023.08.28-00.42.44:584][  0]LogTargetPlatformManager: Display: Loaded TargetPlatform 'TVOSClient'
[2023.08.28-00.42.44:584][  0]LogTargetPlatformManager: Display: Loaded TargetPlatform 'TVOS'
[2023.08.28-00.42.44:591][  0]LogTargetPlatformManager: Display: Loaded TargetPlatform 'WindowsNoEditor'
[2023.08.28-00.42.44:594][  0]LogTargetPlatformManager: Display: Loaded TargetPlatform 'Windows'
[2023.08.28-00.42.44:597][  0]LogTargetPlatformManager: Display: Loaded TargetPlatform 'WindowsClient'
[2023.08.28-00.42.44:600][  0]LogTargetPlatformManager: Display: Loaded TargetPlatform 'WindowsServer'
[2023.08.28-00.42.44:600][  0]LogTargetPlatformManager: Display: Building Assets For Windows
[2023.08.28-00.42.44:606][  0]LogAudioDebug: Display: Lib vorbis DLL was dynamically loaded.
[2023.08.28-00.42.44:627][  0]LogTextureFormatOodle: Display: Oodle Texture 2.9.0 init RDO Off
[2023.08.28-00.42.44:651][  0]LogRendererCore: Ray tracing is disabled. Reason: r.RayTracing=0.
[2023.08.28-00.42.44:651][  0]LogShaderCompilers: Guid format shader working directory is 11 characters bigger than the processId version (C:/Unreal Projects/AsteroidRemake/Intermediate/Shaders/WorkingDirectory/10472/).
[2023.08.28-00.42.44:651][  0]LogShaderCompilers: Cleaned the shader compiler working directory 'C:/Users/home/AppData/Local/Temp/UnrealShaderWorkingDir/BB1321EB4F9BE84413981FA8E2AD7137/'.
[2023.08.28-00.42.44:651][  0]LogXGEController: Cannot use XGE Controller as Incredibuild is not installed on this machine.
[2023.08.28-00.42.44:651][  0]LogShaderCompilers: Cannot use XGE Shader Compiler as Incredibuild is not installed on this machine.
[2023.08.28-00.42.44:651][  0]LogShaderCompilers: Display: Using Local Shader Compiler.
[2023.08.28-00.42.45:243][  0]LogDerivedDataCache: Display: Max Cache Size: 512 MB
[2023.08.28-00.42.45:284][  0]LogDerivedDataCache: Loaded boot cache 0.04s 94MB C:/Users/home/AppData/Local/UnrealEngine/4.27/DerivedDataCache/Boot.ddc.
[2023.08.28-00.42.45:284][  0]LogDerivedDataCache: Display: Loaded Boot cache: C:/Users/home/AppData/Local/UnrealEngine/4.27/DerivedDataCache/Boot.ddc
[2023.08.28-00.42.45:284][  0]LogDerivedDataCache: FDerivedDataBackendGraph:  Pak pak cache file C:/Unreal Projects/AsteroidRemake/DerivedDataCache/DDC.ddp not found, will not use a pak cache.
[2023.08.28-00.42.45:284][  0]LogDerivedDataCache: Unable to find inner node Pak for hierarchical cache Hierarchy.
[2023.08.28-00.42.45:284][  0]LogDerivedDataCache: FDerivedDataBackendGraph:  CompressedPak pak cache file C:/Unreal Projects/AsteroidRemake/DerivedDataCache/Compressed.ddp not found, will not use a pak cache.
[2023.08.28-00.42.45:284][  0]LogDerivedDataCache: Unable to find inner node CompressedPak for hierarchical cache Hierarchy.
[2023.08.28-00.42.45:296][  0]LogDerivedDataCache: Display: Pak cache opened for reading ../../../Engine/DerivedDataCache/Compressed.ddp.
[2023.08.28-00.42.45:296][  0]LogDerivedDataCache: FDerivedDataBackendGraph:  EnterprisePak pak cache file ../../../Enterprise/DerivedDataCache/Compressed.ddp not found, will not use a pak cache.
[2023.08.28-00.42.45:296][  0]LogDerivedDataCache: Unable to find inner node EnterprisePak for hierarchical cache Hierarchy.
[2023.08.28-00.42.45:301][  0]LogDerivedDataCache: Speed tests for C:/Users/home/AppData/Local/UnrealEngine/Common/DerivedDataCache took 0.00 seconds
[2023.08.28-00.42.45:301][  0]LogDerivedDataCache: Display: Performance to C:/Users/home/AppData/Local/UnrealEngine/Common/DerivedDataCache: Latency=0.02ms. RandomReadSpeed=1583.79MBs, RandomWriteSpeed=261.43MBs. Assigned SpeedClass 'Local'
[2023.08.28-00.42.45:302][  0]LogDerivedDataCache: Using Local data cache path C:/Users/home/AppData/Local/UnrealEngine/Common/DerivedDataCache: Writable
[2023.08.28-00.42.45:302][  0]LogDerivedDataCache: Shared data cache path not found in *engine.ini, will not use an Shared cache.
[2023.08.28-00.42.45:302][  0]LogDerivedDataCache: Unable to find inner node Shared for hierarchical cache Hierarchy.
[2023.08.28-00.42.45:338][  0]LogSlate: Using FreeType 2.10.0
[2023.08.28-00.42.45:339][  0]LogSlate: SlateFontServices - WITH_FREETYPE: 1, WITH_HARFBUZZ: 1
[2023.08.28-00.42.45:359][  0]LogAssetRegistry: FAssetRegistry took 0.0018 seconds to start up
[2023.08.28-00.42.45:545][  0]LogInit: Selected Device Profile: [Windows]
[2023.08.28-00.42.45:545][  0]LogInit: Active device profile: [000001D04AFF5300][000001D048BEB040 49] Windows
[2023.08.28-00.42.45:545][  0]LogInit: Profiles: [000001D04AFF5300][000001D048BEB040 49] Windows, [000001D04AFAB000][000001D0483CD1C0 49] WindowsNoEditor, [000001D04AFF6500][000001D042ABD340 49] WindowsServer, [000001D04AFABE00][000001D042AC14C0 49] WindowsClient, [000001D04AFF7200][000001D042AC5640 49] IOS, [000001D04AFA9300][000001D048FF97C0 49] iPadAir, [000001D04AFF6900][000001D0482EB940 49] iPadAir2, [000001D04AF31C00][000001D0482F3C00 49] IPadPro, [000001D04AF31D00][000001D0482EE0C0 49] iPadAir3, [000001D04AFA9800][000001D048326240 49] iPadAir4, [000001D04AF32C00][000001D0483363C0 49] iPadMini2, [000001D04AFA9F00][000001D04833A540 49] iPadMini3, [000001D04AF30B00][000001D0483C8680 49] iPadMini4, [000001D04AFAB400][000001D0485047C0 49] iPadMini5, [000001D04AF55300][000001D048510A40 49] iPhone6, [000001D04AF55400][000001D048508A80 49] iPodTouch6, [000001D04AFF5600][000001D04869CD40 49] iPhone7, [000001D04AFF6B00][000001D048698D80 49] iPodTouch7, [000001D04AF33B00][000001D048710F00 49] iPhone5S, [000001D04AFF5800][000001D048715080 49] iPhone6Plus, [000001D04AF33000][000001D048719200 49] iPhone6S, [000001D04AFF6800][000001D042037380 49] iPhone6SPlus, [000001D04AF31500][000001D042055500 49] iPhone7Plus, [000001D04AFF4100][000001D042061680 49] iPhoneSE, [000001D04AF30200][000001D042065800 49] iPhone8, [000001D04AFF5700][000001D042069980 49] iPhone8Plus, [000001D04AF54100][000001D04206DB00 49] iPhoneX, [000001D04AF31800][000001D042070100 49] iPhoneXS, [000001D04AF54C00][000001D042078280 49] iPhoneXSMax, [000001D04AF33800][000001D04207C400 49] iPhoneXR, [000001D04AF57D00][000001D048BBA580 49] iPhone11, [000001D04AF32800][000001D048FD4700 49] iPhone11Pro, [000001D04AF57800][000001D04850C840 49] iPhone11ProMax, [000001D04AF30C00][000001D048FD8980 49] iPhoneSE2, [000001D04AF56900][000001D048BB6AC0 49] iPhone12Mini, [000001D04AF33F00][000001D048FDCC40 49] iPhone12, [000001D04AFF4A00][000001D048FE0DC0 49] iPhone12Pro, [000001D04AF33E00][000001D048FF0F40 49] iPhone12ProMax, [000001D04AFF4700][000001D042A9B0C0 49] iPadPro105, [000001D04AF31100][000001D042A9F240 49] iPadPro129, [000001D04AFF6E00][000001D042AA33C0 49] iPadPro97, [000001D04AF31300][000001D042AA7540 49] iPadPro2_129, [000001D04AFF4800][000001D042AAB6C0 49] iPad5, [000001D04AF32D00][000001D048FFD840 49] iPad6, [000001D04AFF7D00][000001D0418459C0 49] iPad7, [000001D04AF31200][000001D041841B40 49] iPad8, [000001D04AFF5E00][000001D048344140 49] iPadPro11, [000001D04AF32500][000001D046F5A2C0 49] iPadPro2_11, [000001D04AFF7700][000001D042AAE440 49] iPadPro3_129, [000001D04AF31900][000001D042AB25C0 49] iPadPro4_129, [000001D04AFF5100][000001D042AB6740 49] AppleTV, [000001D04AF31600][000001D0417EE8C0 49] AppleTV4K, [000001D04AFF6A00][000001D042074A00 49] TVOS, [000001D04AF33A00][000001D0417F2B40 49] Mac, [000001D04AFF5000][000001D0417F6C80 49] MacClient, [000001D04AF32400][000001D0417FADC0 49] MacNoEditor, [000001D04AFF5900][000001D041802F40 49] MacServer, [000001D04AF30500][000001D0418070C0 49] Linux, [000001D04AFF4400][000001D04180B240 49] LinuxAArch64, [000001D04AF31A00][000001D04180F3C0 49] LinuxNoEditor, [000001D04AFF5F00][000001D041813540 49] LinuxAArch64NoEditor, [000001D04AF33C00][000001D04875B6C0 49] LinuxClient, [000001D04AFF7000][000001D04875F840 49] LinuxAArch64Client, [000001D04AF33400][000001D0487639C0 49] LinuxServer, [000001D04AFF6200][000001D048767B40 49] LinuxAArch64Server, [000001D04AF32200][000001D04876A140 49] Android, [000001D04AFF7900][000001D04876E2C0 49] Android_Low, [000001D04AF30600][000001D048772440 49] Android_Mid, [000001D04AFF6D00][000001D0487765C0 49] Android_High, [000001D04AF32300][000001D04877A740 49] Android_Default, [000001D04AFF7C00][000001D04877E8C0 49] Android_Adreno4xx, [000001D04AF32B00][000001D048782A40 49] Android_Adreno5xx_Low, [000001D04AFF4600][000001D0417FEB80 49] Android_Adreno5xx, [000001D04AF32700][000001D048786CC0 49] Android_Adreno6xx, [000001D04AFF6600][000001D04878AE00 49] Android_Adreno6xx_Vulkan, [000001D04AF32A00][000001D04878EF40 49] Android_Mali_T6xx, [000001D04AFF4F00][000001D04879F0C0 49] Android_Mali_T7xx, [000001D04AF31E00][000001D0487A3240 49] Android_Mali_T8xx, [000001D04AFF6400][000001D0487A73C0 49] Android_Mali_G71, [000001D04AF30100][000001D0487AB540 49] Android_Mali_G72, [000001D04AFF7A00][000001D0487AF6C0 49] Android_Mali_G72_Vulkan, [000001D04AF32F00][000001D0487B3840 49] Android_Mali_G76, [000001D04AFF4200][000001D0487B79C0 49] Android_Mali_G76_Vulkan, [000001D04AFA8F00][000001D0487BBB40 49] Android_Mali_G77, [000001D04AF56100][000001D0487BE140 49] Android_Mali_G77_Vulkan, [000001D04AFA8D00][000001D0487C22C0 49] Android_Mali_G78, [000001D04AF57400][000001D0487C6440 49] Android_Mali_G78_Vulkan, [000001D04AFA8400][000001D0487CA5C0 49] Android_Mali_G710, [000001D04AF57100][000001D0487CE740 49] Android_Mali_G710_Vulkan, [000001D04AFA8E00][000001D0487D28C0 49] Android_Vulkan_SM5, [000001D04AF57A00][000001D0487D6A40 49] Android_PowerVR_G6xxx, [000001D04AFAAA00][000001D0487DABC0 49] Android_PowerVR_GT7xxx, [000001D04AF56F00][000001D0486A0D40 49] Android_PowerVR_GE8xxx, [000001D04AFAA900][000001D048792E80 49] Android_PowerVR_GM9xxx, [000001D04AF55F00][000001D0486A4FC0 49] Android_PowerVR_GM9xxx_Vulkan, [000001D04AFAB800][000001D0486A9100 49] Android_TegraK1, [000001D04AF54300][000001D0486B1280 49] Android_Unknown_Vulkan, [000001D04AFA8C00][000001D0486B5400 49] Lumin, [000001D04AF56E00][000001D0486B9580 49] Lumin_Desktop, [000001D04AFAA400][000001D0486BD700 49] HoloLens, 
[2023.08.28-00.42.45:642][  0]LogMeshReduction: Using QuadricMeshReduction for automatic static mesh reduction
[2023.08.28-00.42.45:642][  0]LogMeshReduction: Using SimplygonMeshReduction for automatic skeletal mesh reduction
[2023.08.28-00.42.45:642][  0]LogMeshReduction: Using ProxyLODMeshReduction for automatic mesh merging
[2023.08.28-00.42.45:642][  0]LogMeshReduction: No distributed automatic mesh merging module available
[2023.08.28-00.42.45:642][  0]LogMeshMerging: No distributed automatic mesh merging module available
[2023.08.28-00.42.45:653][  0]LogNetVersion: AsteroidRemake 1.0.0, NetCL: 17155196, EngineNetVer: 17, GameNetVer: 0 (Checksum: 3258840638)
[2023.08.28-00.42.45:924][  0]LogTexture: Default maximum texture size for cubemaps generated from long-lat sources has been changed from 512 to unlimited. In order to preserve old behaiour for '/Engine/MapTemplates/Sky/DaylightAmbientCubemap.DaylightAmbientCubemap', its maximum texture size has been explicitly set to 512.
[2023.08.28-00.42.45:963][  0]LogHMD: PokeAHoleMaterial loaded successfully
[2023.08.28-00.42.45:967][  0]LogUObjectArray: 17178 objects as part of root set at end of initial load.
[2023.08.28-00.42.45:967][  0]LogUObjectAllocator: 4302048 out of 0 bytes used by permanent object pool.
[2023.08.28-00.42.45:967][  0]LogUObjectArray: CloseDisregardForGC: 0/0 objects in disregard for GC pool
[2023.08.28-00.42.46:169][  0]LogNiagaraDebuggerClient: Niagara Debugger Client Initialized | Session: 89AB0BED42E02ED7778A9D80391B90E2 | Instance: 98AAFB5E4BBAA9158560F58283B89980 (DESKTOP-V6GCTTP-10472).
[2023.08.28-00.42.46:194][  0]LogPython: Using Python 3.7.7
[2023.08.28-00.42.46:664][  0]LogTcpMessaging: Initializing TcpMessaging bridge
[2023.08.28-00.42.46:667][  0]LogUdpMessaging: Initializing bridge on interface 0.0.0.0:0 to multicast group 230.0.0.1:6666.
[2023.08.28-00.42.46:706][  0]LogLinker: Warning: Failed to load '/Game/Blueprints/AsteroidMed': Can't find file.
[2023.08.28-00.42.46:706][  0]LogLinker: Warning: Failed to load '/Game/Blueprints/AsteroidMed': Can't find file.
[2023.08.28-00.42.46:706][  0]LogUObjectGlobals: Warning: Failed to find object 'Blueprint /Game/Blueprints/AsteroidMed.AsteroidMed'
[2023.08.28-00.42.46:706][  0]Error: CDO Constructor (BigAsteroid): Failed to find /Game/Blueprints/AsteroidMed

[2023.08.28-00.42.46:711][  0]LogUObjectBase: Warning: -------------- Default Property warnings and errors:
[2023.08.28-00.42.46:712][  0]LogUObjectBase: Warning: Error: CDO Constructor (BigAsteroid): Failed to find /Game/Blueprints/AsteroidMed

[2023.08.28-00.42.48:158][  0]Message dialog closed, result: Ok, title: Message, text: Default Property warnings and errors:
Error: CDO Constructor (BigAsteroid): Failed to find /Game/Blueprints/AsteroidMed


[2023.08.28-00.42.48:279][  0]SourceControl: Source control is disabled
[2023.08.28-00.42.48:279][  0]SourceControl: Source control is disabled
[2023.08.28-00.42.48:281][  0]SourceControl: Source control is disabled
[2023.08.28-00.42.48:283][  0]SourceControl: Source control is disabled
[2023.08.28-00.42.48:285][  0]SourceControl: Source control is disabled
[2023.08.28-00.42.48:293][  0]LogUProjectInfo: Found projects:
[2023.08.28-00.42.48:402][  0]LogOpenImageDenoise: OIDN starting up
[2023.08.28-00.42.48:436][  0]LogAndroidPermission: UAndroidPermissionCallbackProxy::GetInstance
[2023.08.28-00.42.48:453][  0]LogAudioCaptureCore: Display: No Audio Capture implementations found. Audio input will be silent.
[2023.08.28-00.42.48:453][  0]LogAudioCaptureCore: Display: No Audio Capture implementations found. Audio input will be silent.
[2023.08.28-00.42.48:543][  0]LogCollectionManager: Loaded 0 collections in 0.000474 seconds
[2023.08.28-00.42.48:561][  0]LogFileCache: Scanning file cache for directory 'C:/Unreal Projects/AsteroidRemake/Saved/Collections/' took 0.00s
[2023.08.28-00.42.48:561][  0]LogFileCache: Scanning file cache for directory 'C:/Unreal Projects/AsteroidRemake/Content/Developers/home/Collections/' took 0.00s
[2023.08.28-00.42.48:561][  0]LogFileCache: Scanning file cache for directory 'C:/Unreal Projects/AsteroidRemake/Content/Collections/' took 0.00s
[2023.08.28-00.42.48:561][  0]LogOcInput: OculusInput pre-init called
[2023.08.28-00.42.48:725][  0]LogEngine: Initializing Engine...
[2023.08.28-00.42.48:798][  0]LogHMD: Optional extension XR_VARJO_quad_views is not available
[2023.08.28-00.42.48:798][  0]LogHMD: Warning: Required extension XR_EXT_eye_gaze_interaction is not available
[2023.08.28-00.42.48:798][  0]LogHMD: Could not enable all required OpenXR extensions for OpenXREyeTracker on current system. This plugin will be loaded but ignored, but will be enabled on a target platform that supports the required extension.
[2023.08.28-00.42.48:799][  0]LogHMD: Failed to get an OpenXR system, result is XR_ERROR_FORM_FACTOR_UNAVAILABLE. Please check that your runtime supports VR headsets.
[2023.08.28-00.42.48:799][  0]LogHMD: Failed to initialize OpenVR with code 110
[2023.08.28-00.42.48:799][  0]LogMagicLeap: Warning: VR disabled because ZI is not enabled.  To enable, in the editor, Edit -> Project Settings -> Plugins -> Magic Leap Plugin -> Enable Zero Iteration
[2023.08.28-00.42.48:800][  0]LogStats: UGameplayTagsManager::InitializeManager -  0.000 s
[2023.08.28-00.42.48:892][  0]LogInit: Initializing FReadOnlyCVARCache
[2023.08.28-00.42.48:898][  0]LogAIModule: Creating AISystem for world Untitled
[2023.08.28-00.42.48:904][  0]LogAudio: Display: Initializing Audio Device Manager...
[2023.08.28-00.42.48:907][  0]LogAudio: Display: Loading Default Audio Settings Objects...
[2023.08.28-00.42.48:907][  0]LogAudio: Display: No default SoundConcurrencyObject specified (or failed to load).
[2023.08.28-00.42.48:908][  0]LogAudio: Display: Audio Device Manager Initialized
[2023.08.28-00.42.48:908][  0]LogAudio: Display: Creating Audio Device:                 Id: 1, Scope: Shared, Realtime: True
[2023.08.28-00.42.48:908][  0]LogAudioMixer: Display: Audio Mixer Platform Settings:
[2023.08.28-00.42.48:908][  0]LogAudioMixer: Display: 	Sample Rate:						  48000
[2023.08.28-00.42.48:908][  0]LogAudioMixer: Display: 	Callback Buffer Frame Size Requested: 1024
[2023.08.28-00.42.48:908][  0]LogAudioMixer: Display: 	Callback Buffer Frame Size To Use:	  1024
[2023.08.28-00.42.48:908][  0]LogAudioMixer: Display: 	Number of buffers to queue:			  2
[2023.08.28-00.42.48:908][  0]LogAudioMixer: Display: 	Max Channels (voices):				  32
[2023.08.28-00.42.48:908][  0]LogAudioMixer: Display: 	Number of Async Source Workers:		  0
[2023.08.28-00.42.48:908][  0]LogAudio: Display: AudioDevice MaxSources: 32
[2023.08.28-00.42.48:908][  0]LogAudio: Display: Audio Spatialization Plugin: None (built-in).
[2023.08.28-00.42.48:908][  0]LogAudio: Display: Audio Reverb Plugin: None (built-in).
[2023.08.28-00.42.48:908][  0]LogAudio: Display: Audio Occlusion Plugin: None (built-in).
[2023.08.28-00.42.48:908][  0]LogAudioMixer: Display: Initializing audio mixer.
[2023.08.28-00.42.48:915][  0]LogAudioMixer: Display: 0: FrontLeft
[2023.08.28-00.42.48:915][  0]LogAudioMixer: Display: 1: FrontRight
[2023.08.28-00.42.48:948][  0]LogAudioMixer: Display: Using Audio Device MG248 (NVIDIA High Definition Audio)
[2023.08.28-00.42.48:949][  0]LogAudioMixer: Display: Initializing Sound Submixes...
[2023.08.28-00.42.48:951][  0]LogAudioMixer: Display: Creating Master Submix 'MasterSubmixDefault'
[2023.08.28-00.42.48:951][  0]LogAudioMixer: Display: Creating Master Submix 'MasterReverbSubmixDefault'
[2023.08.28-00.42.48:951][  0]LogAudioMixer: Display: Creating Master Submix 'MasterEQSubmixDefault'
[2023.08.28-00.42.48:951][  0]LogAudioMixer: FMixerPlatformXAudio2::StartAudioStream() called
[2023.08.28-00.42.48:951][  0]LogAudioMixer: Display: Output buffers initialized: Frames=1024, Channels=2, Samples=2048
[2023.08.28-00.42.48:952][  0]LogAudioMixer: Display: Starting AudioMixerPlatformInterface::RunInternal()
[2023.08.28-00.42.48:952][  0]LogAudioMixer: Display: FMixerPlatformXAudio2::SubmitBuffer() called for the first time
[2023.08.28-00.42.48:952][  0]LogInit: FAudioDevice initialized.
[2023.08.28-00.42.48:952][  0]LogAudio: Display: Audio Device (ID: 1) registered with world 'Untitled'.
[2023.08.28-00.42.48:952][  0]LogNetVersion: Set ProjectVersion to 1.0.0.0. Version Checksum will be recalculated on next use.
[2023.08.28-00.42.53:942][  0]LogDerivedDataCache: Saved boot cache 4.99s 94MB C:/Users/home/AppData/Local/UnrealEngine/4.27/DerivedDataCache/Boot.ddc.
[2023.08.28-00.42.53:943][  0]LogInit: Texture streaming: Enabled
[2023.08.28-00.42.53:952][  0]LogAnalytics: Display: [UEEditor.Rocket.Release] APIServer = https://datarouter.ol.epicgames.com/. AppVersion = 4.27.2-18319896+++UE4+Release-4.27
[2023.08.28-00.42.53:955][  0]LogEngineSessionManager: EngineSessionManager initialized
[2023.08.28-00.42.53:955][  0]LogEditorSessionSummary: Verbose: Initializing EditorSessionSummaryWriter for editor session tracking
[2023.08.28-00.42.53:956][  0]LogEditorSessionSummary: EditorSessionSummaryWriter initialized
[2023.08.28-00.42.53:974][  0]LogInit: Transaction tracking system initialized
[2023.08.28-00.42.53:989][  0]BlueprintLog: New page: Editor Load
[2023.08.28-00.42.54:031][  0]LocalizationService: Localization service is disabled
[2023.08.28-00.42.54:048][  0]TimingProfiler: Initialize
[2023.08.28-00.42.54:048][  0]TimingProfiler: OnSessionChanged
[2023.08.28-00.42.54:048][  0]LoadingProfiler: Initialize
[2023.08.28-00.42.54:048][  0]LoadingProfiler: OnSessionChanged
[2023.08.28-00.42.54:048][  0]NetworkingProfiler: Initialize
[2023.08.28-00.42.54:048][  0]NetworkingProfiler: OnSessionChanged
[2023.08.28-00.42.54:048][  0]MemoryProfiler: Initialize
[2023.08.28-00.42.54:048][  0]MemoryProfiler: OnSessionChanged
[2023.08.28-00.42.54:146][  0]LogCook: Display: CookSettings for Memory: MemoryMaxUsedVirtual 0MiB, MemoryMaxUsedPhysical 16384MiB, MemoryMinFreeVirtual 0MiB, MemoryMinFreePhysical 1024MiB
[2023.08.28-00.42.54:146][  0]LogCook: Display: Mobile HDR setting 1
[2023.08.28-00.42.54:280][  0]LogFileCache: Scanning file cache for directory 'C:/Unreal Projects/AsteroidRemake/Content/' took 0.00s
[2023.08.28-00.42.54:407][  0]LogInit: Display: Engine is initialized. Leaving FEngineLoop::Init()
[2023.08.28-00.42.54:409][  0]SourceControl: Source control is disabled
[2023.08.28-00.42.54:409][  0]LogUnrealEdMisc: Loading editor; pre map load, took 12.062
[2023.08.28-00.42.54:409][  0]Cmd: MAP LOAD FILE="C:/Unreal Projects/AsteroidRemake/Content/StarterContent/Maps/Minimal_Default.umap" TEMPLATE=0 SHOWPROGRESS=1 FEATURELEVEL=3
[2023.08.28-00.42.54:409][  0]LightingResults: New page: Lighting Build
[2023.08.28-00.42.54:410][  0]LogWorld: UWorld::CleanupWorld for Untitled, bSessionEnded=true, bCleanupResources=true
[2023.08.28-00.42.54:410][  0]LogSlate: InvalidateAllWidgets triggered.  All widgets were invalidated
[2023.08.28-00.42.54:410][  0]MapCheck: New page: Map Check
[2023.08.28-00.42.54:410][  0]LightingResults: New page: Lighting Build
[2023.08.28-00.42.54:414][  0]LogAudio: Display: Audio Device unregistered from world 'None'.
[2023.08.28-00.42.54:416][  0]LogUObjectHash: Compacting FUObjectHashTables data took   0.65ms
[2023.08.28-00.42.54:482][  0]LogAudio: Display: Audio Device (ID: 1) registered with world 'Minimal_Default'.
[2023.08.28-00.42.54:483][  0]LogAIModule: Creating AISystem for world Minimal_Default
[2023.08.28-00.42.54:486][  0]LogEditorServer: Finished looking for orphan Actors (0.000 secs)
[2023.08.28-00.42.54:492][  0]LogUObjectHash: Compacting FUObjectHashTables data took   0.65ms
[2023.08.28-00.42.54:492][  0]Cmd: MAP CHECKDEP NOCLEARLOG
[2023.08.28-00.42.54:492][  0]MapCheck: Map check complete: 0 Error(s), 0 Warning(s), took 0.117ms to complete.
[2023.08.28-00.42.54:492][  0]LogFileHelpers: Loading map 'Minimal_Default' took 0.083
[2023.08.28-00.42.54:494][  0]LogUnrealEdMisc: Total Editor Startup Time, took 12.147
[2023.08.28-00.42.54:589][  0]LogSlate: Updating window title bar state: overlay mode, drag disabled, window buttons hidden, title bar hidden
[2023.08.28-00.42.54:593][  0]LogSlate: Updating window title bar state: overlay mode, drag disabled, window buttons hidden, title bar hidden
[2023.08.28-00.42.54:598][  0]LogSlate: Updating window title bar state: overlay mode, drag disabled, window buttons hidden, title bar hidden
[2023.08.28-00.42.54:602][  0]LogSlate: Updating window title bar state: overlay mode, drag disabled, window buttons hidden, title bar hidden
[2023.08.28-00.42.54:612][  0]LogNativeClassHierarchy: Verbose: Native class hierarchy populated in 0.0071 seconds. Added 3830 classes and 930 folders.
[2023.08.28-00.42.54:613][  0]LogNativeClassHierarchy: Verbose: Native class hierarchy updated for 'WidgetCarousel' in 0.0002 seconds. Added 0 classes and 0 folders.
[2023.08.28-00.42.54:615][  0]LogPakFile: PakFile PrimaryIndexSize=187
[2023.08.28-00.42.54:615][  0]LogPakFile: PakFile PathHashIndexSize=101
[2023.08.28-00.42.54:615][  0]LogPakFile: PakFile FullDirectoryIndexSize=148
[2023.08.28-00.42.54:615][  0]LogShaderLibrary: Display: ShaderCodeLibraryPakFileMountedCallback: PakFile 'D:/FORTNITE/UE_4.27/FeaturePacks/FP_FirstPerson.upack' (chunk index -1, root 'root:/') mounted
[2023.08.28-00.42.54:615][  0]LogShaderLibrary: Display: ShaderCodeLibraryPakFileMountedCallback: pending pak file info (ChunkID:-1 Root:root:/ File:D:/FORTNITE/UE_4.27/FeaturePacks/FP_FirstPerson.upack)
[2023.08.28-00.42.54:615][  0]LogPakFile: OnPakFileMounted2Time == 0.000041
[2023.08.28-00.42.54:615][  0]LogPakFile: PakFile PrimaryIndexSize=189
[2023.08.28-00.42.54:615][  0]LogPakFile: PakFile PathHashIndexSize=101
[2023.08.28-00.42.54:615][  0]LogPakFile: PakFile FullDirectoryIndexSize=152
[2023.08.28-00.42.54:615][  0]LogShaderLibrary: Display: ShaderCodeLibraryPakFileMountedCallback: PakFile 'D:/FORTNITE/UE_4.27/FeaturePacks/FP_FirstPersonBP.upack' (chunk index -1, root 'root:/') mounted
[2023.08.28-00.42.54:615][  0]LogShaderLibrary: Display: ShaderCodeLibraryPakFileMountedCallback: pending pak file info (ChunkID:-1 Root:root:/ File:D:/FORTNITE/UE_4.27/FeaturePacks/FP_FirstPersonBP.upack)
[2023.08.28-00.42.54:615][  0]LogPakFile: OnPakFileMounted2Time == 0.000028
[2023.08.28-00.42.54:616][  0]LogPakFile: PakFile PrimaryIndexSize=191
[2023.08.28-00.42.54:616][  0]LogPakFile: PakFile PathHashIndexSize=101
[2023.08.28-00.42.54:616][  0]LogPakFile: PakFile FullDirectoryIndexSize=160
[2023.08.28-00.42.54:616][  0]LogShaderLibrary: Display: ShaderCodeLibraryPakFileMountedCallback: PakFile 'D:/FORTNITE/UE_4.27/FeaturePacks/MobileStarterContent.upack' (chunk index -1, root 'root:/') mounted
[2023.08.28-00.42.54:616][  0]LogShaderLibrary: Display: ShaderCodeLibraryPakFileMountedCallback: pending pak file info (ChunkID:-1 Root:root:/ File:D:/FORTNITE/UE_4.27/FeaturePacks/MobileStarterContent.upack)
[2023.08.28-00.42.54:616][  0]LogPakFile: OnPakFileMounted2Time == 0.000027
[2023.08.28-00.42.54:616][  0]LogPakFile: PakFile PrimaryIndexSize=185
[2023.08.28-00.42.54:616][  0]LogPakFile: PakFile PathHashIndexSize=101
[2023.08.28-00.42.54:616][  0]LogPakFile: PakFile FullDirectoryIndexSize=148
[2023.08.28-00.42.54:616][  0]LogShaderLibrary: Display: ShaderCodeLibraryPakFileMountedCallback: PakFile 'D:/FORTNITE/UE_4.27/FeaturePacks/StarterContent.upack' (chunk index -1, root 'root:/') mounted
[2023.08.28-00.42.54:616][  0]LogShaderLibrary: Display: ShaderCodeLibraryPakFileMountedCallback: pending pak file info (ChunkID:-1 Root:root:/ File:D:/FORTNITE/UE_4.27/FeaturePacks/StarterContent.upack)
[2023.08.28-00.42.54:616][  0]LogPakFile: OnPakFileMounted2Time == 0.000026
[2023.08.28-00.42.54:617][  0]LogPakFile: PakFile PrimaryIndexSize=190
[2023.08.28-00.42.54:617][  0]LogPakFile: PakFile PathHashIndexSize=101
[2023.08.28-00.42.54:617][  0]LogPakFile: PakFile FullDirectoryIndexSize=154
[2023.08.28-00.42.54:617][  0]LogShaderLibrary: Display: ShaderCodeLibraryPakFileMountedCallback: PakFile 'D:/FORTNITE/UE_4.27/FeaturePacks/TP_2DSideScroller.upack' (chunk index -1, root 'root:/') mounted
[2023.08.28-00.42.54:617][  0]LogShaderLibrary: Display: ShaderCodeLibraryPakFileMountedCallback: pending pak file info (ChunkID:-1 Root:root:/ File:D:/FORTNITE/UE_4.27/FeaturePacks/TP_2DSideScroller.upack)
[2023.08.28-00.42.54:617][  0]LogPakFile: OnPakFileMounted2Time == 0.000028
[2023.08.28-00.42.54:617][  0]LogPakFile: PakFile PrimaryIndexSize=192
[2023.08.28-00.42.54:617][  0]LogPakFile: PakFile PathHashIndexSize=101
[2023.08.28-00.42.54:617][  0]LogPakFile: PakFile FullDirectoryIndexSize=158
[2023.08.28-00.42.54:617][  0]LogShaderLibrary: Display: ShaderCodeLibraryPakFileMountedCallback: PakFile 'D:/FORTNITE/UE_4.27/FeaturePacks/TP_2DSideScrollerBP.upack' (chunk index -1, root 'root:/') mounted
[2023.08.28-00.42.54:617][  0]LogShaderLibrary: Display: ShaderCodeLibraryPakFileMountedCallback: pending pak file info (ChunkID:-1 Root:root:/ File:D:/FORTNITE/UE_4.27/FeaturePacks/TP_2DSideScrollerBP.upack)
[2023.08.28-00.42.54:618][  0]LogPakFile: OnPakFileMounted2Time == 0.000025
[2023.08.28-00.42.54:618][  0]LogPakFile: PakFile PrimaryIndexSize=182
[2023.08.28-00.42.54:618][  0]LogPakFile: PakFile PathHashIndexSize=101
[2023.08.28-00.42.54:618][  0]LogPakFile: PakFile FullDirectoryIndexSize=138
[2023.08.28-00.42.54:618][  0]LogShaderLibrary: Display: ShaderCodeLibraryPakFileMountedCallback: PakFile 'D:/FORTNITE/UE_4.27/FeaturePacks/TP_Flying.upack' (chunk index -1, root 'root:/') mounted
[2023.08.28-00.42.54:618][  0]LogShaderLibrary: Display: ShaderCodeLibraryPakFileMountedCallback: pending pak file info (ChunkID:-1 Root:root:/ File:D:/FORTNITE/UE_4.27/FeaturePacks/TP_Flying.upack)
[2023.08.28-00.42.54:618][  0]LogPakFile: OnPakFileMounted2Time == 0.000026
[2023.08.28-00.42.54:618][  0]LogPakFile: PakFile PrimaryIndexSize=184
[2023.08.28-00.42.54:618][  0]LogPakFile: PakFile PathHashIndexSize=101
[2023.08.28-00.42.54:618][  0]LogPakFile: PakFile FullDirectoryIndexSize=142
[2023.08.28-00.42.54:618][  0]LogShaderLibrary: Display: ShaderCodeLibraryPakFileMountedCallback: PakFile 'D:/FORTNITE/UE_4.27/FeaturePacks/TP_FlyingBP.upack' (chunk index -1, root 'root:/') mounted
[2023.08.28-00.42.54:619][  0]LogShaderLibrary: Display: ShaderCodeLibraryPakFileMountedCallback: pending pak file info (ChunkID:-1 Root:root:/ File:D:/FORTNITE/UE_4.27/FeaturePacks/TP_FlyingBP.upack)
[2023.08.28-00.42.54:619][  0]LogPakFile: OnPakFileMounted2Time == 0.000025
[2023.08.28-00.42.54:619][  0]LogPakFile: PakFile PrimaryIndexSize=188
[2023.08.28-00.42.54:619][  0]LogPakFile: PakFile PathHashIndexSize=101
[2023.08.28-00.42.54:619][  0]LogPakFile: PakFile FullDirectoryIndexSize=150
[2023.08.28-00.42.54:619][  0]LogShaderLibrary: Display: ShaderCodeLibraryPakFileMountedCallback: PakFile 'D:/FORTNITE/UE_4.27/FeaturePacks/TP_HandheldARBP.upack' (chunk index -1, root 'root:/') mounted
[2023.08.28-00.42.54:619][  0]LogShaderLibrary: Display: ShaderCodeLibraryPakFileMountedCallback: pending pak file info (ChunkID:-1 Root:root:/ File:D:/FORTNITE/UE_4.27/FeaturePacks/TP_HandheldARBP.upack)
[2023.08.28-00.42.54:619][  0]LogPakFile: OnPakFileMounted2Time == 0.000024
[2023.08.28-00.42.54:620][  0]LogPakFile: PakFile PrimaryIndexSize=182
[2023.08.28-00.42.54:620][  0]LogPakFile: PakFile PathHashIndexSize=101
[2023.08.28-00.42.54:620][  0]LogPakFile: PakFile FullDirectoryIndexSize=138
[2023.08.28-00.42.54:620][  0]LogShaderLibrary: Display: ShaderCodeLibraryPakFileMountedCallback: PakFile 'D:/FORTNITE/UE_4.27/FeaturePacks/TP_Puzzle.upack' (chunk index -1, root 'root:/') mounted
[2023.08.28-00.42.54:620][  0]LogShaderLibrary: Display: ShaderCodeLibraryPakFileMountedCallback: pending pak file info (ChunkID:-1 Root:root:/ File:D:/FORTNITE/UE_4.27/FeaturePacks/TP_Puzzle.upack)
[2023.08.28-00.42.54:620][  0]LogPakFile: OnPakFileMounted2Time == 0.000029
[2023.08.28-00.42.54:620][  0]LogPakFile: PakFile PrimaryIndexSize=184
[2023.08.28-00.42.54:620][  0]LogPakFile: PakFile PathHashIndexSize=101
[2023.08.28-00.42.54:620][  0]LogPakFile: PakFile FullDirectoryIndexSize=142
[2023.08.28-00.42.54:620][  0]LogShaderLibrary: Display: ShaderCodeLibraryPakFileMountedCallback: PakFile 'D:/FORTNITE/UE_4.27/FeaturePacks/TP_PuzzleBP.upack' (chunk index -1, root 'root:/') mounted
[2023.08.28-00.42.54:620][  0]LogShaderLibrary: Display: ShaderCodeLibraryPakFileMountedCallback: pending pak file info (ChunkID:-1 Root:root:/ File:D:/FORTNITE/UE_4.27/FeaturePacks/TP_PuzzleBP.upack)
[2023.08.28-00.42.54:620][  0]LogPakFile: OnPakFileMounted2Time == 0.000024
[2023.08.28-00.42.54:621][  0]LogPakFile: PakFile PrimaryIndexSize=183
[2023.08.28-00.42.54:621][  0]LogPakFile: PakFile PathHashIndexSize=101
[2023.08.28-00.42.54:621][  0]LogPakFile: PakFile FullDirectoryIndexSize=140
[2023.08.28-00.42.54:621][  0]LogShaderLibrary: Display: ShaderCodeLibraryPakFileMountedCallback: PakFile 'D:/FORTNITE/UE_4.27/FeaturePacks/TP_Rolling.upack' (chunk index -1, root 'root:/') mounted
[2023.08.28-00.42.54:621][  0]LogShaderLibrary: Display: ShaderCodeLibraryPakFileMountedCallback: pending pak file info (ChunkID:-1 Root:root:/ File:D:/FORTNITE/UE_4.27/FeaturePacks/TP_Rolling.upack)
[2023.08.28-00.42.54:621][  0]LogPakFile: OnPakFileMounted2Time == 0.000024
[2023.08.28-00.42.54:621][  0]LogPakFile: PakFile PrimaryIndexSize=185
[2023.08.28-00.42.54:621][  0]LogPakFile: PakFile PathHashIndexSize=101
[2023.08.28-00.42.54:621][  0]LogPakFile: PakFile FullDirectoryIndexSize=144
[2023.08.28-00.42.54:621][  0]LogShaderLibrary: Display: ShaderCodeLibraryPakFileMountedCallback: PakFile 'D:/FORTNITE/UE_4.27/FeaturePacks/TP_RollingBP.upack' (chunk index -1, root 'root:/') mounted
[2023.08.28-00.42.54:621][  0]LogShaderLibrary: Display: ShaderCodeLibraryPakFileMountedCallback: pending pak file info (ChunkID:-1 Root:root:/ File:D:/FORTNITE/UE_4.27/FeaturePacks/TP_RollingBP.upack)
[2023.08.28-00.42.54:621][  0]LogPakFile: OnPakFileMounted2Time == 0.000024
[2023.08.28-00.42.54:622][  0]LogPakFile: PakFile PrimaryIndexSize=188
[2023.08.28-00.42.54:622][  0]LogPakFile: PakFile PathHashIndexSize=101
[2023.08.28-00.42.54:622][  0]LogPakFile: PakFile FullDirectoryIndexSize=150
[2023.08.28-00.42.54:622][  0]LogShaderLibrary: Display: ShaderCodeLibraryPakFileMountedCallback: PakFile 'D:/FORTNITE/UE_4.27/FeaturePacks/TP_SideScroller.upack' (chunk index -1, root 'root:/') mounted
[2023.08.28-00.42.54:622][  0]LogShaderLibrary: Display: ShaderCodeLibraryPakFileMountedCallback: pending pak file info (ChunkID:-1 Root:root:/ File:D:/FORTNITE/UE_4.27/FeaturePacks/TP_SideScroller.upack)
[2023.08.28-00.42.54:622][  0]LogPakFile: OnPakFileMounted2Time == 0.000027
[2023.08.28-00.42.54:622][  0]LogPakFile: PakFile PrimaryIndexSize=190
[2023.08.28-00.42.54:622][  0]LogPakFile: PakFile PathHashIndexSize=101
[2023.08.28-00.42.54:622][  0]LogPakFile: PakFile FullDirectoryIndexSize=154
[2023.08.28-00.42.54:622][  0]LogShaderLibrary: Display: ShaderCodeLibraryPakFileMountedCallback: PakFile 'D:/FORTNITE/UE_4.27/FeaturePacks/TP_SideScrollerBP.upack' (chunk index -1, root 'root:/') mounted
[2023.08.28-00.42.54:622][  0]LogShaderLibrary: Display: ShaderCodeLibraryPakFileMountedCallback: pending pak file info (ChunkID:-1 Root:root:/ File:D:/FORTNITE/UE_4.27/FeaturePacks/TP_SideScrollerBP.upack)
[2023.08.28-00.42.54:622][  0]LogPakFile: OnPakFileMounted2Time == 0.000028
[2023.08.28-00.42.54:623][  0]LogPakFile: PakFile PrimaryIndexSize=187
[2023.08.28-00.42.54:623][  0]LogPakFile: PakFile PathHashIndexSize=101
[2023.08.28-00.42.54:623][  0]LogPakFile: PakFile FullDirectoryIndexSize=148
[2023.08.28-00.42.54:623][  0]LogShaderLibrary: Display: ShaderCodeLibraryPakFileMountedCallback: PakFile 'D:/FORTNITE/UE_4.27/FeaturePacks/TP_ThirdPerson.upack' (chunk index -1, root 'root:/') mounted
[2023.08.28-00.42.54:623][  0]LogShaderLibrary: Display: ShaderCodeLibraryPakFileMountedCallback: pending pak file info (ChunkID:-1 Root:root:/ File:D:/FORTNITE/UE_4.27/FeaturePacks/TP_ThirdPerson.upack)
[2023.08.28-00.42.54:623][  0]LogPakFile: OnPakFileMounted2Time == 0.000024
[2023.08.28-00.42.54:623][  0]LogPakFile: PakFile PrimaryIndexSize=189
[2023.08.28-00.42.54:623][  0]LogPakFile: PakFile PathHashIndexSize=101
[2023.08.28-00.42.54:623][  0]LogPakFile: PakFile FullDirectoryIndexSize=152
[2023.08.28-00.42.54:623][  0]LogShaderLibrary: Display: ShaderCodeLibraryPakFileMountedCallback: PakFile 'D:/FORTNITE/UE_4.27/FeaturePacks/TP_ThirdPersonBP.upack' (chunk index -1, root 'root:/') mounted
[2023.08.28-00.42.54:623][  0]LogShaderLibrary: Display: ShaderCodeLibraryPakFileMountedCallback: pending pak file info (ChunkID:-1 Root:root:/ File:D:/FORTNITE/UE_4.27/FeaturePacks/TP_ThirdPersonBP.upack)
[2023.08.28-00.42.54:623][  0]LogPakFile: OnPakFileMounted2Time == 0.000024
[2023.08.28-00.42.54:623][  0]LogPakFile: PakFile PrimaryIndexSize=183
[2023.08.28-00.42.54:623][  0]LogPakFile: PakFile PathHashIndexSize=101
[2023.08.28-00.42.54:623][  0]LogPakFile: PakFile FullDirectoryIndexSize=140
[2023.08.28-00.42.54:623][  0]LogShaderLibrary: Display: ShaderCodeLibraryPakFileMountedCallback: PakFile 'D:/FORTNITE/UE_4.27/FeaturePacks/TP_TopDown.upack' (chunk index -1, root 'root:/') mounted
[2023.08.28-00.42.54:623][  0]LogShaderLibrary: Display: ShaderCodeLibraryPakFileMountedCallback: pending pak file info (ChunkID:-1 Root:root:/ File:D:/FORTNITE/UE_4.27/FeaturePacks/TP_TopDown.upack)
[2023.08.28-00.42.54:623][  0]LogPakFile: OnPakFileMounted2Time == 0.000030
[2023.08.28-00.42.54:624][  0]LogPakFile: PakFile PrimaryIndexSize=185
[2023.08.28-00.42.54:624][  0]LogPakFile: PakFile PathHashIndexSize=101
[2023.08.28-00.42.54:624][  0]LogPakFile: PakFile FullDirectoryIndexSize=144
[2023.08.28-00.42.54:624][  0]LogShaderLibrary: Display: ShaderCodeLibraryPakFileMountedCallback: PakFile 'D:/FORTNITE/UE_4.27/FeaturePacks/TP_TopDownBP.upack' (chunk index -1, root 'root:/') mounted
[2023.08.28-00.42.54:624][  0]LogShaderLibrary: Display: ShaderCodeLibraryPakFileMountedCallback: pending pak file info (ChunkID:-1 Root:root:/ File:D:/FORTNITE/UE_4.27/FeaturePacks/TP_TopDownBP.upack)
[2023.08.28-00.42.54:624][  0]LogPakFile: OnPakFileMounted2Time == 0.000024
[2023.08.28-00.42.54:624][  0]LogPakFile: PakFile PrimaryIndexSize=185
[2023.08.28-00.42.54:624][  0]LogPakFile: PakFile PathHashIndexSize=101
[2023.08.28-00.42.54:624][  0]LogPakFile: PakFile FullDirectoryIndexSize=144
[2023.08.28-00.42.54:624][  0]LogShaderLibrary: Display: ShaderCodeLibraryPakFileMountedCallback: PakFile 'D:/FORTNITE/UE_4.27/FeaturePacks/TP_TwinStick.upack' (chunk index -1, root 'root:/') mounted
[2023.08.28-00.42.54:624][  0]LogShaderLibrary: Display: ShaderCodeLibraryPakFileMountedCallback: pending pak file info (ChunkID:-1 Root:root:/ File:D:/FORTNITE/UE_4.27/FeaturePacks/TP_TwinStick.upack)
[2023.08.28-00.42.54:624][  0]LogPakFile: OnPakFileMounted2Time == 0.000026
[2023.08.28-00.42.54:625][  0]LogPakFile: PakFile PrimaryIndexSize=187
[2023.08.28-00.42.54:625][  0]LogPakFile: PakFile PathHashIndexSize=101
[2023.08.28-00.42.54:625][  0]LogPakFile: PakFile FullDirectoryIndexSize=148
[2023.08.28-00.42.54:625][  0]LogShaderLibrary: Display: ShaderCodeLibraryPakFileMountedCallback: PakFile 'D:/FORTNITE/UE_4.27/FeaturePacks/TP_TwinStickBP.upack' (chunk index -1, root 'root:/') mounted
[2023.08.28-00.42.54:625][  0]LogShaderLibrary: Display: ShaderCodeLibraryPakFileMountedCallback: pending pak file info (ChunkID:-1 Root:root:/ File:D:/FORTNITE/UE_4.27/FeaturePacks/TP_TwinStickBP.upack)
[2023.08.28-00.42.54:625][  0]LogPakFile: OnPakFileMounted2Time == 0.000024
[2023.08.28-00.42.54:625][  0]LogPakFile: PakFile PrimaryIndexSize=183
[2023.08.28-00.42.54:625][  0]LogPakFile: PakFile PathHashIndexSize=101
[2023.08.28-00.42.54:625][  0]LogPakFile: PakFile FullDirectoryIndexSize=140
[2023.08.28-00.42.54:625][  0]LogShaderLibrary: Display: ShaderCodeLibraryPakFileMountedCallback: PakFile 'D:/FORTNITE/UE_4.27/FeaturePacks/TP_Vehicle.upack' (chunk index -1, root 'root:/') mounted
[2023.08.28-00.42.54:625][  0]LogShaderLibrary: Display: ShaderCodeLibraryPakFileMountedCallback: pending pak file info (ChunkID:-1 Root:root:/ File:D:/FORTNITE/UE_4.27/FeaturePacks/TP_Vehicle.upack)
[2023.08.28-00.42.54:625][  0]LogPakFile: OnPakFileMounted2Time == 0.000024
[2023.08.28-00.42.54:626][  0]LogPakFile: PakFile PrimaryIndexSize=186
[2023.08.28-00.42.54:626][  0]LogPakFile: PakFile PathHashIndexSize=101
[2023.08.28-00.42.54:626][  0]LogPakFile: PakFile FullDirectoryIndexSize=146
[2023.08.28-00.42.54:626][  0]LogShaderLibrary: Display: ShaderCodeLibraryPakFileMountedCallback: PakFile 'D:/FORTNITE/UE_4.27/FeaturePacks/TP_VehicleAdv.upack' (chunk index -1, root 'root:/') mounted
[2023.08.28-00.42.54:626][  0]LogShaderLibrary: Display: ShaderCodeLibraryPakFileMountedCallback: pending pak file info (ChunkID:-1 Root:root:/ File:D:/FORTNITE/UE_4.27/FeaturePacks/TP_VehicleAdv.upack)
[2023.08.28-00.42.54:626][  0]LogPakFile: OnPakFileMounted2Time == 0.000025
[2023.08.28-00.42.54:626][  0]LogPakFile: PakFile PrimaryIndexSize=188
[2023.08.28-00.42.54:626][  0]LogPakFile: PakFile PathHashIndexSize=101
[2023.08.28-00.42.54:626][  0]LogPakFile: PakFile FullDirectoryIndexSize=150
[2023.08.28-00.42.54:626][  0]LogShaderLibrary: Display: ShaderCodeLibraryPakFileMountedCallback: PakFile 'D:/FORTNITE/UE_4.27/FeaturePacks/TP_VehicleAdvBP.upack' (chunk index -1, root 'root:/') mounted
[2023.08.28-00.42.54:626][  0]LogShaderLibrary: Display: ShaderCodeLibraryPakFileMountedCallback: pending pak file info (ChunkID:-1 Root:root:/ File:D:/FORTNITE/UE_4.27/FeaturePacks/TP_VehicleAdvBP.upack)
[2023.08.28-00.42.54:626][  0]LogPakFile: OnPakFileMounted2Time == 0.000025
[2023.08.28-00.42.54:627][  0]LogPakFile: PakFile PrimaryIndexSize=185
[2023.08.28-00.42.54:627][  0]LogPakFile: PakFile PathHashIndexSize=101
[2023.08.28-00.42.54:627][  0]LogPakFile: PakFile FullDirectoryIndexSize=144
[2023.08.28-00.42.54:627][  0]LogShaderLibrary: Display: ShaderCodeLibraryPakFileMountedCallback: PakFile 'D:/FORTNITE/UE_4.27/FeaturePacks/TP_VehicleBP.upack' (chunk index -1, root 'root:/') mounted
[2023.08.28-00.42.54:627][  0]LogShaderLibrary: Display: ShaderCodeLibraryPakFileMountedCallback: pending pak file info (ChunkID:-1 Root:root:/ File:D:/FORTNITE/UE_4.27/FeaturePacks/TP_VehicleBP.upack)
[2023.08.28-00.42.54:627][  0]LogPakFile: OnPakFileMounted2Time == 0.000024
[2023.08.28-00.42.54:627][  0]LogPakFile: PakFile PrimaryIndexSize=192
[2023.08.28-00.42.54:627][  0]LogPakFile: PakFile PathHashIndexSize=101
[2023.08.28-00.42.54:627][  0]LogPakFile: PakFile FullDirectoryIndexSize=158
[2023.08.28-00.42.54:627][  0]LogShaderLibrary: Display: ShaderCodeLibraryPakFileMountedCallback: PakFile 'D:/FORTNITE/UE_4.27/FeaturePacks/TP_VirtualRealityBP.upack' (chunk index -1, root 'root:/') mounted
[2023.08.28-00.42.54:627][  0]LogShaderLibrary: Display: ShaderCodeLibraryPakFileMountedCallback: pending pak file info (ChunkID:-1 Root:root:/ File:D:/FORTNITE/UE_4.27/FeaturePacks/TP_VirtualRealityBP.upack)
[2023.08.28-00.42.54:627][  0]LogPakFile: OnPakFileMounted2Time == 0.000025
[2023.08.28-00.42.54:672][  0]LogNativeClassHierarchy: Verbose: Native class hierarchy updated for 'AddContentDialog' in 0.0002 seconds. Added 0 classes and 0 folders.
[2023.08.28-00.42.54:675][  0]LogNativeClassHierarchy: Verbose: Native class hierarchy updated for 'SceneOutliner' in 0.0002 seconds. Added 2 classes and 0 folders.
[2023.08.28-00.42.54:694][  0]LogSlate: Took 0.000181 seconds to synchronously load lazily loaded font '../../../Engine/Content/Slate/Fonts/Roboto-Regular.ttf' (155K)
[2023.08.28-00.42.54:695][  0]LogSlate: Took 0.000112 seconds to synchronously load lazily loaded font '../../../Engine/Content/Editor/Slate/Fonts/FontAwesome.ttf' (139K)
[2023.08.28-00.42.54:696][  0]LogSlate: Took 0.000104 seconds to synchronously load lazily loaded font '../../../Engine/Content/Slate/Fonts/Roboto-Bold.ttf' (160K)
[2023.08.28-00.42.54:759][  0]LogRenderer: Reallocating scene render targets to support 1208x572 Format 10 NumSamples 1 (Frame:1).
[2023.08.28-00.42.54:792][  0]LogSlate: Took 0.000187 seconds to synchronously load lazily loaded font '../../../Engine/Content/Slate/Fonts/Roboto-Light.ttf' (167K)
[2023.08.28-00.42.54:928][  0]LogNativeClassHierarchy: Verbose: Native class hierarchy updated for 'HierarchicalLODOutliner' in 0.0002 seconds. Added 0 classes and 0 folders.
[2023.08.28-00.42.54:928][  0]LogLoad: (Engine Initialization) Total time: 12.58 seconds
[2023.08.28-00.42.54:928][  0]LogLoad: (Engine Initialization) Total Blueprint compile time: 0.00 seconds
[2023.08.28-00.42.54:963][  0]LogAssetRegistry: Asset discovery search completed in 9.6048 seconds
[2023.08.28-00.42.54:968][  0]LogCollectionManager: Fixed up redirectors for 0 collections in 0.000003 seconds (updated 0 objects)
[2023.08.28-00.42.54:969][  0]LogContentStreaming: Texture pool size now 1000 MB
[2023.08.28-00.43.07:995][446]LogAssetTools: Warning: Failed to import 'C:\Users\home\Desktop\AsteroidMed.uasset'. Unknown extension 'uasset'.
[2023.08.28-00.43.07:997][446]LogSlate: Took 0.000162 seconds to synchronously load lazily loaded font '../../../Engine/Content/Slate/Fonts/Roboto-Light.ttf' (167K)
[2023.08.28-00.43.21:999][ 53]LogVSAccessor: Warning: Couldn't access Visual Studio
[2023.08.28-00.43.22:005][ 53]Candidate modules for hot reload:
[2023.08.28-00.43.22:005][ 53]  AsteroidRemake
[2023.08.28-00.43.22:005][ 53]Launching UnrealBuildTool... [D:/FORTNITE/UE_4.27/Engine/Binaries/DotNET/UnrealBuildTool.exe  -ModuleWithSuffix=AsteroidRemake,1851 AsteroidRemakeEditor Win64 Development -Project="C:/Unreal Projects/AsteroidRemake/AsteroidRemake.uproject" "C:/Unreal Projects/AsteroidRemake/AsteroidRemake.uproject"  -IgnoreJunk]
[2023.08.28-00.43.22:008][ 53]Warning: Starting HotReload took  0.0s.
[2023.08.28-00.43.23:401][194]CompilerResultsLog: New page: Compilation - Aug 27, 2023, 6:43:23 PM
[2023.08.28-00.43.23:401][194]CompilerResultsLog: Building AsteroidRemakeEditor...
[2023.08.28-00.43.23:401][194]CompilerResultsLog: Using Visual Studio 2019 14.29.30146 toolchain (C:\Program Files (x86)\Microsoft Visual Studio\2019\Community\VC\Tools\MSVC\14.29.30133) and Windows 10.0.16299.0 SDK (C:\Program Files (x86)\Windows Kits\10).
[2023.08.28-00.43.23:401][194]CompilerResultsLog: Building 3 actions with 16 processes...
[2023.08.28-00.43.23:401][194]CompilerResultsLog:   [1/3] UE4Editor-AsteroidRemake-1851.lib
[2023.08.28-00.43.23:401][194]CompilerResultsLog:      Criando biblioteca C:\Unreal Projects\AsteroidRemake\Intermediate\Build\Win64\UE4Editor\Development\AsteroidRemake\UE4Editor-AsteroidRemake-1851.lib e objeto C:\Unreal Projects\AsteroidRemake\Intermediate\Build\Win64\UE4Editor\Development\AsteroidRemake\UE4Editor-AsteroidRemake-1851.exp
[2023.08.28-00.43.23:401][194]CompilerResultsLog:   [2/3] UE4Editor-AsteroidRemake-1851.dll
[2023.08.28-00.43.23:401][194]CompilerResultsLog:      Criando biblioteca C:\Unreal Projects\AsteroidRemake\Intermediate\Build\Win64\UE4Editor\Development\AsteroidRemake\UE4Editor-AsteroidRemake-1851.suppressed.lib e objeto C:\Unreal Projects\AsteroidRemake\Intermediate\Build\Win64\UE4Editor\Development\AsteroidRemake\UE4Editor-AsteroidRemake-1851.suppressed.exp
[2023.08.28-00.43.23:401][194]CompilerResultsLog:   [3/3] AsteroidRemakeEditor.target
[2023.08.28-00.43.23:401][194]CompilerResultsLog: Total time in Parallel executor: 0,76 seconds
[2023.08.28-00.43.23:401][194]CompilerResultsLog: Total execution time: 1,32 seconds
[2023.08.28-00.43.23:401][194]LogMainFrame: MainFrame: Module compiling took 1.402 seconds
